#
# There is insufficient memory for the Java Runtime Environment to continue.
# Native memory allocation (malloc) failed to allocate 65552 bytes for Chunk::new
# Possible reasons:
#   The system is out of physical RAM or swap space
#   The process is running with CompressedOops enabled, and the Java Heap may be blocking the growth of the native heap
# Possible solutions:
#   Reduce memory load on the system
#   Increase physical memory or swap space
#   Check if swap backing store is full
#   Decrease Java heap size (-Xmx/-Xms)
#   Decrease number of Java threads
#   Decrease Java thread stack sizes (-Xss)
#   Set larger code cache with -XX:ReservedCodeCacheSize=
#   JVM is running with Unscaled Compressed Oops mode in which the Java heap is
#     placed in the first 4GB address space. The Java Heap base address is the
#     maximum limit for the native heap growth. Please use -XX:HeapBaseMinAddress
#     to set the Java Heap base and to place the Java Heap above 4GB virtual address.
# This output file may be truncated or incomplete.
#
#  Out of Memory Error (arena.cpp:189), pid=3324, tid=16296
#
# JRE version: Java(TM) SE Runtime Environment (17.0.2+8) (build 17.0.2+8-LTS-86)
# Java VM: Java HotSpot(TM) 64-Bit Server VM (17.0.2+8-LTS-86, mixed mode, sharing, tiered, compressed oops, compressed class ptrs, g1 gc, windows-amd64)
# No core dump will be written. Minidumps are not enabled by default on client versions of Windows
#

---------------  S U M M A R Y ------------

Command Line: --add-opens=java.base/java.util=ALL-UNNAMED --add-opens=java.base/java.lang=ALL-UNNAMED --add-opens=java.base/java.lang.invoke=ALL-UNNAMED --add-opens=java.prefs/java.util.prefs=ALL-UNNAMED --add-opens=java.base/java.nio.charset=ALL-UNNAMED --add-opens=java.base/java.net=ALL-UNNAMED --add-opens=java.base/java.util.concurrent.atomic=ALL-UNNAMED -XX:MaxMetaspaceSize=384m -XX:+HeapDumpOnOutOfMemoryError -Xms256m -Xmx512m -Dfile.encoding=windows-1252 -Duser.country=IN -Duser.language=en -Duser.variant -javaagent:C:\Users\Mohan NS\.gradle\wrapper\dists\gradle-8.5-bin\5t9huq95ubn472n8rpzujfbqh\gradle-8.5\lib\agents\gradle-instrumentation-agent-8.5.jar org.gradle.launcher.daemon.bootstrap.GradleDaemon 8.5

Host: 11th Gen Intel(R) Core(TM) i7-1185G7 @ 3.00GHz, 8 cores, 15G,  Windows 11 , 64 bit Build 22621 (10.0.22621.3085)
Time: Mon Feb 26 14:24:25 2024 India Standard Time elapsed time: 27.066592 seconds (0d 0h 0m 27s)

---------------  T H R E A D  ---------------

Current thread (0x000001fdadd25af0):  JavaThread "C2 CompilerThread0" daemon [_thread_in_native, id=16296, stack(0x000000f22fe00000,0x000000f22ff00000)]


Current CompileTask:
C2:  27066 2928       4       java.lang.invoke.MethodType::makeImpl (109 bytes)

Stack: [0x000000f22fe00000,0x000000f22ff00000]
Native frames: (J=compiled Java code, j=interpreted, Vv=VM code, C=native code)
V  [jvm.dll+0x670baa]
V  [jvm.dll+0x7cfcb4]
V  [jvm.dll+0x7d145e]
V  [jvm.dll+0x7d1ac3]
V  [jvm.dll+0x242bc5]
V  [jvm.dll+0xaa57b]
V  [jvm.dll+0xaab0c]
V  [jvm.dll+0xaa68b]
V  [jvm.dll+0x6940ce]
V  [jvm.dll+0x217154]
V  [jvm.dll+0x214fab]
V  [jvm.dll+0x1a1bbd]
V  [jvm.dll+0x224908]
V  [jvm.dll+0x222a6c]
V  [jvm.dll+0x7859bb]
V  [jvm.dll+0x77ff7a]
V  [jvm.dll+0x66fa35]
C  [ucrtbase.dll+0x29363]
C  [KERNEL32.DLL+0x1257d]
C  [ntdll.dll+0x5aa58]


---------------  P R O C E S S  ---------------

Threads class SMR info:
_java_thread_list=0x000001fdb0ea5280, length=32, elements={
0x000001fd93489f70, 0x000001fdadd08d70, 0x000001fdadd09720, 0x000001fdadd23050,
0x000001fdadd23a00, 0x000001fdadd243b0, 0x000001fdadd24d60, 0x000001fdadd25af0,
0x000001fdadd28db0, 0x000001fdadd2a6c0, 0x000001fdae847290, 0x000001fdaea08b20,
0x000001fdb0746d20, 0x000001fdaf8a5a30, 0x000001fdaf550f20, 0x000001fdaf90c720,
0x000001fdb0b4c850, 0x000001fdb0d98640, 0x000001fdb0597150, 0x000001fdb05962e0,
0x000001fdb0594130, 0x000001fdb05967b0, 0x000001fdb0596c80, 0x000001fdb0593c60,
0x000001fdb0595940, 0x000001fdb0594ad0, 0x000001fdb0595470, 0x000001fdb0595e10,
0x000001fdb0594fa0, 0x000001fdb0594600, 0x000001fdaee006a0, 0x000001fdaedfee90
}

Java Threads: ( => current thread )
  0x000001fd93489f70 JavaThread "main" [_thread_blocked, id=11780, stack(0x000000f22f100000,0x000000f22f200000)]
  0x000001fdadd08d70 JavaThread "Reference Handler" daemon [_thread_blocked, id=24448, stack(0x000000f22f800000,0x000000f22f900000)]
  0x000001fdadd09720 JavaThread "Finalizer" daemon [_thread_blocked, id=24932, stack(0x000000f22f900000,0x000000f22fa00000)]
  0x000001fdadd23050 JavaThread "Signal Dispatcher" daemon [_thread_blocked, id=4704, stack(0x000000f22fa00000,0x000000f22fb00000)]
  0x000001fdadd23a00 JavaThread "Attach Listener" daemon [_thread_blocked, id=16168, stack(0x000000f22fb00000,0x000000f22fc00000)]
  0x000001fdadd243b0 JavaThread "Service Thread" daemon [_thread_blocked, id=14840, stack(0x000000f22fc00000,0x000000f22fd00000)]
  0x000001fdadd24d60 JavaThread "Monitor Deflation Thread" daemon [_thread_blocked, id=21332, stack(0x000000f22fd00000,0x000000f22fe00000)]
=>0x000001fdadd25af0 JavaThread "C2 CompilerThread0" daemon [_thread_in_native, id=16296, stack(0x000000f22fe00000,0x000000f22ff00000)]
  0x000001fdadd28db0 JavaThread "C1 CompilerThread0" daemon [_thread_blocked, id=15444, stack(0x000000f22ff00000,0x000000f230000000)]
  0x000001fdadd2a6c0 JavaThread "Sweeper thread" daemon [_thread_blocked, id=12272, stack(0x000000f230000000,0x000000f230100000)]
  0x000001fdae847290 JavaThread "Common-Cleaner" daemon [_thread_blocked, id=13428, stack(0x000000f230100000,0x000000f230200000)]
  0x000001fdaea08b20 JavaThread "Notification Thread" daemon [_thread_blocked, id=21644, stack(0x000000f230200000,0x000000f230300000)]
  0x000001fdb0746d20 JavaThread "Daemon health stats" [_thread_blocked, id=12488, stack(0x000000f230a00000,0x000000f230b00000)]
  0x000001fdaf8a5a30 JavaThread "Incoming local TCP Connector on port 63626" [_thread_in_native, id=21868, stack(0x000000f230400000,0x000000f230500000)]
  0x000001fdaf550f20 JavaThread "Daemon periodic checks" [_thread_blocked, id=688, stack(0x000000f230b00000,0x000000f230c00000)]
  0x000001fdaf90c720 JavaThread "Daemon" [_thread_blocked, id=16116, stack(0x000000f230c00000,0x000000f230d00000)]
  0x000001fdb0b4c850 JavaThread "Handler for socket connection from /127.0.0.1:63626 to /127.0.0.1:63629" [_thread_in_native, id=7524, stack(0x000000f230d00000,0x000000f230e00000)]
  0x000001fdb0d98640 JavaThread "Cancel handler" [_thread_blocked, id=20856, stack(0x000000f230e00000,0x000000f230f00000)]
  0x000001fdb0597150 JavaThread "Daemon worker" [_thread_in_native, id=7668, stack(0x000000f230f00000,0x000000f231000000)]
  0x000001fdb05962e0 JavaThread "Asynchronous log dispatcher for DefaultDaemonConnection: socket connection from /127.0.0.1:63626 to /127.0.0.1:63629" [_thread_blocked, id=19800, stack(0x000000f231000000,0x000000f231100000)]
  0x000001fdb0594130 JavaThread "Stdin handler" [_thread_blocked, id=24420, stack(0x000000f231100000,0x000000f231200000)]
  0x000001fdb05967b0 JavaThread "Daemon client event forwarder" [_thread_blocked, id=24096, stack(0x000000f231200000,0x000000f231300000)]
  0x000001fdb0596c80 JavaThread "Cache worker for journal cache (C:\Users\Mohan NS\.gradle\caches\journal-1)" [_thread_blocked, id=5220, stack(0x000000f231300000,0x000000f231400000)]
  0x000001fdb0593c60 JavaThread "File lock request listener" [_thread_in_native, id=20832, stack(0x000000f231400000,0x000000f231500000)]
  0x000001fdb0595940 JavaThread "Daemon Thread 2" [_thread_blocked, id=26136, stack(0x000000f231500000,0x000000f231600000)]
  0x000001fdb0594ad0 JavaThread "Daemon Thread 3" [_thread_blocked, id=26536, stack(0x000000f231700000,0x000000f231800000)]
  0x000001fdb0595470 JavaThread "File lock release action executor" [_thread_blocked, id=26964, stack(0x000000f231900000,0x000000f231a00000)]
  0x000001fdb0595e10 JavaThread "Cache worker for file hash cache (C:\Users\Mohan NS\.gradle\caches\8.5\fileHashes)" [_thread_blocked, id=27012, stack(0x000000f231a00000,0x000000f231b00000)]
  0x000001fdb0594fa0 JavaThread "File watcher server" daemon [_thread_in_native, id=27140, stack(0x000000f231600000,0x000000f231700000)]
  0x000001fdb0594600 JavaThread "File watcher consumer" daemon [_thread_blocked, id=26340, stack(0x000000f231800000,0x000000f231900000)]
  0x000001fdaee006a0 JavaThread "Cache worker for checksums cache (C:\Users\Mohan NS\Desktop\BlindApp-UserService\.gradle\8.5\checksums)" [_thread_blocked, id=26140, stack(0x000000f231e00000,0x000000f231f00000)]
  0x000001fdaedfee90 JavaThread "Cache worker for file hash cache (C:\Users\Mohan NS\Desktop\BlindApp-UserService\.gradle\8.5\fileHashes)" [_thread_blocked, id=23080, stack(0x000000f231f00000,0x000000f232000000)]

Other Threads:
  0x000001fdadd03c30 VMThread "VM Thread" [stack: 0x000000f22f700000,0x000000f22f800000] [id=572]
  0x000001fd9348cbf0 WatcherThread [stack: 0x000000f230300000,0x000000f230400000] [id=2268]
  0x000001fd934b35a0 GCTaskThread "GC Thread#0" [stack: 0x000000f22f200000,0x000000f22f300000] [id=12340]
  0x000001fdaf9d2010 GCTaskThread "GC Thread#1" [stack: 0x000000f230500000,0x000000f230600000] [id=23012]
  0x000001fdaf364930 GCTaskThread "GC Thread#2" [stack: 0x000000f230600000,0x000000f230700000] [id=21732]
  0x000001fdaf43a100 GCTaskThread "GC Thread#3" [stack: 0x000000f230700000,0x000000f230800000] [id=19612]
  0x000001fdaf94e220 GCTaskThread "GC Thread#4" [stack: 0x000000f230800000,0x000000f230900000] [id=19020]
  0x000001fdaf94ec70 GCTaskThread "GC Thread#5" [stack: 0x000000f230900000,0x000000f230a00000] [id=3448]
  0x000001fdb0c080d0 GCTaskThread "GC Thread#6" [stack: 0x000000f231b00000,0x000000f231c00000] [id=604]
  0x000001fdb0c088e0 GCTaskThread "GC Thread#7" [stack: 0x000000f231c00000,0x000000f231d00000] [id=26432]
  0x000001fd934b83e0 ConcurrentGCThread "G1 Main Marker" [stack: 0x000000f22f300000,0x000000f22f400000] [id=25516]
  0x000001fd934b8cf0 ConcurrentGCThread "G1 Conc#0" [stack: 0x000000f22f400000,0x000000f22f500000] [id=22168]
  0x000001fdb0c08380 ConcurrentGCThread "G1 Conc#1" [stack: 0x000000f231d00000,0x000000f231e00000] [id=26148]
  0x000001fd9354e5b0 ConcurrentGCThread "G1 Refine#0" [stack: 0x000000f22f500000,0x000000f22f600000] [id=10856]
  0x000001fdadbc44e0 ConcurrentGCThread "G1 Service" [stack: 0x000000f22f600000,0x000000f22f700000] [id=22424]

Threads with active compile tasks:
C2 CompilerThread0    27124 2928       4       java.lang.invoke.MethodType::makeImpl (109 bytes)

VM state: not at safepoint (normal execution)

VM Mutex/Monitor currently owned by a thread: None

Heap address: 0x00000000e0000000, size: 512 MB, Compressed Oops mode: 32-bit

CDS archive(s) mapped at: [0x0000000800000000-0x0000000800bc0000-0x0000000800bc0000), size 12320768, SharedBaseAddress: 0x0000000800000000, ArchiveRelocationMode: 0.
Compressed class space mapped at: 0x0000000800c00000-0x0000000814000000, reserved size: 322961408
Narrow klass base: 0x0000000800000000, Narrow klass shift: 0, Narrow klass range: 0x100000000

GC Precious Log:
 CPUs: 8 total, 8 available
 Memory: 16029M
 Large Page Support: Disabled
 NUMA Support: Disabled
 Compressed Oops: Enabled (32-bit)
 Heap Region Size: 1M
 Heap Min Capacity: 256M
 Heap Initial Capacity: 256M
 Heap Max Capacity: 512M
 Pre-touch: Disabled
 Parallel Workers: 8
 Concurrent Workers: 2
 Concurrent Refinement Workers: 8
 Periodic GC: Disabled

Heap:
 garbage-first heap   total 262144K, used 32470K [0x00000000e0000000, 0x0000000100000000)
  region size 1024K, 23 young (23552K), 12 survivors (12288K)
 Metaspace       used 22054K, committed 22400K, reserved 339968K
  class space    used 3276K, committed 3456K, reserved 315392K

Heap Regions: E=young(eden), S=young(survivor), O=old, HS=humongous(starts), HC=humongous(continues), CS=collection set, F=free, OA=open archive, CA=closed archive, TAMS=top-at-mark-start (previous, next)
|   0|0x00000000e0000000, 0x00000000e0100000, 0x00000000e0100000|100%|HS|  |TAMS 0x00000000e0100000, 0x00000000e0000000| Complete 
|   1|0x00000000e0100000, 0x00000000e0200000, 0x00000000e0200000|100%|HC|  |TAMS 0x00000000e0200000, 0x00000000e0100000| Complete 
|   2|0x00000000e0200000, 0x00000000e0300000, 0x00000000e0300000|100%|HC|  |TAMS 0x00000000e0300000, 0x00000000e0200000| Complete 
|   3|0x00000000e0300000, 0x00000000e0400000, 0x00000000e0400000|100%|HC|  |TAMS 0x00000000e0400000, 0x00000000e0300000| Complete 
|   4|0x00000000e0400000, 0x00000000e0500000, 0x00000000e0500000|100%| O|  |TAMS 0x00000000e0500000, 0x00000000e0400000| Untracked 
|   5|0x00000000e0500000, 0x00000000e0600000, 0x00000000e0600000|100%| O|  |TAMS 0x00000000e0600000, 0x00000000e0500000| Untracked 
|   6|0x00000000e0600000, 0x00000000e0700000, 0x00000000e0700000|100%| O|  |TAMS 0x00000000e0700000, 0x00000000e0600000| Untracked 
|   7|0x00000000e0700000, 0x00000000e0800000, 0x00000000e0800000|100%| O|  |TAMS 0x00000000e0800000, 0x00000000e0700000| Untracked 
|   8|0x00000000e0800000, 0x00000000e0900000, 0x00000000e0900000|100%| O|  |TAMS 0x00000000e0900000, 0x00000000e0800000| Untracked 
|   9|0x00000000e0900000, 0x00000000e0a00000, 0x00000000e0a00000|100%| O|  |TAMS 0x00000000e0a00000, 0x00000000e0900000| Untracked 
|  10|0x00000000e0a00000, 0x00000000e0a81000, 0x00000000e0b00000| 50%| O|  |TAMS 0x00000000e0a81000, 0x00000000e0a00000| Untracked 
|  11|0x00000000e0b00000, 0x00000000e0b00000, 0x00000000e0c00000|  0%| F|  |TAMS 0x00000000e0b00000, 0x00000000e0b00000| Untracked 
|  12|0x00000000e0c00000, 0x00000000e0c00000, 0x00000000e0d00000|  0%| F|  |TAMS 0x00000000e0c00000, 0x00000000e0c00000| Untracked 
|  13|0x00000000e0d00000, 0x00000000e0d00000, 0x00000000e0e00000|  0%| F|  |TAMS 0x00000000e0d00000, 0x00000000e0d00000| Untracked 
|  14|0x00000000e0e00000, 0x00000000e0e00000, 0x00000000e0f00000|  0%| F|  |TAMS 0x00000000e0e00000, 0x00000000e0e00000| Untracked 
|  15|0x00000000e0f00000, 0x00000000e0f00000, 0x00000000e1000000|  0%| F|  |TAMS 0x00000000e0f00000, 0x00000000e0f00000| Untracked 
|  16|0x00000000e1000000, 0x00000000e1000000, 0x00000000e1100000|  0%| F|  |TAMS 0x00000000e1000000, 0x00000000e1000000| Untracked 
|  17|0x00000000e1100000, 0x00000000e1100000, 0x00000000e1200000|  0%| F|  |TAMS 0x00000000e1100000, 0x00000000e1100000| Untracked 
|  18|0x00000000e1200000, 0x00000000e1200000, 0x00000000e1300000|  0%| F|  |TAMS 0x00000000e1200000, 0x00000000e1200000| Untracked 
|  19|0x00000000e1300000, 0x00000000e1300000, 0x00000000e1400000|  0%| F|  |TAMS 0x00000000e1300000, 0x00000000e1300000| Untracked 
|  20|0x00000000e1400000, 0x00000000e1400000, 0x00000000e1500000|  0%| F|  |TAMS 0x00000000e1400000, 0x00000000e1400000| Untracked 
|  21|0x00000000e1500000, 0x00000000e1500000, 0x00000000e1600000|  0%| F|  |TAMS 0x00000000e1500000, 0x00000000e1500000| Untracked 
|  22|0x00000000e1600000, 0x00000000e1600000, 0x00000000e1700000|  0%| F|  |TAMS 0x00000000e1600000, 0x00000000e1600000| Untracked 
|  23|0x00000000e1700000, 0x00000000e1700000, 0x00000000e1800000|  0%| F|  |TAMS 0x00000000e1700000, 0x00000000e1700000| Untracked 
|  24|0x00000000e1800000, 0x00000000e1800000, 0x00000000e1900000|  0%| F|  |TAMS 0x00000000e1800000, 0x00000000e1800000| Untracked 
|  25|0x00000000e1900000, 0x00000000e1900000, 0x00000000e1a00000|  0%| F|  |TAMS 0x00000000e1900000, 0x00000000e1900000| Untracked 
|  26|0x00000000e1a00000, 0x00000000e1a00000, 0x00000000e1b00000|  0%| F|  |TAMS 0x00000000e1a00000, 0x00000000e1a00000| Untracked 
|  27|0x00000000e1b00000, 0x00000000e1b00000, 0x00000000e1c00000|  0%| F|  |TAMS 0x00000000e1b00000, 0x00000000e1b00000| Untracked 
|  28|0x00000000e1c00000, 0x00000000e1c00000, 0x00000000e1d00000|  0%| F|  |TAMS 0x00000000e1c00000, 0x00000000e1c00000| Untracked 
|  29|0x00000000e1d00000, 0x00000000e1d00000, 0x00000000e1e00000|  0%| F|  |TAMS 0x00000000e1d00000, 0x00000000e1d00000| Untracked 
|  30|0x00000000e1e00000, 0x00000000e1e00000, 0x00000000e1f00000|  0%| F|  |TAMS 0x00000000e1e00000, 0x00000000e1e00000| Untracked 
|  31|0x00000000e1f00000, 0x00000000e1f00000, 0x00000000e2000000|  0%| F|  |TAMS 0x00000000e1f00000, 0x00000000e1f00000| Untracked 
|  32|0x00000000e2000000, 0x00000000e2000000, 0x00000000e2100000|  0%| F|  |TAMS 0x00000000e2000000, 0x00000000e2000000| Untracked 
|  33|0x00000000e2100000, 0x00000000e2100000, 0x00000000e2200000|  0%| F|  |TAMS 0x00000000e2100000, 0x00000000e2100000| Untracked 
|  34|0x00000000e2200000, 0x00000000e2200000, 0x00000000e2300000|  0%| F|  |TAMS 0x00000000e2200000, 0x00000000e2200000| Untracked 
|  35|0x00000000e2300000, 0x00000000e2300000, 0x00000000e2400000|  0%| F|  |TAMS 0x00000000e2300000, 0x00000000e2300000| Untracked 
|  36|0x00000000e2400000, 0x00000000e2400000, 0x00000000e2500000|  0%| F|  |TAMS 0x00000000e2400000, 0x00000000e2400000| Untracked 
|  37|0x00000000e2500000, 0x00000000e2500000, 0x00000000e2600000|  0%| F|  |TAMS 0x00000000e2500000, 0x00000000e2500000| Untracked 
|  38|0x00000000e2600000, 0x00000000e2600000, 0x00000000e2700000|  0%| F|  |TAMS 0x00000000e2600000, 0x00000000e2600000| Untracked 
|  39|0x00000000e2700000, 0x00000000e2700000, 0x00000000e2800000|  0%| F|  |TAMS 0x00000000e2700000, 0x00000000e2700000| Untracked 
|  40|0x00000000e2800000, 0x00000000e2800000, 0x00000000e2900000|  0%| F|  |TAMS 0x00000000e2800000, 0x00000000e2800000| Untracked 
|  41|0x00000000e2900000, 0x00000000e2900000, 0x00000000e2a00000|  0%| F|  |TAMS 0x00000000e2900000, 0x00000000e2900000| Untracked 
|  42|0x00000000e2a00000, 0x00000000e2a00000, 0x00000000e2b00000|  0%| F|  |TAMS 0x00000000e2a00000, 0x00000000e2a00000| Untracked 
|  43|0x00000000e2b00000, 0x00000000e2b00000, 0x00000000e2c00000|  0%| F|  |TAMS 0x00000000e2b00000, 0x00000000e2b00000| Untracked 
|  44|0x00000000e2c00000, 0x00000000e2c00000, 0x00000000e2d00000|  0%| F|  |TAMS 0x00000000e2c00000, 0x00000000e2c00000| Untracked 
|  45|0x00000000e2d00000, 0x00000000e2d00000, 0x00000000e2e00000|  0%| F|  |TAMS 0x00000000e2d00000, 0x00000000e2d00000| Untracked 
|  46|0x00000000e2e00000, 0x00000000e2e00000, 0x00000000e2f00000|  0%| F|  |TAMS 0x00000000e2e00000, 0x00000000e2e00000| Untracked 
|  47|0x00000000e2f00000, 0x00000000e2f00000, 0x00000000e3000000|  0%| F|  |TAMS 0x00000000e2f00000, 0x00000000e2f00000| Untracked 
|  48|0x00000000e3000000, 0x00000000e3000000, 0x00000000e3100000|  0%| F|  |TAMS 0x00000000e3000000, 0x00000000e3000000| Untracked 
|  49|0x00000000e3100000, 0x00000000e3100000, 0x00000000e3200000|  0%| F|  |TAMS 0x00000000e3100000, 0x00000000e3100000| Untracked 
|  50|0x00000000e3200000, 0x00000000e3200000, 0x00000000e3300000|  0%| F|  |TAMS 0x00000000e3200000, 0x00000000e3200000| Untracked 
|  51|0x00000000e3300000, 0x00000000e3300000, 0x00000000e3400000|  0%| F|  |TAMS 0x00000000e3300000, 0x00000000e3300000| Untracked 
|  52|0x00000000e3400000, 0x00000000e3400000, 0x00000000e3500000|  0%| F|  |TAMS 0x00000000e3400000, 0x00000000e3400000| Untracked 
|  53|0x00000000e3500000, 0x00000000e3500000, 0x00000000e3600000|  0%| F|  |TAMS 0x00000000e3500000, 0x00000000e3500000| Untracked 
|  54|0x00000000e3600000, 0x00000000e3600000, 0x00000000e3700000|  0%| F|  |TAMS 0x00000000e3600000, 0x00000000e3600000| Untracked 
|  55|0x00000000e3700000, 0x00000000e3700000, 0x00000000e3800000|  0%| F|  |TAMS 0x00000000e3700000, 0x00000000e3700000| Untracked 
|  56|0x00000000e3800000, 0x00000000e3800000, 0x00000000e3900000|  0%| F|  |TAMS 0x00000000e3800000, 0x00000000e3800000| Untracked 
|  57|0x00000000e3900000, 0x00000000e3900000, 0x00000000e3a00000|  0%| F|  |TAMS 0x00000000e3900000, 0x00000000e3900000| Untracked 
|  58|0x00000000e3a00000, 0x00000000e3a00000, 0x00000000e3b00000|  0%| F|  |TAMS 0x00000000e3a00000, 0x00000000e3a00000| Untracked 
|  59|0x00000000e3b00000, 0x00000000e3b00000, 0x00000000e3c00000|  0%| F|  |TAMS 0x00000000e3b00000, 0x00000000e3b00000| Untracked 
|  60|0x00000000e3c00000, 0x00000000e3c00000, 0x00000000e3d00000|  0%| F|  |TAMS 0x00000000e3c00000, 0x00000000e3c00000| Untracked 
|  61|0x00000000e3d00000, 0x00000000e3d00000, 0x00000000e3e00000|  0%| F|  |TAMS 0x00000000e3d00000, 0x00000000e3d00000| Untracked 
|  62|0x00000000e3e00000, 0x00000000e3e00000, 0x00000000e3f00000|  0%| F|  |TAMS 0x00000000e3e00000, 0x00000000e3e00000| Untracked 
|  63|0x00000000e3f00000, 0x00000000e3f00000, 0x00000000e4000000|  0%| F|  |TAMS 0x00000000e3f00000, 0x00000000e3f00000| Untracked 
|  64|0x00000000e4000000, 0x00000000e4000000, 0x00000000e4100000|  0%| F|  |TAMS 0x00000000e4000000, 0x00000000e4000000| Untracked 
|  65|0x00000000e4100000, 0x00000000e4100000, 0x00000000e4200000|  0%| F|  |TAMS 0x00000000e4100000, 0x00000000e4100000| Untracked 
|  66|0x00000000e4200000, 0x00000000e4200000, 0x00000000e4300000|  0%| F|  |TAMS 0x00000000e4200000, 0x00000000e4200000| Untracked 
|  67|0x00000000e4300000, 0x00000000e4300000, 0x00000000e4400000|  0%| F|  |TAMS 0x00000000e4300000, 0x00000000e4300000| Untracked 
|  68|0x00000000e4400000, 0x00000000e4400000, 0x00000000e4500000|  0%| F|  |TAMS 0x00000000e4400000, 0x00000000e4400000| Untracked 
|  69|0x00000000e4500000, 0x00000000e4500000, 0x00000000e4600000|  0%| F|  |TAMS 0x00000000e4500000, 0x00000000e4500000| Untracked 
|  70|0x00000000e4600000, 0x00000000e4600000, 0x00000000e4700000|  0%| F|  |TAMS 0x00000000e4600000, 0x00000000e4600000| Untracked 
|  71|0x00000000e4700000, 0x00000000e4700000, 0x00000000e4800000|  0%| F|  |TAMS 0x00000000e4700000, 0x00000000e4700000| Untracked 
|  72|0x00000000e4800000, 0x00000000e4800000, 0x00000000e4900000|  0%| F|  |TAMS 0x00000000e4800000, 0x00000000e4800000| Untracked 
|  73|0x00000000e4900000, 0x00000000e4900000, 0x00000000e4a00000|  0%| F|  |TAMS 0x00000000e4900000, 0x00000000e4900000| Untracked 
|  74|0x00000000e4a00000, 0x00000000e4a00000, 0x00000000e4b00000|  0%| F|  |TAMS 0x00000000e4a00000, 0x00000000e4a00000| Untracked 
|  75|0x00000000e4b00000, 0x00000000e4b00000, 0x00000000e4c00000|  0%| F|  |TAMS 0x00000000e4b00000, 0x00000000e4b00000| Untracked 
|  76|0x00000000e4c00000, 0x00000000e4c00000, 0x00000000e4d00000|  0%| F|  |TAMS 0x00000000e4c00000, 0x00000000e4c00000| Untracked 
|  77|0x00000000e4d00000, 0x00000000e4d00000, 0x00000000e4e00000|  0%| F|  |TAMS 0x00000000e4d00000, 0x00000000e4d00000| Untracked 
|  78|0x00000000e4e00000, 0x00000000e4e00000, 0x00000000e4f00000|  0%| F|  |TAMS 0x00000000e4e00000, 0x00000000e4e00000| Untracked 
|  79|0x00000000e4f00000, 0x00000000e4f00000, 0x00000000e5000000|  0%| F|  |TAMS 0x00000000e4f00000, 0x00000000e4f00000| Untracked 
|  80|0x00000000e5000000, 0x00000000e5000000, 0x00000000e5100000|  0%| F|  |TAMS 0x00000000e5000000, 0x00000000e5000000| Untracked 
|  81|0x00000000e5100000, 0x00000000e5100000, 0x00000000e5200000|  0%| F|  |TAMS 0x00000000e5100000, 0x00000000e5100000| Untracked 
|  82|0x00000000e5200000, 0x00000000e5200000, 0x00000000e5300000|  0%| F|  |TAMS 0x00000000e5200000, 0x00000000e5200000| Untracked 
|  83|0x00000000e5300000, 0x00000000e5300000, 0x00000000e5400000|  0%| F|  |TAMS 0x00000000e5300000, 0x00000000e5300000| Untracked 
|  84|0x00000000e5400000, 0x00000000e5400000, 0x00000000e5500000|  0%| F|  |TAMS 0x00000000e5400000, 0x00000000e5400000| Untracked 
|  85|0x00000000e5500000, 0x00000000e5500000, 0x00000000e5600000|  0%| F|  |TAMS 0x00000000e5500000, 0x00000000e5500000| Untracked 
|  86|0x00000000e5600000, 0x00000000e5600000, 0x00000000e5700000|  0%| F|  |TAMS 0x00000000e5600000, 0x00000000e5600000| Untracked 
|  87|0x00000000e5700000, 0x00000000e5700000, 0x00000000e5800000|  0%| F|  |TAMS 0x00000000e5700000, 0x00000000e5700000| Untracked 
|  88|0x00000000e5800000, 0x00000000e5800000, 0x00000000e5900000|  0%| F|  |TAMS 0x00000000e5800000, 0x00000000e5800000| Untracked 
|  89|0x00000000e5900000, 0x00000000e5900000, 0x00000000e5a00000|  0%| F|  |TAMS 0x00000000e5900000, 0x00000000e5900000| Untracked 
|  90|0x00000000e5a00000, 0x00000000e5a00000, 0x00000000e5b00000|  0%| F|  |TAMS 0x00000000e5a00000, 0x00000000e5a00000| Untracked 
|  91|0x00000000e5b00000, 0x00000000e5b00000, 0x00000000e5c00000|  0%| F|  |TAMS 0x00000000e5b00000, 0x00000000e5b00000| Untracked 
|  92|0x00000000e5c00000, 0x00000000e5c00000, 0x00000000e5d00000|  0%| F|  |TAMS 0x00000000e5c00000, 0x00000000e5c00000| Untracked 
|  93|0x00000000e5d00000, 0x00000000e5d00000, 0x00000000e5e00000|  0%| F|  |TAMS 0x00000000e5d00000, 0x00000000e5d00000| Untracked 
|  94|0x00000000e5e00000, 0x00000000e5e00000, 0x00000000e5f00000|  0%| F|  |TAMS 0x00000000e5e00000, 0x00000000e5e00000| Untracked 
|  95|0x00000000e5f00000, 0x00000000e5f00000, 0x00000000e6000000|  0%| F|  |TAMS 0x00000000e5f00000, 0x00000000e5f00000| Untracked 
|  96|0x00000000e6000000, 0x00000000e6000000, 0x00000000e6100000|  0%| F|  |TAMS 0x00000000e6000000, 0x00000000e6000000| Untracked 
|  97|0x00000000e6100000, 0x00000000e6100000, 0x00000000e6200000|  0%| F|  |TAMS 0x00000000e6100000, 0x00000000e6100000| Untracked 
|  98|0x00000000e6200000, 0x00000000e6200000, 0x00000000e6300000|  0%| F|  |TAMS 0x00000000e6200000, 0x00000000e6200000| Untracked 
|  99|0x00000000e6300000, 0x00000000e6300000, 0x00000000e6400000|  0%| F|  |TAMS 0x00000000e6300000, 0x00000000e6300000| Untracked 
| 100|0x00000000e6400000, 0x00000000e6400000, 0x00000000e6500000|  0%| F|  |TAMS 0x00000000e6400000, 0x00000000e6400000| Untracked 
| 101|0x00000000e6500000, 0x00000000e6500000, 0x00000000e6600000|  0%| F|  |TAMS 0x00000000e6500000, 0x00000000e6500000| Untracked 
| 102|0x00000000e6600000, 0x00000000e6600000, 0x00000000e6700000|  0%| F|  |TAMS 0x00000000e6600000, 0x00000000e6600000| Untracked 
| 103|0x00000000e6700000, 0x00000000e6700000, 0x00000000e6800000|  0%| F|  |TAMS 0x00000000e6700000, 0x00000000e6700000| Untracked 
| 104|0x00000000e6800000, 0x00000000e6800000, 0x00000000e6900000|  0%| F|  |TAMS 0x00000000e6800000, 0x00000000e6800000| Untracked 
| 105|0x00000000e6900000, 0x00000000e6900000, 0x00000000e6a00000|  0%| F|  |TAMS 0x00000000e6900000, 0x00000000e6900000| Untracked 
| 106|0x00000000e6a00000, 0x00000000e6a00000, 0x00000000e6b00000|  0%| F|  |TAMS 0x00000000e6a00000, 0x00000000e6a00000| Untracked 
| 107|0x00000000e6b00000, 0x00000000e6b00000, 0x00000000e6c00000|  0%| F|  |TAMS 0x00000000e6b00000, 0x00000000e6b00000| Untracked 
| 108|0x00000000e6c00000, 0x00000000e6c00000, 0x00000000e6d00000|  0%| F|  |TAMS 0x00000000e6c00000, 0x00000000e6c00000| Untracked 
| 109|0x00000000e6d00000, 0x00000000e6d00000, 0x00000000e6e00000|  0%| F|  |TAMS 0x00000000e6d00000, 0x00000000e6d00000| Untracked 
| 110|0x00000000e6e00000, 0x00000000e6e00000, 0x00000000e6f00000|  0%| F|  |TAMS 0x00000000e6e00000, 0x00000000e6e00000| Untracked 
| 111|0x00000000e6f00000, 0x00000000e6f00000, 0x00000000e7000000|  0%| F|  |TAMS 0x00000000e6f00000, 0x00000000e6f00000| Untracked 
| 112|0x00000000e7000000, 0x00000000e7000000, 0x00000000e7100000|  0%| F|  |TAMS 0x00000000e7000000, 0x00000000e7000000| Untracked 
| 113|0x00000000e7100000, 0x00000000e7100000, 0x00000000e7200000|  0%| F|  |TAMS 0x00000000e7100000, 0x00000000e7100000| Untracked 
| 114|0x00000000e7200000, 0x00000000e7200000, 0x00000000e7300000|  0%| F|  |TAMS 0x00000000e7200000, 0x00000000e7200000| Untracked 
| 115|0x00000000e7300000, 0x00000000e7300000, 0x00000000e7400000|  0%| F|  |TAMS 0x00000000e7300000, 0x00000000e7300000| Untracked 
| 116|0x00000000e7400000, 0x00000000e7400000, 0x00000000e7500000|  0%| F|  |TAMS 0x00000000e7400000, 0x00000000e7400000| Untracked 
| 117|0x00000000e7500000, 0x00000000e7500000, 0x00000000e7600000|  0%| F|  |TAMS 0x00000000e7500000, 0x00000000e7500000| Untracked 
| 118|0x00000000e7600000, 0x00000000e7600000, 0x00000000e7700000|  0%| F|  |TAMS 0x00000000e7600000, 0x00000000e7600000| Untracked 
| 119|0x00000000e7700000, 0x00000000e7700000, 0x00000000e7800000|  0%| F|  |TAMS 0x00000000e7700000, 0x00000000e7700000| Untracked 
| 120|0x00000000e7800000, 0x00000000e7800000, 0x00000000e7900000|  0%| F|  |TAMS 0x00000000e7800000, 0x00000000e7800000| Untracked 
| 121|0x00000000e7900000, 0x00000000e7900000, 0x00000000e7a00000|  0%| F|  |TAMS 0x00000000e7900000, 0x00000000e7900000| Untracked 
| 122|0x00000000e7a00000, 0x00000000e7a00000, 0x00000000e7b00000|  0%| F|  |TAMS 0x00000000e7a00000, 0x00000000e7a00000| Untracked 
| 123|0x00000000e7b00000, 0x00000000e7b00000, 0x00000000e7c00000|  0%| F|  |TAMS 0x00000000e7b00000, 0x00000000e7b00000| Untracked 
| 124|0x00000000e7c00000, 0x00000000e7c00000, 0x00000000e7d00000|  0%| F|  |TAMS 0x00000000e7c00000, 0x00000000e7c00000| Untracked 
| 125|0x00000000e7d00000, 0x00000000e7d00000, 0x00000000e7e00000|  0%| F|  |TAMS 0x00000000e7d00000, 0x00000000e7d00000| Untracked 
| 126|0x00000000e7e00000, 0x00000000e7e00000, 0x00000000e7f00000|  0%| F|  |TAMS 0x00000000e7e00000, 0x00000000e7e00000| Untracked 
| 127|0x00000000e7f00000, 0x00000000e7f34a30, 0x00000000e8000000| 20%| S|CS|TAMS 0x00000000e7f00000, 0x00000000e7f00000| Complete 
| 128|0x00000000e8000000, 0x00000000e8100000, 0x00000000e8100000|100%| S|CS|TAMS 0x00000000e8000000, 0x00000000e8000000| Complete 
| 129|0x00000000e8100000, 0x00000000e8200000, 0x00000000e8200000|100%| S|CS|TAMS 0x00000000e8100000, 0x00000000e8100000| Complete 
| 130|0x00000000e8200000, 0x00000000e8300000, 0x00000000e8300000|100%| S|CS|TAMS 0x00000000e8200000, 0x00000000e8200000| Complete 
| 131|0x00000000e8300000, 0x00000000e8400000, 0x00000000e8400000|100%| S|CS|TAMS 0x00000000e8300000, 0x00000000e8300000| Complete 
| 132|0x00000000e8400000, 0x00000000e8500000, 0x00000000e8500000|100%| S|CS|TAMS 0x00000000e8400000, 0x00000000e8400000| Complete 
| 133|0x00000000e8500000, 0x00000000e8600000, 0x00000000e8600000|100%| S|CS|TAMS 0x00000000e8500000, 0x00000000e8500000| Complete 
| 134|0x00000000e8600000, 0x00000000e8700000, 0x00000000e8700000|100%| S|CS|TAMS 0x00000000e8600000, 0x00000000e8600000| Complete 
| 135|0x00000000e8700000, 0x00000000e8800000, 0x00000000e8800000|100%| S|CS|TAMS 0x00000000e8700000, 0x00000000e8700000| Complete 
| 136|0x00000000e8800000, 0x00000000e8900000, 0x00000000e8900000|100%| S|CS|TAMS 0x00000000e8800000, 0x00000000e8800000| Complete 
| 137|0x00000000e8900000, 0x00000000e8a00000, 0x00000000e8a00000|100%| S|CS|TAMS 0x00000000e8900000, 0x00000000e8900000| Complete 
| 138|0x00000000e8a00000, 0x00000000e8b00000, 0x00000000e8b00000|100%| S|CS|TAMS 0x00000000e8a00000, 0x00000000e8a00000| Complete 
| 139|0x00000000e8b00000, 0x00000000e8b00000, 0x00000000e8c00000|  0%| F|  |TAMS 0x00000000e8b00000, 0x00000000e8b00000| Untracked 
| 140|0x00000000e8c00000, 0x00000000e8c00000, 0x00000000e8d00000|  0%| F|  |TAMS 0x00000000e8c00000, 0x00000000e8c00000| Untracked 
| 141|0x00000000e8d00000, 0x00000000e8d00000, 0x00000000e8e00000|  0%| F|  |TAMS 0x00000000e8d00000, 0x00000000e8d00000| Untracked 
| 142|0x00000000e8e00000, 0x00000000e8e00000, 0x00000000e8f00000|  0%| F|  |TAMS 0x00000000e8e00000, 0x00000000e8e00000| Untracked 
| 143|0x00000000e8f00000, 0x00000000e8f00000, 0x00000000e9000000|  0%| F|  |TAMS 0x00000000e8f00000, 0x00000000e8f00000| Untracked 
| 144|0x00000000e9000000, 0x00000000e9000000, 0x00000000e9100000|  0%| F|  |TAMS 0x00000000e9000000, 0x00000000e9000000| Untracked 
| 145|0x00000000e9100000, 0x00000000e9100000, 0x00000000e9200000|  0%| F|  |TAMS 0x00000000e9100000, 0x00000000e9100000| Untracked 
| 146|0x00000000e9200000, 0x00000000e9200000, 0x00000000e9300000|  0%| F|  |TAMS 0x00000000e9200000, 0x00000000e9200000| Untracked 
| 147|0x00000000e9300000, 0x00000000e9300000, 0x00000000e9400000|  0%| F|  |TAMS 0x00000000e9300000, 0x00000000e9300000| Untracked 
| 148|0x00000000e9400000, 0x00000000e9400000, 0x00000000e9500000|  0%| F|  |TAMS 0x00000000e9400000, 0x00000000e9400000| Untracked 
| 149|0x00000000e9500000, 0x00000000e9500000, 0x00000000e9600000|  0%| F|  |TAMS 0x00000000e9500000, 0x00000000e9500000| Untracked 
| 150|0x00000000e9600000, 0x00000000e9600000, 0x00000000e9700000|  0%| F|  |TAMS 0x00000000e9600000, 0x00000000e9600000| Untracked 
| 151|0x00000000e9700000, 0x00000000e9700000, 0x00000000e9800000|  0%| F|  |TAMS 0x00000000e9700000, 0x00000000e9700000| Untracked 
| 152|0x00000000e9800000, 0x00000000e9800000, 0x00000000e9900000|  0%| F|  |TAMS 0x00000000e9800000, 0x00000000e9800000| Untracked 
| 153|0x00000000e9900000, 0x00000000e9900000, 0x00000000e9a00000|  0%| F|  |TAMS 0x00000000e9900000, 0x00000000e9900000| Untracked 
| 154|0x00000000e9a00000, 0x00000000e9a00000, 0x00000000e9b00000|  0%| F|  |TAMS 0x00000000e9a00000, 0x00000000e9a00000| Untracked 
| 155|0x00000000e9b00000, 0x00000000e9b00000, 0x00000000e9c00000|  0%| F|  |TAMS 0x00000000e9b00000, 0x00000000e9b00000| Untracked 
| 156|0x00000000e9c00000, 0x00000000e9c00000, 0x00000000e9d00000|  0%| F|  |TAMS 0x00000000e9c00000, 0x00000000e9c00000| Untracked 
| 157|0x00000000e9d00000, 0x00000000e9d00000, 0x00000000e9e00000|  0%| F|  |TAMS 0x00000000e9d00000, 0x00000000e9d00000| Untracked 
| 158|0x00000000e9e00000, 0x00000000e9e00000, 0x00000000e9f00000|  0%| F|  |TAMS 0x00000000e9e00000, 0x00000000e9e00000| Untracked 
| 159|0x00000000e9f00000, 0x00000000e9f00000, 0x00000000ea000000|  0%| F|  |TAMS 0x00000000e9f00000, 0x00000000e9f00000| Untracked 
| 160|0x00000000ea000000, 0x00000000ea000000, 0x00000000ea100000|  0%| F|  |TAMS 0x00000000ea000000, 0x00000000ea000000| Untracked 
| 161|0x00000000ea100000, 0x00000000ea100000, 0x00000000ea200000|  0%| F|  |TAMS 0x00000000ea100000, 0x00000000ea100000| Untracked 
| 162|0x00000000ea200000, 0x00000000ea200000, 0x00000000ea300000|  0%| F|  |TAMS 0x00000000ea200000, 0x00000000ea200000| Untracked 
| 163|0x00000000ea300000, 0x00000000ea300000, 0x00000000ea400000|  0%| F|  |TAMS 0x00000000ea300000, 0x00000000ea300000| Untracked 
| 164|0x00000000ea400000, 0x00000000ea400000, 0x00000000ea500000|  0%| F|  |TAMS 0x00000000ea400000, 0x00000000ea400000| Untracked 
| 165|0x00000000ea500000, 0x00000000ea500000, 0x00000000ea600000|  0%| F|  |TAMS 0x00000000ea500000, 0x00000000ea500000| Untracked 
| 166|0x00000000ea600000, 0x00000000ea600000, 0x00000000ea700000|  0%| F|  |TAMS 0x00000000ea600000, 0x00000000ea600000| Untracked 
| 167|0x00000000ea700000, 0x00000000ea700000, 0x00000000ea800000|  0%| F|  |TAMS 0x00000000ea700000, 0x00000000ea700000| Untracked 
| 168|0x00000000ea800000, 0x00000000ea800000, 0x00000000ea900000|  0%| F|  |TAMS 0x00000000ea800000, 0x00000000ea800000| Untracked 
| 169|0x00000000ea900000, 0x00000000ea900000, 0x00000000eaa00000|  0%| F|  |TAMS 0x00000000ea900000, 0x00000000ea900000| Untracked 
| 170|0x00000000eaa00000, 0x00000000eaa00000, 0x00000000eab00000|  0%| F|  |TAMS 0x00000000eaa00000, 0x00000000eaa00000| Untracked 
| 171|0x00000000eab00000, 0x00000000eab00000, 0x00000000eac00000|  0%| F|  |TAMS 0x00000000eab00000, 0x00000000eab00000| Untracked 
| 172|0x00000000eac00000, 0x00000000eac00000, 0x00000000ead00000|  0%| F|  |TAMS 0x00000000eac00000, 0x00000000eac00000| Untracked 
| 173|0x00000000ead00000, 0x00000000ead00000, 0x00000000eae00000|  0%| F|  |TAMS 0x00000000ead00000, 0x00000000ead00000| Untracked 
| 174|0x00000000eae00000, 0x00000000eae00000, 0x00000000eaf00000|  0%| F|  |TAMS 0x00000000eae00000, 0x00000000eae00000| Untracked 
| 175|0x00000000eaf00000, 0x00000000eaf00000, 0x00000000eb000000|  0%| F|  |TAMS 0x00000000eaf00000, 0x00000000eaf00000| Untracked 
| 176|0x00000000eb000000, 0x00000000eb000000, 0x00000000eb100000|  0%| F|  |TAMS 0x00000000eb000000, 0x00000000eb000000| Untracked 
| 177|0x00000000eb100000, 0x00000000eb100000, 0x00000000eb200000|  0%| F|  |TAMS 0x00000000eb100000, 0x00000000eb100000| Untracked 
| 178|0x00000000eb200000, 0x00000000eb200000, 0x00000000eb300000|  0%| F|  |TAMS 0x00000000eb200000, 0x00000000eb200000| Untracked 
| 179|0x00000000eb300000, 0x00000000eb300000, 0x00000000eb400000|  0%| F|  |TAMS 0x00000000eb300000, 0x00000000eb300000| Untracked 
| 180|0x00000000eb400000, 0x00000000eb400000, 0x00000000eb500000|  0%| F|  |TAMS 0x00000000eb400000, 0x00000000eb400000| Untracked 
| 181|0x00000000eb500000, 0x00000000eb500000, 0x00000000eb600000|  0%| F|  |TAMS 0x00000000eb500000, 0x00000000eb500000| Untracked 
| 182|0x00000000eb600000, 0x00000000eb600000, 0x00000000eb700000|  0%| F|  |TAMS 0x00000000eb600000, 0x00000000eb600000| Untracked 
| 183|0x00000000eb700000, 0x00000000eb700000, 0x00000000eb800000|  0%| F|  |TAMS 0x00000000eb700000, 0x00000000eb700000| Untracked 
| 184|0x00000000eb800000, 0x00000000eb800000, 0x00000000eb900000|  0%| F|  |TAMS 0x00000000eb800000, 0x00000000eb800000| Untracked 
| 185|0x00000000eb900000, 0x00000000eb900000, 0x00000000eba00000|  0%| F|  |TAMS 0x00000000eb900000, 0x00000000eb900000| Untracked 
| 186|0x00000000eba00000, 0x00000000eba00000, 0x00000000ebb00000|  0%| F|  |TAMS 0x00000000eba00000, 0x00000000eba00000| Untracked 
| 187|0x00000000ebb00000, 0x00000000ebb00000, 0x00000000ebc00000|  0%| F|  |TAMS 0x00000000ebb00000, 0x00000000ebb00000| Untracked 
| 188|0x00000000ebc00000, 0x00000000ebc00000, 0x00000000ebd00000|  0%| F|  |TAMS 0x00000000ebc00000, 0x00000000ebc00000| Untracked 
| 189|0x00000000ebd00000, 0x00000000ebd00000, 0x00000000ebe00000|  0%| F|  |TAMS 0x00000000ebd00000, 0x00000000ebd00000| Untracked 
| 190|0x00000000ebe00000, 0x00000000ebe00000, 0x00000000ebf00000|  0%| F|  |TAMS 0x00000000ebe00000, 0x00000000ebe00000| Untracked 
| 191|0x00000000ebf00000, 0x00000000ebf00000, 0x00000000ec000000|  0%| F|  |TAMS 0x00000000ebf00000, 0x00000000ebf00000| Untracked 
| 192|0x00000000ec000000, 0x00000000ec000000, 0x00000000ec100000|  0%| F|  |TAMS 0x00000000ec000000, 0x00000000ec000000| Untracked 
| 193|0x00000000ec100000, 0x00000000ec100000, 0x00000000ec200000|  0%| F|  |TAMS 0x00000000ec100000, 0x00000000ec100000| Untracked 
| 194|0x00000000ec200000, 0x00000000ec200000, 0x00000000ec300000|  0%| F|  |TAMS 0x00000000ec200000, 0x00000000ec200000| Untracked 
| 195|0x00000000ec300000, 0x00000000ec300000, 0x00000000ec400000|  0%| F|  |TAMS 0x00000000ec300000, 0x00000000ec300000| Untracked 
| 196|0x00000000ec400000, 0x00000000ec400000, 0x00000000ec500000|  0%| F|  |TAMS 0x00000000ec400000, 0x00000000ec400000| Untracked 
| 197|0x00000000ec500000, 0x00000000ec500000, 0x00000000ec600000|  0%| F|  |TAMS 0x00000000ec500000, 0x00000000ec500000| Untracked 
| 198|0x00000000ec600000, 0x00000000ec600000, 0x00000000ec700000|  0%| F|  |TAMS 0x00000000ec600000, 0x00000000ec600000| Untracked 
| 199|0x00000000ec700000, 0x00000000ec700000, 0x00000000ec800000|  0%| F|  |TAMS 0x00000000ec700000, 0x00000000ec700000| Untracked 
| 200|0x00000000ec800000, 0x00000000ec800000, 0x00000000ec900000|  0%| F|  |TAMS 0x00000000ec800000, 0x00000000ec800000| Untracked 
| 201|0x00000000ec900000, 0x00000000ec900000, 0x00000000eca00000|  0%| F|  |TAMS 0x00000000ec900000, 0x00000000ec900000| Untracked 
| 202|0x00000000eca00000, 0x00000000eca00000, 0x00000000ecb00000|  0%| F|  |TAMS 0x00000000eca00000, 0x00000000eca00000| Untracked 
| 203|0x00000000ecb00000, 0x00000000ecb00000, 0x00000000ecc00000|  0%| F|  |TAMS 0x00000000ecb00000, 0x00000000ecb00000| Untracked 
| 204|0x00000000ecc00000, 0x00000000ecc00000, 0x00000000ecd00000|  0%| F|  |TAMS 0x00000000ecc00000, 0x00000000ecc00000| Untracked 
| 205|0x00000000ecd00000, 0x00000000ecd00000, 0x00000000ece00000|  0%| F|  |TAMS 0x00000000ecd00000, 0x00000000ecd00000| Untracked 
| 206|0x00000000ece00000, 0x00000000ece00000, 0x00000000ecf00000|  0%| F|  |TAMS 0x00000000ece00000, 0x00000000ece00000| Untracked 
| 207|0x00000000ecf00000, 0x00000000ecf00000, 0x00000000ed000000|  0%| F|  |TAMS 0x00000000ecf00000, 0x00000000ecf00000| Untracked 
| 208|0x00000000ed000000, 0x00000000ed000000, 0x00000000ed100000|  0%| F|  |TAMS 0x00000000ed000000, 0x00000000ed000000| Untracked 
| 209|0x00000000ed100000, 0x00000000ed100000, 0x00000000ed200000|  0%| F|  |TAMS 0x00000000ed100000, 0x00000000ed100000| Untracked 
| 210|0x00000000ed200000, 0x00000000ed200000, 0x00000000ed300000|  0%| F|  |TAMS 0x00000000ed200000, 0x00000000ed200000| Untracked 
| 211|0x00000000ed300000, 0x00000000ed300000, 0x00000000ed400000|  0%| F|  |TAMS 0x00000000ed300000, 0x00000000ed300000| Untracked 
| 212|0x00000000ed400000, 0x00000000ed400000, 0x00000000ed500000|  0%| F|  |TAMS 0x00000000ed400000, 0x00000000ed400000| Untracked 
| 213|0x00000000ed500000, 0x00000000ed500000, 0x00000000ed600000|  0%| F|  |TAMS 0x00000000ed500000, 0x00000000ed500000| Untracked 
| 214|0x00000000ed600000, 0x00000000ed600000, 0x00000000ed700000|  0%| F|  |TAMS 0x00000000ed600000, 0x00000000ed600000| Untracked 
| 215|0x00000000ed700000, 0x00000000ed700000, 0x00000000ed800000|  0%| F|  |TAMS 0x00000000ed700000, 0x00000000ed700000| Untracked 
| 216|0x00000000ed800000, 0x00000000ed800000, 0x00000000ed900000|  0%| F|  |TAMS 0x00000000ed800000, 0x00000000ed800000| Untracked 
| 217|0x00000000ed900000, 0x00000000ed900000, 0x00000000eda00000|  0%| F|  |TAMS 0x00000000ed900000, 0x00000000ed900000| Untracked 
| 218|0x00000000eda00000, 0x00000000eda00000, 0x00000000edb00000|  0%| F|  |TAMS 0x00000000eda00000, 0x00000000eda00000| Untracked 
| 219|0x00000000edb00000, 0x00000000edb00000, 0x00000000edc00000|  0%| F|  |TAMS 0x00000000edb00000, 0x00000000edb00000| Untracked 
| 220|0x00000000edc00000, 0x00000000edc00000, 0x00000000edd00000|  0%| F|  |TAMS 0x00000000edc00000, 0x00000000edc00000| Untracked 
| 221|0x00000000edd00000, 0x00000000edd00000, 0x00000000ede00000|  0%| F|  |TAMS 0x00000000edd00000, 0x00000000edd00000| Untracked 
| 222|0x00000000ede00000, 0x00000000ede00000, 0x00000000edf00000|  0%| F|  |TAMS 0x00000000ede00000, 0x00000000ede00000| Untracked 
| 223|0x00000000edf00000, 0x00000000edf00000, 0x00000000ee000000|  0%| F|  |TAMS 0x00000000edf00000, 0x00000000edf00000| Untracked 
| 224|0x00000000ee000000, 0x00000000ee000000, 0x00000000ee100000|  0%| F|  |TAMS 0x00000000ee000000, 0x00000000ee000000| Untracked 
| 225|0x00000000ee100000, 0x00000000ee100000, 0x00000000ee200000|  0%| F|  |TAMS 0x00000000ee100000, 0x00000000ee100000| Untracked 
| 226|0x00000000ee200000, 0x00000000ee200000, 0x00000000ee300000|  0%| F|  |TAMS 0x00000000ee200000, 0x00000000ee200000| Untracked 
| 227|0x00000000ee300000, 0x00000000ee300000, 0x00000000ee400000|  0%| F|  |TAMS 0x00000000ee300000, 0x00000000ee300000| Untracked 
| 228|0x00000000ee400000, 0x00000000ee400000, 0x00000000ee500000|  0%| F|  |TAMS 0x00000000ee400000, 0x00000000ee400000| Untracked 
| 229|0x00000000ee500000, 0x00000000ee500000, 0x00000000ee600000|  0%| F|  |TAMS 0x00000000ee500000, 0x00000000ee500000| Untracked 
| 230|0x00000000ee600000, 0x00000000ee600000, 0x00000000ee700000|  0%| F|  |TAMS 0x00000000ee600000, 0x00000000ee600000| Untracked 
| 231|0x00000000ee700000, 0x00000000ee700000, 0x00000000ee800000|  0%| F|  |TAMS 0x00000000ee700000, 0x00000000ee700000| Untracked 
| 232|0x00000000ee800000, 0x00000000ee800000, 0x00000000ee900000|  0%| F|  |TAMS 0x00000000ee800000, 0x00000000ee800000| Untracked 
| 233|0x00000000ee900000, 0x00000000ee900000, 0x00000000eea00000|  0%| F|  |TAMS 0x00000000ee900000, 0x00000000ee900000| Untracked 
| 234|0x00000000eea00000, 0x00000000eea00000, 0x00000000eeb00000|  0%| F|  |TAMS 0x00000000eea00000, 0x00000000eea00000| Untracked 
| 235|0x00000000eeb00000, 0x00000000eeb00000, 0x00000000eec00000|  0%| F|  |TAMS 0x00000000eeb00000, 0x00000000eeb00000| Untracked 
| 236|0x00000000eec00000, 0x00000000eec00000, 0x00000000eed00000|  0%| F|  |TAMS 0x00000000eec00000, 0x00000000eec00000| Untracked 
| 237|0x00000000eed00000, 0x00000000eed00000, 0x00000000eee00000|  0%| F|  |TAMS 0x00000000eed00000, 0x00000000eed00000| Untracked 
| 238|0x00000000eee00000, 0x00000000eee00000, 0x00000000eef00000|  0%| F|  |TAMS 0x00000000eee00000, 0x00000000eee00000| Untracked 
| 239|0x00000000eef00000, 0x00000000eef00000, 0x00000000ef000000|  0%| F|  |TAMS 0x00000000eef00000, 0x00000000eef00000| Untracked 
| 240|0x00000000ef000000, 0x00000000ef000000, 0x00000000ef100000|  0%| F|  |TAMS 0x00000000ef000000, 0x00000000ef000000| Untracked 
| 241|0x00000000ef100000, 0x00000000ef100000, 0x00000000ef200000|  0%| F|  |TAMS 0x00000000ef100000, 0x00000000ef100000| Untracked 
| 242|0x00000000ef200000, 0x00000000ef200000, 0x00000000ef300000|  0%| F|  |TAMS 0x00000000ef200000, 0x00000000ef200000| Untracked 
| 243|0x00000000ef300000, 0x00000000ef300000, 0x00000000ef400000|  0%| F|  |TAMS 0x00000000ef300000, 0x00000000ef300000| Untracked 
| 244|0x00000000ef400000, 0x00000000ef400000, 0x00000000ef500000|  0%| F|  |TAMS 0x00000000ef400000, 0x00000000ef400000| Untracked 
| 245|0x00000000ef500000, 0x00000000ef580800, 0x00000000ef600000| 50%| E|  |TAMS 0x00000000ef500000, 0x00000000ef500000| Complete 
| 246|0x00000000ef600000, 0x00000000ef700000, 0x00000000ef700000|100%| E|CS|TAMS 0x00000000ef600000, 0x00000000ef600000| Complete 
| 247|0x00000000ef700000, 0x00000000ef800000, 0x00000000ef800000|100%| E|CS|TAMS 0x00000000ef700000, 0x00000000ef700000| Complete 
| 248|0x00000000ef800000, 0x00000000ef900000, 0x00000000ef900000|100%| E|CS|TAMS 0x00000000ef800000, 0x00000000ef800000| Complete 
| 249|0x00000000ef900000, 0x00000000efa00000, 0x00000000efa00000|100%| E|CS|TAMS 0x00000000ef900000, 0x00000000ef900000| Complete 
| 250|0x00000000efa00000, 0x00000000efb00000, 0x00000000efb00000|100%| E|CS|TAMS 0x00000000efa00000, 0x00000000efa00000| Complete 
| 251|0x00000000efb00000, 0x00000000efc00000, 0x00000000efc00000|100%| E|CS|TAMS 0x00000000efb00000, 0x00000000efb00000| Complete 
| 252|0x00000000efc00000, 0x00000000efd00000, 0x00000000efd00000|100%| E|CS|TAMS 0x00000000efc00000, 0x00000000efc00000| Complete 
| 253|0x00000000efd00000, 0x00000000efe00000, 0x00000000efe00000|100%| E|CS|TAMS 0x00000000efd00000, 0x00000000efd00000| Complete 
| 254|0x00000000efe00000, 0x00000000eff00000, 0x00000000eff00000|100%| E|CS|TAMS 0x00000000efe00000, 0x00000000efe00000| Complete 
| 255|0x00000000eff00000, 0x00000000f0000000, 0x00000000f0000000|100%| E|CS|TAMS 0x00000000eff00000, 0x00000000eff00000| Complete 

Card table byte_map: [0x000001fdaa100000,0x000001fdaa200000] _byte_map_base: 0x000001fda9a00000

Marking Bits (Prev, Next): (CMBitMap*) 0x000001fd934b3af0, (CMBitMap*) 0x000001fd934b3ab0
 Prev Bits: [0x000001fdaab00000, 0x000001fdab300000)
 Next Bits: [0x000001fdaa300000, 0x000001fdaab00000)

Polling page: 0x000001fd91440000

Metaspace:

Usage:
  Non-class:     18.34 MB used.
      Class:      3.20 MB used.
       Both:     21.54 MB used.

Virtual space:
  Non-class space:       24.00 MB reserved,      18.50 MB ( 77%) committed,  3 nodes.
      Class space:      308.00 MB reserved,       3.38 MB (  1%) committed,  1 nodes.
             Both:      332.00 MB reserved,      21.88 MB (  7%) committed. 

Chunk freelists:
   Non-Class:  1.21 MB
       Class:  495.00 KB
        Both:  1.69 MB

MaxMetaspaceSize: 384.00 MB
CompressedClassSpaceSize: 308.00 MB
Initial GC threshold: 21.00 MB
Current GC threshold: 35.12 MB
CDS: on
MetaspaceReclaimPolicy: balanced
 - commit_granule_bytes: 65536.
 - commit_granule_words: 8192.
 - virtual_space_node_default_size: 1048576.
 - enlarge_chunks_in_place: 1.
 - new_chunks_are_fully_committed: 0.
 - uncommit_free_chunks: 1.
 - use_allocation_guard: 0.
 - handle_deallocations: 1.


Internal statistics:

num_allocs_failed_limit: 3.
num_arena_births: 252.
num_arena_deaths: 0.
num_vsnodes_births: 4.
num_vsnodes_deaths: 0.
num_space_committed: 350.
num_space_uncommitted: 0.
num_chunks_returned_to_freelist: 3.
num_chunks_taken_from_freelist: 1011.
num_chunk_merges: 3.
num_chunk_splits: 679.
num_chunks_enlarged: 508.
num_purges: 0.
num_inconsistent_stats: 0.

CodeHeap 'non-profiled nmethods': size=120000Kb used=1611Kb max_used=1611Kb free=118388Kb
 bounds [0x000001fda27a0000, 0x000001fda2a10000, 0x000001fda9cd0000]
CodeHeap 'profiled nmethods': size=120000Kb used=6083Kb max_used=6083Kb free=113916Kb
 bounds [0x000001fd9b270000, 0x000001fd9b870000, 0x000001fda27a0000]
CodeHeap 'non-nmethods': size=5760Kb used=1241Kb max_used=1289Kb free=4518Kb
 bounds [0x000001fd9acd0000, 0x000001fd9af40000, 0x000001fd9b270000]
 total_blobs=3469 nmethods=2928 adapters=453
 compilation: enabled
              stopped_count=0, restarted_count=0
 full_count=0

Compilation events (20 events):
Event: 26.654 Thread 0x000001fdadd28db0 nmethod 2921 0x000001fd9b85ef10 code [0x000001fd9b85f0e0, 0x000001fd9b85f3e8]
Event: 26.655 Thread 0x000001fdadd28db0 2922       1       org.gradle.cache.internal.DefaultFileLockManager$DefaultFileLock::access$600 (5 bytes)
Event: 26.655 Thread 0x000001fdadd28db0 nmethod 2922 0x000001fda2931a10 code [0x000001fda2931ba0, 0x000001fda2931c58]
Event: 26.655 Thread 0x000001fdadd28db0 2923       1       sun.nio.ch.NativeSocketAddress::address (5 bytes)
Event: 26.655 Thread 0x000001fdadd28db0 nmethod 2923 0x000001fda2931d10 code [0x000001fda2931ea0, 0x000001fda2931f78]
Event: 26.655 Thread 0x000001fdadd28db0 2924  s    1       java.net.DatagramPacket::getOffset (5 bytes)
Event: 26.655 Thread 0x000001fdadd28db0 nmethod 2924 0x000001fda2932010 code [0x000001fda29321a0, 0x000001fda2932318]
Event: 26.655 Thread 0x000001fdadd28db0 2925  s    1       java.net.DatagramPacket::setAddress (6 bytes)
Event: 26.655 Thread 0x000001fdadd28db0 nmethod 2925 0x000001fda2932390 code [0x000001fda2932520, 0x000001fda29326d8]
Event: 26.655 Thread 0x000001fdadd28db0 2926  s    1       java.net.DatagramPacket::getLength (5 bytes)
Event: 26.655 Thread 0x000001fdadd28db0 nmethod 2926 0x000001fda2932790 code [0x000001fda2932920, 0x000001fda2932a98]
Event: 26.950 Thread 0x000001fdadd28db0 2927       3       sun.nio.ch.FileLockTable::checkList (89 bytes)
Event: 26.951 Thread 0x000001fdadd28db0 nmethod 2927 0x000001fd9b85f590 code [0x000001fd9b85f7a0, 0x000001fd9b8600d8]
Event: 27.023 Thread 0x000001fdadd25af0 2928       4       java.lang.invoke.MethodType::makeImpl (109 bytes)
Event: 27.035 Thread 0x000001fdadd28db0 2930       1       org.gradle.internal.event.DefaultListenerManager::access$100 (5 bytes)
Event: 27.035 Thread 0x000001fdadd28db0 nmethod 2930 0x000001fda2932b10 code [0x000001fda2932ca0, 0x000001fda2932d58]
Event: 27.038 Thread 0x000001fdadd28db0 2931       3       java.util.HashSet::toArray (18 bytes)
Event: 27.038 Thread 0x000001fdadd28db0 nmethod 2931 0x000001fd9b860390 code [0x000001fd9b860540, 0x000001fd9b860848]
Event: 27.039 Thread 0x000001fdadd28db0 2932       3       java.util.Collections$SingletonList::iterator (8 bytes)
Event: 27.039 Thread 0x000001fdadd28db0 nmethod 2932 0x000001fd9b860910 code [0x000001fd9b860ac0, 0x000001fd9b860d98]

GC Heap History (6 events):
Event: 1.272 GC heap before
{Heap before GC invocations=0 (full 0):
 garbage-first heap   total 262144K, used 26624K [0x00000000e0000000, 0x0000000100000000)
  region size 1024K, 23 young (23552K), 0 survivors (0K)
 Metaspace       used 2988K, committed 3136K, reserved 323584K
  class space    used 379K, committed 448K, reserved 315392K
}
Event: 1.299 GC heap after
{Heap after GC invocations=1 (full 0):
 garbage-first heap   total 262144K, used 10587K [0x00000000e0000000, 0x0000000100000000)
  region size 1024K, 3 young (3072K), 3 survivors (3072K)
 Metaspace       used 2988K, committed 3136K, reserved 323584K
  class space    used 379K, committed 448K, reserved 315392K
}
Event: 2.899 GC heap before
{Heap before GC invocations=1 (full 0):
 garbage-first heap   total 262144K, used 39259K [0x00000000e0000000, 0x0000000100000000)
  region size 1024K, 31 young (31744K), 3 survivors (3072K)
 Metaspace       used 4043K, committed 4224K, reserved 323584K
  class space    used 492K, committed 576K, reserved 315392K
}
Event: 2.902 GC heap after
{Heap after GC invocations=2 (full 0):
 garbage-first heap   total 262144K, used 11585K [0x00000000e0000000, 0x0000000100000000)
  region size 1024K, 1 young (1024K), 1 survivors (1024K)
 Metaspace       used 4043K, committed 4224K, reserved 323584K
  class space    used 492K, committed 576K, reserved 315392K
}
Event: 24.871 GC heap before
{Heap before GC invocations=2 (full 0):
 garbage-first heap   total 262144K, used 130369K [0x00000000e0000000, 0x0000000100000000)
  region size 1024K, 117 young (119808K), 1 survivors (1024K)
 Metaspace       used 21186K, committed 21504K, reserved 339968K
  class space    used 3104K, committed 3264K, reserved 315392K
}
Event: 25.066 GC heap after
{Heap after GC invocations=3 (full 0):
 garbage-first heap   total 262144K, used 22230K [0x00000000e0000000, 0x0000000100000000)
  region size 1024K, 12 young (12288K), 12 survivors (12288K)
 Metaspace       used 21186K, committed 21504K, reserved 339968K
  class space    used 3104K, committed 3264K, reserved 315392K
}

Deoptimization events (20 events):
Event: 17.945 Thread 0x000001fdb0595940 Uncommon trap: trap_request=0xffffff45 fr.pc=0x000001fda2820d9c relative=0x00000000000005fc
Event: 17.945 Thread 0x000001fdb0595940 Uncommon trap: reason=unstable_if action=reinterpret pc=0x000001fda2820d9c method=java.io.File.getName()Ljava/lang/String; @ 16 c2
Event: 17.945 Thread 0x000001fdb0595940 DEOPT PACKING pc=0x000001fda2820d9c sp=0x000000f2315fd750
Event: 17.945 Thread 0x000001fdb0595940 DEOPT UNPACKING pc=0x000001fd9ad25c23 sp=0x000000f2315fd720 mode 2
Event: 20.473 Thread 0x000001fdb0597150 Uncommon trap: trap_request=0xffffff45 fr.pc=0x000001fda28b8900 relative=0x00000000000003c0
Event: 20.473 Thread 0x000001fdb0597150 Uncommon trap: reason=unstable_if action=reinterpret pc=0x000001fda28b8900 method=java.util.HashMap.getNode(Ljava/lang/Object;)Ljava/util/HashMap$Node; @ 131 c2
Event: 20.473 Thread 0x000001fdb0597150 DEOPT PACKING pc=0x000001fda28b8900 sp=0x000000f230ffabb0
Event: 20.473 Thread 0x000001fdb0597150 DEOPT UNPACKING pc=0x000001fd9ad25c23 sp=0x000000f230ffaad0 mode 2
Event: 20.473 Thread 0x000001fdb0597150 Uncommon trap: trap_request=0xffffff45 fr.pc=0x000001fda28b1e28 relative=0x00000000000007c8
Event: 20.473 Thread 0x000001fdb0597150 Uncommon trap: reason=unstable_if action=reinterpret pc=0x000001fda28b1e28 method=java.util.HashMap.putVal(ILjava/lang/Object;Ljava/lang/Object;ZZ)Ljava/lang/Object; @ 206 c2
Event: 20.473 Thread 0x000001fdb0597150 DEOPT PACKING pc=0x000001fda28b1e28 sp=0x000000f230ffab30
Event: 20.473 Thread 0x000001fdb0597150 DEOPT UNPACKING pc=0x000001fd9ad25c23 sp=0x000000f230ffaac8 mode 2
Event: 21.618 Thread 0x000001fdb0597150 Uncommon trap: trap_request=0xffffff45 fr.pc=0x000001fda281e6f8 relative=0x00000000000000d8
Event: 21.618 Thread 0x000001fdb0597150 Uncommon trap: reason=unstable_if action=reinterpret pc=0x000001fda281e6f8 method=java.util.HashMap.hash(Ljava/lang/Object;)I @ 1 c2
Event: 21.618 Thread 0x000001fdb0597150 DEOPT PACKING pc=0x000001fda281e6f8 sp=0x000000f230ff9ae0
Event: 21.618 Thread 0x000001fdb0597150 DEOPT UNPACKING pc=0x000001fd9ad25c23 sp=0x000000f230ff9a20 mode 2
Event: 23.240 Thread 0x000001fdb0597150 Uncommon trap: trap_request=0xffffff76 fr.pc=0x000001fda2911c80 relative=0x0000000000000160
Event: 23.240 Thread 0x000001fdb0597150 Uncommon trap: reason=predicate action=maybe_recompile pc=0x000001fda2911c80 method=com.google.common.base.CharMatcher.indexIn(Ljava/lang/CharSequence;I)I @ 19 c2
Event: 23.240 Thread 0x000001fdb0597150 DEOPT PACKING pc=0x000001fda2911c80 sp=0x000000f230ffa030
Event: 23.240 Thread 0x000001fdb0597150 DEOPT UNPACKING pc=0x000001fd9ad25c23 sp=0x000000f230ff9fc0 mode 2

Classes unloaded (0 events):
No events

Classes redefined (0 events):
No events

Internal exceptions (20 events):
Event: 18.030 Thread 0x000001fdb0595940 Exception <a 'java/lang/IncompatibleClassChangeError'{0x00000000eb7d8ab8}: Found class java.lang.Object, but interface was expected> (0x00000000eb7d8ab8) 
thrown [t:\workspace\open\src\hotspot\share\interpreter\linkResolver.cpp, line 833]
Event: 18.036 Thread 0x000001fdb0594ad0 Exception <a 'java/lang/NoSuchMethodError'{0x00000000ebe20a80}: 'int java.lang.invoke.DirectMethodHandle$Holder.invokeStaticInit(java.lang.Object, java.lang.Object, java.lang.Object)'> (0x00000000ebe20a80) 
thrown [t:\workspace\open\src\hotspot\share\interpreter\linkResolver.cpp, line 766]
Event: 19.196 Thread 0x000001fdb0597150 Exception <a 'java/lang/NoSuchMethodError'{0x00000000eaa39f90}: 'int java.lang.invoke.DirectMethodHandle$Holder.invokeStatic(java.lang.Object, java.lang.Object, java.lang.Object, java.lang.Object)'> (0x00000000eaa39f90) 
thrown [t:\workspace\open\src\hotspot\share\interpreter\linkResolver.cpp, line 766]
Event: 19.197 Thread 0x000001fdb0597150 Exception <a 'java/lang/NoSuchMethodError'{0x00000000eaa3dbb8}: 'java.lang.Object java.lang.invoke.Invokers$Holder.invokeExact_MT(java.lang.Object, java.lang.Object, java.lang.Object, java.lang.Object, java.lang.Object, java.lang.Object)'> (0x00000000eaa3dbb8) 
thrown [t:\workspace\open\src\hotspot\share\interpreter\linkResolver.cpp, line 766]
Event: 20.447 Thread 0x000001fdb0597150 Exception <a 'java/lang/NoSuchMethodError'{0x00000000ea11e208}: 'java.lang.Object java.lang.invoke.DirectMethodHandle$Holder.invokeVirtual(java.lang.Object, java.lang.Object, java.lang.Object, java.lang.Object)'> (0x00000000ea11e208) 
thrown [t:\workspace\open\src\hotspot\share\interpreter\linkResolver.cpp, line 766]
Event: 20.636 Thread 0x000001fdb0597150 Exception <a 'java/lang/NoSuchMethodError'{0x00000000ea066278}: 'java.lang.Object java.lang.invoke.DirectMethodHandle$Holder.newInvokeSpecial(java.lang.Object, java.lang.Object, java.lang.Object, java.lang.Object, java.lang.Object, java.lang.Object, java.lang.Object)'> (0x00000000ea066278) 
thrown [t:\workspace\open\src\hotspot\share\interpreter\linkResolver.cpp, line 766]
Event: 20.637 Thread 0x000001fdb0597150 Exception <a 'java/lang/NoSuchMethodError'{0x00000000ea06af48}: 'java.lang.Object java.lang.invoke.Invokers$Holder.linkToTargetMethod(java.lang.Object, java.lang.Object, java.lang.Object, java.lang.Object, java.lang.Object, java.lang.Object, java.lang.Object)'> (0x00000000ea06af48) 
thrown [t:\workspace\open\src\hotspot\share\interpreter\linkResolver.cpp, line 766]
Event: 21.144 Thread 0x000001fdb0597150 Exception <a 'java/lang/NoSuchMethodError'{0x00000000e9fc3bf0}: 'java.lang.Object java.lang.invoke.DirectMethodHandle$Holder.invokeVirtual(java.lang.Object, java.lang.Object, java.lang.Object, java.lang.Object, java.lang.Object, java.lang.Object, java.lang.Object, java.lang.Object, java.lang.Object, java.lang.Object, java.lang.Object, java.lang.Object, java.lang.Object, java.lang.Object, java.lang.Object, java.lang.Object, java.lang.Object, java.lang.Object, java.lang.Object, java.lang.Object, java.lang.Ob
Event: 21.618 Thread 0x000001fdb0597150 Implicit null exception at 0x000001fda281e658 to 0x000001fda281e6ee
Event: 24.356 Thread 0x000001fdb0597150 Exception <a 'java/lang/NoSuchMethodError'{0x00000000e9059df8}: 'void java.lang.invoke.DirectMethodHandle$Holder.invokeStatic(java.lang.Object, java.lang.Object, java.lang.Object, java.lang.Object)'> (0x00000000e9059df8) 
thrown [t:\workspace\open\src\hotspot\share\interpreter\linkResolver.cpp, line 766]
Event: 24.361 Thread 0x000001fdb0597150 Exception <a 'java/lang/NoSuchMethodError'{0x00000000e906e140}: 'int java.lang.invoke.DirectMethodHandle$Holder.invokeVirtual(java.lang.Object, java.lang.Object)'> (0x00000000e906e140) 
thrown [t:\workspace\open\src\hotspot\share\interpreter\linkResolver.cpp, line 766]
Event: 24.366 Thread 0x000001fdb0597150 Exception <a 'java/lang/NoSuchMethodError'{0x00000000e8f002a0}: 'java.lang.Object java.lang.invoke.DirectMethodHandle$Holder.invokeStaticInit(java.lang.Object, java.lang.Object, java.lang.Object)'> (0x00000000e8f002a0) 
thrown [t:\workspace\open\src\hotspot\share\interpreter\linkResolver.cpp, line 766]
Event: 24.380 Thread 0x000001fdb0597150 Exception <a 'java/lang/NoSuchMethodError'{0x00000000e8f27350}: 'int java.lang.invoke.DirectMethodHandle$Holder.invokeVirtual(java.lang.Object, java.lang.Object, java.lang.Object)'> (0x00000000e8f27350) 
thrown [t:\workspace\open\src\hotspot\share\interpreter\linkResolver.cpp, line 766]
Event: 26.458 Thread 0x000001fdb0597150 Exception <a 'java/lang/NoSuchMethodError'{0x00000000ef878eb8}: 'java.lang.Object java.lang.invoke.DirectMethodHandle$Holder.invokeSpecialIFC(java.lang.Object, java.lang.Object, java.lang.Object, java.lang.Object)'> (0x00000000ef878eb8) 
thrown [t:\workspace\open\src\hotspot\share\interpreter\linkResolver.cpp, line 766]
Event: 26.626 Thread 0x000001fdb0597150 Exception <a 'java/lang/NoSuchMethodError'{0x00000000ef777fb0}: 'java.lang.Object java.lang.invoke.DirectMethodHandle$Holder.newInvokeSpecial(java.lang.Object, java.lang.Object, java.lang.Object, java.lang.Object, java.lang.Object, java.lang.Object, java.lang.Object, java.lang.Object, java.lang.Object, java.lang.Object)'> (0x00000000ef777fb0) 
thrown [t:\workspace\open\src\hotspot\share\interpreter\linkResolver.cpp, line 766]
Event: 26.627 Thread 0x000001fdb0597150 Exception <a 'java/lang/NoSuchMethodError'{0x00000000ef77ce98}: 'java.lang.Object java.lang.invoke.Invokers$Holder.linkToTargetMethod(java.lang.Object, java.lang.Object, java.lang.Object, java.lang.Object, java.lang.Object, java.lang.Object, java.lang.Object, java.lang.Object, java.lang.Object, java.lang.Object)'> (0x00000000ef77ce98) 
thrown [t:\workspace\open\src\hotspot\share\interpreter\linkResolver.cpp, line 766]
Event: 26.638 Thread 0x000001fdb0597150 Exception <a 'java/lang/NoSuchMethodError'{0x00000000ef7ee9f8}: 'java.lang.Object java.lang.invoke.DirectMethodHandle$Holder.newInvokeSpecial(java.lang.Object, java.lang.Object, java.lang.Object, java.lang.Object, java.lang.Object, java.lang.Object, java.lang.Object, java.lang.Object, java.lang.Object, java.lang.Object, java.lang.Object)'> (0x00000000ef7ee9f8) 
thrown [t:\workspace\open\src\hotspot\share\interpreter\linkResolver.cpp, line 766]
Event: 26.639 Thread 0x000001fdb0597150 Exception <a 'java/lang/NoSuchMethodError'{0x00000000ef7f4530}: 'java.lang.Object java.lang.invoke.DirectMethodHandle$Holder.invokeSpecial(java.lang.Object, java.lang.Object, java.lang.Object, java.lang.Object, java.lang.Object, java.lang.Object, java.lang.Object, java.lang.Object, java.lang.Object, java.lang.Object, java.lang.Object, java.lang.Object)'> (0x00000000ef7f4530) 
thrown [t:\workspace\open\src\hotspot\share\interpreter\linkResolver.cpp, line 766]
Event: 26.639 Thread 0x000001fdb0597150 Exception <a 'java/lang/NoSuchMethodError'{0x00000000ef7f9bc8}: 'java.lang.Object java.lang.invoke.Invokers$Holder.linkToTargetMethod(java.lang.Object, java.lang.Object, java.lang.Object, java.lang.Object, java.lang.Object, java.lang.Object, java.lang.Object, java.lang.Object, java.lang.Object, java.lang.Object, java.lang.Object)'> (0x00000000ef7f9bc8) 
thrown [t:\workspace\open\src\hotspot\share\interpreter\linkResolver.cpp, line 766]
Event: 27.027 Thread 0x000001fdb0597150 Exception <a 'java/lang/NoSuchMethodError'{0x00000000ef6e7d18}: 'java.lang.Object java.lang.invoke.DirectMethodHandle$Holder.invokeStaticInit(java.lang.Object, java.lang.Object, java.lang.Object, java.lang.Object)'> (0x00000000ef6e7d18) 
thrown [t:\workspace\open\src\hotspot\share\interpreter\linkResolver.cpp, line 766]

VM Operations (20 events):
Event: 20.065 Executing VM operation: Cleanup
Event: 20.065 Executing VM operation: Cleanup done
Event: 21.073 Executing VM operation: Cleanup
Event: 21.121 Executing VM operation: Cleanup done
Event: 22.127 Executing VM operation: Cleanup
Event: 22.147 Executing VM operation: Cleanup done
Event: 23.157 Executing VM operation: Cleanup
Event: 23.206 Executing VM operation: Cleanup done
Event: 24.215 Executing VM operation: Cleanup
Event: 24.352 Executing VM operation: Cleanup done
Event: 24.613 Executing VM operation: HandshakeAllThreads
Event: 24.614 Executing VM operation: HandshakeAllThreads done
Event: 24.871 Executing VM operation: CollectForMetadataAllocation
Event: 25.108 Executing VM operation: CollectForMetadataAllocation done
Event: 25.120 Executing VM operation: G1Concurrent
Event: 25.122 Executing VM operation: G1Concurrent done
Event: 25.123 Executing VM operation: G1Concurrent
Event: 25.123 Executing VM operation: G1Concurrent done
Event: 26.138 Executing VM operation: Cleanup
Event: 26.150 Executing VM operation: Cleanup done

Events (20 events):
Event: 20.174 loading class javax/xml/xpath/XPathException done
Event: 20.174 loading class javax/xml/xpath/XPathExpressionException done
Event: 20.175 loading class org/xml/sax/ErrorHandler
Event: 20.175 loading class org/xml/sax/ErrorHandler done
Event: 23.153 loading class java/util/concurrent/TimeoutException
Event: 23.206 loading class java/util/concurrent/TimeoutException done
Event: 23.206 loading class java/util/concurrent/CancellationException
Event: 23.206 loading class java/util/concurrent/CancellationException done
Event: 24.102 Thread 0x000001fdb0594fa0 Thread added: 0x000001fdb0594fa0
Event: 24.102 loading class java/util/concurrent/locks/AbstractQueuedSynchronizer$SharedNode
Event: 24.102 loading class java/util/concurrent/locks/AbstractQueuedSynchronizer$SharedNode done
Event: 24.354 loading class java/io/InterruptedIOException
Event: 24.354 loading class java/io/InterruptedIOException done
Event: 24.358 Thread 0x000001fdb0594600 Thread added: 0x000001fdb0594600
Event: 24.362 Thread 0x000001fdaf4a13f0 Thread added: 0x000001fdaf4a13f0
Event: 24.370 loading class java/util/ArrayDeque$DeqSpliterator
Event: 24.374 loading class java/util/ArrayDeque$DeqSpliterator done
Event: 24.511 Thread 0x000001fdaf4a13f0 Thread exited: 0x000001fdaf4a13f0
Event: 26.446 Thread 0x000001fdaee006a0 Thread added: 0x000001fdaee006a0
Event: 26.651 Thread 0x000001fdaedfee90 Thread added: 0x000001fdaedfee90


Dynamic libraries:
0x00007ff749b20000 - 0x00007ff749b30000 	C:\Program Files\Java\jdk-17.0.2\bin\java.exe
0x00007ffada610000 - 0x00007ffada827000 	C:\WINDOWS\SYSTEM32\ntdll.dll
0x00007ffad9bb0000 - 0x00007ffad9c74000 	C:\WINDOWS\System32\KERNEL32.DLL
0x00007ffad7950000 - 0x00007ffad7cf6000 	C:\WINDOWS\System32\KERNELBASE.dll
0x00007ffad7e20000 - 0x00007ffad7f31000 	C:\WINDOWS\System32\ucrtbase.dll
0x00007ffac7830000 - 0x00007ffac7848000 	C:\Program Files\Java\jdk-17.0.2\bin\jli.dll
0x00007ffad95f0000 - 0x00007ffad96a3000 	C:\WINDOWS\System32\ADVAPI32.dll
0x00007ffad8940000 - 0x00007ffad89e7000 	C:\WINDOWS\System32\msvcrt.dll
0x00007ffad8a40000 - 0x00007ffad8ae8000 	C:\WINDOWS\System32\sechost.dll
0x00007ffad8270000 - 0x00007ffad8298000 	C:\WINDOWS\System32\bcrypt.dll
0x00007ffada4b0000 - 0x00007ffada5c7000 	C:\WINDOWS\System32\RPCRT4.dll
0x00007ffad8790000 - 0x00007ffad893e000 	C:\WINDOWS\System32\USER32.dll
0x00007ffad80b0000 - 0x00007ffad80d6000 	C:\WINDOWS\System32\win32u.dll
0x00007ffada320000 - 0x00007ffada349000 	C:\WINDOWS\System32\GDI32.dll
0x00007ffad8150000 - 0x00007ffad8268000 	C:\WINDOWS\System32\gdi32full.dll
0x00007ffad7d80000 - 0x00007ffad7e1a000 	C:\WINDOWS\System32\msvcp_win.dll
0x00007ffac6ee0000 - 0x00007ffac6efa000 	C:\Program Files\Java\jdk-17.0.2\bin\VCRUNTIME140.dll
0x00007ffaab3e0000 - 0x00007ffaab673000 	C:\WINDOWS\WinSxS\amd64_microsoft.windows.common-controls_6595b64144ccf1df_6.0.22621.2506_none_270c5ae97388e100\COMCTL32.dll
0x00007ffacd9d0000 - 0x00007ffacd9da000 	C:\WINDOWS\SYSTEM32\VERSION.dll
0x00007ffada120000 - 0x00007ffada151000 	C:\WINDOWS\System32\IMM32.DLL
0x000001fd91460000 - 0x000001fd91474000 	C:\WINDOWS\System32\umppc17806.dll
0x00007ffacc020000 - 0x00007ffacc02c000 	C:\Program Files\Java\jdk-17.0.2\bin\vcruntime140_1.dll
0x00007ffab9f40000 - 0x00007ffab9fcd000 	C:\Program Files\Java\jdk-17.0.2\bin\msvcp140.dll
0x00007ffa82a00000 - 0x00007ffa835c1000 	C:\Program Files\Java\jdk-17.0.2\bin\server\jvm.dll
0x00007ffad8cc0000 - 0x00007ffad8cc8000 	C:\WINDOWS\System32\PSAPI.DLL
0x00007ffab0d20000 - 0x00007ffab0d29000 	C:\WINDOWS\SYSTEM32\WSOCK32.dll
0x00007ffad8710000 - 0x00007ffad8781000 	C:\WINDOWS\System32\WS2_32.dll
0x00007ffacbf30000 - 0x00007ffacbf64000 	C:\WINDOWS\SYSTEM32\WINMM.dll
0x00007ffad6970000 - 0x00007ffad6988000 	C:\WINDOWS\SYSTEM32\kernel.appcore.dll
0x00007ffacbf70000 - 0x00007ffacbf7a000 	C:\Program Files\Java\jdk-17.0.2\bin\jimage.dll
0x00007ffad5440000 - 0x00007ffad5673000 	C:\WINDOWS\SYSTEM32\DBGHELP.DLL
0x00007ffad8360000 - 0x00007ffad86e9000 	C:\WINDOWS\System32\combase.dll
0x00007ffad8b80000 - 0x00007ffad8c57000 	C:\WINDOWS\System32\OLEAUT32.dll
0x00007ffac8150000 - 0x00007ffac8182000 	C:\WINDOWS\SYSTEM32\dbgcore.DLL
0x00007ffad7d00000 - 0x00007ffad7d7a000 	C:\WINDOWS\System32\bcryptPrimitives.dll
0x00007ffab7320000 - 0x00007ffab732e000 	C:\Program Files\Java\jdk-17.0.2\bin\instrument.dll
0x00007ffabd590000 - 0x00007ffabd5b5000 	C:\Program Files\Java\jdk-17.0.2\bin\java.dll
0x00007ffa93580000 - 0x00007ffa93656000 	C:\Program Files\Java\jdk-17.0.2\bin\jsvml.dll
0x00007ffad8d90000 - 0x00007ffad95eb000 	C:\WINDOWS\System32\SHELL32.dll
0x00007ffad5860000 - 0x00007ffad6156000 	C:\WINDOWS\SYSTEM32\windows.storage.dll
0x00007ffad5720000 - 0x00007ffad585e000 	C:\WINDOWS\SYSTEM32\wintypes.dll
0x00007ffad9db0000 - 0x00007ffad9ea3000 	C:\WINDOWS\System32\SHCORE.dll
0x00007ffad8c60000 - 0x00007ffad8cbe000 	C:\WINDOWS\System32\shlwapi.dll
0x00007ffad7880000 - 0x00007ffad78a6000 	C:\WINDOWS\SYSTEM32\profapi.dll
0x00007ffabaf70000 - 0x00007ffabaf88000 	C:\Program Files\Java\jdk-17.0.2\bin\zip.dll
0x00007ffabb160000 - 0x00007ffabb179000 	C:\Program Files\Java\jdk-17.0.2\bin\net.dll
0x00007fface440000 - 0x00007fface577000 	C:\WINDOWS\SYSTEM32\WINHTTP.dll
0x00007ffad6e10000 - 0x00007ffad6e79000 	C:\WINDOWS\system32\mswsock.dll
0x00007ffabb140000 - 0x00007ffabb156000 	C:\Program Files\Java\jdk-17.0.2\bin\nio.dll
0x00007ffac7160000 - 0x00007ffac7170000 	C:\Program Files\Java\jdk-17.0.2\bin\verify.dll
0x00007ffa9f830000 - 0x00007ffa9f857000 	C:\Users\Mohan NS\.gradle\native\c067742578af261105cb4f569cf0c3c89f3d7b1fecec35dd04571415982c5e48\windows-amd64\native-platform.dll
0x00007ffa3e690000 - 0x00007ffa3e7d4000 	C:\Users\Mohan NS\.gradle\native\38dada09dfb8b06ba9b0570ebf7e218e3eb74d4ef43ca46872605cf95ebc2f47\windows-amd64\native-platform-file-events.dll
0x00007ffab7310000 - 0x00007ffab7319000 	C:\Program Files\Java\jdk-17.0.2\bin\management.dll
0x00007ffab7280000 - 0x00007ffab728b000 	C:\Program Files\Java\jdk-17.0.2\bin\management_ext.dll
0x00007ffad7070000 - 0x00007ffad708b000 	C:\WINDOWS\SYSTEM32\CRYPTSP.dll
0x00007ffad68d0000 - 0x00007ffad6905000 	C:\WINDOWS\system32\rsaenh.dll
0x00007ffad6f00000 - 0x00007ffad6f2c000 	C:\WINDOWS\SYSTEM32\USERENV.dll
0x00007ffad7060000 - 0x00007ffad706c000 	C:\WINDOWS\SYSTEM32\CRYPTBASE.dll
0x00007ffad63b0000 - 0x00007ffad63dd000 	C:\WINDOWS\SYSTEM32\IPHLPAPI.DLL
0x00007ffad9f70000 - 0x00007ffad9f79000 	C:\WINDOWS\System32\NSI.dll
0x00007fface420000 - 0x00007fface439000 	C:\WINDOWS\SYSTEM32\dhcpcsvc6.DLL
0x00007ffacd9e0000 - 0x00007ffacd9ff000 	C:\WINDOWS\SYSTEM32\dhcpcsvc.DLL
0x00007ffad63e0000 - 0x00007ffad64d9000 	C:\WINDOWS\SYSTEM32\DNSAPI.dll
0x00007ffab4e00000 - 0x00007ffab4e0e000 	C:\Program Files\Java\jdk-17.0.2\bin\sunmscapi.dll
0x00007ffad7f40000 - 0x00007ffad80a6000 	C:\WINDOWS\System32\CRYPT32.dll
0x00007ffad7220000 - 0x00007ffad724e000 	C:\WINDOWS\SYSTEM32\ncrypt.dll
0x00007ffad71e0000 - 0x00007ffad7217000 	C:\WINDOWS\SYSTEM32\NTASN1.dll
0x00007ffa9ea40000 - 0x00007ffa9ea48000 	C:\WINDOWS\system32\wshunix.dll

dbghelp: loaded successfully - version: 4.0.5 - missing functions: none
symbol engine: initialized successfully - sym options: 0x614 - pdb path: .;C:\Program Files\Java\jdk-17.0.2\bin;C:\WINDOWS\SYSTEM32;C:\WINDOWS\WinSxS\amd64_microsoft.windows.common-controls_6595b64144ccf1df_6.0.22621.2506_none_270c5ae97388e100;C:\Program Files\Java\jdk-17.0.2\bin\server;C:\Users\Mohan NS\.gradle\native\c067742578af261105cb4f569cf0c3c89f3d7b1fecec35dd04571415982c5e48\windows-amd64;C:\Users\Mohan NS\.gradle\native\38dada09dfb8b06ba9b0570ebf7e218e3eb74d4ef43ca46872605cf95ebc2f47\windows-amd64

VM Arguments:
jvm_args: --add-opens=java.base/java.util=ALL-UNNAMED --add-opens=java.base/java.lang=ALL-UNNAMED --add-opens=java.base/java.lang.invoke=ALL-UNNAMED --add-opens=java.prefs/java.util.prefs=ALL-UNNAMED --add-opens=java.base/java.nio.charset=ALL-UNNAMED --add-opens=java.base/java.net=ALL-UNNAMED --add-opens=java.base/java.util.concurrent.atomic=ALL-UNNAMED -XX:MaxMetaspaceSize=384m -XX:+HeapDumpOnOutOfMemoryError -Xms256m -Xmx512m -Dfile.encoding=windows-1252 -Duser.country=IN -Duser.language=en -Duser.variant -javaagent:C:\Users\Mohan NS\.gradle\wrapper\dists\gradle-8.5-bin\5t9huq95ubn472n8rpzujfbqh\gradle-8.5\lib\agents\gradle-instrumentation-agent-8.5.jar 
java_command: org.gradle.launcher.daemon.bootstrap.GradleDaemon 8.5
java_class_path (initial): C:\Users\Mohan NS\.gradle\wrapper\dists\gradle-8.5-bin\5t9huq95ubn472n8rpzujfbqh\gradle-8.5\lib\gradle-launcher-8.5.jar
Launcher Type: SUN_STANDARD

[Global flags]
     intx CICompilerCount                          = 4                                         {product} {ergonomic}
   size_t CompressedClassSpaceSize                 = 322961408                                 {product} {ergonomic}
     uint ConcGCThreads                            = 2                                         {product} {ergonomic}
     uint G1ConcRefinementThreads                  = 8                                         {product} {ergonomic}
   size_t G1HeapRegionSize                         = 1048576                                   {product} {ergonomic}
    uintx GCDrainStackTargetSize                   = 64                                        {product} {ergonomic}
     bool HeapDumpOnOutOfMemoryError               = true                                   {manageable} {command line}
   size_t InitialHeapSize                          = 268435456                                 {product} {command line}
   size_t MarkStackSize                            = 4194304                                   {product} {ergonomic}
   size_t MaxHeapSize                              = 536870912                                 {product} {command line}
   size_t MaxMetaspaceSize                         = 402653184                                 {product} {command line}
   size_t MaxNewSize                               = 321912832                                 {product} {ergonomic}
   size_t MinHeapDeltaBytes                        = 1048576                                   {product} {ergonomic}
   size_t MinHeapSize                              = 268435456                                 {product} {command line}
    uintx NonNMethodCodeHeapSize                   = 5839372                                {pd product} {ergonomic}
    uintx NonProfiledCodeHeapSize                  = 122909434                              {pd product} {ergonomic}
    uintx ProfiledCodeHeapSize                     = 122909434                              {pd product} {ergonomic}
    uintx ReservedCodeCacheSize                    = 251658240                              {pd product} {ergonomic}
     bool SegmentedCodeCache                       = true                                      {product} {ergonomic}
   size_t SoftMaxHeapSize                          = 536870912                              {manageable} {ergonomic}
     bool UseCompressedClassPointers               = true                           {product lp64_product} {ergonomic}
     bool UseCompressedOops                        = true                           {product lp64_product} {ergonomic}
     bool UseG1GC                                  = true                                      {product} {ergonomic}
     bool UseLargePagesIndividualAllocation        = false                                  {pd product} {ergonomic}

Logging:
Log output configuration:
 #0: stdout all=warning uptime,level,tags
 #1: stderr all=off uptime,level,tags

Environment Variables:
JAVA_HOME=C:\Program Files\Java\jdk-17.0.2
PATH=C:\Program Files\Common Files\Oracle\Java\javapath;C:\app\Mohan\product\21c\dbhomeXE\bin;C:\WINDOWS\system32;C:\WINDOWS;C:\WINDOWS\System32\Wbem;C:\WINDOWS\System32\WindowsPowerShell\v1.0\;C:\WINDOWS\System32\OpenSSH\;C:\Program Files\PuTTY\;C:\msys64\mingw64\bin;C:\apache-maven-3.9.6\bin;C:\Program Files\nodejs\;C:\Gradle\gradle-8.5\bin;C:\Program Files\PowerShell\7\;C:\Program Files\Git\cmd;C:\Program Files\MySQL\MySQL Shell 8.0\bin\;C:\Users\Mohan NS\AppData\Local\Microsoft\WindowsApps;C:\Users\Mohan NS\AppData\Local\GitHubDesktop\bin;C:\Program Files\JetBrains\IntelliJ IDEA 2023.2.2\bin;;C:\Program Files\JetBrains\IntelliJ IDEA Community Edition 2023.1.2\bin;;C:\Users\Mohan NS\AppData\Local\Programs\Microsoft VS Code\bin;C:\Program Files\Git\bin\;C:\Program Files\Git\cmd\;C:\Program Files\JetBrains\PyCharm 2023.2.4\bin;;C:\Program Files\Neovim\bin;C:\Users\Mohan NS\AppData\Local\Microsoft\WinGet\Packages\BurntSushi.ripgrep.MSVC_Microsoft.Winget.Source_8wekyb3d8bbwe\ripgrep-14.0.3-x86_64-pc-windows-msvc;C:\Users\Mohan NS\AppData\Roaming\npm;C:\Users\Mohan NS\AppData\Local\Programs\oh-my-posh\bin;C:\Program Files\PostgreSQL\16\bin;
USERNAME=Mohan NS
OS=Windows_NT
PROCESSOR_IDENTIFIER=Intel64 Family 6 Model 140 Stepping 1, GenuineIntel



---------------  S Y S T E M  ---------------

OS:
 Windows 11 , 64 bit Build 22621 (10.0.22621.3085)
OS uptime: 0 days 6:31 hours

CPU: total 8 (initial active 8) (4 cores per cpu, 2 threads per core) family 6 model 140 stepping 1 microcode 0xa6, cx8, cmov, fxsr, ht, mmx, 3dnowpref, sse, sse2, sse3, ssse3, sse4.1, sse4.2, popcnt, lzcnt, tsc, tscinvbit, avx, avx2, aes, erms, clmul, bmi1, bmi2, adx, avx512f, avx512dq, avx512cd, avx512bw, avx512vl, sha, fma, vzeroupper, avx512_vpopcntdq, avx512_vpclmulqdq, avx512_vaes, avx512_vnni, clflush, clflushopt, clwb, avx512_vbmi2, avx512_vbmi

Memory: 4k page, system-wide physical 16029M (41M free)
TotalPageFile size 31402M (AvailPageFile size 1M)
current process WorkingSet (physical memory assigned to process): 230M, peak: 241M
current process commit charge ("private bytes"): 404M, peak: 418M

vm_info: Java HotSpot(TM) 64-Bit Server VM (17.0.2+8-LTS-86) for windows-amd64 JRE (17.0.2+8-LTS-86), built on Dec  7 2021 21:51:03 by "mach5one" with MS VC++ 16.8 / 16.9 (VS2019)

END.
