#
# There is insufficient memory for the Java Runtime Environment to continue.
# Native memory allocation (malloc) failed to allocate 273520 bytes for Chunk::new
# Possible reasons:
#   The system is out of physical RAM or swap space
#   The process is running with CompressedOops enabled, and the Java Heap may be blocking the growth of the native heap
# Possible solutions:
#   Reduce memory load on the system
#   Increase physical memory or swap space
#   Check if swap backing store is full
#   Decrease Java heap size (-Xmx/-Xms)
#   Decrease number of Java threads
#   Decrease Java thread stack sizes (-Xss)
#   Set larger code cache with -XX:ReservedCodeCacheSize=
#   JVM is running with Unscaled Compressed Oops mode in which the Java heap is
#     placed in the first 4GB address space. The Java Heap base address is the
#     maximum limit for the native heap growth. Please use -XX:HeapBaseMinAddress
#     to set the Java Heap base and to place the Java Heap above 4GB virtual address.
# This output file may be truncated or incomplete.
#
#  Out of Memory Error (arena.cpp:189), pid=17340, tid=11872
#
# JRE version: Java(TM) SE Runtime Environment (17.0.2+8) (build 17.0.2+8-LTS-86)
# Java VM: Java HotSpot(TM) 64-Bit Server VM (17.0.2+8-LTS-86, mixed mode, sharing, tiered, compressed oops, compressed class ptrs, g1 gc, windows-amd64)
# No core dump will be written. Minidumps are not enabled by default on client versions of Windows
#

---------------  S U M M A R Y ------------

Command Line: --add-opens=java.base/java.util=ALL-UNNAMED --add-opens=java.base/java.lang=ALL-UNNAMED --add-opens=java.base/java.lang.invoke=ALL-UNNAMED --add-opens=java.prefs/java.util.prefs=ALL-UNNAMED --add-opens=java.base/java.nio.charset=ALL-UNNAMED --add-opens=java.base/java.net=ALL-UNNAMED --add-opens=java.base/java.util.concurrent.atomic=ALL-UNNAMED -XX:MaxMetaspaceSize=384m -XX:+HeapDumpOnOutOfMemoryError -Xms256m -Xmx512m -Dfile.encoding=windows-1252 -Duser.country=IN -Duser.language=en -Duser.variant -javaagent:C:\Users\Mohan NS\.gradle\wrapper\dists\gradle-8.5-bin\5t9huq95ubn472n8rpzujfbqh\gradle-8.5\lib\agents\gradle-instrumentation-agent-8.5.jar org.gradle.launcher.daemon.bootstrap.GradleDaemon 8.5

Host: 11th Gen Intel(R) Core(TM) i7-1185G7 @ 3.00GHz, 8 cores, 15G,  Windows 11 , 64 bit Build 22621 (10.0.22621.3085)
Time: Mon Feb 26 14:24:26 2024 India Standard Time elapsed time: 78.680258 seconds (0d 0h 1m 18s)

---------------  T H R E A D  ---------------

Current thread (0x0000014875248200):  JavaThread "C2 CompilerThread0" daemon [_thread_in_native, id=11872, stack(0x00000003bed00000,0x00000003bee00000)]


Current CompileTask:
C2:  78680 12404   !   4       io.spring.gradle.dependencymanagement.org.apache.maven.model.BuildBase::clone (211 bytes)

Stack: [0x00000003bed00000,0x00000003bee00000]
Native frames: (J=compiled Java code, j=interpreted, Vv=VM code, C=native code)
V  [jvm.dll+0x670baa]
V  [jvm.dll+0x7cfcb4]
V  [jvm.dll+0x7d145e]
V  [jvm.dll+0x7d1ac3]
V  [jvm.dll+0x242bc5]
V  [jvm.dll+0xaa57b]
V  [jvm.dll+0xaab0c]
V  [jvm.dll+0x35fd07]
V  [jvm.dll+0x1b9802]
V  [jvm.dll+0x215de9]
V  [jvm.dll+0x2150b1]
V  [jvm.dll+0x1a1bbd]
V  [jvm.dll+0x224908]
V  [jvm.dll+0x222a6c]
V  [jvm.dll+0x7859bb]
V  [jvm.dll+0x77ff7a]
V  [jvm.dll+0x66fa35]
C  [ucrtbase.dll+0x29363]
C  [KERNEL32.DLL+0x1257d]
C  [ntdll.dll+0x5aa58]


---------------  P R O C E S S  ---------------

Threads class SMR info:
_java_thread_list=0x0000014879a344c0, length=124, elements={
0x000001485a9ae810, 0x00000148752276e0, 0x0000014875228290, 0x0000014875240e30,
0x00000148752419e0, 0x0000014875242590, 0x0000014875247060, 0x0000014875248200,
0x00000148752565c0, 0x0000014875268780, 0x0000014875caef70, 0x0000014875dc8cd0,
0x000001487718f710, 0x000001487718fbe0, 0x000001487718d090, 0x000001487718e3d0,
0x000001487718ed70, 0x000001487718df00, 0x000001487718da30, 0x000001487718f240,
0x00000148774b20c0, 0x00000148774b4c10, 0x00000148790383a0, 0x00000148775d8330,
0x0000014878dc8080, 0x0000014877cc24a0, 0x0000014877eab060, 0x0000014879037530,
0x0000014877cc2970, 0x0000014877cc1160, 0x0000014877cc1630, 0x0000014879037a00,
0x0000014877eab530, 0x000001487973e510, 0x0000014878421990, 0x0000014878420ff0,
0x000001487771c060, 0x000001487bc1e150, 0x0000014879c6a0f0, 0x000001487810fc10,
0x0000014879c6c2a0, 0x0000014878422800, 0x0000014878421e60, 0x0000014879941b10,
0x0000014879941640, 0x0000014879940300, 0x000001487973c360, 0x0000014879c6bdd0,
0x0000014879c6b900, 0x0000014879c6a5c0, 0x0000014879c6cc40, 0x000001487810f270,
0x000001487810f740, 0x000001487810df30, 0x000001487810e400, 0x000001487810d590,
0x000001487810c250, 0x000001487810c720, 0x000001487810da60, 0x00000148799424b0,
0x000001487810d0c0, 0x0000014877cc1b00, 0x0000014877cc1fd0, 0x000001487dd04530,
0x000001487dd02d20, 0x000001487dd053a0, 0x000001487dd02380, 0x00000148799407d0,
0x0000014879940ca0, 0x000001487973cd00, 0x000001487973f380, 0x000001487973d1d0,
0x000001487dd04a00, 0x000001487dd04ed0, 0x000001487dd019e0, 0x000001487dd031f0,
0x000001487dd01eb0, 0x000001487dd02850, 0x000001487dd03b90, 0x000001487dd036c0,
0x000001487dd04060, 0x000001487c08d700, 0x000001487c08d230, 0x000001487c08cd60,
0x000001487c08dbd0, 0x000001487c08e0a0, 0x000001487973b9c0, 0x000001487c08e570,
0x0000014878f13cb0, 0x0000014878f14ff0, 0x0000014878f154c0, 0x0000014878f15990,
0x0000014878f14180, 0x0000014878f15e60, 0x0000014879941fe0, 0x0000014879942980,
0x000001487993fe30, 0x000001487993f490, 0x000001487993efc0, 0x000001487993f960,
0x0000014878dc8550, 0x0000014878f14650, 0x0000014878f14b20, 0x0000014878f12970,
0x000001487973be90, 0x000001487973d6a0, 0x000001487973c830, 0x0000014878f124a0,
0x0000014879c6d110, 0x0000014879c69750, 0x0000014879c6af60, 0x0000014879c69c20,
0x0000014879c6b430, 0x0000014879c6aa90, 0x00000148799a5cf0, 0x0000014878f137e0,
0x0000014878f13310, 0x0000014878f12e40, 0x000001487dedbc60, 0x00000148799a4e80,
0x00000148799a61c0, 0x00000148799a5350, 0x00000148799a2cd0, 0x0000014878dc8ef0
}

Java Threads: ( => current thread )
  0x000001485a9ae810 JavaThread "main" [_thread_blocked, id=16144, stack(0x00000003be000000,0x00000003be100000)]
  0x00000148752276e0 JavaThread "Reference Handler" daemon [_thread_blocked, id=3232, stack(0x00000003be700000,0x00000003be800000)]
  0x0000014875228290 JavaThread "Finalizer" daemon [_thread_blocked, id=13732, stack(0x00000003be800000,0x00000003be900000)]
  0x0000014875240e30 JavaThread "Signal Dispatcher" daemon [_thread_blocked, id=9032, stack(0x00000003be900000,0x00000003bea00000)]
  0x00000148752419e0 JavaThread "Attach Listener" daemon [_thread_blocked, id=15468, stack(0x00000003bea00000,0x00000003beb00000)]
  0x0000014875242590 JavaThread "Service Thread" daemon [_thread_blocked, id=21008, stack(0x00000003beb00000,0x00000003bec00000)]
  0x0000014875247060 JavaThread "Monitor Deflation Thread" daemon [_thread_blocked, id=24900, stack(0x00000003bec00000,0x00000003bed00000)]
=>0x0000014875248200 JavaThread "C2 CompilerThread0" daemon [_thread_in_native, id=11872, stack(0x00000003bed00000,0x00000003bee00000)]
  0x00000148752565c0 JavaThread "C1 CompilerThread0" daemon [_thread_blocked, id=23720, stack(0x00000003bee00000,0x00000003bef00000)]
  0x0000014875268780 JavaThread "Sweeper thread" daemon [_thread_blocked, id=11304, stack(0x00000003bef00000,0x00000003bf000000)]
  0x0000014875caef70 JavaThread "Common-Cleaner" daemon [_thread_blocked, id=21104, stack(0x00000003bf000000,0x00000003bf100000)]
  0x0000014875dc8cd0 JavaThread "Notification Thread" daemon [_thread_blocked, id=25264, stack(0x00000003bf100000,0x00000003bf200000)]
  0x000001487718f710 JavaThread "Daemon health stats" [_thread_blocked, id=11896, stack(0x00000003bfa00000,0x00000003bfb00000)]
  0x000001487718fbe0 JavaThread "Incoming local TCP Connector on port 63544" [_thread_in_native, id=10108, stack(0x00000003bf900000,0x00000003bfa00000)]
  0x000001487718d090 JavaThread "Daemon periodic checks" [_thread_blocked, id=24192, stack(0x00000003bfb00000,0x00000003bfc00000)]
  0x000001487718e3d0 JavaThread "Daemon" [_thread_blocked, id=23252, stack(0x00000003bfc00000,0x00000003bfd00000)]
  0x000001487718ed70 JavaThread "Daemon worker" [_thread_blocked, id=24044, stack(0x00000003bff00000,0x00000003c0000000)]
  0x000001487718df00 JavaThread "Cache worker for journal cache (C:\Users\Mohan NS\.gradle\caches\journal-1)" [_thread_blocked, id=14544, stack(0x00000003bf300000,0x00000003bf400000)]
  0x000001487718da30 JavaThread "File lock request listener" [_thread_in_native, id=20128, stack(0x00000003c0300000,0x00000003c0400000)]
  0x000001487718f240 JavaThread "Cache worker for file hash cache (C:\Users\Mohan NS\.gradle\caches\8.5\fileHashes)" [_thread_blocked, id=11884, stack(0x00000003c0400000,0x00000003c0500000)]
  0x00000148774b20c0 JavaThread "File watcher server" daemon [_thread_in_native, id=23828, stack(0x00000003c0600000,0x00000003c0700000)]
  0x00000148774b4c10 JavaThread "File watcher consumer" daemon [_thread_blocked, id=8364, stack(0x00000003c0700000,0x00000003c0800000)]
  0x00000148790383a0 JavaThread "Cache worker for file content cache (C:\Users\Mohan NS\.gradle\caches\8.5\fileContent)" [_thread_blocked, id=2264, stack(0x00000003c0f00000,0x00000003c1000000)]
  0x00000148775d8330 JavaThread "File lock release action executor" [_thread_blocked, id=24276, stack(0x00000003c1000000,0x00000003c1100000)]
  0x0000014878dc8080 JavaThread "Cache worker for execution history cache (C:\Users\Mohan NS\.gradle\caches\8.5\executionHistory)" [_thread_blocked, id=17064, stack(0x00000003c1100000,0x00000003c1200000)]
  0x0000014877cc24a0 JavaThread "jar transforms" [_thread_blocked, id=7920, stack(0x00000003c1200000,0x00000003c1300000)]
  0x0000014877eab060 JavaThread "jar transforms Thread 2" [_thread_blocked, id=18988, stack(0x00000003c1300000,0x00000003c1400000)]
  0x0000014879037530 JavaThread "jar transforms Thread 3" [_thread_blocked, id=19568, stack(0x00000003c1500000,0x00000003c1600000)]
  0x0000014877cc2970 JavaThread "jar transforms Thread 4" [_thread_blocked, id=10568, stack(0x00000003c1600000,0x00000003c1700000)]
  0x0000014877cc1160 JavaThread "jar transforms Thread 5" [_thread_blocked, id=22880, stack(0x00000003c1700000,0x00000003c1800000)]
  0x0000014877cc1630 JavaThread "jar transforms Thread 6" [_thread_blocked, id=20236, stack(0x00000003c1800000,0x00000003c1900000)]
  0x0000014879037a00 JavaThread "jar transforms Thread 7" [_thread_blocked, id=16452, stack(0x00000003c1400000,0x00000003c1500000)]
  0x0000014877eab530 JavaThread "jar transforms Thread 8" [_thread_blocked, id=15048, stack(0x00000003c2200000,0x00000003c2300000)]
  0x000001487973e510 JavaThread "Memory manager" [_thread_blocked, id=22964, stack(0x00000003c2300000,0x00000003c2400000)]
  0x0000014878421990 JavaThread "Daemon Thread 2" [_thread_blocked, id=11084, stack(0x00000003bfd00000,0x00000003bfe00000)]
  0x0000014878420ff0 JavaThread "Daemon Thread 3" [_thread_blocked, id=9652, stack(0x00000003c0000000,0x00000003c0100000)]
  0x000001487771c060 JavaThread "included builds" [_thread_blocked, id=24472, stack(0x00000003c2700000,0x00000003c2800000)]
  0x000001487bc1e150 JavaThread "included builds" [_thread_blocked, id=19688, stack(0x00000003c2500000,0x00000003c2600000)]
  0x0000014879c6a0f0 JavaThread "included builds" [_thread_blocked, id=3788, stack(0x00000003c2600000,0x00000003c2700000)]
  0x000001487810fc10 JavaThread "included builds" [_thread_blocked, id=14880, stack(0x00000003c2800000,0x00000003c2900000)]
  0x0000014879c6c2a0 JavaThread "File lock release action executor Thread 2" [_thread_blocked, id=22492, stack(0x00000003c3300000,0x00000003c3400000)]
  0x0000014878422800 JavaThread "Handler for socket connection from /127.0.0.1:63544 to /127.0.0.1:63646" [_thread_in_native, id=26440, stack(0x00000003bdf00000,0x00000003be000000)]
  0x0000014878421e60 JavaThread "Cancel handler" [_thread_blocked, id=26452, stack(0x00000003bfe00000,0x00000003bff00000)]
  0x0000014879941b10 JavaThread "Asynchronous log dispatcher for DefaultDaemonConnection: socket connection from /127.0.0.1:63544 to /127.0.0.1:63646" [_thread_blocked, id=26464, stack(0x00000003c0100000,0x00000003c0200000)]
  0x0000014879941640 JavaThread "Stdin handler" [_thread_blocked, id=26468, stack(0x00000003c0200000,0x00000003c0300000)]
  0x0000014879940300 JavaThread "Daemon client event forwarder" [_thread_blocked, id=26472, stack(0x00000003c0500000,0x00000003c0600000)]
  0x000001487973c360 JavaThread "Cache worker for checksums cache (C:\Users\Mohan NS\Desktop\BlindApp-UI\.gradle\8.5\checksums)" [_thread_blocked, id=26480, stack(0x00000003c0b00000,0x00000003c0c00000)]
  0x0000014879c6bdd0 JavaThread "Cache worker for file hash cache (C:\Users\Mohan NS\Desktop\BlindApp-UI\.gradle\8.5\fileHashes)" [_thread_blocked, id=26496, stack(0x00000003c0c00000,0x00000003c0d00000)]
  0x0000014879c6b900 JavaThread "Cache worker for cache directory md-supplier (C:\Users\Mohan NS\.gradle\caches\8.5\md-supplier)" [_thread_blocked, id=26500, stack(0x00000003c0d00000,0x00000003c0e00000)]
  0x0000014879c6a5c0 JavaThread "Cache worker for cache directory md-rule (C:\Users\Mohan NS\.gradle\caches\8.5\md-rule)" [_thread_blocked, id=26532, stack(0x00000003c0e00000,0x00000003c0f00000)]
  0x0000014879c6cc40 JavaThread "Cache worker for dependencies-accessors (C:\Users\Mohan NS\Desktop\BlindApp-UI\.gradle\8.5\dependencies-accessors)" [_thread_blocked, id=26576, stack(0x00000003c1900000,0x00000003c1a00000)]
  0x000001487810f270 JavaThread "Cache worker for Build Output Cleanup Cache (C:\Users\Mohan NS\Desktop\BlindApp-UI\.gradle\buildOutputCleanup)" [_thread_blocked, id=26592, stack(0x00000003c1a00000,0x00000003c1b00000)]
  0x000001487810f740 JavaThread "Unconstrained build operations" [_thread_blocked, id=19804, stack(0x00000003c1b00000,0x00000003c1c00000)]
  0x000001487810df30 JavaThread "Unconstrained build operations Thread 2" [_thread_blocked, id=26196, stack(0x00000003c1c00000,0x00000003c1d00000)]
  0x000001487810e400 JavaThread "Unconstrained build operations Thread 3" [_thread_blocked, id=26172, stack(0x00000003c1d00000,0x00000003c1e00000)]
  0x000001487810d590 JavaThread "Unconstrained build operations Thread 4" [_thread_blocked, id=26200, stack(0x00000003c1e00000,0x00000003c1f00000)]
  0x000001487810c250 JavaThread "Unconstrained build operations Thread 5" [_thread_blocked, id=23900, stack(0x00000003c1f00000,0x00000003c2000000)]
  0x000001487810c720 JavaThread "Unconstrained build operations Thread 6" [_thread_blocked, id=20952, stack(0x00000003c2000000,0x00000003c2100000)]
  0x000001487810da60 JavaThread "Unconstrained build operations Thread 7" [_thread_blocked, id=4876, stack(0x00000003c2100000,0x00000003c2200000)]
  0x00000148799424b0 JavaThread "included builds" [_thread_in_Java, id=27212, stack(0x00000003c2900000,0x00000003c2a00000)]
  0x000001487810d0c0 JavaThread "Execution worker" [_thread_blocked, id=27220, stack(0x00000003c2a00000,0x00000003c2b00000)]
  0x0000014877cc1b00 JavaThread "Execution worker Thread 2" [_thread_blocked, id=27224, stack(0x00000003c2b00000,0x00000003c2c00000)]
  0x0000014877cc1fd0 JavaThread "Execution worker Thread 3" [_thread_blocked, id=27228, stack(0x00000003c2c00000,0x00000003c2d00000)]
  0x000001487dd04530 JavaThread "Execution worker Thread 4" [_thread_blocked, id=27232, stack(0x00000003c2f00000,0x00000003c3000000)]
  0x000001487dd02d20 JavaThread "Execution worker Thread 5" [_thread_blocked, id=27236, stack(0x00000003c3000000,0x00000003c3100000)]
  0x000001487dd053a0 JavaThread "Execution worker Thread 6" [_thread_blocked, id=27240, stack(0x00000003c3100000,0x00000003c3200000)]
  0x000001487dd02380 JavaThread "Execution worker Thread 7" [_thread_blocked, id=27244, stack(0x00000003c3200000,0x00000003c3300000)]
  0x00000148799407d0 JavaThread "Cache worker for execution history cache (C:\Users\Mohan NS\Desktop\BlindApp-UI\.gradle\8.5\executionHistory)" [_thread_blocked, id=27268, stack(0x00000003c3400000,0x00000003c3500000)]
  0x0000014879940ca0 JavaThread "Unconstrained build operations Thread 8" [_thread_blocked, id=27352, stack(0x00000003c3500000,0x00000003c3600000)]
  0x000001487973cd00 JavaThread "Unconstrained build operations Thread 9" [_thread_blocked, id=27356, stack(0x00000003c3600000,0x00000003c3700000)]
  0x000001487973f380 JavaThread "Unconstrained build operations Thread 10" [_thread_blocked, id=27368, stack(0x00000003c3700000,0x00000003c3800000)]
  0x000001487973d1d0 JavaThread "Unconstrained build operations Thread 11" [_thread_blocked, id=27372, stack(0x00000003c3800000,0x00000003c3900000)]
  0x000001487dd04a00 JavaThread "Unconstrained build operations Thread 12" [_thread_blocked, id=27376, stack(0x00000003c3900000,0x00000003c3a00000)]
  0x000001487dd04ed0 JavaThread "Unconstrained build operations Thread 13" [_thread_blocked, id=27380, stack(0x00000003c3a00000,0x00000003c3b00000)]
  0x000001487dd019e0 JavaThread "Unconstrained build operations Thread 14" [_thread_blocked, id=27384, stack(0x00000003c3b00000,0x00000003c3c00000)]
  0x000001487dd031f0 JavaThread "Unconstrained build operations Thread 15" [_thread_blocked, id=27388, stack(0x00000003c3c00000,0x00000003c3d00000)]
  0x000001487dd01eb0 JavaThread "Unconstrained build operations Thread 16" [_thread_blocked, id=27404, stack(0x00000003c3d00000,0x00000003c3e00000)]
  0x000001487dd02850 JavaThread "Unconstrained build operations Thread 17" [_thread_blocked, id=27408, stack(0x00000003c3e00000,0x00000003c3f00000)]
  0x000001487dd03b90 JavaThread "Unconstrained build operations Thread 18" [_thread_blocked, id=27428, stack(0x00000003c3f00000,0x00000003c4000000)]
  0x000001487dd036c0 JavaThread "Unconstrained build operations Thread 19" [_thread_blocked, id=27536, stack(0x00000003c4000000,0x00000003c4100000)]
  0x000001487dd04060 JavaThread "Unconstrained build operations Thread 20" [_thread_blocked, id=27604, stack(0x00000003c2400000,0x00000003c2500000)]
  0x000001487c08d700 JavaThread "Unconstrained build operations Thread 21" [_thread_blocked, id=27608, stack(0x00000003c4100000,0x00000003c4200000)]
  0x000001487c08d230 JavaThread "Unconstrained build operations Thread 22" [_thread_blocked, id=27612, stack(0x00000003c4200000,0x00000003c4300000)]
  0x000001487c08cd60 JavaThread "Unconstrained build operations Thread 23" [_thread_blocked, id=27640, stack(0x00000003c4300000,0x00000003c4400000)]
  0x000001487c08dbd0 JavaThread "Unconstrained build operations Thread 24" [_thread_blocked, id=27644, stack(0x00000003c4400000,0x00000003c4500000)]
  0x000001487c08e0a0 JavaThread "Unconstrained build operations Thread 25" [_thread_blocked, id=17816, stack(0x00000003c4500000,0x00000003c4600000)]
  0x000001487973b9c0 JavaThread "Unconstrained build operations Thread 26" [_thread_blocked, id=22344, stack(0x00000003c4600000,0x00000003c4700000)]
  0x000001487c08e570 JavaThread "Unconstrained build operations Thread 27" [_thread_blocked, id=22628, stack(0x00000003c4700000,0x00000003c4800000)]
  0x0000014878f13cb0 JavaThread "Unconstrained build operations Thread 28" [_thread_blocked, id=2980, stack(0x00000003c4800000,0x00000003c4900000)]
  0x0000014878f14ff0 JavaThread "Unconstrained build operations Thread 29" [_thread_blocked, id=23416, stack(0x00000003c4900000,0x00000003c4a00000)]
  0x0000014878f154c0 JavaThread "Unconstrained build operations Thread 30" [_thread_blocked, id=5696, stack(0x00000003c4a00000,0x00000003c4b00000)]
  0x0000014878f15990 JavaThread "Unconstrained build operations Thread 31" [_thread_blocked, id=20212, stack(0x00000003c4b00000,0x00000003c4c00000)]
  0x0000014878f14180 JavaThread "Unconstrained build operations Thread 32" [_thread_blocked, id=26296, stack(0x00000003c4c00000,0x00000003c4d00000)]
  0x0000014878f15e60 JavaThread "Unconstrained build operations Thread 33" [_thread_blocked, id=13764, stack(0x00000003c4d00000,0x00000003c4e00000)]
  0x0000014879941fe0 JavaThread "Unconstrained build operations Thread 34" [_thread_blocked, id=18084, stack(0x00000003c4e00000,0x00000003c4f00000)]
  0x0000014879942980 JavaThread "Unconstrained build operations Thread 35" [_thread_blocked, id=24852, stack(0x00000003c4f00000,0x00000003c5000000)]
  0x000001487993fe30 JavaThread "Unconstrained build operations Thread 36" [_thread_blocked, id=27204, stack(0x00000003c5000000,0x00000003c5100000)]
  0x000001487993f490 JavaThread "Unconstrained build operations Thread 37" [_thread_blocked, id=21164, stack(0x00000003c5100000,0x00000003c5200000)]
  0x000001487993efc0 JavaThread "Unconstrained build operations Thread 38" [_thread_blocked, id=25252, stack(0x00000003c5200000,0x00000003c5300000)]
  0x000001487993f960 JavaThread "Unconstrained build operations Thread 39" [_thread_blocked, id=22264, stack(0x00000003c5300000,0x00000003c5400000)]
  0x0000014878dc8550 JavaThread "Unconstrained build operations Thread 40" [_thread_blocked, id=1968, stack(0x00000003c5400000,0x00000003c5500000)]
  0x0000014878f14650 JavaThread "Unconstrained build operations Thread 41" [_thread_blocked, id=22236, stack(0x00000003c5500000,0x00000003c5600000)]
  0x0000014878f14b20 JavaThread "Unconstrained build operations Thread 42" [_thread_blocked, id=21524, stack(0x00000003c5600000,0x00000003c5700000)]
  0x0000014878f12970 JavaThread "Unconstrained build operations Thread 43" [_thread_blocked, id=22028, stack(0x00000003c5700000,0x00000003c5800000)]
  0x000001487973be90 JavaThread "Unconstrained build operations Thread 44" [_thread_blocked, id=22300, stack(0x00000003c5800000,0x00000003c5900000)]
  0x000001487973d6a0 JavaThread "Unconstrained build operations Thread 45" [_thread_blocked, id=6888, stack(0x00000003c5900000,0x00000003c5a00000)]
  0x000001487973c830 JavaThread "Unconstrained build operations Thread 46" [_thread_blocked, id=26372, stack(0x00000003c5a00000,0x00000003c5b00000)]
  0x0000014878f124a0 JavaThread "Unconstrained build operations Thread 47" [_thread_blocked, id=25036, stack(0x00000003c5b00000,0x00000003c5c00000)]
  0x0000014879c6d110 JavaThread "Unconstrained build operations Thread 48" [_thread_blocked, id=27200, stack(0x00000003c5c00000,0x00000003c5d00000)]
  0x0000014879c69750 JavaThread "Unconstrained build operations Thread 49" [_thread_blocked, id=21160, stack(0x00000003c5d00000,0x00000003c5e00000)]
  0x0000014879c6af60 JavaThread "Unconstrained build operations Thread 50" [_thread_blocked, id=27492, stack(0x00000003c5e00000,0x00000003c5f00000)]
  0x0000014879c69c20 JavaThread "Unconstrained build operations Thread 51" [_thread_blocked, id=27436, stack(0x00000003c5f00000,0x00000003c6000000)]
  0x0000014879c6b430 JavaThread "Unconstrained build operations Thread 52" [_thread_blocked, id=27440, stack(0x00000003c6000000,0x00000003c6100000)]
  0x0000014879c6aa90 JavaThread "Unconstrained build operations Thread 53" [_thread_blocked, id=27480, stack(0x00000003c6100000,0x00000003c6200000)]
  0x00000148799a5cf0 JavaThread "Unconstrained build operations Thread 54" [_thread_blocked, id=27512, stack(0x00000003c6200000,0x00000003c6300000)]
  0x0000014878f137e0 JavaThread "Unconstrained build operations Thread 55" [_thread_blocked, id=27508, stack(0x00000003c6300000,0x00000003c6400000)]
  0x0000014878f13310 JavaThread "Unconstrained build operations Thread 56" [_thread_blocked, id=27572, stack(0x00000003c6400000,0x00000003c6500000)]
  0x0000014878f12e40 JavaThread "Unconstrained build operations Thread 57" [_thread_blocked, id=27364, stack(0x00000003c6500000,0x00000003c6600000)]
  0x000001487dedbc60 JavaThread "Unconstrained build operations Thread 58" [_thread_blocked, id=27544, stack(0x00000003c6600000,0x00000003c6700000)]
  0x00000148799a4e80 JavaThread "Unconstrained build operations Thread 59" [_thread_blocked, id=27656, stack(0x00000003c6700000,0x00000003c6800000)]
  0x00000148799a61c0 JavaThread "Unconstrained build operations Thread 60" [_thread_new, id=27660, stack(0x0000000000000000,0x0000000000000000)]
  0x00000148799a5350 JavaThread "Unconstrained build operations Thread 61" [_thread_new, id=27664, stack(0x0000000000000000,0x0000000000000000)]
  0x00000148799a2cd0 JavaThread "Unconstrained build operations Thread 62" [_thread_blocked, id=27668, stack(0x00000003c6a00000,0x00000003c6b00000)]
  0x0000014878dc8ef0 JavaThread "Unconstrained build operations Thread 63" [_thread_in_vm, id=27676, stack(0x00000003c6b00000,0x00000003c6c00000)]

Other Threads:
  0x0000014875223850 VMThread "VM Thread" [stack: 0x00000003be600000,0x00000003be700000] [id=24936]
  0x0000014875d78a00 WatcherThread [stack: 0x00000003bf200000,0x00000003bf300000] [id=24124]
  0x000001485a9d6650 GCTaskThread "GC Thread#0" [stack: 0x00000003be100000,0x00000003be200000] [id=19916]
  0x0000014876a6d250 GCTaskThread "GC Thread#1" [stack: 0x00000003bf400000,0x00000003bf500000] [id=1652]
  0x0000014876a6d500 GCTaskThread "GC Thread#2" [stack: 0x00000003bf500000,0x00000003bf600000] [id=6672]
  0x0000014876a5fd60 GCTaskThread "GC Thread#3" [stack: 0x00000003bf600000,0x00000003bf700000] [id=22596]
  0x0000014876a603e0 GCTaskThread "GC Thread#4" [stack: 0x00000003bf700000,0x00000003bf800000] [id=21168]
  0x0000014876a60a60 GCTaskThread "GC Thread#5" [stack: 0x00000003bf800000,0x00000003bf900000] [id=22396]
  0x0000014877d81af0 GCTaskThread "GC Thread#6" [stack: 0x00000003c0800000,0x00000003c0900000] [id=4768]
  0x0000014877d82050 GCTaskThread "GC Thread#7" [stack: 0x00000003c0900000,0x00000003c0a00000] [id=6188]
  0x000001485a9db590 ConcurrentGCThread "G1 Main Marker" [stack: 0x00000003be200000,0x00000003be300000] [id=7792]
  0x000001485a9dbfa0 ConcurrentGCThread "G1 Conc#0" [stack: 0x00000003be300000,0x00000003be400000] [id=25352]
  0x0000014877d81da0 ConcurrentGCThread "G1 Conc#1" [stack: 0x00000003c0a00000,0x00000003c0b00000] [id=25236]
  0x00000148750e84f0 ConcurrentGCThread "G1 Refine#0" [stack: 0x00000003be400000,0x00000003be500000] [id=15776]
  0x0000014878ce9340 ConcurrentGCThread "G1 Refine#1" [stack: 0x00000003c2d00000,0x00000003c2e00000] [id=11920]
  0x0000014878ce9ec0 ConcurrentGCThread "G1 Refine#2" [stack: 0x00000003c2e00000,0x00000003c2f00000] [id=12816]
  0x00000148750e8f10 ConcurrentGCThread "G1 Service" [stack: 0x00000003be500000,0x00000003be600000] [id=19512]

Threads with active compile tasks:
C2 CompilerThread0    78749 12404   !   4       io.spring.gradle.dependencymanagement.org.apache.maven.model.BuildBase::clone (211 bytes)

VM state: not at safepoint (normal execution)

VM Mutex/Monitor currently owned by a thread: None

Heap address: 0x00000000e0000000, size: 512 MB, Compressed Oops mode: 32-bit

CDS archive(s) mapped at: [0x0000000800000000-0x0000000800bc0000-0x0000000800bc0000), size 12320768, SharedBaseAddress: 0x0000000800000000, ArchiveRelocationMode: 0.
Compressed class space mapped at: 0x0000000800c00000-0x0000000814000000, reserved size: 322961408
Narrow klass base: 0x0000000800000000, Narrow klass shift: 0, Narrow klass range: 0x100000000

GC Precious Log:
 CPUs: 8 total, 8 available
 Memory: 16029M
 Large Page Support: Disabled
 NUMA Support: Disabled
 Compressed Oops: Enabled (32-bit)
 Heap Region Size: 1M
 Heap Min Capacity: 256M
 Heap Initial Capacity: 256M
 Heap Max Capacity: 512M
 Pre-touch: Disabled
 Parallel Workers: 8
 Concurrent Workers: 2
 Concurrent Refinement Workers: 8
 Periodic GC: Disabled

Heap:
 garbage-first heap   total 262144K, used 166040K [0x00000000e0000000, 0x0000000100000000)
  region size 1024K, 120 young (122880K), 6 survivors (6144K)
 Metaspace       used 55610K, committed 56256K, reserved 364544K
  class space    used 7519K, committed 7808K, reserved 315392K

Heap Regions: E=young(eden), S=young(survivor), O=old, HS=humongous(starts), HC=humongous(continues), CS=collection set, F=free, OA=open archive, CA=closed archive, TAMS=top-at-mark-start (previous, next)
|   0|0x00000000e0000000, 0x00000000e0100000, 0x00000000e0100000|100%|HS|  |TAMS 0x00000000e0100000, 0x00000000e0000000| Complete 
|   1|0x00000000e0100000, 0x00000000e0200000, 0x00000000e0200000|100%|HC|  |TAMS 0x00000000e0200000, 0x00000000e0100000| Complete 
|   2|0x00000000e0200000, 0x00000000e0300000, 0x00000000e0300000|100%|HC|  |TAMS 0x00000000e0300000, 0x00000000e0200000| Complete 
|   3|0x00000000e0300000, 0x00000000e0400000, 0x00000000e0400000|100%|HC|  |TAMS 0x00000000e0400000, 0x00000000e0300000| Complete 
|   4|0x00000000e0400000, 0x00000000e0500000, 0x00000000e0500000|100%| O|  |TAMS 0x00000000e0500000, 0x00000000e0400000| Untracked 
|   5|0x00000000e0500000, 0x00000000e0600000, 0x00000000e0600000|100%| O|  |TAMS 0x00000000e0500000, 0x00000000e0500000| Untracked 
|   6|0x00000000e0600000, 0x00000000e0700000, 0x00000000e0700000|100%| O|  |TAMS 0x00000000e0700000, 0x00000000e0600000| Untracked 
|   7|0x00000000e0700000, 0x00000000e0800000, 0x00000000e0800000|100%| O|  |TAMS 0x00000000e0800000, 0x00000000e0700000| Untracked 
|   8|0x00000000e0800000, 0x00000000e0900000, 0x00000000e0900000|100%| O|  |TAMS 0x00000000e0900000, 0x00000000e0800000| Untracked 
|   9|0x00000000e0900000, 0x00000000e0a00000, 0x00000000e0a00000|100%| O|  |TAMS 0x00000000e0a00000, 0x00000000e0900000| Untracked 
|  10|0x00000000e0a00000, 0x00000000e0b00000, 0x00000000e0b00000|100%| O|  |TAMS 0x00000000e0a00000, 0x00000000e0a00000| Untracked 
|  11|0x00000000e0b00000, 0x00000000e0c00000, 0x00000000e0c00000|100%| O|  |TAMS 0x00000000e0c00000, 0x00000000e0b00000| Untracked 
|  12|0x00000000e0c00000, 0x00000000e0d00000, 0x00000000e0d00000|100%| O|  |TAMS 0x00000000e0d00000, 0x00000000e0c00000| Untracked 
|  13|0x00000000e0d00000, 0x00000000e0e00000, 0x00000000e0e00000|100%| O|  |TAMS 0x00000000e0e00000, 0x00000000e0d00000| Untracked 
|  14|0x00000000e0e00000, 0x00000000e0f00000, 0x00000000e0f00000|100%| O|  |TAMS 0x00000000e0f00000, 0x00000000e0e00000| Untracked 
|  15|0x00000000e0f00000, 0x00000000e1000000, 0x00000000e1000000|100%| O|  |TAMS 0x00000000e1000000, 0x00000000e0f00000| Untracked 
|  16|0x00000000e1000000, 0x00000000e1100000, 0x00000000e1100000|100%| O|  |TAMS 0x00000000e1100000, 0x00000000e1000000| Untracked 
|  17|0x00000000e1100000, 0x00000000e1200000, 0x00000000e1200000|100%| O|  |TAMS 0x00000000e1200000, 0x00000000e1100000| Untracked 
|  18|0x00000000e1200000, 0x00000000e1300000, 0x00000000e1300000|100%| O|  |TAMS 0x00000000e1300000, 0x00000000e1200000| Untracked 
|  19|0x00000000e1300000, 0x00000000e1400000, 0x00000000e1400000|100%| O|  |TAMS 0x00000000e1400000, 0x00000000e1300000| Untracked 
|  20|0x00000000e1400000, 0x00000000e1500000, 0x00000000e1500000|100%| O|  |TAMS 0x00000000e1500000, 0x00000000e1400000| Untracked 
|  21|0x00000000e1500000, 0x00000000e1600000, 0x00000000e1600000|100%| O|  |TAMS 0x00000000e1600000, 0x00000000e1500000| Untracked 
|  22|0x00000000e1600000, 0x00000000e1700000, 0x00000000e1700000|100%| O|  |TAMS 0x00000000e1700000, 0x00000000e1600000| Untracked 
|  23|0x00000000e1700000, 0x00000000e1800000, 0x00000000e1800000|100%| O|  |TAMS 0x00000000e1800000, 0x00000000e1700000| Untracked 
|  24|0x00000000e1800000, 0x00000000e1900000, 0x00000000e1900000|100%| O|  |TAMS 0x00000000e1900000, 0x00000000e1800000| Untracked 
|  25|0x00000000e1900000, 0x00000000e1a00000, 0x00000000e1a00000|100%| O|  |TAMS 0x00000000e1a00000, 0x00000000e1900000| Untracked 
|  26|0x00000000e1a00000, 0x00000000e1b00000, 0x00000000e1b00000|100%| O|  |TAMS 0x00000000e1b00000, 0x00000000e1a00000| Untracked 
|  27|0x00000000e1b00000, 0x00000000e1c00000, 0x00000000e1c00000|100%| O|  |TAMS 0x00000000e1c00000, 0x00000000e1b00000| Untracked 
|  28|0x00000000e1c00000, 0x00000000e1d00000, 0x00000000e1d00000|100%| O|  |TAMS 0x00000000e1d00000, 0x00000000e1c00000| Untracked 
|  29|0x00000000e1d00000, 0x00000000e1e00000, 0x00000000e1e00000|100%| O|  |TAMS 0x00000000e1e00000, 0x00000000e1d00000| Untracked 
|  30|0x00000000e1e00000, 0x00000000e1f00000, 0x00000000e1f00000|100%| O|  |TAMS 0x00000000e1ed4200, 0x00000000e1e00000| Untracked 
|  31|0x00000000e1f00000, 0x00000000e2000000, 0x00000000e2000000|100%| O|  |TAMS 0x00000000e1f00000, 0x00000000e1f00000| Untracked 
|  32|0x00000000e2000000, 0x00000000e2100000, 0x00000000e2100000|100%| O|  |TAMS 0x00000000e2000000, 0x00000000e2000000| Untracked 
|  33|0x00000000e2100000, 0x00000000e2200000, 0x00000000e2200000|100%| O|  |TAMS 0x00000000e2100000, 0x00000000e2100000| Untracked 
|  34|0x00000000e2200000, 0x00000000e2300000, 0x00000000e2300000|100%| O|  |TAMS 0x00000000e2200000, 0x00000000e2200000| Untracked 
|  35|0x00000000e2300000, 0x00000000e2400000, 0x00000000e2400000|100%| O|  |TAMS 0x00000000e2300000, 0x00000000e2300000| Untracked 
|  36|0x00000000e2400000, 0x00000000e2500000, 0x00000000e2500000|100%| O|  |TAMS 0x00000000e2400000, 0x00000000e2400000| Untracked 
|  37|0x00000000e2500000, 0x00000000e2600000, 0x00000000e2600000|100%| O|  |TAMS 0x00000000e2500000, 0x00000000e2500000| Untracked 
|  38|0x00000000e2600000, 0x00000000e2700000, 0x00000000e2700000|100%| O|  |TAMS 0x00000000e2600000, 0x00000000e2600000| Untracked 
|  39|0x00000000e2700000, 0x00000000e2800000, 0x00000000e2800000|100%| O|  |TAMS 0x00000000e2700000, 0x00000000e2700000| Untracked 
|  40|0x00000000e2800000, 0x00000000e2900000, 0x00000000e2900000|100%| O|  |TAMS 0x00000000e2800000, 0x00000000e2800000| Untracked 
|  41|0x00000000e2900000, 0x00000000e2a00000, 0x00000000e2a00000|100%| O|  |TAMS 0x00000000e2900000, 0x00000000e2900000| Untracked 
|  42|0x00000000e2a00000, 0x00000000e2b00000, 0x00000000e2b00000|100%| O|  |TAMS 0x00000000e2a00000, 0x00000000e2a00000| Untracked 
|  43|0x00000000e2b00000, 0x00000000e2c00000, 0x00000000e2c00000|100%| O|  |TAMS 0x00000000e2b00000, 0x00000000e2b00000| Untracked 
|  44|0x00000000e2c00000, 0x00000000e2cde000, 0x00000000e2d00000| 86%| O|  |TAMS 0x00000000e2c00000, 0x00000000e2c00000| Untracked 
|  45|0x00000000e2d00000, 0x00000000e2d00000, 0x00000000e2e00000|  0%| F|  |TAMS 0x00000000e2d00000, 0x00000000e2d00000| Untracked 
|  46|0x00000000e2e00000, 0x00000000e2e00000, 0x00000000e2f00000|  0%| F|  |TAMS 0x00000000e2e00000, 0x00000000e2e00000| Untracked 
|  47|0x00000000e2f00000, 0x00000000e2f00000, 0x00000000e3000000|  0%| F|  |TAMS 0x00000000e2f00000, 0x00000000e2f00000| Untracked 
|  48|0x00000000e3000000, 0x00000000e3000000, 0x00000000e3100000|  0%| F|  |TAMS 0x00000000e3000000, 0x00000000e3000000| Untracked 
|  49|0x00000000e3100000, 0x00000000e3100000, 0x00000000e3200000|  0%| F|  |TAMS 0x00000000e3100000, 0x00000000e3100000| Untracked 
|  50|0x00000000e3200000, 0x00000000e3200000, 0x00000000e3300000|  0%| F|  |TAMS 0x00000000e3200000, 0x00000000e3200000| Untracked 
|  51|0x00000000e3300000, 0x00000000e3300000, 0x00000000e3400000|  0%| F|  |TAMS 0x00000000e3300000, 0x00000000e3300000| Untracked 
|  52|0x00000000e3400000, 0x00000000e3400000, 0x00000000e3500000|  0%| F|  |TAMS 0x00000000e3400000, 0x00000000e3400000| Untracked 
|  53|0x00000000e3500000, 0x00000000e3500000, 0x00000000e3600000|  0%| F|  |TAMS 0x00000000e3500000, 0x00000000e3500000| Untracked 
|  54|0x00000000e3600000, 0x00000000e3600000, 0x00000000e3700000|  0%| F|  |TAMS 0x00000000e3600000, 0x00000000e3600000| Untracked 
|  55|0x00000000e3700000, 0x00000000e3700000, 0x00000000e3800000|  0%| F|  |TAMS 0x00000000e3700000, 0x00000000e3700000| Untracked 
|  56|0x00000000e3800000, 0x00000000e3800000, 0x00000000e3900000|  0%| F|  |TAMS 0x00000000e3800000, 0x00000000e3800000| Untracked 
|  57|0x00000000e3900000, 0x00000000e3900000, 0x00000000e3a00000|  0%| F|  |TAMS 0x00000000e3900000, 0x00000000e3900000| Untracked 
|  58|0x00000000e3a00000, 0x00000000e3a00000, 0x00000000e3b00000|  0%| F|  |TAMS 0x00000000e3a00000, 0x00000000e3a00000| Untracked 
|  59|0x00000000e3b00000, 0x00000000e3b00000, 0x00000000e3c00000|  0%| F|  |TAMS 0x00000000e3b00000, 0x00000000e3b00000| Untracked 
|  60|0x00000000e3c00000, 0x00000000e3c00000, 0x00000000e3d00000|  0%| F|  |TAMS 0x00000000e3c00000, 0x00000000e3c00000| Untracked 
|  61|0x00000000e3d00000, 0x00000000e3d00000, 0x00000000e3e00000|  0%| F|  |TAMS 0x00000000e3d00000, 0x00000000e3d00000| Untracked 
|  62|0x00000000e3e00000, 0x00000000e3e00000, 0x00000000e3f00000|  0%| F|  |TAMS 0x00000000e3e00000, 0x00000000e3e00000| Untracked 
|  63|0x00000000e3f00000, 0x00000000e3f00000, 0x00000000e4000000|  0%| F|  |TAMS 0x00000000e3f00000, 0x00000000e3f00000| Untracked 
|  64|0x00000000e4000000, 0x00000000e4000000, 0x00000000e4100000|  0%| F|  |TAMS 0x00000000e4000000, 0x00000000e4000000| Untracked 
|  65|0x00000000e4100000, 0x00000000e4100000, 0x00000000e4200000|  0%| F|  |TAMS 0x00000000e4100000, 0x00000000e4100000| Untracked 
|  66|0x00000000e4200000, 0x00000000e4200000, 0x00000000e4300000|  0%| F|  |TAMS 0x00000000e4200000, 0x00000000e4200000| Untracked 
|  67|0x00000000e4300000, 0x00000000e4300000, 0x00000000e4400000|  0%| F|  |TAMS 0x00000000e4300000, 0x00000000e4300000| Untracked 
|  68|0x00000000e4400000, 0x00000000e4400000, 0x00000000e4500000|  0%| F|  |TAMS 0x00000000e4400000, 0x00000000e4400000| Untracked 
|  69|0x00000000e4500000, 0x00000000e4500000, 0x00000000e4600000|  0%| F|  |TAMS 0x00000000e4500000, 0x00000000e4500000| Untracked 
|  70|0x00000000e4600000, 0x00000000e4600000, 0x00000000e4700000|  0%| F|  |TAMS 0x00000000e4600000, 0x00000000e4600000| Untracked 
|  71|0x00000000e4700000, 0x00000000e4700000, 0x00000000e4800000|  0%| F|  |TAMS 0x00000000e4700000, 0x00000000e4700000| Untracked 
|  72|0x00000000e4800000, 0x00000000e4800000, 0x00000000e4900000|  0%| F|  |TAMS 0x00000000e4800000, 0x00000000e4800000| Untracked 
|  73|0x00000000e4900000, 0x00000000e4900000, 0x00000000e4a00000|  0%| F|  |TAMS 0x00000000e4900000, 0x00000000e4900000| Untracked 
|  74|0x00000000e4a00000, 0x00000000e4a00000, 0x00000000e4b00000|  0%| F|  |TAMS 0x00000000e4a00000, 0x00000000e4a00000| Untracked 
|  75|0x00000000e4b00000, 0x00000000e4b00000, 0x00000000e4c00000|  0%| F|  |TAMS 0x00000000e4b00000, 0x00000000e4b00000| Untracked 
|  76|0x00000000e4c00000, 0x00000000e4c00000, 0x00000000e4d00000|  0%| F|  |TAMS 0x00000000e4c00000, 0x00000000e4c00000| Untracked 
|  77|0x00000000e4d00000, 0x00000000e4d00000, 0x00000000e4e00000|  0%| F|  |TAMS 0x00000000e4d00000, 0x00000000e4d00000| Untracked 
|  78|0x00000000e4e00000, 0x00000000e4e00000, 0x00000000e4f00000|  0%| F|  |TAMS 0x00000000e4e00000, 0x00000000e4e00000| Untracked 
|  79|0x00000000e4f00000, 0x00000000e4f00000, 0x00000000e5000000|  0%| F|  |TAMS 0x00000000e4f00000, 0x00000000e4f00000| Untracked 
|  80|0x00000000e5000000, 0x00000000e5000000, 0x00000000e5100000|  0%| F|  |TAMS 0x00000000e5000000, 0x00000000e5000000| Untracked 
|  81|0x00000000e5100000, 0x00000000e5100000, 0x00000000e5200000|  0%| F|  |TAMS 0x00000000e5100000, 0x00000000e5100000| Untracked 
|  82|0x00000000e5200000, 0x00000000e5200000, 0x00000000e5300000|  0%| F|  |TAMS 0x00000000e5200000, 0x00000000e5200000| Untracked 
|  83|0x00000000e5300000, 0x00000000e5300000, 0x00000000e5400000|  0%| F|  |TAMS 0x00000000e5300000, 0x00000000e5300000| Untracked 
|  84|0x00000000e5400000, 0x00000000e5400000, 0x00000000e5500000|  0%| F|  |TAMS 0x00000000e5400000, 0x00000000e5400000| Untracked 
|  85|0x00000000e5500000, 0x00000000e5500000, 0x00000000e5600000|  0%| F|  |TAMS 0x00000000e5500000, 0x00000000e5500000| Untracked 
|  86|0x00000000e5600000, 0x00000000e5600000, 0x00000000e5700000|  0%| F|  |TAMS 0x00000000e5600000, 0x00000000e5600000| Untracked 
|  87|0x00000000e5700000, 0x00000000e5700000, 0x00000000e5800000|  0%| F|  |TAMS 0x00000000e5700000, 0x00000000e5700000| Untracked 
|  88|0x00000000e5800000, 0x00000000e5800000, 0x00000000e5900000|  0%| F|  |TAMS 0x00000000e5800000, 0x00000000e5800000| Untracked 
|  89|0x00000000e5900000, 0x00000000e5900000, 0x00000000e5a00000|  0%| F|  |TAMS 0x00000000e5900000, 0x00000000e5900000| Untracked 
|  90|0x00000000e5a00000, 0x00000000e5a00000, 0x00000000e5b00000|  0%| F|  |TAMS 0x00000000e5a00000, 0x00000000e5a00000| Untracked 
|  91|0x00000000e5b00000, 0x00000000e5b00000, 0x00000000e5c00000|  0%| F|  |TAMS 0x00000000e5b00000, 0x00000000e5b00000| Untracked 
|  92|0x00000000e5c00000, 0x00000000e5c00000, 0x00000000e5d00000|  0%| F|  |TAMS 0x00000000e5c00000, 0x00000000e5c00000| Untracked 
|  93|0x00000000e5d00000, 0x00000000e5d00000, 0x00000000e5e00000|  0%| F|  |TAMS 0x00000000e5d00000, 0x00000000e5d00000| Untracked 
|  94|0x00000000e5e00000, 0x00000000e5e00000, 0x00000000e5f00000|  0%| F|  |TAMS 0x00000000e5e00000, 0x00000000e5e00000| Untracked 
|  95|0x00000000e5f00000, 0x00000000e5f00000, 0x00000000e6000000|  0%| F|  |TAMS 0x00000000e5f00000, 0x00000000e5f00000| Untracked 
|  96|0x00000000e6000000, 0x00000000e6000000, 0x00000000e6100000|  0%| F|  |TAMS 0x00000000e6000000, 0x00000000e6000000| Untracked 
|  97|0x00000000e6100000, 0x00000000e6100000, 0x00000000e6200000|  0%| F|  |TAMS 0x00000000e6100000, 0x00000000e6100000| Untracked 
|  98|0x00000000e6200000, 0x00000000e6200000, 0x00000000e6300000|  0%| F|  |TAMS 0x00000000e6200000, 0x00000000e6200000| Untracked 
|  99|0x00000000e6300000, 0x00000000e6300000, 0x00000000e6400000|  0%| F|  |TAMS 0x00000000e6300000, 0x00000000e6300000| Untracked 
| 100|0x00000000e6400000, 0x00000000e6400000, 0x00000000e6500000|  0%| F|  |TAMS 0x00000000e6400000, 0x00000000e6400000| Untracked 
| 101|0x00000000e6500000, 0x00000000e65480c0, 0x00000000e6600000| 28%| S|CS|TAMS 0x00000000e6500000, 0x00000000e6500000| Complete 
| 102|0x00000000e6600000, 0x00000000e6700000, 0x00000000e6700000|100%| S|CS|TAMS 0x00000000e6600000, 0x00000000e6600000| Complete 
| 103|0x00000000e6700000, 0x00000000e6700000, 0x00000000e6800000|  0%| F|  |TAMS 0x00000000e6700000, 0x00000000e6700000| Untracked 
| 104|0x00000000e6800000, 0x00000000e6800000, 0x00000000e6900000|  0%| F|  |TAMS 0x00000000e6800000, 0x00000000e6800000| Untracked 
| 105|0x00000000e6900000, 0x00000000e6900000, 0x00000000e6a00000|  0%| F|  |TAMS 0x00000000e6900000, 0x00000000e6900000| Untracked 
| 106|0x00000000e6a00000, 0x00000000e6a00000, 0x00000000e6b00000|  0%| F|  |TAMS 0x00000000e6a00000, 0x00000000e6a00000| Untracked 
| 107|0x00000000e6b00000, 0x00000000e6b00000, 0x00000000e6c00000|  0%| F|  |TAMS 0x00000000e6b00000, 0x00000000e6b00000| Untracked 
| 108|0x00000000e6c00000, 0x00000000e6c00000, 0x00000000e6d00000|  0%| F|  |TAMS 0x00000000e6c00000, 0x00000000e6c00000| Untracked 
| 109|0x00000000e6d00000, 0x00000000e6d00000, 0x00000000e6e00000|  0%| F|  |TAMS 0x00000000e6d00000, 0x00000000e6d00000| Untracked 
| 110|0x00000000e6e00000, 0x00000000e6e00000, 0x00000000e6f00000|  0%| F|  |TAMS 0x00000000e6e00000, 0x00000000e6e00000| Untracked 
| 111|0x00000000e6f00000, 0x00000000e6f00000, 0x00000000e7000000|  0%| F|  |TAMS 0x00000000e6f00000, 0x00000000e6f00000| Untracked 
| 112|0x00000000e7000000, 0x00000000e7000000, 0x00000000e7100000|  0%| F|  |TAMS 0x00000000e7000000, 0x00000000e7000000| Untracked 
| 113|0x00000000e7100000, 0x00000000e7200000, 0x00000000e7200000|100%| S|CS|TAMS 0x00000000e7100000, 0x00000000e7100000| Complete 
| 114|0x00000000e7200000, 0x00000000e7300000, 0x00000000e7300000|100%| S|CS|TAMS 0x00000000e7200000, 0x00000000e7200000| Complete 
| 115|0x00000000e7300000, 0x00000000e7400000, 0x00000000e7400000|100%| S|CS|TAMS 0x00000000e7300000, 0x00000000e7300000| Complete 
| 116|0x00000000e7400000, 0x00000000e7500000, 0x00000000e7500000|100%| S|CS|TAMS 0x00000000e7400000, 0x00000000e7400000| Complete 
| 117|0x00000000e7500000, 0x00000000e7500000, 0x00000000e7600000|  0%| F|  |TAMS 0x00000000e7500000, 0x00000000e7500000| Untracked 
| 118|0x00000000e7600000, 0x00000000e7600000, 0x00000000e7700000|  0%| F|  |TAMS 0x00000000e7600000, 0x00000000e7600000| Untracked 
| 119|0x00000000e7700000, 0x00000000e7700000, 0x00000000e7800000|  0%| F|  |TAMS 0x00000000e7700000, 0x00000000e7700000| Untracked 
| 120|0x00000000e7800000, 0x00000000e7800000, 0x00000000e7900000|  0%| F|  |TAMS 0x00000000e7800000, 0x00000000e7800000| Untracked 
| 121|0x00000000e7900000, 0x00000000e7900000, 0x00000000e7a00000|  0%| F|  |TAMS 0x00000000e7900000, 0x00000000e7900000| Untracked 
| 122|0x00000000e7a00000, 0x00000000e7a00000, 0x00000000e7b00000|  0%| F|  |TAMS 0x00000000e7a00000, 0x00000000e7a00000| Untracked 
| 123|0x00000000e7b00000, 0x00000000e7b00000, 0x00000000e7c00000|  0%| F|  |TAMS 0x00000000e7b00000, 0x00000000e7b00000| Untracked 
| 124|0x00000000e7c00000, 0x00000000e7c00000, 0x00000000e7d00000|  0%| F|  |TAMS 0x00000000e7c00000, 0x00000000e7c00000| Untracked 
| 125|0x00000000e7d00000, 0x00000000e7d00000, 0x00000000e7e00000|  0%| F|  |TAMS 0x00000000e7d00000, 0x00000000e7d00000| Untracked 
| 126|0x00000000e7e00000, 0x00000000e7e00000, 0x00000000e7f00000|  0%| F|  |TAMS 0x00000000e7e00000, 0x00000000e7e00000| Untracked 
| 127|0x00000000e7f00000, 0x00000000e7f00000, 0x00000000e8000000|  0%| F|  |TAMS 0x00000000e7f00000, 0x00000000e7f00000| Untracked 
| 128|0x00000000e8000000, 0x00000000e8000000, 0x00000000e8100000|  0%| F|  |TAMS 0x00000000e8000000, 0x00000000e8000000| Untracked 
| 129|0x00000000e8100000, 0x00000000e8100000, 0x00000000e8200000|  0%| F|  |TAMS 0x00000000e8100000, 0x00000000e8100000| Untracked 
| 130|0x00000000e8200000, 0x00000000e8200000, 0x00000000e8300000|  0%| F|  |TAMS 0x00000000e8200000, 0x00000000e8200000| Untracked 
| 131|0x00000000e8300000, 0x00000000e8300000, 0x00000000e8400000|  0%| F|  |TAMS 0x00000000e8300000, 0x00000000e8300000| Untracked 
| 132|0x00000000e8400000, 0x00000000e8400000, 0x00000000e8500000|  0%| F|  |TAMS 0x00000000e8400000, 0x00000000e8400000| Untracked 
| 133|0x00000000e8500000, 0x00000000e8500000, 0x00000000e8600000|  0%| F|  |TAMS 0x00000000e8500000, 0x00000000e8500000| Untracked 
| 134|0x00000000e8600000, 0x00000000e8600000, 0x00000000e8700000|  0%| F|  |TAMS 0x00000000e8600000, 0x00000000e8600000| Untracked 
| 135|0x00000000e8700000, 0x00000000e8700000, 0x00000000e8800000|  0%| F|  |TAMS 0x00000000e8700000, 0x00000000e8700000| Untracked 
| 136|0x00000000e8800000, 0x00000000e8800000, 0x00000000e8900000|  0%| F|  |TAMS 0x00000000e8800000, 0x00000000e8800000| Untracked 
| 137|0x00000000e8900000, 0x00000000e8900000, 0x00000000e8a00000|  0%| F|  |TAMS 0x00000000e8900000, 0x00000000e8900000| Untracked 
| 138|0x00000000e8a00000, 0x00000000e8a00000, 0x00000000e8b00000|  0%| F|  |TAMS 0x00000000e8a00000, 0x00000000e8a00000| Untracked 
| 139|0x00000000e8b00000, 0x00000000e8b00000, 0x00000000e8c00000|  0%| F|  |TAMS 0x00000000e8b00000, 0x00000000e8b00000| Untracked 
| 140|0x00000000e8c00000, 0x00000000e8c00000, 0x00000000e8d00000|  0%| F|  |TAMS 0x00000000e8c00000, 0x00000000e8c00000| Untracked 
| 141|0x00000000e8d00000, 0x00000000e8d00000, 0x00000000e8e00000|  0%| F|  |TAMS 0x00000000e8d00000, 0x00000000e8d00000| Untracked 
| 142|0x00000000e8e00000, 0x00000000e8eb1598, 0x00000000e8f00000| 69%| E|  |TAMS 0x00000000e8e00000, 0x00000000e8e00000| Complete 
| 143|0x00000000e8f00000, 0x00000000e9000000, 0x00000000e9000000|100%| E|CS|TAMS 0x00000000e8f00000, 0x00000000e8f00000| Complete 
| 144|0x00000000e9000000, 0x00000000e9100000, 0x00000000e9100000|100%| E|CS|TAMS 0x00000000e9000000, 0x00000000e9000000| Complete 
| 145|0x00000000e9100000, 0x00000000e9200000, 0x00000000e9200000|100%| E|CS|TAMS 0x00000000e9100000, 0x00000000e9100000| Complete 
| 146|0x00000000e9200000, 0x00000000e9300000, 0x00000000e9300000|100%| E|CS|TAMS 0x00000000e9200000, 0x00000000e9200000| Complete 
| 147|0x00000000e9300000, 0x00000000e9400000, 0x00000000e9400000|100%| E|CS|TAMS 0x00000000e9300000, 0x00000000e9300000| Complete 
| 148|0x00000000e9400000, 0x00000000e9500000, 0x00000000e9500000|100%| E|CS|TAMS 0x00000000e9400000, 0x00000000e9400000| Complete 
| 149|0x00000000e9500000, 0x00000000e9600000, 0x00000000e9600000|100%| E|CS|TAMS 0x00000000e9500000, 0x00000000e9500000| Complete 
| 150|0x00000000e9600000, 0x00000000e9700000, 0x00000000e9700000|100%| E|  |TAMS 0x00000000e9600000, 0x00000000e9600000| Complete 
| 151|0x00000000e9700000, 0x00000000e9800000, 0x00000000e9800000|100%| E|CS|TAMS 0x00000000e9700000, 0x00000000e9700000| Complete 
| 152|0x00000000e9800000, 0x00000000e9900000, 0x00000000e9900000|100%| E|CS|TAMS 0x00000000e9800000, 0x00000000e9800000| Complete 
| 153|0x00000000e9900000, 0x00000000e9a00000, 0x00000000e9a00000|100%| E|CS|TAMS 0x00000000e9900000, 0x00000000e9900000| Complete 
| 154|0x00000000e9a00000, 0x00000000e9b00000, 0x00000000e9b00000|100%| E|CS|TAMS 0x00000000e9a00000, 0x00000000e9a00000| Complete 
| 155|0x00000000e9b00000, 0x00000000e9c00000, 0x00000000e9c00000|100%| E|CS|TAMS 0x00000000e9b00000, 0x00000000e9b00000| Complete 
| 156|0x00000000e9c00000, 0x00000000e9d00000, 0x00000000e9d00000|100%| E|CS|TAMS 0x00000000e9c00000, 0x00000000e9c00000| Complete 
| 157|0x00000000e9d00000, 0x00000000e9e00000, 0x00000000e9e00000|100%| E|CS|TAMS 0x00000000e9d00000, 0x00000000e9d00000| Complete 
| 158|0x00000000e9e00000, 0x00000000e9f00000, 0x00000000e9f00000|100%| E|CS|TAMS 0x00000000e9e00000, 0x00000000e9e00000| Complete 
| 159|0x00000000e9f00000, 0x00000000ea000000, 0x00000000ea000000|100%| E|CS|TAMS 0x00000000e9f00000, 0x00000000e9f00000| Complete 
| 160|0x00000000ea000000, 0x00000000ea100000, 0x00000000ea100000|100%| E|CS|TAMS 0x00000000ea000000, 0x00000000ea000000| Complete 
| 161|0x00000000ea100000, 0x00000000ea200000, 0x00000000ea200000|100%| E|CS|TAMS 0x00000000ea100000, 0x00000000ea100000| Complete 
| 162|0x00000000ea200000, 0x00000000ea300000, 0x00000000ea300000|100%| E|CS|TAMS 0x00000000ea200000, 0x00000000ea200000| Complete 
| 163|0x00000000ea300000, 0x00000000ea400000, 0x00000000ea400000|100%| E|CS|TAMS 0x00000000ea300000, 0x00000000ea300000| Complete 
| 164|0x00000000ea400000, 0x00000000ea500000, 0x00000000ea500000|100%| E|CS|TAMS 0x00000000ea400000, 0x00000000ea400000| Complete 
| 165|0x00000000ea500000, 0x00000000ea600000, 0x00000000ea600000|100%| E|CS|TAMS 0x00000000ea500000, 0x00000000ea500000| Complete 
| 166|0x00000000ea600000, 0x00000000ea700000, 0x00000000ea700000|100%| E|CS|TAMS 0x00000000ea600000, 0x00000000ea600000| Complete 
| 167|0x00000000ea700000, 0x00000000ea800000, 0x00000000ea800000|100%| E|CS|TAMS 0x00000000ea700000, 0x00000000ea700000| Complete 
| 168|0x00000000ea800000, 0x00000000ea900000, 0x00000000ea900000|100%| E|CS|TAMS 0x00000000ea800000, 0x00000000ea800000| Complete 
| 169|0x00000000ea900000, 0x00000000eaa00000, 0x00000000eaa00000|100%| E|CS|TAMS 0x00000000ea900000, 0x00000000ea900000| Complete 
| 170|0x00000000eaa00000, 0x00000000eab00000, 0x00000000eab00000|100%| E|CS|TAMS 0x00000000eaa00000, 0x00000000eaa00000| Complete 
| 171|0x00000000eab00000, 0x00000000eac00000, 0x00000000eac00000|100%| E|CS|TAMS 0x00000000eab00000, 0x00000000eab00000| Complete 
| 172|0x00000000eac00000, 0x00000000ead00000, 0x00000000ead00000|100%| E|CS|TAMS 0x00000000eac00000, 0x00000000eac00000| Complete 
| 173|0x00000000ead00000, 0x00000000eae00000, 0x00000000eae00000|100%| E|CS|TAMS 0x00000000ead00000, 0x00000000ead00000| Complete 
| 174|0x00000000eae00000, 0x00000000eaf00000, 0x00000000eaf00000|100%| E|CS|TAMS 0x00000000eae00000, 0x00000000eae00000| Complete 
| 175|0x00000000eaf00000, 0x00000000eb000000, 0x00000000eb000000|100%| E|CS|TAMS 0x00000000eaf00000, 0x00000000eaf00000| Complete 
| 176|0x00000000eb000000, 0x00000000eb100000, 0x00000000eb100000|100%| E|CS|TAMS 0x00000000eb000000, 0x00000000eb000000| Complete 
| 177|0x00000000eb100000, 0x00000000eb200000, 0x00000000eb200000|100%| E|CS|TAMS 0x00000000eb100000, 0x00000000eb100000| Complete 
| 178|0x00000000eb200000, 0x00000000eb300000, 0x00000000eb300000|100%| E|CS|TAMS 0x00000000eb200000, 0x00000000eb200000| Complete 
| 179|0x00000000eb300000, 0x00000000eb400000, 0x00000000eb400000|100%| E|CS|TAMS 0x00000000eb300000, 0x00000000eb300000| Complete 
| 180|0x00000000eb400000, 0x00000000eb500000, 0x00000000eb500000|100%| E|CS|TAMS 0x00000000eb400000, 0x00000000eb400000| Complete 
| 181|0x00000000eb500000, 0x00000000eb600000, 0x00000000eb600000|100%| E|CS|TAMS 0x00000000eb500000, 0x00000000eb500000| Complete 
| 182|0x00000000eb600000, 0x00000000eb700000, 0x00000000eb700000|100%| E|CS|TAMS 0x00000000eb600000, 0x00000000eb600000| Complete 
| 183|0x00000000eb700000, 0x00000000eb800000, 0x00000000eb800000|100%| E|CS|TAMS 0x00000000eb700000, 0x00000000eb700000| Complete 
| 184|0x00000000eb800000, 0x00000000eb900000, 0x00000000eb900000|100%| E|CS|TAMS 0x00000000eb800000, 0x00000000eb800000| Complete 
| 185|0x00000000eb900000, 0x00000000eba00000, 0x00000000eba00000|100%| E|CS|TAMS 0x00000000eb900000, 0x00000000eb900000| Complete 
| 186|0x00000000eba00000, 0x00000000ebb00000, 0x00000000ebb00000|100%| E|CS|TAMS 0x00000000eba00000, 0x00000000eba00000| Complete 
| 187|0x00000000ebb00000, 0x00000000ebc00000, 0x00000000ebc00000|100%| E|CS|TAMS 0x00000000ebb00000, 0x00000000ebb00000| Complete 
| 188|0x00000000ebc00000, 0x00000000ebd00000, 0x00000000ebd00000|100%| E|CS|TAMS 0x00000000ebc00000, 0x00000000ebc00000| Complete 
| 189|0x00000000ebd00000, 0x00000000ebe00000, 0x00000000ebe00000|100%| E|CS|TAMS 0x00000000ebd00000, 0x00000000ebd00000| Complete 
| 190|0x00000000ebe00000, 0x00000000ebf00000, 0x00000000ebf00000|100%| E|CS|TAMS 0x00000000ebe00000, 0x00000000ebe00000| Complete 
| 191|0x00000000ebf00000, 0x00000000ec000000, 0x00000000ec000000|100%| E|CS|TAMS 0x00000000ebf00000, 0x00000000ebf00000| Complete 
| 192|0x00000000ec000000, 0x00000000ec100000, 0x00000000ec100000|100%| E|CS|TAMS 0x00000000ec000000, 0x00000000ec000000| Complete 
| 193|0x00000000ec100000, 0x00000000ec200000, 0x00000000ec200000|100%| E|CS|TAMS 0x00000000ec100000, 0x00000000ec100000| Complete 
| 194|0x00000000ec200000, 0x00000000ec300000, 0x00000000ec300000|100%| E|CS|TAMS 0x00000000ec200000, 0x00000000ec200000| Complete 
| 195|0x00000000ec300000, 0x00000000ec400000, 0x00000000ec400000|100%| E|CS|TAMS 0x00000000ec300000, 0x00000000ec300000| Complete 
| 196|0x00000000ec400000, 0x00000000ec500000, 0x00000000ec500000|100%| E|CS|TAMS 0x00000000ec400000, 0x00000000ec400000| Complete 
| 197|0x00000000ec500000, 0x00000000ec600000, 0x00000000ec600000|100%| E|CS|TAMS 0x00000000ec500000, 0x00000000ec500000| Complete 
| 198|0x00000000ec600000, 0x00000000ec700000, 0x00000000ec700000|100%| E|CS|TAMS 0x00000000ec600000, 0x00000000ec600000| Complete 
| 199|0x00000000ec700000, 0x00000000ec800000, 0x00000000ec800000|100%| E|CS|TAMS 0x00000000ec700000, 0x00000000ec700000| Complete 
| 200|0x00000000ec800000, 0x00000000ec900000, 0x00000000ec900000|100%| E|CS|TAMS 0x00000000ec800000, 0x00000000ec800000| Complete 
| 201|0x00000000ec900000, 0x00000000eca00000, 0x00000000eca00000|100%| E|CS|TAMS 0x00000000ec900000, 0x00000000ec900000| Complete 
| 202|0x00000000eca00000, 0x00000000ecb00000, 0x00000000ecb00000|100%| E|CS|TAMS 0x00000000eca00000, 0x00000000eca00000| Complete 
| 203|0x00000000ecb00000, 0x00000000ecc00000, 0x00000000ecc00000|100%| E|CS|TAMS 0x00000000ecb00000, 0x00000000ecb00000| Complete 
| 204|0x00000000ecc00000, 0x00000000ecd00000, 0x00000000ecd00000|100%| E|CS|TAMS 0x00000000ecc00000, 0x00000000ecc00000| Complete 
| 205|0x00000000ecd00000, 0x00000000ece00000, 0x00000000ece00000|100%| E|CS|TAMS 0x00000000ecd00000, 0x00000000ecd00000| Complete 
| 206|0x00000000ece00000, 0x00000000ecf00000, 0x00000000ecf00000|100%| E|CS|TAMS 0x00000000ece00000, 0x00000000ece00000| Complete 
| 207|0x00000000ecf00000, 0x00000000ed000000, 0x00000000ed000000|100%| E|CS|TAMS 0x00000000ecf00000, 0x00000000ecf00000| Complete 
| 208|0x00000000ed000000, 0x00000000ed100000, 0x00000000ed100000|100%| E|CS|TAMS 0x00000000ed000000, 0x00000000ed000000| Complete 
| 209|0x00000000ed100000, 0x00000000ed200000, 0x00000000ed200000|100%| E|CS|TAMS 0x00000000ed100000, 0x00000000ed100000| Complete 
| 210|0x00000000ed200000, 0x00000000ed300000, 0x00000000ed300000|100%| E|CS|TAMS 0x00000000ed200000, 0x00000000ed200000| Complete 
| 211|0x00000000ed300000, 0x00000000ed400000, 0x00000000ed400000|100%| E|CS|TAMS 0x00000000ed300000, 0x00000000ed300000| Complete 
| 212|0x00000000ed400000, 0x00000000ed500000, 0x00000000ed500000|100%| E|CS|TAMS 0x00000000ed400000, 0x00000000ed400000| Complete 
| 213|0x00000000ed500000, 0x00000000ed600000, 0x00000000ed600000|100%| E|CS|TAMS 0x00000000ed500000, 0x00000000ed500000| Complete 
| 214|0x00000000ed600000, 0x00000000ed700000, 0x00000000ed700000|100%| E|CS|TAMS 0x00000000ed600000, 0x00000000ed600000| Complete 
| 215|0x00000000ed700000, 0x00000000ed800000, 0x00000000ed800000|100%| E|CS|TAMS 0x00000000ed700000, 0x00000000ed700000| Complete 
| 216|0x00000000ed800000, 0x00000000ed900000, 0x00000000ed900000|100%| E|CS|TAMS 0x00000000ed800000, 0x00000000ed800000| Complete 
| 217|0x00000000ed900000, 0x00000000eda00000, 0x00000000eda00000|100%| E|CS|TAMS 0x00000000ed900000, 0x00000000ed900000| Complete 
| 218|0x00000000eda00000, 0x00000000edb00000, 0x00000000edb00000|100%| E|CS|TAMS 0x00000000eda00000, 0x00000000eda00000| Complete 
| 219|0x00000000edb00000, 0x00000000edc00000, 0x00000000edc00000|100%| E|CS|TAMS 0x00000000edb00000, 0x00000000edb00000| Complete 
| 220|0x00000000edc00000, 0x00000000edd00000, 0x00000000edd00000|100%| E|CS|TAMS 0x00000000edc00000, 0x00000000edc00000| Complete 
| 221|0x00000000edd00000, 0x00000000ede00000, 0x00000000ede00000|100%| E|CS|TAMS 0x00000000edd00000, 0x00000000edd00000| Complete 
| 222|0x00000000ede00000, 0x00000000edf00000, 0x00000000edf00000|100%| E|CS|TAMS 0x00000000ede00000, 0x00000000ede00000| Complete 
| 223|0x00000000edf00000, 0x00000000ee000000, 0x00000000ee000000|100%| E|CS|TAMS 0x00000000edf00000, 0x00000000edf00000| Complete 
| 224|0x00000000ee000000, 0x00000000ee100000, 0x00000000ee100000|100%| E|CS|TAMS 0x00000000ee000000, 0x00000000ee000000| Complete 
| 225|0x00000000ee100000, 0x00000000ee200000, 0x00000000ee200000|100%| E|CS|TAMS 0x00000000ee100000, 0x00000000ee100000| Complete 
| 226|0x00000000ee200000, 0x00000000ee300000, 0x00000000ee300000|100%| E|CS|TAMS 0x00000000ee200000, 0x00000000ee200000| Complete 
| 227|0x00000000ee300000, 0x00000000ee400000, 0x00000000ee400000|100%| E|CS|TAMS 0x00000000ee300000, 0x00000000ee300000| Complete 
| 228|0x00000000ee400000, 0x00000000ee500000, 0x00000000ee500000|100%| E|CS|TAMS 0x00000000ee400000, 0x00000000ee400000| Complete 
| 229|0x00000000ee500000, 0x00000000ee600000, 0x00000000ee600000|100%| E|CS|TAMS 0x00000000ee500000, 0x00000000ee500000| Complete 
| 230|0x00000000ee600000, 0x00000000ee700000, 0x00000000ee700000|100%| E|CS|TAMS 0x00000000ee600000, 0x00000000ee600000| Complete 
| 231|0x00000000ee700000, 0x00000000ee800000, 0x00000000ee800000|100%| E|CS|TAMS 0x00000000ee700000, 0x00000000ee700000| Complete 
| 232|0x00000000ee800000, 0x00000000ee900000, 0x00000000ee900000|100%| E|CS|TAMS 0x00000000ee800000, 0x00000000ee800000| Complete 
| 233|0x00000000ee900000, 0x00000000eea00000, 0x00000000eea00000|100%| E|CS|TAMS 0x00000000ee900000, 0x00000000ee900000| Complete 
| 234|0x00000000eea00000, 0x00000000eeb00000, 0x00000000eeb00000|100%| E|CS|TAMS 0x00000000eea00000, 0x00000000eea00000| Complete 
| 235|0x00000000eeb00000, 0x00000000eec00000, 0x00000000eec00000|100%| E|CS|TAMS 0x00000000eeb00000, 0x00000000eeb00000| Complete 
| 236|0x00000000eec00000, 0x00000000eed00000, 0x00000000eed00000|100%| E|CS|TAMS 0x00000000eec00000, 0x00000000eec00000| Complete 
| 237|0x00000000eed00000, 0x00000000eee00000, 0x00000000eee00000|100%| E|CS|TAMS 0x00000000eed00000, 0x00000000eed00000| Complete 
| 238|0x00000000eee00000, 0x00000000eef00000, 0x00000000eef00000|100%| E|CS|TAMS 0x00000000eee00000, 0x00000000eee00000| Complete 
| 239|0x00000000eef00000, 0x00000000ef000000, 0x00000000ef000000|100%| E|CS|TAMS 0x00000000eef00000, 0x00000000eef00000| Complete 
| 240|0x00000000ef000000, 0x00000000ef100000, 0x00000000ef100000|100%| E|CS|TAMS 0x00000000ef000000, 0x00000000ef000000| Complete 
| 241|0x00000000ef100000, 0x00000000ef200000, 0x00000000ef200000|100%| E|CS|TAMS 0x00000000ef100000, 0x00000000ef100000| Complete 
| 242|0x00000000ef200000, 0x00000000ef300000, 0x00000000ef300000|100%| E|CS|TAMS 0x00000000ef200000, 0x00000000ef200000| Complete 
| 243|0x00000000ef300000, 0x00000000ef400000, 0x00000000ef400000|100%| E|CS|TAMS 0x00000000ef300000, 0x00000000ef300000| Complete 
| 244|0x00000000ef400000, 0x00000000ef500000, 0x00000000ef500000|100%| E|CS|TAMS 0x00000000ef400000, 0x00000000ef400000| Complete 
| 245|0x00000000ef500000, 0x00000000ef600000, 0x00000000ef600000|100%| E|CS|TAMS 0x00000000ef500000, 0x00000000ef500000| Complete 
| 246|0x00000000ef600000, 0x00000000ef700000, 0x00000000ef700000|100%| E|CS|TAMS 0x00000000ef600000, 0x00000000ef600000| Complete 
| 247|0x00000000ef700000, 0x00000000ef800000, 0x00000000ef800000|100%| E|CS|TAMS 0x00000000ef700000, 0x00000000ef700000| Complete 
| 248|0x00000000ef800000, 0x00000000ef900000, 0x00000000ef900000|100%| E|CS|TAMS 0x00000000ef800000, 0x00000000ef800000| Complete 
| 249|0x00000000ef900000, 0x00000000efa00000, 0x00000000efa00000|100%| E|CS|TAMS 0x00000000ef900000, 0x00000000ef900000| Complete 
| 250|0x00000000efa00000, 0x00000000efb00000, 0x00000000efb00000|100%| E|CS|TAMS 0x00000000efa00000, 0x00000000efa00000| Complete 
| 251|0x00000000efb00000, 0x00000000efc00000, 0x00000000efc00000|100%| E|CS|TAMS 0x00000000efb00000, 0x00000000efb00000| Complete 
| 252|0x00000000efc00000, 0x00000000efd00000, 0x00000000efd00000|100%| E|CS|TAMS 0x00000000efc00000, 0x00000000efc00000| Complete 
| 253|0x00000000efd00000, 0x00000000efe00000, 0x00000000efe00000|100%| E|CS|TAMS 0x00000000efd00000, 0x00000000efd00000| Complete 
| 254|0x00000000efe00000, 0x00000000eff00000, 0x00000000eff00000|100%| E|CS|TAMS 0x00000000efe00000, 0x00000000efe00000| Complete 
| 255|0x00000000eff00000, 0x00000000f0000000, 0x00000000f0000000|100%| E|CS|TAMS 0x00000000eff00000, 0x00000000eff00000| Complete 

Card table byte_map: [0x0000014871620000,0x0000014871720000] _byte_map_base: 0x0000014870f20000

Marking Bits (Prev, Next): (CMBitMap*) 0x000001485a9d6c60, (CMBitMap*) 0x000001485a9d6ca0
 Prev Bits: [0x0000014871820000, 0x0000014872020000)
 Next Bits: [0x0000014872020000, 0x0000014872820000)

Polling page: 0x0000014858920000

Metaspace:

Usage:
  Non-class:     46.96 MB used.
      Class:      7.34 MB used.
       Both:     54.31 MB used.

Virtual space:
  Non-class space:       48.00 MB reserved,      47.31 MB ( 99%) committed,  6 nodes.
      Class space:      308.00 MB reserved,       7.62 MB (  2%) committed,  1 nodes.
             Both:      356.00 MB reserved,      54.94 MB ( 15%) committed. 

Chunk freelists:
   Non-Class:  288.00 KB
       Class:  396.00 KB
        Both:  684.00 KB

MaxMetaspaceSize: 384.00 MB
CompressedClassSpaceSize: 308.00 MB
Initial GC threshold: 21.00 MB
Current GC threshold: 59.38 MB
CDS: on
MetaspaceReclaimPolicy: balanced
 - commit_granule_bytes: 65536.
 - commit_granule_words: 8192.
 - virtual_space_node_default_size: 1048576.
 - enlarge_chunks_in_place: 1.
 - new_chunks_are_fully_committed: 0.
 - uncommit_free_chunks: 1.
 - use_allocation_guard: 0.
 - handle_deallocations: 1.


Internal statistics:

num_allocs_failed_limit: 9.
num_arena_births: 792.
num_arena_deaths: 0.
num_vsnodes_births: 7.
num_vsnodes_deaths: 0.
num_space_committed: 879.
num_space_uncommitted: 0.
num_chunks_returned_to_freelist: 9.
num_chunks_taken_from_freelist: 3151.
num_chunk_merges: 9.
num_chunk_splits: 1984.
num_chunks_enlarged: 1232.
num_purges: 0.
num_inconsistent_stats: 0.

CodeHeap 'non-profiled nmethods': size=120000Kb used=6715Kb max_used=6715Kb free=113284Kb
 bounds [0x0000014869cc0000, 0x000001486a350000, 0x00000148711f0000]
CodeHeap 'profiled nmethods': size=120000Kb used=21917Kb max_used=22691Kb free=98082Kb
 bounds [0x0000014862790000, 0x0000014863dc0000, 0x0000014869cc0000]
CodeHeap 'non-nmethods': size=5760Kb used=2339Kb max_used=2397Kb free=3420Kb
 bounds [0x00000148621f0000, 0x0000014862460000, 0x0000014862790000]
 total_blobs=11578 nmethods=10739 adapters=749
 compilation: enabled
              stopped_count=0, restarted_count=0
 full_count=0

Compilation events (20 events):
Event: 78.592 Thread 0x0000014875248200 nmethod 12399 0x000001486a34cd90 code [0x000001486a34cf20, 0x000001486a34d108]
Event: 78.592 Thread 0x0000014875248200 12400       4       io.spring.gradle.dependencymanagement.org.apache.maven.model.RepositoryBase::setLocation (220 bytes)
Event: 78.597 Thread 0x00000148752565c0 12401       3       io.spring.gradle.dependencymanagement.org.apache.maven.model.building.DefaultModelBuilder::setModelValidator (7 bytes)
Event: 78.597 Thread 0x00000148752565c0 nmethod 12401 0x0000014863231590 code [0x0000014863231720, 0x0000014863231878]
Event: 78.607 Thread 0x0000014875248200 nmethod 12400 0x000001486a34d310 code [0x000001486a34d4c0, 0x000001486a34e3c8]
Event: 78.611 Thread 0x0000014875248200 12402       4       java.util.concurrent.ConcurrentHashMap::<init> (73 bytes)
Event: 78.612 Thread 0x0000014875248200 nmethod 12402 0x000001486a34e790 code [0x000001486a34e940, 0x000001486a34eb38]
Event: 78.624 Thread 0x00000148752565c0 12403       3       org.gradle.internal.snapshot.SingletonChildMap::invalidate (22 bytes)
Event: 78.625 Thread 0x00000148752565c0 nmethod 12403 0x0000014862ad9c90 code [0x0000014862ad9f00, 0x0000014862adaa28]
Event: 78.631 Thread 0x0000014875248200 12404   !   4       io.spring.gradle.dependencymanagement.org.apache.maven.model.BuildBase::clone (211 bytes)
Event: 78.646 Thread 0x00000148752565c0 12407       3       java.nio.file.Paths::get (6 bytes)
Event: 78.647 Thread 0x00000148752565c0 nmethod 12407 0x0000014862ad9490 code [0x0000014862ad9660, 0x0000014862ad9ae8]
Event: 78.672 Thread 0x00000148752565c0 12408       3       io.spring.gradle.dependencymanagement.org.apache.maven.model.merge.ModelMerger::mergeParent_GroupId (41 bytes)
Event: 78.672 Thread 0x00000148752565c0 nmethod 12408 0x0000014862ad8e10 code [0x0000014862ad8fe0, 0x0000014862ad9338]
Event: 78.672 Thread 0x00000148752565c0 12409       3       io.spring.gradle.dependencymanagement.org.apache.maven.model.merge.ModelMerger::mergeParent_ArtifactId (41 bytes)
Event: 78.673 Thread 0x00000148752565c0 nmethod 12409 0x0000014862ad8790 code [0x0000014862ad8960, 0x0000014862ad8cb8]
Event: 78.673 Thread 0x00000148752565c0 12410       3       io.spring.gradle.dependencymanagement.org.apache.maven.model.merge.ModelMerger::mergeParent_Version (41 bytes)
Event: 78.673 Thread 0x00000148752565c0 nmethod 12410 0x000001486308d290 code [0x000001486308d460, 0x000001486308d7b8]
Event: 78.673 Thread 0x00000148752565c0 12411       3       io.spring.gradle.dependencymanagement.org.apache.maven.model.merge.ModelMerger::mergeParent_RelativePath (43 bytes)
Event: 78.673 Thread 0x00000148752565c0 nmethod 12411 0x000001486308cc10 code [0x000001486308cde0, 0x000001486308d138]

GC Heap History (20 events):
Event: 2.143 GC heap before
{Heap before GC invocations=1 (full 0):
 garbage-first heap   total 262144K, used 38255K [0x00000000e0000000, 0x0000000100000000)
  region size 1024K, 30 young (30720K), 3 survivors (3072K)
 Metaspace       used 4036K, committed 4224K, reserved 323584K
  class space    used 492K, committed 576K, reserved 315392K
}
Event: 2.147 GC heap after
{Heap after GC invocations=2 (full 0):
 garbage-first heap   total 262144K, used 11503K [0x00000000e0000000, 0x0000000100000000)
  region size 1024K, 1 young (1024K), 1 survivors (1024K)
 Metaspace       used 4036K, committed 4224K, reserved 323584K
  class space    used 492K, committed 576K, reserved 315392K
}
Event: 5.580 GC heap before
{Heap before GC invocations=2 (full 0):
 garbage-first heap   total 262144K, used 132335K [0x00000000e0000000, 0x0000000100000000)
  region size 1024K, 120 young (122880K), 1 survivors (1024K)
 Metaspace       used 21272K, committed 21504K, reserved 339968K
  class space    used 3140K, committed 3264K, reserved 315392K
}
Event: 5.597 GC heap after
{Heap after GC invocations=3 (full 0):
 garbage-first heap   total 262144K, used 22383K [0x00000000e0000000, 0x0000000100000000)
  region size 1024K, 12 young (12288K), 12 survivors (12288K)
 Metaspace       used 21272K, committed 21504K, reserved 339968K
  class space    used 3140K, committed 3264K, reserved 315392K
}
Event: 7.737 GC heap before
{Heap before GC invocations=4 (full 0):
 garbage-first heap   total 262144K, used 139119K [0x00000000e0000000, 0x0000000100000000)
  region size 1024K, 123 young (125952K), 12 survivors (12288K)
 Metaspace       used 35573K, committed 35968K, reserved 348160K
  class space    used 4989K, committed 5184K, reserved 315392K
}
Event: 7.748 GC heap after
{Heap after GC invocations=5 (full 0):
 garbage-first heap   total 262144K, used 31719K [0x00000000e0000000, 0x0000000100000000)
  region size 1024K, 10 young (10240K), 10 survivors (10240K)
 Metaspace       used 35573K, committed 35968K, reserved 348160K
  class space    used 4989K, committed 5184K, reserved 315392K
}
Event: 7.797 GC heap before
{Heap before GC invocations=5 (full 0):
 garbage-first heap   total 262144K, used 33767K [0x00000000e0000000, 0x0000000100000000)
  region size 1024K, 12 young (12288K), 10 survivors (10240K)
 Metaspace       used 35899K, committed 36224K, reserved 348160K
  class space    used 5033K, committed 5184K, reserved 315392K
}
Event: 7.803 GC heap after
{Heap after GC invocations=6 (full 0):
 garbage-first heap   total 262144K, used 31757K [0x00000000e0000000, 0x0000000100000000)
  region size 1024K, 2 young (2048K), 2 survivors (2048K)
 Metaspace       used 35899K, committed 36224K, reserved 348160K
  class space    used 5033K, committed 5184K, reserved 315392K
}
Event: 7.815 GC heap before
{Heap before GC invocations=6 (full 0):
 garbage-first heap   total 262144K, used 31757K [0x00000000e0000000, 0x0000000100000000)
  region size 1024K, 3 young (3072K), 2 survivors (2048K)
 Metaspace       used 35959K, committed 36288K, reserved 348160K
  class space    used 5035K, committed 5184K, reserved 315392K
}
Event: 7.816 GC heap after
{Heap after GC invocations=7 (full 0):
 garbage-first heap   total 262144K, used 30791K [0x00000000e0000000, 0x0000000100000000)
  region size 1024K, 1 young (1024K), 1 survivors (1024K)
 Metaspace       used 35959K, committed 36288K, reserved 348160K
  class space    used 5035K, committed 5184K, reserved 315392K
}
Event: 11.530 GC heap before
{Heap before GC invocations=8 (full 0):
 garbage-first heap   total 262144K, used 187463K [0x00000000e0000000, 0x0000000100000000)
  region size 1024K, 153 young (156672K), 1 survivors (1024K)
 Metaspace       used 50134K, committed 50624K, reserved 364544K
  class space    used 7178K, committed 7424K, reserved 315392K
}
Event: 11.538 GC heap after
{Heap after GC invocations=9 (full 0):
 garbage-first heap   total 262144K, used 40590K [0x00000000e0000000, 0x0000000100000000)
  region size 1024K, 10 young (10240K), 10 survivors (10240K)
 Metaspace       used 50134K, committed 50624K, reserved 364544K
  class space    used 7178K, committed 7424K, reserved 315392K
}
Event: 11.557 GC heap before
{Heap before GC invocations=9 (full 0):
 garbage-first heap   total 262144K, used 42638K [0x00000000e0000000, 0x0000000100000000)
  region size 1024K, 12 young (12288K), 10 survivors (10240K)
 Metaspace       used 50219K, committed 50688K, reserved 364544K
  class space    used 7188K, committed 7424K, reserved 315392K
}
Event: 11.565 GC heap after
{Heap after GC invocations=10 (full 0):
 garbage-first heap   total 262144K, used 41570K [0x00000000e0000000, 0x0000000100000000)
  region size 1024K, 2 young (2048K), 2 survivors (2048K)
 Metaspace       used 50219K, committed 50688K, reserved 364544K
  class space    used 7188K, committed 7424K, reserved 315392K
}
Event: 41.374 GC heap before
{Heap before GC invocations=10 (full 0):
 garbage-first heap   total 262144K, used 195170K [0x00000000e0000000, 0x0000000100000000)
  region size 1024K, 153 young (156672K), 2 survivors (2048K)
 Metaspace       used 53395K, committed 53952K, reserved 364544K
  class space    used 7470K, committed 7744K, reserved 315392K
}
Event: 41.382 GC heap after
{Heap after GC invocations=11 (full 0):
 garbage-first heap   total 262144K, used 50025K [0x00000000e0000000, 0x0000000100000000)
  region size 1024K, 10 young (10240K), 10 survivors (10240K)
 Metaspace       used 53395K, committed 53952K, reserved 364544K
  class space    used 7470K, committed 7744K, reserved 315392K
}
Event: 48.821 GC heap before
{Heap before GC invocations=11 (full 0):
 garbage-first heap   total 262144K, used 195433K [0x00000000e0000000, 0x0000000100000000)
  region size 1024K, 153 young (156672K), 10 survivors (10240K)
 Metaspace       used 54574K, committed 55168K, reserved 364544K
  class space    used 7500K, committed 7808K, reserved 315392K
}
Event: 48.828 GC heap after
{Heap after GC invocations=12 (full 0):
 garbage-first heap   total 262144K, used 53881K [0x00000000e0000000, 0x0000000100000000)
  region size 1024K, 14 young (14336K), 14 survivors (14336K)
 Metaspace       used 54574K, committed 55168K, reserved 364544K
  class space    used 7500K, committed 7808K, reserved 315392K
}
Event: 60.248 GC heap before
{Heap before GC invocations=12 (full 0):
 garbage-first heap   total 262144K, used 195193K [0x00000000e0000000, 0x0000000100000000)
  region size 1024K, 153 young (156672K), 14 survivors (14336K)
 Metaspace       used 55303K, committed 55936K, reserved 364544K
  class space    used 7506K, committed 7808K, reserved 315392K
}
Event: 60.255 GC heap after
{Heap after GC invocations=13 (full 0):
 garbage-first heap   total 262144K, used 51352K [0x00000000e0000000, 0x0000000100000000)
  region size 1024K, 6 young (6144K), 6 survivors (6144K)
 Metaspace       used 55303K, committed 55936K, reserved 364544K
  class space    used 7506K, committed 7808K, reserved 315392K
}

Deoptimization events (20 events):
Event: 58.038 Thread 0x000001487718ed70 DEOPT PACKING pc=0x000001486a08b014 sp=0x00000003bfff9700
Event: 58.038 Thread 0x000001487718ed70 DEOPT UNPACKING pc=0x0000014862245c23 sp=0x00000003bfff96b8 mode 2
Event: 60.324 Thread 0x0000014879c69750 Uncommon trap: trap_request=0xffffffde fr.pc=0x000001486a10785c relative=0x000000000000015c
Event: 60.324 Thread 0x0000014879c69750 Uncommon trap: reason=class_check action=maybe_recompile pc=0x000001486a10785c method=java.lang.reflect.Array.newInstance(Ljava/lang/Class;I)Ljava/lang/Object; @ 2 c2
Event: 60.324 Thread 0x0000014879c69750 DEOPT PACKING pc=0x000001486a10785c sp=0x00000003c65fe7d0
Event: 60.324 Thread 0x0000014879c69750 DEOPT UNPACKING pc=0x0000014862245c23 sp=0x00000003c65fe768 mode 2
Event: 60.409 Thread 0x000001487810fc10 Uncommon trap: trap_request=0xffffffde fr.pc=0x000001486a04e758 relative=0x0000000000001258
Event: 60.409 Thread 0x000001487810fc10 Uncommon trap: reason=class_check action=maybe_recompile pc=0x000001486a04e758 method=org.gradle.api.internal.artifacts.ivyservice.resolveengine.result.DesugaredAttributeContainerSerializer.read(Lorg/gradle/internal/serialize/Decoder;)Lorg/gradle/api/inte
Event: 60.409 Thread 0x000001487810fc10 DEOPT PACKING pc=0x000001486a04e758 sp=0x00000003c28f9930
Event: 60.409 Thread 0x000001487810fc10 DEOPT UNPACKING pc=0x0000014862245c23 sp=0x00000003c28f9910 mode 2
Event: 61.014 Thread 0x000001487810fc10 DEOPT PACKING pc=0x000001486362ee67 sp=0x00000003c28f9710
Event: 61.014 Thread 0x000001487810fc10 DEOPT UNPACKING pc=0x0000014862246763 sp=0x00000003c28f8bd8 mode 0
Event: 64.885 Thread 0x000001487718ed70 Uncommon trap: trap_request=0xffffff45 fr.pc=0x0000014869d09f74 relative=0x0000000000000494
Event: 64.885 Thread 0x000001487718ed70 Uncommon trap: reason=unstable_if action=reinterpret pc=0x0000014869d09f74 method=com.google.common.collect.Lists.equalsImpl(Ljava/util/List;Ljava/lang/Object;)Z @ 85 c2
Event: 64.885 Thread 0x000001487718ed70 DEOPT PACKING pc=0x0000014869d09f74 sp=0x00000003bfffbf80
Event: 64.885 Thread 0x000001487718ed70 DEOPT UNPACKING pc=0x0000014862245c23 sp=0x00000003bfffbec0 mode 2
Event: 70.036 Thread 0x00000148774b4c10 Uncommon trap: trap_request=0xffffff45 fr.pc=0x000001486a0bfc54 relative=0x0000000000000154
Event: 70.037 Thread 0x00000148774b4c10 Uncommon trap: reason=unstable_if action=reinterpret pc=0x000001486a0bfc54 method=org.gradle.internal.snapshot.VfsRelativePath.isPrefix(Ljava/lang/String;ILjava/lang/String;ILorg/gradle/internal/snapshot/CaseSensitivity;)Z @ 101 c2
Event: 70.037 Thread 0x00000148774b4c10 DEOPT PACKING pc=0x000001486a0bfc54 sp=0x00000003c07fd1b0
Event: 70.037 Thread 0x00000148774b4c10 DEOPT UNPACKING pc=0x0000014862245c23 sp=0x00000003c07fd138 mode 2

Classes unloaded (0 events):
No events

Classes redefined (0 events):
No events

Internal exceptions (20 events):
Event: 50.828 Thread 0x000001487718ed70 Exception <a 'sun/nio/fs/WindowsException'{0x00000000eeb5cae8}> (0x00000000eeb5cae8) 
thrown [t:\workspace\open\src\hotspot\share\prims\jni.cpp, line 516]
Event: 50.829 Thread 0x000001487718ed70 Exception <a 'sun/nio/fs/WindowsException'{0x00000000eeb5e078}> (0x00000000eeb5e078) 
thrown [t:\workspace\open\src\hotspot\share\prims\jni.cpp, line 516]
Event: 50.830 Thread 0x000001487718ed70 Exception <a 'sun/nio/fs/WindowsException'{0x00000000eeb5f600}> (0x00000000eeb5f600) 
thrown [t:\workspace\open\src\hotspot\share\prims\jni.cpp, line 516]
Event: 51.059 Thread 0x000001487718ed70 Exception <a 'java/lang/NoClassDefFoundError'{0x00000000ee68d548}: org/jetbrains/kotlin/gradle/plugin/KotlinPluginWrapper> (0x00000000ee68d548) 
thrown [t:\workspace\open\src\hotspot\share\oops\constantPool.cpp, line 835]
Event: 51.059 Thread 0x000001487718ed70 Exception <a 'java/lang/NoClassDefFoundError'{0x00000000ee68fb90}: org/graalvm/buildtools/gradle/NativeImagePlugin> (0x00000000ee68fb90) 
thrown [t:\workspace\open\src\hotspot\share\oops\constantPool.cpp, line 835]
Event: 56.854 Thread 0x00000148774b5f50 Exception <a 'sun/net/ConnectionResetException'{0x00000000e90b61c8}: Connection reset> (0x00000000e90b61c8) 
thrown [t:\workspace\open\src\hotspot\share\prims\jni.cpp, line 535]
Event: 56.861 Thread 0x000001487810d0c0 Exception <a 'sun/net/ConnectionResetException'{0x00000000e90bfe08}: Connection reset> (0x00000000e90bfe08) 
thrown [t:\workspace\open\src\hotspot\share\prims\jni.cpp, line 535]
Event: 57.082 Thread 0x000001487718ed70 Implicit null exception at 0x000001486a2cd3f6 to 0x000001486a2cdb54
Event: 57.504 Thread 0x000001487718ed70 Exception <a 'sun/nio/fs/WindowsException'{0x00000000e8f6bc70}> (0x00000000e8f6bc70) 
thrown [t:\workspace\open\src\hotspot\share\prims\jni.cpp, line 516]
Event: 57.504 Thread 0x000001487718ed70 Exception <a 'sun/nio/fs/WindowsException'{0x00000000e8f6d200}> (0x00000000e8f6d200) 
thrown [t:\workspace\open\src\hotspot\share\prims\jni.cpp, line 516]
Event: 57.505 Thread 0x000001487718ed70 Exception <a 'sun/nio/fs/WindowsException'{0x00000000e8f6e790}> (0x00000000e8f6e790) 
thrown [t:\workspace\open\src\hotspot\share\prims\jni.cpp, line 516]
Event: 57.506 Thread 0x000001487718ed70 Exception <a 'sun/nio/fs/WindowsException'{0x00000000e8f6fd18}> (0x00000000e8f6fd18) 
thrown [t:\workspace\open\src\hotspot\share\prims\jni.cpp, line 516]
Event: 58.969 Thread 0x000001487718ed70 Exception <a 'java/lang/NoClassDefFoundError'{0x00000000e8a3e5b8}: org/jetbrains/kotlin/gradle/plugin/KotlinPluginWrapper> (0x00000000e8a3e5b8) 
thrown [t:\workspace\open\src\hotspot\share\oops\constantPool.cpp, line 835]
Event: 58.969 Thread 0x000001487718ed70 Exception <a 'java/lang/NoClassDefFoundError'{0x00000000e8a40c00}: org/graalvm/buildtools/gradle/NativeImagePlugin> (0x00000000e8a40c00) 
thrown [t:\workspace\open\src\hotspot\share\oops\constantPool.cpp, line 835]
Event: 65.277 Thread 0x000001487718ed70 Exception <a 'sun/nio/fs/WindowsException'{0x00000000ebf440f8}> (0x00000000ebf440f8) 
thrown [t:\workspace\open\src\hotspot\share\prims\jni.cpp, line 516]
Event: 65.278 Thread 0x000001487718ed70 Exception <a 'sun/nio/fs/WindowsException'{0x00000000ebf45688}> (0x00000000ebf45688) 
thrown [t:\workspace\open\src\hotspot\share\prims\jni.cpp, line 516]
Event: 65.278 Thread 0x000001487718ed70 Exception <a 'sun/nio/fs/WindowsException'{0x00000000ebf46c18}> (0x00000000ebf46c18) 
thrown [t:\workspace\open\src\hotspot\share\prims\jni.cpp, line 516]
Event: 65.282 Thread 0x000001487718ed70 Exception <a 'sun/nio/fs/WindowsException'{0x00000000ebf481a0}> (0x00000000ebf481a0) 
thrown [t:\workspace\open\src\hotspot\share\prims\jni.cpp, line 516]
Event: 71.165 Thread 0x000001487718ed70 Exception <a 'java/lang/NoClassDefFoundError'{0x00000000eb86ca10}: org/jetbrains/kotlin/gradle/plugin/KotlinPluginWrapper> (0x00000000eb86ca10) 
thrown [t:\workspace\open\src\hotspot\share\oops\constantPool.cpp, line 835]
Event: 71.165 Thread 0x000001487718ed70 Exception <a 'java/lang/NoClassDefFoundError'{0x00000000eb86f058}: org/graalvm/buildtools/gradle/NativeImagePlugin> (0x00000000eb86f058) 
thrown [t:\workspace\open\src\hotspot\share\oops\constantPool.cpp, line 835]

VM Operations (20 events):
Event: 66.346 Executing VM operation: Cleanup
Event: 66.346 Executing VM operation: Cleanup done
Event: 68.372 Executing VM operation: Cleanup
Event: 68.373 Executing VM operation: Cleanup done
Event: 70.390 Executing VM operation: Cleanup
Event: 70.390 Executing VM operation: Cleanup done
Event: 71.391 Executing VM operation: Cleanup
Event: 71.445 Executing VM operation: Cleanup done
Event: 72.469 Executing VM operation: Cleanup
Event: 72.469 Executing VM operation: Cleanup done
Event: 73.470 Executing VM operation: Cleanup
Event: 73.471 Executing VM operation: Cleanup done
Event: 74.483 Executing VM operation: Cleanup
Event: 74.601 Executing VM operation: Cleanup done
Event: 75.603 Executing VM operation: Cleanup
Event: 75.603 Executing VM operation: Cleanup done
Event: 77.619 Executing VM operation: Cleanup
Event: 77.619 Executing VM operation: Cleanup done
Event: 78.629 Executing VM operation: Cleanup
Event: 78.630 Executing VM operation: Cleanup done

Events (20 events):
Event: 77.077 Thread 0x0000014878f14b20 Thread added: 0x0000014878f14b20
Event: 77.094 Thread 0x0000014878f12970 Thread added: 0x0000014878f12970
Event: 77.135 Thread 0x000001487973be90 Thread added: 0x000001487973be90
Event: 77.145 Thread 0x000001487973d6a0 Thread added: 0x000001487973d6a0
Event: 77.154 Thread 0x000001487973c830 Thread added: 0x000001487973c830
Event: 77.165 Thread 0x0000014878f124a0 Thread added: 0x0000014878f124a0
Event: 77.183 Thread 0x0000014879c6d110 Thread added: 0x0000014879c6d110
Event: 77.191 Thread 0x0000014879c69750 Thread added: 0x0000014879c69750
Event: 77.197 Thread 0x0000014879c6af60 Thread added: 0x0000014879c6af60
Event: 77.204 Thread 0x0000014879c69c20 Thread added: 0x0000014879c69c20
Event: 77.213 Thread 0x0000014879c6b430 Thread added: 0x0000014879c6b430
Event: 77.225 Thread 0x0000014879c6aa90 Thread added: 0x0000014879c6aa90
Event: 77.233 Thread 0x00000148799a5cf0 Thread added: 0x00000148799a5cf0
Event: 77.308 Thread 0x0000014878f137e0 Thread added: 0x0000014878f137e0
Event: 77.343 Thread 0x0000014878f13310 Thread added: 0x0000014878f13310
Event: 77.356 Thread 0x0000014878f12e40 Thread added: 0x0000014878f12e40
Event: 77.395 Thread 0x000001487dedbc60 Thread added: 0x000001487dedbc60
Event: 78.626 Thread 0x00000148799a4e80 Thread added: 0x00000148799a4e80
Event: 78.662 Thread 0x00000148799a61c0 Thread added: 0x00000148799a61c0
Event: 78.670 Thread 0x00000148799a5350 Thread added: 0x00000148799a5350


Dynamic libraries:
0x00007ff749b20000 - 0x00007ff749b30000 	C:\Program Files\Java\jdk-17.0.2\bin\java.exe
0x00007ffada610000 - 0x00007ffada827000 	C:\WINDOWS\SYSTEM32\ntdll.dll
0x00007ffad9bb0000 - 0x00007ffad9c74000 	C:\WINDOWS\System32\KERNEL32.DLL
0x00007ffad7950000 - 0x00007ffad7cf6000 	C:\WINDOWS\System32\KERNELBASE.dll
0x00007ffad7e20000 - 0x00007ffad7f31000 	C:\WINDOWS\System32\ucrtbase.dll
0x00007ffac7830000 - 0x00007ffac7848000 	C:\Program Files\Java\jdk-17.0.2\bin\jli.dll
0x00007ffad95f0000 - 0x00007ffad96a3000 	C:\WINDOWS\System32\ADVAPI32.dll
0x00007ffac6ee0000 - 0x00007ffac6efa000 	C:\Program Files\Java\jdk-17.0.2\bin\VCRUNTIME140.dll
0x00007ffad8940000 - 0x00007ffad89e7000 	C:\WINDOWS\System32\msvcrt.dll
0x00007ffad8a40000 - 0x00007ffad8ae8000 	C:\WINDOWS\System32\sechost.dll
0x00007ffad8270000 - 0x00007ffad8298000 	C:\WINDOWS\System32\bcrypt.dll
0x00007ffada4b0000 - 0x00007ffada5c7000 	C:\WINDOWS\System32\RPCRT4.dll
0x00007ffad8790000 - 0x00007ffad893e000 	C:\WINDOWS\System32\USER32.dll
0x00007ffaab3e0000 - 0x00007ffaab673000 	C:\WINDOWS\WinSxS\amd64_microsoft.windows.common-controls_6595b64144ccf1df_6.0.22621.2506_none_270c5ae97388e100\COMCTL32.dll
0x00007ffad80b0000 - 0x00007ffad80d6000 	C:\WINDOWS\System32\win32u.dll
0x00007ffada320000 - 0x00007ffada349000 	C:\WINDOWS\System32\GDI32.dll
0x00007ffad8150000 - 0x00007ffad8268000 	C:\WINDOWS\System32\gdi32full.dll
0x00007ffad7d80000 - 0x00007ffad7e1a000 	C:\WINDOWS\System32\msvcp_win.dll
0x00007ffacd9d0000 - 0x00007ffacd9da000 	C:\WINDOWS\SYSTEM32\VERSION.dll
0x00007ffada120000 - 0x00007ffada151000 	C:\WINDOWS\System32\IMM32.DLL
0x000001485a0f0000 - 0x000001485a104000 	C:\WINDOWS\System32\umppc17806.dll
0x00007ffacc020000 - 0x00007ffacc02c000 	C:\Program Files\Java\jdk-17.0.2\bin\vcruntime140_1.dll
0x00007ffab9f40000 - 0x00007ffab9fcd000 	C:\Program Files\Java\jdk-17.0.2\bin\msvcp140.dll
0x00007ffa82a00000 - 0x00007ffa835c1000 	C:\Program Files\Java\jdk-17.0.2\bin\server\jvm.dll
0x00007ffad8cc0000 - 0x00007ffad8cc8000 	C:\WINDOWS\System32\PSAPI.DLL
0x00007ffab0d20000 - 0x00007ffab0d29000 	C:\WINDOWS\SYSTEM32\WSOCK32.dll
0x00007ffad8710000 - 0x00007ffad8781000 	C:\WINDOWS\System32\WS2_32.dll
0x00007ffacbf30000 - 0x00007ffacbf64000 	C:\WINDOWS\SYSTEM32\WINMM.dll
0x00007ffad6970000 - 0x00007ffad6988000 	C:\WINDOWS\SYSTEM32\kernel.appcore.dll
0x00007ffacbf70000 - 0x00007ffacbf7a000 	C:\Program Files\Java\jdk-17.0.2\bin\jimage.dll
0x00007ffad5440000 - 0x00007ffad5673000 	C:\WINDOWS\SYSTEM32\DBGHELP.DLL
0x00007ffad8360000 - 0x00007ffad86e9000 	C:\WINDOWS\System32\combase.dll
0x00007ffad8b80000 - 0x00007ffad8c57000 	C:\WINDOWS\System32\OLEAUT32.dll
0x00007ffac8150000 - 0x00007ffac8182000 	C:\WINDOWS\SYSTEM32\dbgcore.DLL
0x00007ffad7d00000 - 0x00007ffad7d7a000 	C:\WINDOWS\System32\bcryptPrimitives.dll
0x00007ffab7320000 - 0x00007ffab732e000 	C:\Program Files\Java\jdk-17.0.2\bin\instrument.dll
0x00007ffabd590000 - 0x00007ffabd5b5000 	C:\Program Files\Java\jdk-17.0.2\bin\java.dll
0x00007ffa93580000 - 0x00007ffa93656000 	C:\Program Files\Java\jdk-17.0.2\bin\jsvml.dll
0x00007ffad8d90000 - 0x00007ffad95eb000 	C:\WINDOWS\System32\SHELL32.dll
0x00007ffad5860000 - 0x00007ffad6156000 	C:\WINDOWS\SYSTEM32\windows.storage.dll
0x00007ffad5720000 - 0x00007ffad585e000 	C:\WINDOWS\SYSTEM32\wintypes.dll
0x00007ffad9db0000 - 0x00007ffad9ea3000 	C:\WINDOWS\System32\SHCORE.dll
0x00007ffad8c60000 - 0x00007ffad8cbe000 	C:\WINDOWS\System32\shlwapi.dll
0x00007ffad7880000 - 0x00007ffad78a6000 	C:\WINDOWS\SYSTEM32\profapi.dll
0x00007ffabaf70000 - 0x00007ffabaf88000 	C:\Program Files\Java\jdk-17.0.2\bin\zip.dll
0x00007ffabb160000 - 0x00007ffabb179000 	C:\Program Files\Java\jdk-17.0.2\bin\net.dll
0x00007fface440000 - 0x00007fface577000 	C:\WINDOWS\SYSTEM32\WINHTTP.dll
0x00007ffad6e10000 - 0x00007ffad6e79000 	C:\WINDOWS\system32\mswsock.dll
0x00007ffabb140000 - 0x00007ffabb156000 	C:\Program Files\Java\jdk-17.0.2\bin\nio.dll
0x00007ffac7160000 - 0x00007ffac7170000 	C:\Program Files\Java\jdk-17.0.2\bin\verify.dll
0x00007ffa9f830000 - 0x00007ffa9f857000 	C:\Users\Mohan NS\.gradle\native\c067742578af261105cb4f569cf0c3c89f3d7b1fecec35dd04571415982c5e48\windows-amd64\native-platform.dll
0x00007ffa3e690000 - 0x00007ffa3e7d4000 	C:\Users\Mohan NS\.gradle\native\38dada09dfb8b06ba9b0570ebf7e218e3eb74d4ef43ca46872605cf95ebc2f47\windows-amd64\native-platform-file-events.dll
0x00007ffab7310000 - 0x00007ffab7319000 	C:\Program Files\Java\jdk-17.0.2\bin\management.dll
0x00007ffab7280000 - 0x00007ffab728b000 	C:\Program Files\Java\jdk-17.0.2\bin\management_ext.dll
0x00007ffad7070000 - 0x00007ffad708b000 	C:\WINDOWS\SYSTEM32\CRYPTSP.dll
0x00007ffad68d0000 - 0x00007ffad6905000 	C:\WINDOWS\system32\rsaenh.dll
0x00007ffad6f00000 - 0x00007ffad6f2c000 	C:\WINDOWS\SYSTEM32\USERENV.dll
0x00007ffad7060000 - 0x00007ffad706c000 	C:\WINDOWS\SYSTEM32\CRYPTBASE.dll
0x00007ffad63b0000 - 0x00007ffad63dd000 	C:\WINDOWS\SYSTEM32\IPHLPAPI.DLL
0x00007ffad9f70000 - 0x00007ffad9f79000 	C:\WINDOWS\System32\NSI.dll
0x00007fface420000 - 0x00007fface439000 	C:\WINDOWS\SYSTEM32\dhcpcsvc6.DLL
0x00007ffacd9e0000 - 0x00007ffacd9ff000 	C:\WINDOWS\SYSTEM32\dhcpcsvc.DLL
0x00007ffad63e0000 - 0x00007ffad64d9000 	C:\WINDOWS\SYSTEM32\DNSAPI.dll
0x00007ffab4e00000 - 0x00007ffab4e0e000 	C:\Program Files\Java\jdk-17.0.2\bin\sunmscapi.dll
0x00007ffad7f40000 - 0x00007ffad80a6000 	C:\WINDOWS\System32\CRYPT32.dll
0x00007ffad7220000 - 0x00007ffad724e000 	C:\WINDOWS\SYSTEM32\ncrypt.dll
0x00007ffad71e0000 - 0x00007ffad7217000 	C:\WINDOWS\SYSTEM32\NTASN1.dll
0x00007ffa9ea40000 - 0x00007ffa9ea48000 	C:\WINDOWS\system32\wshunix.dll

dbghelp: loaded successfully - version: 4.0.5 - missing functions: none
symbol engine: initialized successfully - sym options: 0x614 - pdb path: .;C:\Program Files\Java\jdk-17.0.2\bin;C:\WINDOWS\SYSTEM32;C:\WINDOWS\WinSxS\amd64_microsoft.windows.common-controls_6595b64144ccf1df_6.0.22621.2506_none_270c5ae97388e100;C:\Program Files\Java\jdk-17.0.2\bin\server;C:\Users\Mohan NS\.gradle\native\c067742578af261105cb4f569cf0c3c89f3d7b1fecec35dd04571415982c5e48\windows-amd64;C:\Users\Mohan NS\.gradle\native\38dada09dfb8b06ba9b0570ebf7e218e3eb74d4ef43ca46872605cf95ebc2f47\windows-amd64

VM Arguments:
jvm_args: --add-opens=java.base/java.util=ALL-UNNAMED --add-opens=java.base/java.lang=ALL-UNNAMED --add-opens=java.base/java.lang.invoke=ALL-UNNAMED --add-opens=java.prefs/java.util.prefs=ALL-UNNAMED --add-opens=java.base/java.nio.charset=ALL-UNNAMED --add-opens=java.base/java.net=ALL-UNNAMED --add-opens=java.base/java.util.concurrent.atomic=ALL-UNNAMED -XX:MaxMetaspaceSize=384m -XX:+HeapDumpOnOutOfMemoryError -Xms256m -Xmx512m -Dfile.encoding=windows-1252 -Duser.country=IN -Duser.language=en -Duser.variant -javaagent:C:\Users\Mohan NS\.gradle\wrapper\dists\gradle-8.5-bin\5t9huq95ubn472n8rpzujfbqh\gradle-8.5\lib\agents\gradle-instrumentation-agent-8.5.jar 
java_command: org.gradle.launcher.daemon.bootstrap.GradleDaemon 8.5
java_class_path (initial): C:\Users\Mohan NS\.gradle\wrapper\dists\gradle-8.5-bin\5t9huq95ubn472n8rpzujfbqh\gradle-8.5\lib\gradle-launcher-8.5.jar
Launcher Type: SUN_STANDARD

[Global flags]
     intx CICompilerCount                          = 4                                         {product} {ergonomic}
   size_t CompressedClassSpaceSize                 = 322961408                                 {product} {ergonomic}
     uint ConcGCThreads                            = 2                                         {product} {ergonomic}
     uint G1ConcRefinementThreads                  = 8                                         {product} {ergonomic}
   size_t G1HeapRegionSize                         = 1048576                                   {product} {ergonomic}
    uintx GCDrainStackTargetSize                   = 64                                        {product} {ergonomic}
     bool HeapDumpOnOutOfMemoryError               = true                                   {manageable} {command line}
   size_t InitialHeapSize                          = 268435456                                 {product} {command line}
   size_t MarkStackSize                            = 4194304                                   {product} {ergonomic}
   size_t MaxHeapSize                              = 536870912                                 {product} {command line}
   size_t MaxMetaspaceSize                         = 402653184                                 {product} {command line}
   size_t MaxNewSize                               = 321912832                                 {product} {ergonomic}
   size_t MinHeapDeltaBytes                        = 1048576                                   {product} {ergonomic}
   size_t MinHeapSize                              = 268435456                                 {product} {command line}
    uintx NonNMethodCodeHeapSize                   = 5839372                                {pd product} {ergonomic}
    uintx NonProfiledCodeHeapSize                  = 122909434                              {pd product} {ergonomic}
    uintx ProfiledCodeHeapSize                     = 122909434                              {pd product} {ergonomic}
    uintx ReservedCodeCacheSize                    = 251658240                              {pd product} {ergonomic}
     bool SegmentedCodeCache                       = true                                      {product} {ergonomic}
   size_t SoftMaxHeapSize                          = 536870912                              {manageable} {ergonomic}
     bool UseCompressedClassPointers               = true                           {product lp64_product} {ergonomic}
     bool UseCompressedOops                        = true                           {product lp64_product} {ergonomic}
     bool UseG1GC                                  = true                                      {product} {ergonomic}
     bool UseLargePagesIndividualAllocation        = false                                  {pd product} {ergonomic}

Logging:
Log output configuration:
 #0: stdout all=warning uptime,level,tags
 #1: stderr all=off uptime,level,tags

Environment Variables:
JAVA_HOME=C:\Program Files\Java\jdk-17.0.2
PATH=C:\Program Files\Common Files\Oracle\Java\javapath;C:\app\Mohan\product\21c\dbhomeXE\bin;C:\WINDOWS\system32;C:\WINDOWS;C:\WINDOWS\System32\Wbem;C:\WINDOWS\System32\WindowsPowerShell\v1.0\;C:\WINDOWS\System32\OpenSSH\;C:\Program Files\PuTTY\;C:\msys64\mingw64\bin;C:\apache-maven-3.9.6\bin;C:\Program Files\nodejs\;C:\Gradle\gradle-8.5\bin;C:\Program Files\PowerShell\7\;C:\Program Files\Git\cmd;C:\Program Files\MySQL\MySQL Shell 8.0\bin\;C:\Users\Mohan NS\AppData\Local\Microsoft\WindowsApps;C:\Users\Mohan NS\AppData\Local\GitHubDesktop\bin;C:\Program Files\JetBrains\IntelliJ IDEA 2023.2.2\bin;;C:\Program Files\JetBrains\IntelliJ IDEA Community Edition 2023.1.2\bin;;C:\Users\Mohan NS\AppData\Local\Programs\Microsoft VS Code\bin;C:\Program Files\Git\bin\;C:\Program Files\Git\cmd\;C:\Program Files\JetBrains\PyCharm 2023.2.4\bin;;C:\Program Files\Neovim\bin;C:\Users\Mohan NS\AppData\Local\Microsoft\WinGet\Packages\BurntSushi.ripgrep.MSVC_Microsoft.Winget.Source_8wekyb3d8bbwe\ripgrep-14.0.3-x86_64-pc-windows-msvc;C:\Users\Mohan NS\AppData\Roaming\npm;C:\Users\Mohan NS\AppData\Local\Programs\oh-my-posh\bin;C:\Program Files\PostgreSQL\16\bin;
USERNAME=Mohan NS
OS=Windows_NT
PROCESSOR_IDENTIFIER=Intel64 Family 6 Model 140 Stepping 1, GenuineIntel



---------------  S Y S T E M  ---------------

OS:
 Windows 11 , 64 bit Build 22621 (10.0.22621.3085)
OS uptime: 0 days 6:31 hours

CPU: total 8 (initial active 8) (4 cores per cpu, 2 threads per core) family 6 model 140 stepping 1 microcode 0xa6, cx8, cmov, fxsr, ht, mmx, 3dnowpref, sse, sse2, sse3, ssse3, sse4.1, sse4.2, popcnt, lzcnt, tsc, tscinvbit, avx, avx2, aes, erms, clmul, bmi1, bmi2, adx, avx512f, avx512dq, avx512cd, avx512bw, avx512vl, sha, fma, vzeroupper, avx512_vpopcntdq, avx512_vpclmulqdq, avx512_vaes, avx512_vnni, clflush, clflushopt, clwb, avx512_vbmi2, avx512_vbmi

Memory: 4k page, system-wide physical 16029M (80M free)
TotalPageFile size 31402M (AvailPageFile size 0M)
current process WorkingSet (physical memory assigned to process): 409M, peak: 435M
current process commit charge ("private bytes"): 498M, peak: 525M

vm_info: Java HotSpot(TM) 64-Bit Server VM (17.0.2+8-LTS-86) for windows-amd64 JRE (17.0.2+8-LTS-86), built on Dec  7 2021 21:51:03 by "mach5one" with MS VC++ 16.8 / 16.9 (VS2019)

END.
