#
# There is insufficient memory for the Java Runtime Environment to continue.
# Native memory allocation (malloc) failed to allocate 1375808 bytes for Chunk::new
# Possible reasons:
#   The system is out of physical RAM or swap space
#   The process is running with CompressedOops enabled, and the Java Heap may be blocking the growth of the native heap
# Possible solutions:
#   Reduce memory load on the system
#   Increase physical memory or swap space
#   Check if swap backing store is full
#   Decrease Java heap size (-Xmx/-Xms)
#   Decrease number of Java threads
#   Decrease Java thread stack sizes (-Xss)
#   Set larger code cache with -XX:ReservedCodeCacheSize=
#   JVM is running with Unscaled Compressed Oops mode in which the Java heap is
#     placed in the first 4GB address space. The Java Heap base address is the
#     maximum limit for the native heap growth. Please use -XX:HeapBaseMinAddress
#     to set the Java Heap base and to place the Java Heap above 4GB virtual address.
# This output file may be truncated or incomplete.
#
#  Out of Memory Error (arena.cpp:189), pid=16840, tid=25808
#
# JRE version: Java(TM) SE Runtime Environment (17.0.2+8) (build 17.0.2+8-LTS-86)
# Java VM: Java HotSpot(TM) 64-Bit Server VM (17.0.2+8-LTS-86, mixed mode, sharing, tiered, compressed oops, compressed class ptrs, g1 gc, windows-amd64)
# No core dump will be written. Minidumps are not enabled by default on client versions of Windows
#

---------------  S U M M A R Y ------------

Command Line: --add-opens=java.base/java.util=ALL-UNNAMED --add-opens=java.base/java.lang=ALL-UNNAMED --add-opens=java.base/java.lang.invoke=ALL-UNNAMED --add-opens=java.prefs/java.util.prefs=ALL-UNNAMED --add-opens=java.base/java.nio.charset=ALL-UNNAMED --add-opens=java.base/java.net=ALL-UNNAMED --add-opens=java.base/java.util.concurrent.atomic=ALL-UNNAMED -XX:MaxMetaspaceSize=384m -XX:+HeapDumpOnOutOfMemoryError -Xms256m -Xmx512m -Dfile.encoding=windows-1252 -Duser.country=IN -Duser.language=en -Duser.variant -javaagent:C:\Users\Mohan NS\.gradle\wrapper\dists\gradle-8.5-bin\5t9huq95ubn472n8rpzujfbqh\gradle-8.5\lib\agents\gradle-instrumentation-agent-8.5.jar org.gradle.launcher.daemon.bootstrap.GradleDaemon 8.5

Host: 11th Gen Intel(R) Core(TM) i7-1185G7 @ 3.00GHz, 8 cores, 15G,  Windows 11 , 64 bit Build 22621 (10.0.22621.3085)
Time: Mon Feb 26 14:24:25 2024 India Standard Time elapsed time: 17.391471 seconds (0d 0h 0m 17s)

---------------  T H R E A D  ---------------

Current thread (0x000001447d0f4400):  JavaThread "C2 CompilerThread0" daemon [_thread_in_native, id=25808, stack(0x0000002d0ca00000,0x0000002d0cb00000)]


Current CompileTask:
C2:  17391 2951   !   4       java.net.URL::<init> (543 bytes)

Stack: [0x0000002d0ca00000,0x0000002d0cb00000]
Native frames: (J=compiled Java code, j=interpreted, Vv=VM code, C=native code)
V  [jvm.dll+0x670baa]
V  [jvm.dll+0x7cfcb4]
V  [jvm.dll+0x7d145e]
V  [jvm.dll+0x7d1ac3]
V  [jvm.dll+0x242bc5]
V  [jvm.dll+0xaa57b]
V  [jvm.dll+0xaab0c]
V  [jvm.dll+0x35fd07]
V  [jvm.dll+0x32a331]
V  [jvm.dll+0x3297da]
V  [jvm.dll+0x215c91]
V  [jvm.dll+0x2150b1]
V  [jvm.dll+0x1a1bbd]
V  [jvm.dll+0x224908]
V  [jvm.dll+0x222a6c]
V  [jvm.dll+0x7859bb]
V  [jvm.dll+0x77ff7a]
V  [jvm.dll+0x66fa35]
C  [ucrtbase.dll+0x29363]
C  [KERNEL32.DLL+0x1257d]
C  [ntdll.dll+0x5aa58]


---------------  P R O C E S S  ---------------

Threads class SMR info:
_java_thread_list=0x000001447ea62a40, length=34, elements={
0x000001446f91f390, 0x000001447d0d7850, 0x000001447d0d8200, 0x000001447d0ef950,
0x000001447d0f0300, 0x000001447d0f2cc0, 0x000001447d0f3670, 0x000001447d0f4400,
0x000001447d0f72c0, 0x000001447d0f7cb0, 0x000001447dc44d50, 0x000001447ddc8090,
0x000001447ee79590, 0x000001447ea972d0, 0x000001447f2f1730, 0x000001447dd4f510,
0x000001440f340450, 0x000001440fdeb2d0, 0x000001440f670a10, 0x000001440f66f200,
0x000001440f66e390, 0x000001440f66f6d0, 0x000001440f66dec0, 0x000001440f66e860,
0x000001440f66ed30, 0x000001440f670070, 0x000001440f66d520, 0x000001440f66d9f0,
0x000001447e0b4890, 0x000001447e0b3a20, 0x000001447e0b5700, 0x000001447e0b4d60,
0x000001447e0b60a0, 0x000001447e0b43c0
}

Java Threads: ( => current thread )
  0x000001446f91f390 JavaThread "main" [_thread_blocked, id=7464, stack(0x0000002d0bd00000,0x0000002d0be00000)]
  0x000001447d0d7850 JavaThread "Reference Handler" daemon [_thread_blocked, id=25688, stack(0x0000002d0c400000,0x0000002d0c500000)]
  0x000001447d0d8200 JavaThread "Finalizer" daemon [_thread_blocked, id=25692, stack(0x0000002d0c500000,0x0000002d0c600000)]
  0x000001447d0ef950 JavaThread "Signal Dispatcher" daemon [_thread_blocked, id=25788, stack(0x0000002d0c600000,0x0000002d0c700000)]
  0x000001447d0f0300 JavaThread "Attach Listener" daemon [_thread_blocked, id=25792, stack(0x0000002d0c700000,0x0000002d0c800000)]
  0x000001447d0f2cc0 JavaThread "Service Thread" daemon [_thread_blocked, id=25800, stack(0x0000002d0c800000,0x0000002d0c900000)]
  0x000001447d0f3670 JavaThread "Monitor Deflation Thread" daemon [_thread_blocked, id=25804, stack(0x0000002d0c900000,0x0000002d0ca00000)]
=>0x000001447d0f4400 JavaThread "C2 CompilerThread0" daemon [_thread_in_native, id=25808, stack(0x0000002d0ca00000,0x0000002d0cb00000)]
  0x000001447d0f72c0 JavaThread "C1 CompilerThread0" daemon [_thread_blocked, id=25812, stack(0x0000002d0cb00000,0x0000002d0cc00000)]
  0x000001447d0f7cb0 JavaThread "Sweeper thread" daemon [_thread_blocked, id=25816, stack(0x0000002d0cc00000,0x0000002d0cd00000)]
  0x000001447dc44d50 JavaThread "Common-Cleaner" daemon [_thread_blocked, id=25820, stack(0x0000002d0cd00000,0x0000002d0ce00000)]
  0x000001447ddc8090 JavaThread "Notification Thread" daemon [_thread_blocked, id=25848, stack(0x0000002d0ce00000,0x0000002d0cf00000)]
  0x000001447ee79590 JavaThread "Daemon health stats" [_thread_blocked, id=23496, stack(0x0000002d0d500000,0x0000002d0d600000)]
  0x000001447ea972d0 JavaThread "Incoming local TCP Connector on port 63660" [_thread_in_native, id=27120, stack(0x0000002d0d600000,0x0000002d0d700000)]
  0x000001447f2f1730 JavaThread "Daemon periodic checks" [_thread_blocked, id=27144, stack(0x0000002d0d700000,0x0000002d0d800000)]
  0x000001447dd4f510 JavaThread "Daemon" [_thread_blocked, id=27160, stack(0x0000002d0d800000,0x0000002d0d900000)]
  0x000001440f340450 JavaThread "Handler for socket connection from /127.0.0.1:63660 to /127.0.0.1:63661" [_thread_in_native, id=27164, stack(0x0000002d0d900000,0x0000002d0da00000)]
  0x000001440fdeb2d0 JavaThread "Cancel handler" [_thread_blocked, id=27184, stack(0x0000002d0da00000,0x0000002d0db00000)]
  0x000001440f670a10 JavaThread "Daemon worker" [_thread_in_vm, id=27216, stack(0x0000002d0db00000,0x0000002d0dc00000)]
  0x000001440f66f200 JavaThread "Asynchronous log dispatcher for DefaultDaemonConnection: socket connection from /127.0.0.1:63660 to /127.0.0.1:63661" [_thread_blocked, id=27256, stack(0x0000002d0dc00000,0x0000002d0dd00000)]
  0x000001440f66e390 JavaThread "Stdin handler" [_thread_blocked, id=27260, stack(0x0000002d0dd00000,0x0000002d0de00000)]
  0x000001440f66f6d0 JavaThread "Daemon client event forwarder" [_thread_blocked, id=27264, stack(0x0000002d0de00000,0x0000002d0df00000)]
  0x000001440f66dec0 JavaThread "Cache worker for journal cache (C:\Users\Mohan NS\.gradle\caches\journal-1)" [_thread_blocked, id=27316, stack(0x0000002d0df00000,0x0000002d0e000000)]
  0x000001440f66e860 JavaThread "File lock request listener" [_thread_in_native, id=27344, stack(0x0000002d0e000000,0x0000002d0e100000)]
  0x000001440f66ed30 JavaThread "File lock release action executor" [_thread_blocked, id=27540, stack(0x0000002d0e100000,0x0000002d0e200000)]
  0x000001440f670070 JavaThread "Cache worker for file hash cache (C:\Users\Mohan NS\.gradle\caches\8.5\fileHashes)" [_thread_blocked, id=27596, stack(0x0000002d0e200000,0x0000002d0e300000)]
  0x000001440f66d520 JavaThread "File watcher server" daemon [_thread_in_native, id=27360, stack(0x0000002d0e300000,0x0000002d0e400000)]
  0x000001440f66d9f0 JavaThread "File watcher consumer" daemon [_thread_blocked, id=27276, stack(0x0000002d0e400000,0x0000002d0e500000)]
  0x000001447e0b4890 JavaThread "Cache worker for checksums cache (C:\Users\Mohan NS\Desktop\BlindApp-UI\.gradle\8.5\checksums)" [_thread_blocked, id=26544, stack(0x0000002d0e800000,0x0000002d0e900000)]
  0x000001447e0b3a20 JavaThread "Cache worker for file hash cache (C:\Users\Mohan NS\Desktop\BlindApp-UI\.gradle\8.5\fileHashes)" [_thread_blocked, id=26228, stack(0x0000002d0e900000,0x0000002d0ea00000)]
  0x000001447e0b5700 JavaThread "Cache worker for cache directory md-supplier (C:\Users\Mohan NS\.gradle\caches\8.5\md-supplier)" [_thread_blocked, id=26224, stack(0x0000002d0ea00000,0x0000002d0eb00000)]
  0x000001447e0b4d60 JavaThread "Cache worker for cache directory md-rule (C:\Users\Mohan NS\.gradle\caches\8.5\md-rule)" [_thread_blocked, id=19996, stack(0x0000002d0eb00000,0x0000002d0ec00000)]
  0x000001447e0b60a0 JavaThread "Cache worker for file content cache (C:\Users\Mohan NS\.gradle\caches\8.5\fileContent)" [_thread_blocked, id=25884, stack(0x0000002d0ec00000,0x0000002d0ed00000)]
  0x000001447e0b43c0 JavaThread "Daemon Thread 2" [_thread_new, id=26280, stack(0x0000000000000000,0x0000000000000000)]

Other Threads:
  0x000001447d0d3320 VMThread "VM Thread" [stack: 0x0000002d0c300000,0x0000002d0c400000] [id=25684]
  0x000001447ddc8560 WatcherThread [stack: 0x0000002d0cf00000,0x0000002d0d000000] [id=25852]
  0x000001446f9489c0 GCTaskThread "GC Thread#0" [stack: 0x0000002d0be00000,0x0000002d0bf00000] [id=25648]
  0x000001447e87d3e0 GCTaskThread "GC Thread#1" [stack: 0x0000002d0d000000,0x0000002d0d100000] [id=26096]
  0x000001447e6a0af0 GCTaskThread "GC Thread#2" [stack: 0x0000002d0d100000,0x0000002d0d200000] [id=26100]
  0x000001447e6a0da0 GCTaskThread "GC Thread#3" [stack: 0x0000002d0d200000,0x0000002d0d300000] [id=26104]
  0x000001447e70c360 GCTaskThread "GC Thread#4" [stack: 0x0000002d0d300000,0x0000002d0d400000] [id=26108]
  0x000001447e70c610 GCTaskThread "GC Thread#5" [stack: 0x0000002d0d400000,0x0000002d0d500000] [id=26112]
  0x000001440f0398c0 GCTaskThread "GC Thread#6" [stack: 0x0000002d0e500000,0x0000002d0e600000] [id=18728]
  0x000001440f038b50 GCTaskThread "GC Thread#7" [stack: 0x0000002d0e600000,0x0000002d0e700000] [id=16184]
  0x000001446f94d800 ConcurrentGCThread "G1 Main Marker" [stack: 0x0000002d0bf00000,0x0000002d0c000000] [id=25652]
  0x000001446f7fa130 ConcurrentGCThread "G1 Conc#0" [stack: 0x0000002d0c000000,0x0000002d0c100000] [id=25656]
  0x000001440f0388a0 ConcurrentGCThread "G1 Conc#1" [stack: 0x0000002d0e700000,0x0000002d0e800000] [id=23876]
  0x000001446f9deb50 ConcurrentGCThread "G1 Refine#0" [stack: 0x0000002d0c100000,0x0000002d0c200000] [id=25660]
  0x000001447cf948d0 ConcurrentGCThread "G1 Service" [stack: 0x0000002d0c200000,0x0000002d0c300000] [id=25664]

Threads with active compile tasks:
C2 CompilerThread0    17454 2951   !   4       java.net.URL::<init> (543 bytes)

VM state: not at safepoint (normal execution)

VM Mutex/Monitor currently owned by a thread: None

Heap address: 0x00000000e0000000, size: 512 MB, Compressed Oops mode: 32-bit

CDS archive(s) mapped at: [0x0000000800000000-0x0000000800bc0000-0x0000000800bc0000), size 12320768, SharedBaseAddress: 0x0000000800000000, ArchiveRelocationMode: 0.
Compressed class space mapped at: 0x0000000800c00000-0x0000000814000000, reserved size: 322961408
Narrow klass base: 0x0000000800000000, Narrow klass shift: 0, Narrow klass range: 0x100000000

GC Precious Log:
 CPUs: 8 total, 8 available
 Memory: 16029M
 Large Page Support: Disabled
 NUMA Support: Disabled
 Compressed Oops: Enabled (32-bit)
 Heap Region Size: 1M
 Heap Min Capacity: 256M
 Heap Initial Capacity: 256M
 Heap Max Capacity: 512M
 Pre-touch: Disabled
 Parallel Workers: 8
 Concurrent Workers: 2
 Concurrent Refinement Workers: 8
 Periodic GC: Disabled

Heap:
 garbage-first heap   total 262144K, used 42092K [0x00000000e0000000, 0x0000000100000000)
  region size 1024K, 32 young (32768K), 12 survivors (12288K)
 Metaspace       used 23240K, committed 23488K, reserved 339968K
  class space    used 3463K, committed 3584K, reserved 315392K

Heap Regions: E=young(eden), S=young(survivor), O=old, HS=humongous(starts), HC=humongous(continues), CS=collection set, F=free, OA=open archive, CA=closed archive, TAMS=top-at-mark-start (previous, next)
|   0|0x00000000e0000000, 0x00000000e0100000, 0x00000000e0100000|100%|HS|  |TAMS 0x00000000e0100000, 0x00000000e0000000| Complete 
|   1|0x00000000e0100000, 0x00000000e0200000, 0x00000000e0200000|100%|HC|  |TAMS 0x00000000e0200000, 0x00000000e0100000| Complete 
|   2|0x00000000e0200000, 0x00000000e0300000, 0x00000000e0300000|100%|HC|  |TAMS 0x00000000e0300000, 0x00000000e0200000| Complete 
|   3|0x00000000e0300000, 0x00000000e0400000, 0x00000000e0400000|100%|HC|  |TAMS 0x00000000e0400000, 0x00000000e0300000| Complete 
|   4|0x00000000e0400000, 0x00000000e0500000, 0x00000000e0500000|100%| O|  |TAMS 0x00000000e0500000, 0x00000000e0400000| Untracked 
|   5|0x00000000e0500000, 0x00000000e0600000, 0x00000000e0600000|100%| O|  |TAMS 0x00000000e0600000, 0x00000000e0500000| Untracked 
|   6|0x00000000e0600000, 0x00000000e0700000, 0x00000000e0700000|100%| O|  |TAMS 0x00000000e0700000, 0x00000000e0600000| Untracked 
|   7|0x00000000e0700000, 0x00000000e0800000, 0x00000000e0800000|100%| O|  |TAMS 0x00000000e0800000, 0x00000000e0700000| Untracked 
|   8|0x00000000e0800000, 0x00000000e0900000, 0x00000000e0900000|100%| O|  |TAMS 0x00000000e0900000, 0x00000000e0800000| Untracked 
|   9|0x00000000e0900000, 0x00000000e0a00000, 0x00000000e0a00000|100%| O|  |TAMS 0x00000000e0a00000, 0x00000000e0900000| Untracked 
|  10|0x00000000e0a00000, 0x00000000e0ad3000, 0x00000000e0b00000| 82%| O|  |TAMS 0x00000000e0ad3000, 0x00000000e0a00000| Untracked 
|  11|0x00000000e0b00000, 0x00000000e0b00000, 0x00000000e0c00000|  0%| F|  |TAMS 0x00000000e0b00000, 0x00000000e0b00000| Untracked 
|  12|0x00000000e0c00000, 0x00000000e0c00000, 0x00000000e0d00000|  0%| F|  |TAMS 0x00000000e0c00000, 0x00000000e0c00000| Untracked 
|  13|0x00000000e0d00000, 0x00000000e0d00000, 0x00000000e0e00000|  0%| F|  |TAMS 0x00000000e0d00000, 0x00000000e0d00000| Untracked 
|  14|0x00000000e0e00000, 0x00000000e0e00000, 0x00000000e0f00000|  0%| F|  |TAMS 0x00000000e0e00000, 0x00000000e0e00000| Untracked 
|  15|0x00000000e0f00000, 0x00000000e0f00000, 0x00000000e1000000|  0%| F|  |TAMS 0x00000000e0f00000, 0x00000000e0f00000| Untracked 
|  16|0x00000000e1000000, 0x00000000e1000000, 0x00000000e1100000|  0%| F|  |TAMS 0x00000000e1000000, 0x00000000e1000000| Untracked 
|  17|0x00000000e1100000, 0x00000000e1100000, 0x00000000e1200000|  0%| F|  |TAMS 0x00000000e1100000, 0x00000000e1100000| Untracked 
|  18|0x00000000e1200000, 0x00000000e1200000, 0x00000000e1300000|  0%| F|  |TAMS 0x00000000e1200000, 0x00000000e1200000| Untracked 
|  19|0x00000000e1300000, 0x00000000e1300000, 0x00000000e1400000|  0%| F|  |TAMS 0x00000000e1300000, 0x00000000e1300000| Untracked 
|  20|0x00000000e1400000, 0x00000000e1400000, 0x00000000e1500000|  0%| F|  |TAMS 0x00000000e1400000, 0x00000000e1400000| Untracked 
|  21|0x00000000e1500000, 0x00000000e1500000, 0x00000000e1600000|  0%| F|  |TAMS 0x00000000e1500000, 0x00000000e1500000| Untracked 
|  22|0x00000000e1600000, 0x00000000e1600000, 0x00000000e1700000|  0%| F|  |TAMS 0x00000000e1600000, 0x00000000e1600000| Untracked 
|  23|0x00000000e1700000, 0x00000000e1700000, 0x00000000e1800000|  0%| F|  |TAMS 0x00000000e1700000, 0x00000000e1700000| Untracked 
|  24|0x00000000e1800000, 0x00000000e1800000, 0x00000000e1900000|  0%| F|  |TAMS 0x00000000e1800000, 0x00000000e1800000| Untracked 
|  25|0x00000000e1900000, 0x00000000e1900000, 0x00000000e1a00000|  0%| F|  |TAMS 0x00000000e1900000, 0x00000000e1900000| Untracked 
|  26|0x00000000e1a00000, 0x00000000e1a00000, 0x00000000e1b00000|  0%| F|  |TAMS 0x00000000e1a00000, 0x00000000e1a00000| Untracked 
|  27|0x00000000e1b00000, 0x00000000e1b00000, 0x00000000e1c00000|  0%| F|  |TAMS 0x00000000e1b00000, 0x00000000e1b00000| Untracked 
|  28|0x00000000e1c00000, 0x00000000e1c00000, 0x00000000e1d00000|  0%| F|  |TAMS 0x00000000e1c00000, 0x00000000e1c00000| Untracked 
|  29|0x00000000e1d00000, 0x00000000e1d00000, 0x00000000e1e00000|  0%| F|  |TAMS 0x00000000e1d00000, 0x00000000e1d00000| Untracked 
|  30|0x00000000e1e00000, 0x00000000e1e00000, 0x00000000e1f00000|  0%| F|  |TAMS 0x00000000e1e00000, 0x00000000e1e00000| Untracked 
|  31|0x00000000e1f00000, 0x00000000e1f00000, 0x00000000e2000000|  0%| F|  |TAMS 0x00000000e1f00000, 0x00000000e1f00000| Untracked 
|  32|0x00000000e2000000, 0x00000000e2000000, 0x00000000e2100000|  0%| F|  |TAMS 0x00000000e2000000, 0x00000000e2000000| Untracked 
|  33|0x00000000e2100000, 0x00000000e2100000, 0x00000000e2200000|  0%| F|  |TAMS 0x00000000e2100000, 0x00000000e2100000| Untracked 
|  34|0x00000000e2200000, 0x00000000e2200000, 0x00000000e2300000|  0%| F|  |TAMS 0x00000000e2200000, 0x00000000e2200000| Untracked 
|  35|0x00000000e2300000, 0x00000000e2300000, 0x00000000e2400000|  0%| F|  |TAMS 0x00000000e2300000, 0x00000000e2300000| Untracked 
|  36|0x00000000e2400000, 0x00000000e2400000, 0x00000000e2500000|  0%| F|  |TAMS 0x00000000e2400000, 0x00000000e2400000| Untracked 
|  37|0x00000000e2500000, 0x00000000e2500000, 0x00000000e2600000|  0%| F|  |TAMS 0x00000000e2500000, 0x00000000e2500000| Untracked 
|  38|0x00000000e2600000, 0x00000000e2600000, 0x00000000e2700000|  0%| F|  |TAMS 0x00000000e2600000, 0x00000000e2600000| Untracked 
|  39|0x00000000e2700000, 0x00000000e2700000, 0x00000000e2800000|  0%| F|  |TAMS 0x00000000e2700000, 0x00000000e2700000| Untracked 
|  40|0x00000000e2800000, 0x00000000e2800000, 0x00000000e2900000|  0%| F|  |TAMS 0x00000000e2800000, 0x00000000e2800000| Untracked 
|  41|0x00000000e2900000, 0x00000000e2900000, 0x00000000e2a00000|  0%| F|  |TAMS 0x00000000e2900000, 0x00000000e2900000| Untracked 
|  42|0x00000000e2a00000, 0x00000000e2a00000, 0x00000000e2b00000|  0%| F|  |TAMS 0x00000000e2a00000, 0x00000000e2a00000| Untracked 
|  43|0x00000000e2b00000, 0x00000000e2b00000, 0x00000000e2c00000|  0%| F|  |TAMS 0x00000000e2b00000, 0x00000000e2b00000| Untracked 
|  44|0x00000000e2c00000, 0x00000000e2c00000, 0x00000000e2d00000|  0%| F|  |TAMS 0x00000000e2c00000, 0x00000000e2c00000| Untracked 
|  45|0x00000000e2d00000, 0x00000000e2d00000, 0x00000000e2e00000|  0%| F|  |TAMS 0x00000000e2d00000, 0x00000000e2d00000| Untracked 
|  46|0x00000000e2e00000, 0x00000000e2e00000, 0x00000000e2f00000|  0%| F|  |TAMS 0x00000000e2e00000, 0x00000000e2e00000| Untracked 
|  47|0x00000000e2f00000, 0x00000000e2f00000, 0x00000000e3000000|  0%| F|  |TAMS 0x00000000e2f00000, 0x00000000e2f00000| Untracked 
|  48|0x00000000e3000000, 0x00000000e3000000, 0x00000000e3100000|  0%| F|  |TAMS 0x00000000e3000000, 0x00000000e3000000| Untracked 
|  49|0x00000000e3100000, 0x00000000e3100000, 0x00000000e3200000|  0%| F|  |TAMS 0x00000000e3100000, 0x00000000e3100000| Untracked 
|  50|0x00000000e3200000, 0x00000000e3200000, 0x00000000e3300000|  0%| F|  |TAMS 0x00000000e3200000, 0x00000000e3200000| Untracked 
|  51|0x00000000e3300000, 0x00000000e3300000, 0x00000000e3400000|  0%| F|  |TAMS 0x00000000e3300000, 0x00000000e3300000| Untracked 
|  52|0x00000000e3400000, 0x00000000e3400000, 0x00000000e3500000|  0%| F|  |TAMS 0x00000000e3400000, 0x00000000e3400000| Untracked 
|  53|0x00000000e3500000, 0x00000000e3500000, 0x00000000e3600000|  0%| F|  |TAMS 0x00000000e3500000, 0x00000000e3500000| Untracked 
|  54|0x00000000e3600000, 0x00000000e3600000, 0x00000000e3700000|  0%| F|  |TAMS 0x00000000e3600000, 0x00000000e3600000| Untracked 
|  55|0x00000000e3700000, 0x00000000e3700000, 0x00000000e3800000|  0%| F|  |TAMS 0x00000000e3700000, 0x00000000e3700000| Untracked 
|  56|0x00000000e3800000, 0x00000000e3800000, 0x00000000e3900000|  0%| F|  |TAMS 0x00000000e3800000, 0x00000000e3800000| Untracked 
|  57|0x00000000e3900000, 0x00000000e3900000, 0x00000000e3a00000|  0%| F|  |TAMS 0x00000000e3900000, 0x00000000e3900000| Untracked 
|  58|0x00000000e3a00000, 0x00000000e3a00000, 0x00000000e3b00000|  0%| F|  |TAMS 0x00000000e3a00000, 0x00000000e3a00000| Untracked 
|  59|0x00000000e3b00000, 0x00000000e3b00000, 0x00000000e3c00000|  0%| F|  |TAMS 0x00000000e3b00000, 0x00000000e3b00000| Untracked 
|  60|0x00000000e3c00000, 0x00000000e3c00000, 0x00000000e3d00000|  0%| F|  |TAMS 0x00000000e3c00000, 0x00000000e3c00000| Untracked 
|  61|0x00000000e3d00000, 0x00000000e3d00000, 0x00000000e3e00000|  0%| F|  |TAMS 0x00000000e3d00000, 0x00000000e3d00000| Untracked 
|  62|0x00000000e3e00000, 0x00000000e3e00000, 0x00000000e3f00000|  0%| F|  |TAMS 0x00000000e3e00000, 0x00000000e3e00000| Untracked 
|  63|0x00000000e3f00000, 0x00000000e3f00000, 0x00000000e4000000|  0%| F|  |TAMS 0x00000000e3f00000, 0x00000000e3f00000| Untracked 
|  64|0x00000000e4000000, 0x00000000e4000000, 0x00000000e4100000|  0%| F|  |TAMS 0x00000000e4000000, 0x00000000e4000000| Untracked 
|  65|0x00000000e4100000, 0x00000000e4100000, 0x00000000e4200000|  0%| F|  |TAMS 0x00000000e4100000, 0x00000000e4100000| Untracked 
|  66|0x00000000e4200000, 0x00000000e4200000, 0x00000000e4300000|  0%| F|  |TAMS 0x00000000e4200000, 0x00000000e4200000| Untracked 
|  67|0x00000000e4300000, 0x00000000e4300000, 0x00000000e4400000|  0%| F|  |TAMS 0x00000000e4300000, 0x00000000e4300000| Untracked 
|  68|0x00000000e4400000, 0x00000000e4400000, 0x00000000e4500000|  0%| F|  |TAMS 0x00000000e4400000, 0x00000000e4400000| Untracked 
|  69|0x00000000e4500000, 0x00000000e4500000, 0x00000000e4600000|  0%| F|  |TAMS 0x00000000e4500000, 0x00000000e4500000| Untracked 
|  70|0x00000000e4600000, 0x00000000e4600000, 0x00000000e4700000|  0%| F|  |TAMS 0x00000000e4600000, 0x00000000e4600000| Untracked 
|  71|0x00000000e4700000, 0x00000000e4700000, 0x00000000e4800000|  0%| F|  |TAMS 0x00000000e4700000, 0x00000000e4700000| Untracked 
|  72|0x00000000e4800000, 0x00000000e4800000, 0x00000000e4900000|  0%| F|  |TAMS 0x00000000e4800000, 0x00000000e4800000| Untracked 
|  73|0x00000000e4900000, 0x00000000e4900000, 0x00000000e4a00000|  0%| F|  |TAMS 0x00000000e4900000, 0x00000000e4900000| Untracked 
|  74|0x00000000e4a00000, 0x00000000e4a00000, 0x00000000e4b00000|  0%| F|  |TAMS 0x00000000e4a00000, 0x00000000e4a00000| Untracked 
|  75|0x00000000e4b00000, 0x00000000e4b00000, 0x00000000e4c00000|  0%| F|  |TAMS 0x00000000e4b00000, 0x00000000e4b00000| Untracked 
|  76|0x00000000e4c00000, 0x00000000e4c00000, 0x00000000e4d00000|  0%| F|  |TAMS 0x00000000e4c00000, 0x00000000e4c00000| Untracked 
|  77|0x00000000e4d00000, 0x00000000e4d00000, 0x00000000e4e00000|  0%| F|  |TAMS 0x00000000e4d00000, 0x00000000e4d00000| Untracked 
|  78|0x00000000e4e00000, 0x00000000e4e00000, 0x00000000e4f00000|  0%| F|  |TAMS 0x00000000e4e00000, 0x00000000e4e00000| Untracked 
|  79|0x00000000e4f00000, 0x00000000e4f00000, 0x00000000e5000000|  0%| F|  |TAMS 0x00000000e4f00000, 0x00000000e4f00000| Untracked 
|  80|0x00000000e5000000, 0x00000000e5000000, 0x00000000e5100000|  0%| F|  |TAMS 0x00000000e5000000, 0x00000000e5000000| Untracked 
|  81|0x00000000e5100000, 0x00000000e5100000, 0x00000000e5200000|  0%| F|  |TAMS 0x00000000e5100000, 0x00000000e5100000| Untracked 
|  82|0x00000000e5200000, 0x00000000e5200000, 0x00000000e5300000|  0%| F|  |TAMS 0x00000000e5200000, 0x00000000e5200000| Untracked 
|  83|0x00000000e5300000, 0x00000000e5300000, 0x00000000e5400000|  0%| F|  |TAMS 0x00000000e5300000, 0x00000000e5300000| Untracked 
|  84|0x00000000e5400000, 0x00000000e5400000, 0x00000000e5500000|  0%| F|  |TAMS 0x00000000e5400000, 0x00000000e5400000| Untracked 
|  85|0x00000000e5500000, 0x00000000e5500000, 0x00000000e5600000|  0%| F|  |TAMS 0x00000000e5500000, 0x00000000e5500000| Untracked 
|  86|0x00000000e5600000, 0x00000000e5600000, 0x00000000e5700000|  0%| F|  |TAMS 0x00000000e5600000, 0x00000000e5600000| Untracked 
|  87|0x00000000e5700000, 0x00000000e5700000, 0x00000000e5800000|  0%| F|  |TAMS 0x00000000e5700000, 0x00000000e5700000| Untracked 
|  88|0x00000000e5800000, 0x00000000e5800000, 0x00000000e5900000|  0%| F|  |TAMS 0x00000000e5800000, 0x00000000e5800000| Untracked 
|  89|0x00000000e5900000, 0x00000000e5900000, 0x00000000e5a00000|  0%| F|  |TAMS 0x00000000e5900000, 0x00000000e5900000| Untracked 
|  90|0x00000000e5a00000, 0x00000000e5a00000, 0x00000000e5b00000|  0%| F|  |TAMS 0x00000000e5a00000, 0x00000000e5a00000| Untracked 
|  91|0x00000000e5b00000, 0x00000000e5b00000, 0x00000000e5c00000|  0%| F|  |TAMS 0x00000000e5b00000, 0x00000000e5b00000| Untracked 
|  92|0x00000000e5c00000, 0x00000000e5c00000, 0x00000000e5d00000|  0%| F|  |TAMS 0x00000000e5c00000, 0x00000000e5c00000| Untracked 
|  93|0x00000000e5d00000, 0x00000000e5d00000, 0x00000000e5e00000|  0%| F|  |TAMS 0x00000000e5d00000, 0x00000000e5d00000| Untracked 
|  94|0x00000000e5e00000, 0x00000000e5e00000, 0x00000000e5f00000|  0%| F|  |TAMS 0x00000000e5e00000, 0x00000000e5e00000| Untracked 
|  95|0x00000000e5f00000, 0x00000000e5f00000, 0x00000000e6000000|  0%| F|  |TAMS 0x00000000e5f00000, 0x00000000e5f00000| Untracked 
|  96|0x00000000e6000000, 0x00000000e6000000, 0x00000000e6100000|  0%| F|  |TAMS 0x00000000e6000000, 0x00000000e6000000| Untracked 
|  97|0x00000000e6100000, 0x00000000e6100000, 0x00000000e6200000|  0%| F|  |TAMS 0x00000000e6100000, 0x00000000e6100000| Untracked 
|  98|0x00000000e6200000, 0x00000000e6200000, 0x00000000e6300000|  0%| F|  |TAMS 0x00000000e6200000, 0x00000000e6200000| Untracked 
|  99|0x00000000e6300000, 0x00000000e6300000, 0x00000000e6400000|  0%| F|  |TAMS 0x00000000e6300000, 0x00000000e6300000| Untracked 
| 100|0x00000000e6400000, 0x00000000e6400000, 0x00000000e6500000|  0%| F|  |TAMS 0x00000000e6400000, 0x00000000e6400000| Untracked 
| 101|0x00000000e6500000, 0x00000000e6500000, 0x00000000e6600000|  0%| F|  |TAMS 0x00000000e6500000, 0x00000000e6500000| Untracked 
| 102|0x00000000e6600000, 0x00000000e6600000, 0x00000000e6700000|  0%| F|  |TAMS 0x00000000e6600000, 0x00000000e6600000| Untracked 
| 103|0x00000000e6700000, 0x00000000e6700000, 0x00000000e6800000|  0%| F|  |TAMS 0x00000000e6700000, 0x00000000e6700000| Untracked 
| 104|0x00000000e6800000, 0x00000000e6800000, 0x00000000e6900000|  0%| F|  |TAMS 0x00000000e6800000, 0x00000000e6800000| Untracked 
| 105|0x00000000e6900000, 0x00000000e6900000, 0x00000000e6a00000|  0%| F|  |TAMS 0x00000000e6900000, 0x00000000e6900000| Untracked 
| 106|0x00000000e6a00000, 0x00000000e6a00000, 0x00000000e6b00000|  0%| F|  |TAMS 0x00000000e6a00000, 0x00000000e6a00000| Untracked 
| 107|0x00000000e6b00000, 0x00000000e6b00000, 0x00000000e6c00000|  0%| F|  |TAMS 0x00000000e6b00000, 0x00000000e6b00000| Untracked 
| 108|0x00000000e6c00000, 0x00000000e6c00000, 0x00000000e6d00000|  0%| F|  |TAMS 0x00000000e6c00000, 0x00000000e6c00000| Untracked 
| 109|0x00000000e6d00000, 0x00000000e6d00000, 0x00000000e6e00000|  0%| F|  |TAMS 0x00000000e6d00000, 0x00000000e6d00000| Untracked 
| 110|0x00000000e6e00000, 0x00000000e6e00000, 0x00000000e6f00000|  0%| F|  |TAMS 0x00000000e6e00000, 0x00000000e6e00000| Untracked 
| 111|0x00000000e6f00000, 0x00000000e6f00000, 0x00000000e7000000|  0%| F|  |TAMS 0x00000000e6f00000, 0x00000000e6f00000| Untracked 
| 112|0x00000000e7000000, 0x00000000e7000000, 0x00000000e7100000|  0%| F|  |TAMS 0x00000000e7000000, 0x00000000e7000000| Untracked 
| 113|0x00000000e7100000, 0x00000000e7100000, 0x00000000e7200000|  0%| F|  |TAMS 0x00000000e7100000, 0x00000000e7100000| Untracked 
| 114|0x00000000e7200000, 0x00000000e7200000, 0x00000000e7300000|  0%| F|  |TAMS 0x00000000e7200000, 0x00000000e7200000| Untracked 
| 115|0x00000000e7300000, 0x00000000e7300000, 0x00000000e7400000|  0%| F|  |TAMS 0x00000000e7300000, 0x00000000e7300000| Untracked 
| 116|0x00000000e7400000, 0x00000000e7400000, 0x00000000e7500000|  0%| F|  |TAMS 0x00000000e7400000, 0x00000000e7400000| Untracked 
| 117|0x00000000e7500000, 0x00000000e7500000, 0x00000000e7600000|  0%| F|  |TAMS 0x00000000e7500000, 0x00000000e7500000| Untracked 
| 118|0x00000000e7600000, 0x00000000e7600000, 0x00000000e7700000|  0%| F|  |TAMS 0x00000000e7600000, 0x00000000e7600000| Untracked 
| 119|0x00000000e7700000, 0x00000000e7700000, 0x00000000e7800000|  0%| F|  |TAMS 0x00000000e7700000, 0x00000000e7700000| Untracked 
| 120|0x00000000e7800000, 0x00000000e7800000, 0x00000000e7900000|  0%| F|  |TAMS 0x00000000e7800000, 0x00000000e7800000| Untracked 
| 121|0x00000000e7900000, 0x00000000e7900000, 0x00000000e7a00000|  0%| F|  |TAMS 0x00000000e7900000, 0x00000000e7900000| Untracked 
| 122|0x00000000e7a00000, 0x00000000e7a00000, 0x00000000e7b00000|  0%| F|  |TAMS 0x00000000e7a00000, 0x00000000e7a00000| Untracked 
| 123|0x00000000e7b00000, 0x00000000e7b00000, 0x00000000e7c00000|  0%| F|  |TAMS 0x00000000e7b00000, 0x00000000e7b00000| Untracked 
| 124|0x00000000e7c00000, 0x00000000e7c482b0, 0x00000000e7d00000| 28%| S|CS|TAMS 0x00000000e7c00000, 0x00000000e7c00000| Complete 
| 125|0x00000000e7d00000, 0x00000000e7e00000, 0x00000000e7e00000|100%| S|CS|TAMS 0x00000000e7d00000, 0x00000000e7d00000| Complete 
| 126|0x00000000e7e00000, 0x00000000e7f00000, 0x00000000e7f00000|100%| S|CS|TAMS 0x00000000e7e00000, 0x00000000e7e00000| Complete 
| 127|0x00000000e7f00000, 0x00000000e8000000, 0x00000000e8000000|100%| S|CS|TAMS 0x00000000e7f00000, 0x00000000e7f00000| Complete 
| 128|0x00000000e8000000, 0x00000000e8100000, 0x00000000e8100000|100%| S|CS|TAMS 0x00000000e8000000, 0x00000000e8000000| Complete 
| 129|0x00000000e8100000, 0x00000000e8200000, 0x00000000e8200000|100%| S|CS|TAMS 0x00000000e8100000, 0x00000000e8100000| Complete 
| 130|0x00000000e8200000, 0x00000000e8300000, 0x00000000e8300000|100%| S|CS|TAMS 0x00000000e8200000, 0x00000000e8200000| Complete 
| 131|0x00000000e8300000, 0x00000000e8400000, 0x00000000e8400000|100%| S|CS|TAMS 0x00000000e8300000, 0x00000000e8300000| Complete 
| 132|0x00000000e8400000, 0x00000000e8500000, 0x00000000e8500000|100%| S|CS|TAMS 0x00000000e8400000, 0x00000000e8400000| Complete 
| 133|0x00000000e8500000, 0x00000000e8600000, 0x00000000e8600000|100%| S|CS|TAMS 0x00000000e8500000, 0x00000000e8500000| Complete 
| 134|0x00000000e8600000, 0x00000000e8700000, 0x00000000e8700000|100%| S|CS|TAMS 0x00000000e8600000, 0x00000000e8600000| Complete 
| 135|0x00000000e8700000, 0x00000000e8800000, 0x00000000e8800000|100%| S|CS|TAMS 0x00000000e8700000, 0x00000000e8700000| Complete 
| 136|0x00000000e8800000, 0x00000000e8800000, 0x00000000e8900000|  0%| F|  |TAMS 0x00000000e8800000, 0x00000000e8800000| Untracked 
| 137|0x00000000e8900000, 0x00000000e8900000, 0x00000000e8a00000|  0%| F|  |TAMS 0x00000000e8900000, 0x00000000e8900000| Untracked 
| 138|0x00000000e8a00000, 0x00000000e8a00000, 0x00000000e8b00000|  0%| F|  |TAMS 0x00000000e8a00000, 0x00000000e8a00000| Untracked 
| 139|0x00000000e8b00000, 0x00000000e8b00000, 0x00000000e8c00000|  0%| F|  |TAMS 0x00000000e8b00000, 0x00000000e8b00000| Untracked 
| 140|0x00000000e8c00000, 0x00000000e8c00000, 0x00000000e8d00000|  0%| F|  |TAMS 0x00000000e8c00000, 0x00000000e8c00000| Untracked 
| 141|0x00000000e8d00000, 0x00000000e8d00000, 0x00000000e8e00000|  0%| F|  |TAMS 0x00000000e8d00000, 0x00000000e8d00000| Untracked 
| 142|0x00000000e8e00000, 0x00000000e8e00000, 0x00000000e8f00000|  0%| F|  |TAMS 0x00000000e8e00000, 0x00000000e8e00000| Untracked 
| 143|0x00000000e8f00000, 0x00000000e8f00000, 0x00000000e9000000|  0%| F|  |TAMS 0x00000000e8f00000, 0x00000000e8f00000| Untracked 
| 144|0x00000000e9000000, 0x00000000e9000000, 0x00000000e9100000|  0%| F|  |TAMS 0x00000000e9000000, 0x00000000e9000000| Untracked 
| 145|0x00000000e9100000, 0x00000000e9100000, 0x00000000e9200000|  0%| F|  |TAMS 0x00000000e9100000, 0x00000000e9100000| Untracked 
| 146|0x00000000e9200000, 0x00000000e9200000, 0x00000000e9300000|  0%| F|  |TAMS 0x00000000e9200000, 0x00000000e9200000| Untracked 
| 147|0x00000000e9300000, 0x00000000e9300000, 0x00000000e9400000|  0%| F|  |TAMS 0x00000000e9300000, 0x00000000e9300000| Untracked 
| 148|0x00000000e9400000, 0x00000000e9400000, 0x00000000e9500000|  0%| F|  |TAMS 0x00000000e9400000, 0x00000000e9400000| Untracked 
| 149|0x00000000e9500000, 0x00000000e9500000, 0x00000000e9600000|  0%| F|  |TAMS 0x00000000e9500000, 0x00000000e9500000| Untracked 
| 150|0x00000000e9600000, 0x00000000e9600000, 0x00000000e9700000|  0%| F|  |TAMS 0x00000000e9600000, 0x00000000e9600000| Untracked 
| 151|0x00000000e9700000, 0x00000000e9700000, 0x00000000e9800000|  0%| F|  |TAMS 0x00000000e9700000, 0x00000000e9700000| Untracked 
| 152|0x00000000e9800000, 0x00000000e9800000, 0x00000000e9900000|  0%| F|  |TAMS 0x00000000e9800000, 0x00000000e9800000| Untracked 
| 153|0x00000000e9900000, 0x00000000e9900000, 0x00000000e9a00000|  0%| F|  |TAMS 0x00000000e9900000, 0x00000000e9900000| Untracked 
| 154|0x00000000e9a00000, 0x00000000e9a00000, 0x00000000e9b00000|  0%| F|  |TAMS 0x00000000e9a00000, 0x00000000e9a00000| Untracked 
| 155|0x00000000e9b00000, 0x00000000e9b00000, 0x00000000e9c00000|  0%| F|  |TAMS 0x00000000e9b00000, 0x00000000e9b00000| Untracked 
| 156|0x00000000e9c00000, 0x00000000e9c00000, 0x00000000e9d00000|  0%| F|  |TAMS 0x00000000e9c00000, 0x00000000e9c00000| Untracked 
| 157|0x00000000e9d00000, 0x00000000e9d00000, 0x00000000e9e00000|  0%| F|  |TAMS 0x00000000e9d00000, 0x00000000e9d00000| Untracked 
| 158|0x00000000e9e00000, 0x00000000e9e00000, 0x00000000e9f00000|  0%| F|  |TAMS 0x00000000e9e00000, 0x00000000e9e00000| Untracked 
| 159|0x00000000e9f00000, 0x00000000e9f00000, 0x00000000ea000000|  0%| F|  |TAMS 0x00000000e9f00000, 0x00000000e9f00000| Untracked 
| 160|0x00000000ea000000, 0x00000000ea000000, 0x00000000ea100000|  0%| F|  |TAMS 0x00000000ea000000, 0x00000000ea000000| Untracked 
| 161|0x00000000ea100000, 0x00000000ea100000, 0x00000000ea200000|  0%| F|  |TAMS 0x00000000ea100000, 0x00000000ea100000| Untracked 
| 162|0x00000000ea200000, 0x00000000ea200000, 0x00000000ea300000|  0%| F|  |TAMS 0x00000000ea200000, 0x00000000ea200000| Untracked 
| 163|0x00000000ea300000, 0x00000000ea300000, 0x00000000ea400000|  0%| F|  |TAMS 0x00000000ea300000, 0x00000000ea300000| Untracked 
| 164|0x00000000ea400000, 0x00000000ea400000, 0x00000000ea500000|  0%| F|  |TAMS 0x00000000ea400000, 0x00000000ea400000| Untracked 
| 165|0x00000000ea500000, 0x00000000ea500000, 0x00000000ea600000|  0%| F|  |TAMS 0x00000000ea500000, 0x00000000ea500000| Untracked 
| 166|0x00000000ea600000, 0x00000000ea600000, 0x00000000ea700000|  0%| F|  |TAMS 0x00000000ea600000, 0x00000000ea600000| Untracked 
| 167|0x00000000ea700000, 0x00000000ea700000, 0x00000000ea800000|  0%| F|  |TAMS 0x00000000ea700000, 0x00000000ea700000| Untracked 
| 168|0x00000000ea800000, 0x00000000ea800000, 0x00000000ea900000|  0%| F|  |TAMS 0x00000000ea800000, 0x00000000ea800000| Untracked 
| 169|0x00000000ea900000, 0x00000000ea900000, 0x00000000eaa00000|  0%| F|  |TAMS 0x00000000ea900000, 0x00000000ea900000| Untracked 
| 170|0x00000000eaa00000, 0x00000000eaa00000, 0x00000000eab00000|  0%| F|  |TAMS 0x00000000eaa00000, 0x00000000eaa00000| Untracked 
| 171|0x00000000eab00000, 0x00000000eab00000, 0x00000000eac00000|  0%| F|  |TAMS 0x00000000eab00000, 0x00000000eab00000| Untracked 
| 172|0x00000000eac00000, 0x00000000eac00000, 0x00000000ead00000|  0%| F|  |TAMS 0x00000000eac00000, 0x00000000eac00000| Untracked 
| 173|0x00000000ead00000, 0x00000000ead00000, 0x00000000eae00000|  0%| F|  |TAMS 0x00000000ead00000, 0x00000000ead00000| Untracked 
| 174|0x00000000eae00000, 0x00000000eae00000, 0x00000000eaf00000|  0%| F|  |TAMS 0x00000000eae00000, 0x00000000eae00000| Untracked 
| 175|0x00000000eaf00000, 0x00000000eaf00000, 0x00000000eb000000|  0%| F|  |TAMS 0x00000000eaf00000, 0x00000000eaf00000| Untracked 
| 176|0x00000000eb000000, 0x00000000eb000000, 0x00000000eb100000|  0%| F|  |TAMS 0x00000000eb000000, 0x00000000eb000000| Untracked 
| 177|0x00000000eb100000, 0x00000000eb100000, 0x00000000eb200000|  0%| F|  |TAMS 0x00000000eb100000, 0x00000000eb100000| Untracked 
| 178|0x00000000eb200000, 0x00000000eb200000, 0x00000000eb300000|  0%| F|  |TAMS 0x00000000eb200000, 0x00000000eb200000| Untracked 
| 179|0x00000000eb300000, 0x00000000eb300000, 0x00000000eb400000|  0%| F|  |TAMS 0x00000000eb300000, 0x00000000eb300000| Untracked 
| 180|0x00000000eb400000, 0x00000000eb400000, 0x00000000eb500000|  0%| F|  |TAMS 0x00000000eb400000, 0x00000000eb400000| Untracked 
| 181|0x00000000eb500000, 0x00000000eb500000, 0x00000000eb600000|  0%| F|  |TAMS 0x00000000eb500000, 0x00000000eb500000| Untracked 
| 182|0x00000000eb600000, 0x00000000eb600000, 0x00000000eb700000|  0%| F|  |TAMS 0x00000000eb600000, 0x00000000eb600000| Untracked 
| 183|0x00000000eb700000, 0x00000000eb700000, 0x00000000eb800000|  0%| F|  |TAMS 0x00000000eb700000, 0x00000000eb700000| Untracked 
| 184|0x00000000eb800000, 0x00000000eb800000, 0x00000000eb900000|  0%| F|  |TAMS 0x00000000eb800000, 0x00000000eb800000| Untracked 
| 185|0x00000000eb900000, 0x00000000eb900000, 0x00000000eba00000|  0%| F|  |TAMS 0x00000000eb900000, 0x00000000eb900000| Untracked 
| 186|0x00000000eba00000, 0x00000000eba00000, 0x00000000ebb00000|  0%| F|  |TAMS 0x00000000eba00000, 0x00000000eba00000| Untracked 
| 187|0x00000000ebb00000, 0x00000000ebb00000, 0x00000000ebc00000|  0%| F|  |TAMS 0x00000000ebb00000, 0x00000000ebb00000| Untracked 
| 188|0x00000000ebc00000, 0x00000000ebc00000, 0x00000000ebd00000|  0%| F|  |TAMS 0x00000000ebc00000, 0x00000000ebc00000| Untracked 
| 189|0x00000000ebd00000, 0x00000000ebd00000, 0x00000000ebe00000|  0%| F|  |TAMS 0x00000000ebd00000, 0x00000000ebd00000| Untracked 
| 190|0x00000000ebe00000, 0x00000000ebe00000, 0x00000000ebf00000|  0%| F|  |TAMS 0x00000000ebe00000, 0x00000000ebe00000| Untracked 
| 191|0x00000000ebf00000, 0x00000000ebf00000, 0x00000000ec000000|  0%| F|  |TAMS 0x00000000ebf00000, 0x00000000ebf00000| Untracked 
| 192|0x00000000ec000000, 0x00000000ec000000, 0x00000000ec100000|  0%| F|  |TAMS 0x00000000ec000000, 0x00000000ec000000| Untracked 
| 193|0x00000000ec100000, 0x00000000ec100000, 0x00000000ec200000|  0%| F|  |TAMS 0x00000000ec100000, 0x00000000ec100000| Untracked 
| 194|0x00000000ec200000, 0x00000000ec200000, 0x00000000ec300000|  0%| F|  |TAMS 0x00000000ec200000, 0x00000000ec200000| Untracked 
| 195|0x00000000ec300000, 0x00000000ec300000, 0x00000000ec400000|  0%| F|  |TAMS 0x00000000ec300000, 0x00000000ec300000| Untracked 
| 196|0x00000000ec400000, 0x00000000ec400000, 0x00000000ec500000|  0%| F|  |TAMS 0x00000000ec400000, 0x00000000ec400000| Untracked 
| 197|0x00000000ec500000, 0x00000000ec500000, 0x00000000ec600000|  0%| F|  |TAMS 0x00000000ec500000, 0x00000000ec500000| Untracked 
| 198|0x00000000ec600000, 0x00000000ec600000, 0x00000000ec700000|  0%| F|  |TAMS 0x00000000ec600000, 0x00000000ec600000| Untracked 
| 199|0x00000000ec700000, 0x00000000ec700000, 0x00000000ec800000|  0%| F|  |TAMS 0x00000000ec700000, 0x00000000ec700000| Untracked 
| 200|0x00000000ec800000, 0x00000000ec800000, 0x00000000ec900000|  0%| F|  |TAMS 0x00000000ec800000, 0x00000000ec800000| Untracked 
| 201|0x00000000ec900000, 0x00000000ec900000, 0x00000000eca00000|  0%| F|  |TAMS 0x00000000ec900000, 0x00000000ec900000| Untracked 
| 202|0x00000000eca00000, 0x00000000eca00000, 0x00000000ecb00000|  0%| F|  |TAMS 0x00000000eca00000, 0x00000000eca00000| Untracked 
| 203|0x00000000ecb00000, 0x00000000ecb00000, 0x00000000ecc00000|  0%| F|  |TAMS 0x00000000ecb00000, 0x00000000ecb00000| Untracked 
| 204|0x00000000ecc00000, 0x00000000ecc00000, 0x00000000ecd00000|  0%| F|  |TAMS 0x00000000ecc00000, 0x00000000ecc00000| Untracked 
| 205|0x00000000ecd00000, 0x00000000ecd00000, 0x00000000ece00000|  0%| F|  |TAMS 0x00000000ecd00000, 0x00000000ecd00000| Untracked 
| 206|0x00000000ece00000, 0x00000000ece00000, 0x00000000ecf00000|  0%| F|  |TAMS 0x00000000ece00000, 0x00000000ece00000| Untracked 
| 207|0x00000000ecf00000, 0x00000000ecf00000, 0x00000000ed000000|  0%| F|  |TAMS 0x00000000ecf00000, 0x00000000ecf00000| Untracked 
| 208|0x00000000ed000000, 0x00000000ed000000, 0x00000000ed100000|  0%| F|  |TAMS 0x00000000ed000000, 0x00000000ed000000| Untracked 
| 209|0x00000000ed100000, 0x00000000ed100000, 0x00000000ed200000|  0%| F|  |TAMS 0x00000000ed100000, 0x00000000ed100000| Untracked 
| 210|0x00000000ed200000, 0x00000000ed200000, 0x00000000ed300000|  0%| F|  |TAMS 0x00000000ed200000, 0x00000000ed200000| Untracked 
| 211|0x00000000ed300000, 0x00000000ed300000, 0x00000000ed400000|  0%| F|  |TAMS 0x00000000ed300000, 0x00000000ed300000| Untracked 
| 212|0x00000000ed400000, 0x00000000ed400000, 0x00000000ed500000|  0%| F|  |TAMS 0x00000000ed400000, 0x00000000ed400000| Untracked 
| 213|0x00000000ed500000, 0x00000000ed500000, 0x00000000ed600000|  0%| F|  |TAMS 0x00000000ed500000, 0x00000000ed500000| Untracked 
| 214|0x00000000ed600000, 0x00000000ed600000, 0x00000000ed700000|  0%| F|  |TAMS 0x00000000ed600000, 0x00000000ed600000| Untracked 
| 215|0x00000000ed700000, 0x00000000ed700000, 0x00000000ed800000|  0%| F|  |TAMS 0x00000000ed700000, 0x00000000ed700000| Untracked 
| 216|0x00000000ed800000, 0x00000000ed800000, 0x00000000ed900000|  0%| F|  |TAMS 0x00000000ed800000, 0x00000000ed800000| Untracked 
| 217|0x00000000ed900000, 0x00000000ed900000, 0x00000000eda00000|  0%| F|  |TAMS 0x00000000ed900000, 0x00000000ed900000| Untracked 
| 218|0x00000000eda00000, 0x00000000eda00000, 0x00000000edb00000|  0%| F|  |TAMS 0x00000000eda00000, 0x00000000eda00000| Untracked 
| 219|0x00000000edb00000, 0x00000000edb00000, 0x00000000edc00000|  0%| F|  |TAMS 0x00000000edb00000, 0x00000000edb00000| Untracked 
| 220|0x00000000edc00000, 0x00000000edc00000, 0x00000000edd00000|  0%| F|  |TAMS 0x00000000edc00000, 0x00000000edc00000| Untracked 
| 221|0x00000000edd00000, 0x00000000edd00000, 0x00000000ede00000|  0%| F|  |TAMS 0x00000000edd00000, 0x00000000edd00000| Untracked 
| 222|0x00000000ede00000, 0x00000000ede00000, 0x00000000edf00000|  0%| F|  |TAMS 0x00000000ede00000, 0x00000000ede00000| Untracked 
| 223|0x00000000edf00000, 0x00000000edf00000, 0x00000000ee000000|  0%| F|  |TAMS 0x00000000edf00000, 0x00000000edf00000| Untracked 
| 224|0x00000000ee000000, 0x00000000ee000000, 0x00000000ee100000|  0%| F|  |TAMS 0x00000000ee000000, 0x00000000ee000000| Untracked 
| 225|0x00000000ee100000, 0x00000000ee100000, 0x00000000ee200000|  0%| F|  |TAMS 0x00000000ee100000, 0x00000000ee100000| Untracked 
| 226|0x00000000ee200000, 0x00000000ee200000, 0x00000000ee300000|  0%| F|  |TAMS 0x00000000ee200000, 0x00000000ee200000| Untracked 
| 227|0x00000000ee300000, 0x00000000ee300000, 0x00000000ee400000|  0%| F|  |TAMS 0x00000000ee300000, 0x00000000ee300000| Untracked 
| 228|0x00000000ee400000, 0x00000000ee400000, 0x00000000ee500000|  0%| F|  |TAMS 0x00000000ee400000, 0x00000000ee400000| Untracked 
| 229|0x00000000ee500000, 0x00000000ee500000, 0x00000000ee600000|  0%| F|  |TAMS 0x00000000ee500000, 0x00000000ee500000| Untracked 
| 230|0x00000000ee600000, 0x00000000ee600000, 0x00000000ee700000|  0%| F|  |TAMS 0x00000000ee600000, 0x00000000ee600000| Untracked 
| 231|0x00000000ee700000, 0x00000000ee700000, 0x00000000ee800000|  0%| F|  |TAMS 0x00000000ee700000, 0x00000000ee700000| Untracked 
| 232|0x00000000ee800000, 0x00000000ee800000, 0x00000000ee900000|  0%| F|  |TAMS 0x00000000ee800000, 0x00000000ee800000| Untracked 
| 233|0x00000000ee900000, 0x00000000ee900000, 0x00000000eea00000|  0%| F|  |TAMS 0x00000000ee900000, 0x00000000ee900000| Untracked 
| 234|0x00000000eea00000, 0x00000000eea00000, 0x00000000eeb00000|  0%| F|  |TAMS 0x00000000eea00000, 0x00000000eea00000| Untracked 
| 235|0x00000000eeb00000, 0x00000000eeb80800, 0x00000000eec00000| 50%| E|  |TAMS 0x00000000eeb00000, 0x00000000eeb00000| Complete 
| 236|0x00000000eec00000, 0x00000000eed00000, 0x00000000eed00000|100%| E|CS|TAMS 0x00000000eec00000, 0x00000000eec00000| Complete 
| 237|0x00000000eed00000, 0x00000000eee00000, 0x00000000eee00000|100%| E|CS|TAMS 0x00000000eed00000, 0x00000000eed00000| Complete 
| 238|0x00000000eee00000, 0x00000000eef00000, 0x00000000eef00000|100%| E|CS|TAMS 0x00000000eee00000, 0x00000000eee00000| Complete 
| 239|0x00000000eef00000, 0x00000000ef000000, 0x00000000ef000000|100%| E|CS|TAMS 0x00000000eef00000, 0x00000000eef00000| Complete 
| 240|0x00000000ef000000, 0x00000000ef100000, 0x00000000ef100000|100%| E|CS|TAMS 0x00000000ef000000, 0x00000000ef000000| Complete 
| 241|0x00000000ef100000, 0x00000000ef200000, 0x00000000ef200000|100%| E|CS|TAMS 0x00000000ef100000, 0x00000000ef100000| Complete 
| 242|0x00000000ef200000, 0x00000000ef300000, 0x00000000ef300000|100%| E|CS|TAMS 0x00000000ef200000, 0x00000000ef200000| Complete 
| 243|0x00000000ef300000, 0x00000000ef400000, 0x00000000ef400000|100%| E|CS|TAMS 0x00000000ef300000, 0x00000000ef300000| Complete 
| 244|0x00000000ef400000, 0x00000000ef500000, 0x00000000ef500000|100%| E|CS|TAMS 0x00000000ef400000, 0x00000000ef400000| Complete 
| 245|0x00000000ef500000, 0x00000000ef600000, 0x00000000ef600000|100%| E|CS|TAMS 0x00000000ef500000, 0x00000000ef500000| Complete 
| 246|0x00000000ef600000, 0x00000000ef700000, 0x00000000ef700000|100%| E|CS|TAMS 0x00000000ef600000, 0x00000000ef600000| Complete 
| 247|0x00000000ef700000, 0x00000000ef800000, 0x00000000ef800000|100%| E|CS|TAMS 0x00000000ef700000, 0x00000000ef700000| Complete 
| 248|0x00000000ef800000, 0x00000000ef900000, 0x00000000ef900000|100%| E|CS|TAMS 0x00000000ef800000, 0x00000000ef800000| Complete 
| 249|0x00000000ef900000, 0x00000000efa00000, 0x00000000efa00000|100%| E|CS|TAMS 0x00000000ef900000, 0x00000000ef900000| Complete 
| 250|0x00000000efa00000, 0x00000000efb00000, 0x00000000efb00000|100%| E|CS|TAMS 0x00000000efa00000, 0x00000000efa00000| Complete 
| 251|0x00000000efb00000, 0x00000000efc00000, 0x00000000efc00000|100%| E|CS|TAMS 0x00000000efb00000, 0x00000000efb00000| Complete 
| 252|0x00000000efc00000, 0x00000000efd00000, 0x00000000efd00000|100%| E|CS|TAMS 0x00000000efc00000, 0x00000000efc00000| Complete 
| 253|0x00000000efd00000, 0x00000000efe00000, 0x00000000efe00000|100%| E|CS|TAMS 0x00000000efd00000, 0x00000000efd00000| Complete 
| 254|0x00000000efe00000, 0x00000000eff00000, 0x00000000eff00000|100%| E|CS|TAMS 0x00000000efe00000, 0x00000000efe00000| Complete 
| 255|0x00000000eff00000, 0x00000000f0000000, 0x00000000f0000000|100%| E|CS|TAMS 0x00000000eff00000, 0x00000000eff00000| Complete 

Card table byte_map: [0x00000144794a0000,0x00000144795a0000] _byte_map_base: 0x0000014478da0000

Marking Bits (Prev, Next): (CMBitMap*) 0x000001446f948f10, (CMBitMap*) 0x000001446f948ed0
 Prev Bits: [0x0000014479ea0000, 0x000001447a6a0000)
 Next Bits: [0x00000144796a0000, 0x0000014479ea0000)

Polling page: 0x000001446f8a0000

Metaspace:

Usage:
  Non-class:     19.46 MB used.
      Class:      3.40 MB used.
       Both:     22.87 MB used.

Virtual space:
  Non-class space:       24.00 MB reserved,      19.56 MB ( 82%) committed,  3 nodes.
      Class space:      308.00 MB reserved,       3.50 MB (  1%) committed,  1 nodes.
             Both:      332.00 MB reserved,      23.06 MB (  7%) committed. 

Chunk freelists:
   Non-Class:  304.00 KB
       Class:  512.00 KB
        Both:  816.00 KB

MaxMetaspaceSize: 384.00 MB
CompressedClassSpaceSize: 308.00 MB
Initial GC threshold: 21.00 MB
Current GC threshold: 35.25 MB
CDS: on
MetaspaceReclaimPolicy: balanced
 - commit_granule_bytes: 65536.
 - commit_granule_words: 8192.
 - virtual_space_node_default_size: 1048576.
 - enlarge_chunks_in_place: 1.
 - new_chunks_are_fully_committed: 0.
 - uncommit_free_chunks: 1.
 - use_allocation_guard: 0.
 - handle_deallocations: 1.


Internal statistics:

num_allocs_failed_limit: 3.
num_arena_births: 242.
num_arena_deaths: 0.
num_vsnodes_births: 4.
num_vsnodes_deaths: 0.
num_space_committed: 370.
num_space_uncommitted: 0.
num_chunks_returned_to_freelist: 3.
num_chunks_taken_from_freelist: 1073.
num_chunk_merges: 3.
num_chunk_splits: 737.
num_chunks_enlarged: 535.
num_purges: 0.
num_inconsistent_stats: 0.

CodeHeap 'non-profiled nmethods': size=120000Kb used=1628Kb max_used=1628Kb free=118371Kb
 bounds [0x0000014407ad0000, 0x0000014407d40000, 0x000001440f000000]
CodeHeap 'profiled nmethods': size=120000Kb used=6378Kb max_used=6378Kb free=113621Kb
 bounds [0x00000144005a0000, 0x0000014400be0000, 0x0000014407ad0000]
CodeHeap 'non-nmethods': size=5760Kb used=1240Kb max_used=1287Kb free=4519Kb
 bounds [0x0000014400000000, 0x0000014400270000, 0x00000144005a0000]
 total_blobs=3531 nmethods=2990 adapters=453
 compilation: enabled
              stopped_count=0, restarted_count=0
 full_count=0

Compilation events (20 events):
Event: 17.375 Thread 0x000001447d0f72c0 2978       3       org.gradle.internal.instantiation.generator.AbstractClassGenerator$PropertyMetadata::isReadableWithoutSetterOfPropertyType (36 bytes)
Event: 17.375 Thread 0x000001447d0f72c0 nmethod 2978 0x0000014400bc2110 code [0x0000014400bc2360, 0x0000014400bc2df8]
Event: 17.375 Thread 0x000001447d0f72c0 2980       3       java.util.stream.AbstractPipeline::copyInto (54 bytes)
Event: 17.376 Thread 0x000001447d0f72c0 nmethod 2980 0x0000014400bc3190 code [0x0000014400bc33c0, 0x0000014400bc3af8]
Event: 17.376 Thread 0x000001447d0f72c0 2981       3       org.objectweb.asm.Type::appendDescriptor (185 bytes)
Event: 17.376 Thread 0x000001447d0f72c0 nmethod 2981 0x0000014400bc3d10 code [0x0000014400bc3fe0, 0x0000014400bc4c18]
Event: 17.376 Thread 0x000001447d0f72c0 2982       3       org.gradle.model.internal.asm.MethodVisitorScope::_INVOKEINTERFACE (11 bytes)
Event: 17.377 Thread 0x000001447d0f72c0 nmethod 2982 0x0000014400bc5010 code [0x0000014400bc51c0, 0x0000014400bc5458]
Event: 17.377 Thread 0x000001447d0f72c0 2983       3       org.objectweb.asm.MethodWriter::visitFieldInsn (258 bytes)
Event: 17.378 Thread 0x000001447d0f72c0 nmethod 2983 0x0000014400bc5590 code [0x0000014400bc57e0, 0x0000014400bc63c8]
Event: 17.378 Thread 0x000001447d0f72c0 2985       3       org.objectweb.asm.Type::getInternalName (12 bytes)
Event: 17.378 Thread 0x000001447d0f72c0 nmethod 2985 0x0000014400bc6790 code [0x0000014400bc6940, 0x0000014400bc6b58]
Event: 17.378 Thread 0x000001447d0f72c0 2986       1       com.google.common.collect.LinkedHashMultimap$ValueSet::size (5 bytes)
Event: 17.378 Thread 0x000001447d0f72c0 nmethod 2986 0x0000014407c66c10 code [0x0000014407c66da0, 0x0000014407c66e78]
Event: 17.378 Thread 0x000001447d0f72c0 2987       1       com.google.common.collect.LinkedHashMultimap$ValueSet::access$100 (5 bytes)
Event: 17.378 Thread 0x000001447d0f72c0 nmethod 2987 0x0000014407c66f10 code [0x0000014407c670a0, 0x0000014407c67158]
Event: 17.378 Thread 0x000001447d0f72c0 2984       3       org.objectweb.asm.SymbolTable::addConstantFieldref (10 bytes)
Event: 17.378 Thread 0x000001447d0f72c0 nmethod 2984 0x0000014400bc6c90 code [0x0000014400bc6e20, 0x0000014400bc6f68]
Event: 17.382 Thread 0x000001447d0f72c0 2988       3       org.gradle.model.internal.asm.MethodVisitorScope::_INVOKEVIRTUAL (11 bytes)
Event: 17.382 Thread 0x000001447d0f72c0 nmethod 2988 0x0000014400bc7010 code [0x0000014400bc71c0, 0x0000014400bc7458]

GC Heap History (6 events):
Event: 2.099 GC heap before
{Heap before GC invocations=0 (full 0):
 garbage-first heap   total 262144K, used 26624K [0x00000000e0000000, 0x0000000100000000)
  region size 1024K, 23 young (23552K), 0 survivors (0K)
 Metaspace       used 2999K, committed 3136K, reserved 323584K
  class space    used 379K, committed 448K, reserved 315392K
}
Event: 2.139 GC heap after
{Heap after GC invocations=1 (full 0):
 garbage-first heap   total 262144K, used 10799K [0x00000000e0000000, 0x0000000100000000)
  region size 1024K, 3 young (3072K), 3 survivors (3072K)
 Metaspace       used 2999K, committed 3136K, reserved 323584K
  class space    used 379K, committed 448K, reserved 315392K
}
Event: 5.515 GC heap before
{Heap before GC invocations=1 (full 0):
 garbage-first heap   total 262144K, used 38447K [0x00000000e0000000, 0x0000000100000000)
  region size 1024K, 30 young (30720K), 3 survivors (3072K)
 Metaspace       used 4041K, committed 4224K, reserved 323584K
  class space    used 492K, committed 576K, reserved 315392K
}
Event: 5.517 GC heap after
{Heap after GC invocations=2 (full 0):
 garbage-first heap   total 262144K, used 11905K [0x00000000e0000000, 0x0000000100000000)
  region size 1024K, 1 young (1024K), 1 survivors (1024K)
 Metaspace       used 4041K, committed 4224K, reserved 323584K
  class space    used 492K, committed 576K, reserved 315392K
}
Event: 16.632 GC heap before
{Heap before GC invocations=2 (full 0):
 garbage-first heap   total 262144K, used 133761K [0x00000000e0000000, 0x0000000100000000)
  region size 1024K, 120 young (122880K), 1 survivors (1024K)
 Metaspace       used 21259K, committed 21504K, reserved 339968K
  class space    used 3122K, committed 3264K, reserved 315392K
}
Event: 16.751 GC heap after
{Heap after GC invocations=3 (full 0):
 garbage-first heap   total 262144K, used 22636K [0x00000000e0000000, 0x0000000100000000)
  region size 1024K, 12 young (12288K), 12 survivors (12288K)
 Metaspace       used 21259K, committed 21504K, reserved 339968K
  class space    used 3122K, committed 3264K, reserved 315392K
}

Deoptimization events (20 events):
Event: 15.273 Thread 0x000001440f670a10 Uncommon trap: trap_request=0xffffff45 fr.pc=0x0000014407c2ca44 relative=0x0000000000000764
Event: 15.273 Thread 0x000001440f670a10 Uncommon trap: reason=unstable_if action=reinterpret pc=0x0000014407c2ca44 method=java.util.HashMap.putVal(ILjava/lang/Object;Ljava/lang/Object;ZZ)Ljava/lang/Object; @ 206 c2
Event: 15.273 Thread 0x000001440f670a10 DEOPT PACKING pc=0x0000014407c2ca44 sp=0x0000002d0dbfaa40
Event: 15.273 Thread 0x000001440f670a10 DEOPT UNPACKING pc=0x0000014400055c23 sp=0x0000002d0dbfa9d8 mode 2
Event: 15.802 Thread 0x000001440f670a10 Uncommon trap: trap_request=0xffffff45 fr.pc=0x0000014407b61df8 relative=0x00000000000000d8
Event: 15.802 Thread 0x000001440f670a10 Uncommon trap: reason=unstable_if action=reinterpret pc=0x0000014407b61df8 method=java.util.HashMap.hash(Ljava/lang/Object;)I @ 1 c2
Event: 15.802 Thread 0x000001440f670a10 DEOPT PACKING pc=0x0000014407b61df8 sp=0x0000002d0dbf99f0
Event: 15.802 Thread 0x000001440f670a10 DEOPT UNPACKING pc=0x0000014400055c23 sp=0x0000002d0dbf9930 mode 2
Event: 16.253 Thread 0x000001440f670a10 Uncommon trap: trap_request=0xffffff76 fr.pc=0x0000014407c46974 relative=0x0000000000000154
Event: 16.253 Thread 0x000001440f670a10 Uncommon trap: reason=predicate action=maybe_recompile pc=0x0000014407c46974 method=com.google.common.base.CharMatcher.indexIn(Ljava/lang/CharSequence;I)I @ 19 c2
Event: 16.253 Thread 0x000001440f670a10 DEOPT PACKING pc=0x0000014407c46974 sp=0x0000002d0dbfa1e0
Event: 16.253 Thread 0x000001440f670a10 DEOPT UNPACKING pc=0x0000014400055c23 sp=0x0000002d0dbfa170 mode 2
Event: 17.140 Thread 0x000001440f670a10 Uncommon trap: trap_request=0xffffff45 fr.pc=0x0000014407b9f614 relative=0x0000000000000174
Event: 17.140 Thread 0x000001440f670a10 Uncommon trap: reason=unstable_if action=reinterpret pc=0x0000014407b9f614 method=java.util.WeakHashMap.expungeStaleEntries()V @ 9 c2
Event: 17.140 Thread 0x000001440f670a10 DEOPT PACKING pc=0x0000014407b9f614 sp=0x0000002d0dbf6b10
Event: 17.140 Thread 0x000001440f670a10 DEOPT UNPACKING pc=0x0000014400055c23 sp=0x0000002d0dbf6aa8 mode 2
Event: 17.176 Thread 0x000001440f670a10 Uncommon trap: trap_request=0xffffff45 fr.pc=0x0000014407b12e08 relative=0x00000000000005c8
Event: 17.176 Thread 0x000001440f670a10 Uncommon trap: reason=unstable_if action=reinterpret pc=0x0000014407b12e08 method=java.util.HashMap.hash(Ljava/lang/Object;)I @ 1 c2
Event: 17.176 Thread 0x000001440f670a10 DEOPT PACKING pc=0x0000014407b12e08 sp=0x0000002d0dbf6a40
Event: 17.176 Thread 0x000001440f670a10 DEOPT UNPACKING pc=0x0000014400055c23 sp=0x0000002d0dbf68e8 mode 2

Classes unloaded (0 events):
No events

Classes redefined (0 events):
No events

Internal exceptions (20 events):
Event: 14.545 Thread 0x000001440f670a10 Exception <a 'java/lang/IncompatibleClassChangeError'{0x00000000eafd5680}: Found class java.lang.Object, but interface was expected> (0x00000000eafd5680) 
thrown [t:\workspace\open\src\hotspot\share\interpreter\linkResolver.cpp, line 833]
Event: 14.665 Thread 0x000001440f670a10 Exception <a 'java/lang/NoSuchMethodError'{0x00000000eac4b458}: 'int java.lang.invoke.DirectMethodHandle$Holder.invokeStatic(java.lang.Object, java.lang.Object, java.lang.Object, java.lang.Object)'> (0x00000000eac4b458) 
thrown [t:\workspace\open\src\hotspot\share\interpreter\linkResolver.cpp, line 766]
Event: 14.666 Thread 0x000001440f670a10 Exception <a 'java/lang/NoSuchMethodError'{0x00000000eac4f080}: 'java.lang.Object java.lang.invoke.Invokers$Holder.invokeExact_MT(java.lang.Object, java.lang.Object, java.lang.Object, java.lang.Object, java.lang.Object, java.lang.Object)'> (0x00000000eac4f080) 
thrown [t:\workspace\open\src\hotspot\share\interpreter\linkResolver.cpp, line 766]
Event: 15.254 Thread 0x000001440f670a10 Exception <a 'java/lang/NoSuchMethodError'{0x00000000ea3329a0}: 'java.lang.Object java.lang.invoke.DirectMethodHandle$Holder.invokeVirtual(java.lang.Object, java.lang.Object, java.lang.Object, java.lang.Object)'> (0x00000000ea3329a0) 
thrown [t:\workspace\open\src\hotspot\share\interpreter\linkResolver.cpp, line 766]
Event: 15.287 Thread 0x000001440f670a10 Exception <a 'java/lang/NoSuchMethodError'{0x00000000ea27bbc8}: 'java.lang.Object java.lang.invoke.DirectMethodHandle$Holder.newInvokeSpecial(java.lang.Object, java.lang.Object, java.lang.Object, java.lang.Object, java.lang.Object, java.lang.Object, java.lang.Object)'> (0x00000000ea27bbc8) 
thrown [t:\workspace\open\src\hotspot\share\interpreter\linkResolver.cpp, line 766]
Event: 15.287 Thread 0x000001440f670a10 Exception <a 'java/lang/NoSuchMethodError'{0x00000000ea280898}: 'java.lang.Object java.lang.invoke.Invokers$Holder.linkToTargetMethod(java.lang.Object, java.lang.Object, java.lang.Object, java.lang.Object, java.lang.Object, java.lang.Object, java.lang.Object)'> (0x00000000ea280898) 
thrown [t:\workspace\open\src\hotspot\share\interpreter\linkResolver.cpp, line 766]
Event: 15.358 Thread 0x000001440f670a10 Exception <a 'java/lang/NoSuchMethodError'{0x00000000ea1d92b0}: 'java.lang.Object java.lang.invoke.DirectMethodHandle$Holder.invokeVirtual(java.lang.Object, java.lang.Object, java.lang.Object, java.lang.Object, java.lang.Object, java.lang.Object, java.lang.Object, java.lang.Object, java.lang.Object, java.lang.Object, java.lang.Object, java.lang.Object, java.lang.Object, java.lang.Object, java.lang.Object, java.lang.Object, java.lang.Object, java.lang.Object, java.lang.Object, java.lang.Object, java.lang.Ob
Event: 15.802 Thread 0x000001440f670a10 Implicit null exception at 0x0000014407b61d58 to 0x0000014407b61dee
Event: 16.309 Thread 0x000001440f670a10 Exception <a 'java/lang/NoSuchMethodError'{0x00000000e927db50}: 'void java.lang.invoke.DirectMethodHandle$Holder.invokeStatic(java.lang.Object, java.lang.Object, java.lang.Object, java.lang.Object)'> (0x00000000e927db50) 
thrown [t:\workspace\open\src\hotspot\share\interpreter\linkResolver.cpp, line 766]
Event: 16.311 Thread 0x000001440f670a10 Exception <a 'java/lang/NoSuchMethodError'{0x00000000e9111bb8}: 'int java.lang.invoke.DirectMethodHandle$Holder.invokeVirtual(java.lang.Object, java.lang.Object)'> (0x00000000e9111bb8) 
thrown [t:\workspace\open\src\hotspot\share\interpreter\linkResolver.cpp, line 766]
Event: 16.314 Thread 0x000001440f670a10 Exception <a 'java/lang/NoSuchMethodError'{0x00000000e91244b8}: 'java.lang.Object java.lang.invoke.DirectMethodHandle$Holder.invokeStaticInit(java.lang.Object, java.lang.Object, java.lang.Object)'> (0x00000000e91244b8) 
thrown [t:\workspace\open\src\hotspot\share\interpreter\linkResolver.cpp, line 766]
Event: 16.327 Thread 0x000001440f670a10 Exception <a 'java/lang/NoSuchMethodError'{0x00000000e914b538}: 'int java.lang.invoke.DirectMethodHandle$Holder.invokeVirtual(java.lang.Object, java.lang.Object, java.lang.Object)'> (0x00000000e914b538) 
thrown [t:\workspace\open\src\hotspot\share\interpreter\linkResolver.cpp, line 766]
Event: 16.843 Thread 0x000001440f670a10 Exception <a 'java/lang/NoSuchMethodError'{0x00000000efd61048}: 'java.lang.Object java.lang.invoke.DirectMethodHandle$Holder.invokeSpecialIFC(java.lang.Object, java.lang.Object, java.lang.Object, java.lang.Object)'> (0x00000000efd61048) 
thrown [t:\workspace\open\src\hotspot\share\interpreter\linkResolver.cpp, line 766]
Event: 16.853 Thread 0x000001440f670a10 Exception <a 'java/lang/NoSuchMethodError'{0x00000000efcac5f8}: 'java.lang.Object java.lang.invoke.DirectMethodHandle$Holder.newInvokeSpecial(java.lang.Object, java.lang.Object, java.lang.Object, java.lang.Object, java.lang.Object, java.lang.Object, java.lang.Object, java.lang.Object, java.lang.Object, java.lang.Object)'> (0x00000000efcac5f8) 
thrown [t:\workspace\open\src\hotspot\share\interpreter\linkResolver.cpp, line 766]
Event: 16.853 Thread 0x000001440f670a10 Exception <a 'java/lang/NoSuchMethodError'{0x00000000efcb14e0}: 'java.lang.Object java.lang.invoke.Invokers$Holder.linkToTargetMethod(java.lang.Object, java.lang.Object, java.lang.Object, java.lang.Object, java.lang.Object, java.lang.Object, java.lang.Object, java.lang.Object, java.lang.Object, java.lang.Object)'> (0x00000000efcb14e0) 
thrown [t:\workspace\open\src\hotspot\share\interpreter\linkResolver.cpp, line 766]
Event: 16.864 Thread 0x000001440f670a10 Exception <a 'java/lang/NoSuchMethodError'{0x00000000efb25408}: 'java.lang.Object java.lang.invoke.DirectMethodHandle$Holder.newInvokeSpecial(java.lang.Object, java.lang.Object, java.lang.Object, java.lang.Object, java.lang.Object, java.lang.Object, java.lang.Object, java.lang.Object, java.lang.Object, java.lang.Object, java.lang.Object)'> (0x00000000efb25408) 
thrown [t:\workspace\open\src\hotspot\share\interpreter\linkResolver.cpp, line 766]
Event: 16.864 Thread 0x000001440f670a10 Exception <a 'java/lang/NoSuchMethodError'{0x00000000efb2af40}: 'java.lang.Object java.lang.invoke.DirectMethodHandle$Holder.invokeSpecial(java.lang.Object, java.lang.Object, java.lang.Object, java.lang.Object, java.lang.Object, java.lang.Object, java.lang.Object, java.lang.Object, java.lang.Object, java.lang.Object, java.lang.Object, java.lang.Object)'> (0x00000000efb2af40) 
thrown [t:\workspace\open\src\hotspot\share\interpreter\linkResolver.cpp, line 766]
Event: 16.865 Thread 0x000001440f670a10 Exception <a 'java/lang/NoSuchMethodError'{0x00000000efb305d8}: 'java.lang.Object java.lang.invoke.Invokers$Holder.linkToTargetMethod(java.lang.Object, java.lang.Object, java.lang.Object, java.lang.Object, java.lang.Object, java.lang.Object, java.lang.Object, java.lang.Object, java.lang.Object, java.lang.Object, java.lang.Object)'> (0x00000000efb305d8) 
thrown [t:\workspace\open\src\hotspot\share\interpreter\linkResolver.cpp, line 766]
Event: 16.887 Thread 0x000001440f670a10 Exception <a 'java/lang/NoSuchMethodError'{0x00000000efbbe778}: 'java.lang.Object java.lang.invoke.DirectMethodHandle$Holder.invokeStaticInit(java.lang.Object, java.lang.Object, java.lang.Object, java.lang.Object)'> (0x00000000efbbe778) 
thrown [t:\workspace\open\src\hotspot\share\interpreter\linkResolver.cpp, line 766]
Event: 17.176 Thread 0x000001440f670a10 Implicit null exception at 0x0000014407b1288f to 0x0000014407b12de8

VM Operations (20 events):
Event: 12.483 Executing VM operation: HandshakeAllThreads
Event: 12.483 Executing VM operation: HandshakeAllThreads done
Event: 13.496 Executing VM operation: Cleanup
Event: 13.497 Executing VM operation: Cleanup done
Event: 14.508 Executing VM operation: Cleanup
Event: 14.540 Executing VM operation: Cleanup done
Event: 15.548 Executing VM operation: Cleanup
Event: 15.605 Executing VM operation: Cleanup done
Event: 16.434 Executing VM operation: HandshakeAllThreads
Event: 16.434 Executing VM operation: HandshakeAllThreads done
Event: 16.434 Executing VM operation: HandshakeAllThreads
Event: 16.435 Executing VM operation: HandshakeAllThreads done
Event: 16.632 Executing VM operation: CollectForMetadataAllocation
Event: 16.751 Executing VM operation: CollectForMetadataAllocation done
Event: 16.766 Executing VM operation: G1Concurrent
Event: 16.768 Executing VM operation: G1Concurrent done
Event: 16.769 Executing VM operation: G1Concurrent
Event: 16.769 Executing VM operation: G1Concurrent done
Event: 17.179 Executing VM operation: HandshakeAllThreads
Event: 17.180 Executing VM operation: HandshakeAllThreads done

Events (20 events):
Event: 16.796 Thread 0x000001447e0b4890 Thread added: 0x000001447e0b4890
Event: 16.874 Thread 0x000001447e0b3a20 Thread added: 0x000001447e0b3a20
Event: 16.909 Thread 0x000001447e0b5700 Thread added: 0x000001447e0b5700
Event: 16.970 Thread 0x000001447e0b4d60 Thread added: 0x000001447e0b4d60
Event: 17.159 loading class java/lang/invoke/SerializedLambda
Event: 17.160 loading class java/lang/invoke/SerializedLambda done
Event: 17.168 loading class java/lang/reflect/AnnotatedType
Event: 17.169 loading class java/lang/reflect/AnnotatedType done
Event: 17.175 loading class sun/reflect/misc/ReflectUtil
Event: 17.175 loading class sun/reflect/misc/ReflectUtil done
Event: 17.182 loading class java/lang/Class$EnclosingMethodInfo
Event: 17.182 loading class java/lang/Class$EnclosingMethodInfo done
Event: 17.185 loading class sun/reflect/generics/tree/IntSignature
Event: 17.185 loading class sun/reflect/generics/tree/IntSignature done
Event: 17.185 loading class sun/reflect/generics/tree/ArrayTypeSignature
Event: 17.185 loading class sun/reflect/generics/tree/ArrayTypeSignature done
Event: 17.191 loading class java/lang/SafeVarargs
Event: 17.191 loading class java/lang/SafeVarargs done
Event: 17.297 Thread 0x000001447e0b60a0 Thread added: 0x000001447e0b60a0
Event: 17.343 Thread 0x000001447e0b43c0 Thread added: 0x000001447e0b43c0


Dynamic libraries:
0x00007ff749b20000 - 0x00007ff749b30000 	C:\Program Files\Java\jdk-17.0.2\bin\java.exe
0x00007ffada610000 - 0x00007ffada827000 	C:\WINDOWS\SYSTEM32\ntdll.dll
0x00007ffad9bb0000 - 0x00007ffad9c74000 	C:\WINDOWS\System32\KERNEL32.DLL
0x00007ffad7950000 - 0x00007ffad7cf6000 	C:\WINDOWS\System32\KERNELBASE.dll
0x00007ffad7e20000 - 0x00007ffad7f31000 	C:\WINDOWS\System32\ucrtbase.dll
0x00007ffac7830000 - 0x00007ffac7848000 	C:\Program Files\Java\jdk-17.0.2\bin\jli.dll
0x00007ffad95f0000 - 0x00007ffad96a3000 	C:\WINDOWS\System32\ADVAPI32.dll
0x00007ffad8940000 - 0x00007ffad89e7000 	C:\WINDOWS\System32\msvcrt.dll
0x00007ffad8a40000 - 0x00007ffad8ae8000 	C:\WINDOWS\System32\sechost.dll
0x00007ffad8270000 - 0x00007ffad8298000 	C:\WINDOWS\System32\bcrypt.dll
0x00007ffada4b0000 - 0x00007ffada5c7000 	C:\WINDOWS\System32\RPCRT4.dll
0x00007ffad8790000 - 0x00007ffad893e000 	C:\WINDOWS\System32\USER32.dll
0x00007ffad80b0000 - 0x00007ffad80d6000 	C:\WINDOWS\System32\win32u.dll
0x00007ffada320000 - 0x00007ffada349000 	C:\WINDOWS\System32\GDI32.dll
0x00007ffad8150000 - 0x00007ffad8268000 	C:\WINDOWS\System32\gdi32full.dll
0x00007ffad7d80000 - 0x00007ffad7e1a000 	C:\WINDOWS\System32\msvcp_win.dll
0x00007ffac6ee0000 - 0x00007ffac6efa000 	C:\Program Files\Java\jdk-17.0.2\bin\VCRUNTIME140.dll
0x00007ffaab3e0000 - 0x00007ffaab673000 	C:\WINDOWS\WinSxS\amd64_microsoft.windows.common-controls_6595b64144ccf1df_6.0.22621.2506_none_270c5ae97388e100\COMCTL32.dll
0x00007ffacd9d0000 - 0x00007ffacd9da000 	C:\WINDOWS\SYSTEM32\VERSION.dll
0x00007ffada120000 - 0x00007ffada151000 	C:\WINDOWS\System32\IMM32.DLL
0x000001446f8c0000 - 0x000001446f8d4000 	C:\WINDOWS\System32\umppc17806.dll
0x00007ffacc020000 - 0x00007ffacc02c000 	C:\Program Files\Java\jdk-17.0.2\bin\vcruntime140_1.dll
0x00007ffab9f40000 - 0x00007ffab9fcd000 	C:\Program Files\Java\jdk-17.0.2\bin\msvcp140.dll
0x00007ffa82a00000 - 0x00007ffa835c1000 	C:\Program Files\Java\jdk-17.0.2\bin\server\jvm.dll
0x00007ffad8cc0000 - 0x00007ffad8cc8000 	C:\WINDOWS\System32\PSAPI.DLL
0x00007ffab0d20000 - 0x00007ffab0d29000 	C:\WINDOWS\SYSTEM32\WSOCK32.dll
0x00007ffad8710000 - 0x00007ffad8781000 	C:\WINDOWS\System32\WS2_32.dll
0x00007ffacbf30000 - 0x00007ffacbf64000 	C:\WINDOWS\SYSTEM32\WINMM.dll
0x00007ffad6970000 - 0x00007ffad6988000 	C:\WINDOWS\SYSTEM32\kernel.appcore.dll
0x00007ffacbf70000 - 0x00007ffacbf7a000 	C:\Program Files\Java\jdk-17.0.2\bin\jimage.dll
0x00007ffad5440000 - 0x00007ffad5673000 	C:\WINDOWS\SYSTEM32\DBGHELP.DLL
0x00007ffad8360000 - 0x00007ffad86e9000 	C:\WINDOWS\System32\combase.dll
0x00007ffad8b80000 - 0x00007ffad8c57000 	C:\WINDOWS\System32\OLEAUT32.dll
0x00007ffac8150000 - 0x00007ffac8182000 	C:\WINDOWS\SYSTEM32\dbgcore.DLL
0x00007ffad7d00000 - 0x00007ffad7d7a000 	C:\WINDOWS\System32\bcryptPrimitives.dll
0x00007ffab7320000 - 0x00007ffab732e000 	C:\Program Files\Java\jdk-17.0.2\bin\instrument.dll
0x00007ffabd590000 - 0x00007ffabd5b5000 	C:\Program Files\Java\jdk-17.0.2\bin\java.dll
0x00007ffa93580000 - 0x00007ffa93656000 	C:\Program Files\Java\jdk-17.0.2\bin\jsvml.dll
0x00007ffad8d90000 - 0x00007ffad95eb000 	C:\WINDOWS\System32\SHELL32.dll
0x00007ffad5860000 - 0x00007ffad6156000 	C:\WINDOWS\SYSTEM32\windows.storage.dll
0x00007ffad5720000 - 0x00007ffad585e000 	C:\WINDOWS\SYSTEM32\wintypes.dll
0x00007ffad9db0000 - 0x00007ffad9ea3000 	C:\WINDOWS\System32\SHCORE.dll
0x00007ffad8c60000 - 0x00007ffad8cbe000 	C:\WINDOWS\System32\shlwapi.dll
0x00007ffad7880000 - 0x00007ffad78a6000 	C:\WINDOWS\SYSTEM32\profapi.dll
0x00007ffabaf70000 - 0x00007ffabaf88000 	C:\Program Files\Java\jdk-17.0.2\bin\zip.dll
0x00007ffabb160000 - 0x00007ffabb179000 	C:\Program Files\Java\jdk-17.0.2\bin\net.dll
0x00007fface440000 - 0x00007fface577000 	C:\WINDOWS\SYSTEM32\WINHTTP.dll
0x00007ffad6e10000 - 0x00007ffad6e79000 	C:\WINDOWS\system32\mswsock.dll
0x00007ffabb140000 - 0x00007ffabb156000 	C:\Program Files\Java\jdk-17.0.2\bin\nio.dll
0x00007ffac7160000 - 0x00007ffac7170000 	C:\Program Files\Java\jdk-17.0.2\bin\verify.dll
0x00007ffa9f830000 - 0x00007ffa9f857000 	C:\Users\Mohan NS\.gradle\native\c067742578af261105cb4f569cf0c3c89f3d7b1fecec35dd04571415982c5e48\windows-amd64\native-platform.dll
0x00007ffa3e690000 - 0x00007ffa3e7d4000 	C:\Users\Mohan NS\.gradle\native\38dada09dfb8b06ba9b0570ebf7e218e3eb74d4ef43ca46872605cf95ebc2f47\windows-amd64\native-platform-file-events.dll
0x00007ffab7310000 - 0x00007ffab7319000 	C:\Program Files\Java\jdk-17.0.2\bin\management.dll
0x00007ffab7280000 - 0x00007ffab728b000 	C:\Program Files\Java\jdk-17.0.2\bin\management_ext.dll
0x00007ffad7070000 - 0x00007ffad708b000 	C:\WINDOWS\SYSTEM32\CRYPTSP.dll
0x00007ffad68d0000 - 0x00007ffad6905000 	C:\WINDOWS\system32\rsaenh.dll
0x00007ffad6f00000 - 0x00007ffad6f2c000 	C:\WINDOWS\SYSTEM32\USERENV.dll
0x00007ffad7060000 - 0x00007ffad706c000 	C:\WINDOWS\SYSTEM32\CRYPTBASE.dll
0x00007ffad63b0000 - 0x00007ffad63dd000 	C:\WINDOWS\SYSTEM32\IPHLPAPI.DLL
0x00007ffad9f70000 - 0x00007ffad9f79000 	C:\WINDOWS\System32\NSI.dll
0x00007fface420000 - 0x00007fface439000 	C:\WINDOWS\SYSTEM32\dhcpcsvc6.DLL
0x00007ffacd9e0000 - 0x00007ffacd9ff000 	C:\WINDOWS\SYSTEM32\dhcpcsvc.DLL
0x00007ffad63e0000 - 0x00007ffad64d9000 	C:\WINDOWS\SYSTEM32\DNSAPI.dll
0x00007ffab4e00000 - 0x00007ffab4e0e000 	C:\Program Files\Java\jdk-17.0.2\bin\sunmscapi.dll
0x00007ffad7f40000 - 0x00007ffad80a6000 	C:\WINDOWS\System32\CRYPT32.dll
0x00007ffad7220000 - 0x00007ffad724e000 	C:\WINDOWS\SYSTEM32\ncrypt.dll
0x00007ffad71e0000 - 0x00007ffad7217000 	C:\WINDOWS\SYSTEM32\NTASN1.dll
0x00007ffa9ea40000 - 0x00007ffa9ea48000 	C:\WINDOWS\system32\wshunix.dll

dbghelp: loaded successfully - version: 4.0.5 - missing functions: none
symbol engine: initialized successfully - sym options: 0x614 - pdb path: .;C:\Program Files\Java\jdk-17.0.2\bin;C:\WINDOWS\SYSTEM32;C:\WINDOWS\WinSxS\amd64_microsoft.windows.common-controls_6595b64144ccf1df_6.0.22621.2506_none_270c5ae97388e100;C:\Program Files\Java\jdk-17.0.2\bin\server;C:\Users\Mohan NS\.gradle\native\c067742578af261105cb4f569cf0c3c89f3d7b1fecec35dd04571415982c5e48\windows-amd64;C:\Users\Mohan NS\.gradle\native\38dada09dfb8b06ba9b0570ebf7e218e3eb74d4ef43ca46872605cf95ebc2f47\windows-amd64

VM Arguments:
jvm_args: --add-opens=java.base/java.util=ALL-UNNAMED --add-opens=java.base/java.lang=ALL-UNNAMED --add-opens=java.base/java.lang.invoke=ALL-UNNAMED --add-opens=java.prefs/java.util.prefs=ALL-UNNAMED --add-opens=java.base/java.nio.charset=ALL-UNNAMED --add-opens=java.base/java.net=ALL-UNNAMED --add-opens=java.base/java.util.concurrent.atomic=ALL-UNNAMED -XX:MaxMetaspaceSize=384m -XX:+HeapDumpOnOutOfMemoryError -Xms256m -Xmx512m -Dfile.encoding=windows-1252 -Duser.country=IN -Duser.language=en -Duser.variant -javaagent:C:\Users\Mohan NS\.gradle\wrapper\dists\gradle-8.5-bin\5t9huq95ubn472n8rpzujfbqh\gradle-8.5\lib\agents\gradle-instrumentation-agent-8.5.jar 
java_command: org.gradle.launcher.daemon.bootstrap.GradleDaemon 8.5
java_class_path (initial): C:\Users\Mohan NS\.gradle\wrapper\dists\gradle-8.5-bin\5t9huq95ubn472n8rpzujfbqh\gradle-8.5\lib\gradle-launcher-8.5.jar
Launcher Type: SUN_STANDARD

[Global flags]
     intx CICompilerCount                          = 4                                         {product} {ergonomic}
   size_t CompressedClassSpaceSize                 = 322961408                                 {product} {ergonomic}
     uint ConcGCThreads                            = 2                                         {product} {ergonomic}
     uint G1ConcRefinementThreads                  = 8                                         {product} {ergonomic}
   size_t G1HeapRegionSize                         = 1048576                                   {product} {ergonomic}
    uintx GCDrainStackTargetSize                   = 64                                        {product} {ergonomic}
     bool HeapDumpOnOutOfMemoryError               = true                                   {manageable} {command line}
   size_t InitialHeapSize                          = 268435456                                 {product} {command line}
   size_t MarkStackSize                            = 4194304                                   {product} {ergonomic}
   size_t MaxHeapSize                              = 536870912                                 {product} {command line}
   size_t MaxMetaspaceSize                         = 402653184                                 {product} {command line}
   size_t MaxNewSize                               = 321912832                                 {product} {ergonomic}
   size_t MinHeapDeltaBytes                        = 1048576                                   {product} {ergonomic}
   size_t MinHeapSize                              = 268435456                                 {product} {command line}
    uintx NonNMethodCodeHeapSize                   = 5839372                                {pd product} {ergonomic}
    uintx NonProfiledCodeHeapSize                  = 122909434                              {pd product} {ergonomic}
    uintx ProfiledCodeHeapSize                     = 122909434                              {pd product} {ergonomic}
    uintx ReservedCodeCacheSize                    = 251658240                              {pd product} {ergonomic}
     bool SegmentedCodeCache                       = true                                      {product} {ergonomic}
   size_t SoftMaxHeapSize                          = 536870912                              {manageable} {ergonomic}
     bool UseCompressedClassPointers               = true                           {product lp64_product} {ergonomic}
     bool UseCompressedOops                        = true                           {product lp64_product} {ergonomic}
     bool UseG1GC                                  = true                                      {product} {ergonomic}
     bool UseLargePagesIndividualAllocation        = false                                  {pd product} {ergonomic}

Logging:
Log output configuration:
 #0: stdout all=warning uptime,level,tags
 #1: stderr all=off uptime,level,tags

Environment Variables:
JAVA_HOME=C:\Program Files\Java\jdk-17.0.2
PATH=C:\Program Files\Common Files\Oracle\Java\javapath;C:\app\Mohan\product\21c\dbhomeXE\bin;C:\WINDOWS\system32;C:\WINDOWS;C:\WINDOWS\System32\Wbem;C:\WINDOWS\System32\WindowsPowerShell\v1.0\;C:\WINDOWS\System32\OpenSSH\;C:\Program Files\PuTTY\;C:\msys64\mingw64\bin;C:\apache-maven-3.9.6\bin;C:\Program Files\nodejs\;C:\Gradle\gradle-8.5\bin;C:\Program Files\PowerShell\7\;C:\Program Files\Git\cmd;C:\Program Files\MySQL\MySQL Shell 8.0\bin\;C:\Users\Mohan NS\AppData\Local\Microsoft\WindowsApps;C:\Users\Mohan NS\AppData\Local\GitHubDesktop\bin;C:\Program Files\JetBrains\IntelliJ IDEA 2023.2.2\bin;;C:\Program Files\JetBrains\IntelliJ IDEA Community Edition 2023.1.2\bin;;C:\Users\Mohan NS\AppData\Local\Programs\Microsoft VS Code\bin;C:\Program Files\Git\bin\;C:\Program Files\Git\cmd\;C:\Program Files\JetBrains\PyCharm 2023.2.4\bin;;C:\Program Files\Neovim\bin;C:\Users\Mohan NS\AppData\Local\Microsoft\WinGet\Packages\BurntSushi.ripgrep.MSVC_Microsoft.Winget.Source_8wekyb3d8bbwe\ripgrep-14.0.3-x86_64-pc-windows-msvc;C:\Users\Mohan NS\AppData\Roaming\npm;C:\Users\Mohan NS\AppData\Local\Programs\oh-my-posh\bin;C:\Program Files\PostgreSQL\16\bin;
USERNAME=Mohan NS
OS=Windows_NT
PROCESSOR_IDENTIFIER=Intel64 Family 6 Model 140 Stepping 1, GenuineIntel



---------------  S Y S T E M  ---------------

OS:
 Windows 11 , 64 bit Build 22621 (10.0.22621.3085)
OS uptime: 0 days 6:31 hours

CPU: total 8 (initial active 8) (4 cores per cpu, 2 threads per core) family 6 model 140 stepping 1 microcode 0xa6, cx8, cmov, fxsr, ht, mmx, 3dnowpref, sse, sse2, sse3, ssse3, sse4.1, sse4.2, popcnt, lzcnt, tsc, tscinvbit, avx, avx2, aes, erms, clmul, bmi1, bmi2, adx, avx512f, avx512dq, avx512cd, avx512bw, avx512vl, sha, fma, vzeroupper, avx512_vpopcntdq, avx512_vpclmulqdq, avx512_vaes, avx512_vnni, clflush, clflushopt, clwb, avx512_vbmi2, avx512_vbmi

Memory: 4k page, system-wide physical 16029M (30M free)
TotalPageFile size 31402M (AvailPageFile size 1M)
current process WorkingSet (physical memory assigned to process): 251M, peak: 251M
current process commit charge ("private bytes"): 420M, peak: 420M

vm_info: Java HotSpot(TM) 64-Bit Server VM (17.0.2+8-LTS-86) for windows-amd64 JRE (17.0.2+8-LTS-86), built on Dec  7 2021 21:51:03 by "mach5one" with MS VC++ 16.8 / 16.9 (VS2019)

END.
