#
# There is insufficient memory for the Java Runtime Environment to continue.
# Native memory allocation (malloc) failed to allocate 32744 bytes for ChunkPool::allocate
# Possible reasons:
#   The system is out of physical RAM or swap space
#   The process is running with CompressedOops enabled, and the Java Heap may be blocking the growth of the native heap
# Possible solutions:
#   Reduce memory load on the system
#   Increase physical memory or swap space
#   Check if swap backing store is full
#   Decrease Java heap size (-Xmx/-Xms)
#   Decrease number of Java threads
#   Decrease Java thread stack sizes (-Xss)
#   Set larger code cache with -XX:ReservedCodeCacheSize=
#   JVM is running with Unscaled Compressed Oops mode in which the Java heap is
#     placed in the first 4GB address space. The Java Heap base address is the
#     maximum limit for the native heap growth. Please use -XX:HeapBaseMinAddress
#     to set the Java Heap base and to place the Java Heap above 4GB virtual address.
# This output file may be truncated or incomplete.
#
#  Out of Memory Error (arena.cpp:78), pid=10032, tid=21720
#
# JRE version: Java(TM) SE Runtime Environment (17.0.2+8) (build 17.0.2+8-LTS-86)
# Java VM: Java HotSpot(TM) 64-Bit Server VM (17.0.2+8-LTS-86, mixed mode, sharing, tiered, compressed oops, compressed class ptrs, g1 gc, windows-amd64)
# No core dump will be written. Minidumps are not enabled by default on client versions of Windows
#

---------------  S U M M A R Y ------------

Command Line: --add-opens=java.base/java.util=ALL-UNNAMED --add-opens=java.base/java.lang=ALL-UNNAMED --add-opens=java.base/java.lang.invoke=ALL-UNNAMED --add-opens=java.prefs/java.util.prefs=ALL-UNNAMED --add-opens=java.base/java.nio.charset=ALL-UNNAMED --add-opens=java.base/java.net=ALL-UNNAMED --add-opens=java.base/java.util.concurrent.atomic=ALL-UNNAMED -XX:MaxMetaspaceSize=384m -XX:+HeapDumpOnOutOfMemoryError -Xms256m -Xmx512m -Dfile.encoding=windows-1252 -Duser.country=IN -Duser.language=en -Duser.variant -javaagent:C:\Users\Mohan NS\.gradle\wrapper\dists\gradle-8.5-bin\5t9huq95ubn472n8rpzujfbqh\gradle-8.5\lib\agents\gradle-instrumentation-agent-8.5.jar org.gradle.launcher.daemon.bootstrap.GradleDaemon 8.5

Host: 11th Gen Intel(R) Core(TM) i7-1185G7 @ 3.00GHz, 8 cores, 15G,  Windows 11 , 64 bit Build 22621 (10.0.22621.3085)
Time: Mon Feb 26 22:44:24 2024 India Standard Time elapsed time: 39.022671 seconds (0d 0h 0m 39s)

---------------  T H R E A D  ---------------

Current thread (0x000001a2f976baa0):  JavaThread "C2 CompilerThread0" daemon [_thread_in_native, id=21720, stack(0x000000655fd00000,0x000000655fe00000)]


Current CompileTask:
C2:  39022 8645  s    4       java.io.BufferedInputStream::read (113 bytes)

Stack: [0x000000655fd00000,0x000000655fe00000]
Native frames: (J=compiled Java code, j=interpreted, Vv=VM code, C=native code)
V  [jvm.dll+0x670baa]
V  [jvm.dll+0x7cfcb4]
V  [jvm.dll+0x7d145e]
V  [jvm.dll+0x7d1ac3]
V  [jvm.dll+0x242bc5]
V  [jvm.dll+0xaa7c0]
V  [jvm.dll+0xaab0c]
V  [jvm.dll+0xaa68b]
V  [jvm.dll+0x6c6dfc]
V  [jvm.dll+0x582787]
V  [jvm.dll+0x6f2f82]
V  [jvm.dll+0x6f20ef]
V  [jvm.dll+0x58ca6b]
V  [jvm.dll+0x579ac3]
V  [jvm.dll+0x21de3d]
V  [jvm.dll+0x217679]
V  [jvm.dll+0x214fab]
V  [jvm.dll+0x1a1bbd]
V  [jvm.dll+0x224908]
V  [jvm.dll+0x222a6c]
V  [jvm.dll+0x7859bb]
V  [jvm.dll+0x77ff7a]
V  [jvm.dll+0x66fa35]
C  [ucrtbase.dll+0x29363]
C  [KERNEL32.DLL+0x1257d]
C  [ntdll.dll+0x5aa58]


---------------  P R O C E S S  ---------------

Threads class SMR info:
_java_thread_list=0x000001a28fdb2ff0, length=46, elements={
0x000001a2ed7076f0, 0x000001a2f974b6f0, 0x000001a2f974c2a0, 0x000001a2f9764be0,
0x000001a2f9765790, 0x000001a2f9766340, 0x000001a2f976ad10, 0x000001a2f976baa0,
0x000001a2f976e960, 0x000001a2f976fef0, 0x000001a2fa19de70, 0x000001a2fa2a2b70,
0x000001a2fbf23c90, 0x000001a2fbe665e0, 0x000001a2fba0d030, 0x000001a2fbeb3940,
0x000001a2fb5bf4d0, 0x000001a2fb8c79a0, 0x000001a2fb8c9680, 0x000001a2fb8ca020,
0x000001a2fb8c7e70, 0x000001a2fb8c8ce0, 0x000001a2fb8c8340, 0x000001a2fb8c91b0,
0x000001a2fd648860, 0x000001a2fd647ec0, 0x000001a2fd648d30, 0x000001a2fd64aee0,
0x000001a2fd645370, 0x000001a2fd64a070, 0x000001a2fd649ba0, 0x000001a2fd64b3b0,
0x000001a2fd6466b0, 0x000001a2fd644500, 0x000001a2fd6479f0, 0x000001a28f101130,
0x000001a28f102470, 0x000001a2fd1e4df0, 0x000001a2fd1e1dd0, 0x000001a2fd1e6600,
0x000001a2fd1e0a90, 0x000001a2fd1e1430, 0x000001a2fd1e7470, 0x000001a2fd1e4450,
0x000001a2fd1e22a0, 0x000001a2fd1e35e0
}

Java Threads: ( => current thread )
  0x000001a2ed7076f0 JavaThread "main" [_thread_blocked, id=13976, stack(0x000000655f000000,0x000000655f100000)]
  0x000001a2f974b6f0 JavaThread "Reference Handler" daemon [_thread_blocked, id=18356, stack(0x000000655f700000,0x000000655f800000)]
  0x000001a2f974c2a0 JavaThread "Finalizer" daemon [_thread_blocked, id=9852, stack(0x000000655f800000,0x000000655f900000)]
  0x000001a2f9764be0 JavaThread "Signal Dispatcher" daemon [_thread_blocked, id=18236, stack(0x000000655f900000,0x000000655fa00000)]
  0x000001a2f9765790 JavaThread "Attach Listener" daemon [_thread_blocked, id=2484, stack(0x000000655fa00000,0x000000655fb00000)]
  0x000001a2f9766340 JavaThread "Service Thread" daemon [_thread_blocked, id=25140, stack(0x000000655fb00000,0x000000655fc00000)]
  0x000001a2f976ad10 JavaThread "Monitor Deflation Thread" daemon [_thread_blocked, id=2212, stack(0x000000655fc00000,0x000000655fd00000)]
=>0x000001a2f976baa0 JavaThread "C2 CompilerThread0" daemon [_thread_in_native, id=21720, stack(0x000000655fd00000,0x000000655fe00000)]
  0x000001a2f976e960 JavaThread "C1 CompilerThread0" daemon [_thread_in_native, id=17824, stack(0x000000655fe00000,0x000000655ff00000)]
  0x000001a2f976fef0 JavaThread "Sweeper thread" daemon [_thread_blocked, id=12568, stack(0x000000655ff00000,0x0000006560000000)]
  0x000001a2fa19de70 JavaThread "Common-Cleaner" daemon [_thread_blocked, id=11204, stack(0x0000006560000000,0x0000006560100000)]
  0x000001a2fa2a2b70 JavaThread "Notification Thread" daemon [_thread_blocked, id=21776, stack(0x0000006560100000,0x0000006560200000)]
  0x000001a2fbf23c90 JavaThread "Daemon health stats" [_thread_blocked, id=11864, stack(0x0000006560a00000,0x0000006560b00000)]
  0x000001a2fbe665e0 JavaThread "Incoming local TCP Connector on port 55304" [_thread_in_native, id=9236, stack(0x0000006560300000,0x0000006560400000)]
  0x000001a2fba0d030 JavaThread "Daemon periodic checks" [_thread_blocked, id=16252, stack(0x0000006560900000,0x0000006560a00000)]
  0x000001a2fbeb3940 JavaThread "Daemon" [_thread_blocked, id=27200, stack(0x0000006560c00000,0x0000006560d00000)]
  0x000001a2fb5bf4d0 JavaThread "Daemon worker" [_thread_blocked, id=27452, stack(0x0000006560e00000,0x0000006560f00000)]
  0x000001a2fb8c79a0 JavaThread "Cache worker for journal cache (C:\Users\Mohan NS\.gradle\caches\journal-1)" [_thread_blocked, id=20148, stack(0x0000006561200000,0x0000006561300000)]
  0x000001a2fb8c9680 JavaThread "File lock request listener" [_thread_in_native, id=15620, stack(0x0000006561300000,0x0000006561400000)]
  0x000001a2fb8ca020 JavaThread "File lock release action executor" [_thread_blocked, id=24384, stack(0x0000006561400000,0x0000006561500000)]
  0x000001a2fb8c7e70 JavaThread "Daemon Thread 2" [_thread_blocked, id=24820, stack(0x0000006561500000,0x0000006561600000)]
  0x000001a2fb8c8ce0 JavaThread "Cache worker for file hash cache (C:\Users\Mohan NS\.gradle\caches\8.5\fileHashes)" [_thread_blocked, id=4996, stack(0x0000006561800000,0x0000006561900000)]
  0x000001a2fb8c8340 JavaThread "File watcher server" daemon [_thread_in_native, id=13284, stack(0x0000006561700000,0x0000006561800000)]
  0x000001a2fb8c91b0 JavaThread "File watcher consumer" daemon [_thread_blocked, id=15080, stack(0x0000006561600000,0x0000006561700000)]
  0x000001a2fd648860 JavaThread "Cache worker for file content cache (C:\Users\Mohan NS\.gradle\caches\8.5\fileContent)" [_thread_blocked, id=23852, stack(0x0000006562000000,0x0000006562100000)]
  0x000001a2fd647ec0 JavaThread "Cache worker for execution history cache (C:\Users\Mohan NS\.gradle\caches\8.5\executionHistory)" [_thread_blocked, id=20780, stack(0x0000006562100000,0x0000006562200000)]
  0x000001a2fd648d30 JavaThread "jar transforms" [_thread_blocked, id=24776, stack(0x0000006562200000,0x0000006562300000)]
  0x000001a2fd64aee0 JavaThread "jar transforms Thread 2" [_thread_blocked, id=23184, stack(0x0000006562300000,0x0000006562400000)]
  0x000001a2fd645370 JavaThread "jar transforms Thread 3" [_thread_blocked, id=25832, stack(0x0000006562400000,0x0000006562500000)]
  0x000001a2fd64a070 JavaThread "jar transforms Thread 4" [_thread_blocked, id=24872, stack(0x0000006562500000,0x0000006562600000)]
  0x000001a2fd649ba0 JavaThread "jar transforms Thread 5" [_thread_blocked, id=5492, stack(0x0000006562600000,0x0000006562700000)]
  0x000001a2fd64b3b0 JavaThread "jar transforms Thread 6" [_thread_blocked, id=11784, stack(0x0000006562700000,0x0000006562800000)]
  0x000001a2fd6466b0 JavaThread "jar transforms Thread 7" [_thread_blocked, id=9772, stack(0x0000006562a00000,0x0000006562b00000)]
  0x000001a2fd644500 JavaThread "File lock release action executor Thread 2" [_thread_blocked, id=17068, stack(0x0000006562b00000,0x0000006562c00000)]
  0x000001a2fd6479f0 JavaThread "jar transforms Thread 8" [_thread_blocked, id=4088, stack(0x0000006563300000,0x0000006563400000)]
  0x000001a28f101130 JavaThread "Memory manager" [_thread_blocked, id=13584, stack(0x0000006563500000,0x0000006563600000)]
  0x000001a28f102470 JavaThread "included builds" [_thread_blocked, id=12172, stack(0x0000006563600000,0x0000006563700000)]
  0x000001a2fd1e4df0 JavaThread "Handler for socket connection from /127.0.0.1:55304 to /127.0.0.1:55360" [_thread_in_native, id=15288, stack(0x0000006560d00000,0x0000006560e00000)]
  0x000001a2fd1e1dd0 JavaThread "Cancel handler" [_thread_blocked, id=17816, stack(0x0000006560f00000,0x0000006561000000)]
  0x000001a2fd1e6600 JavaThread "Asynchronous log dispatcher for DefaultDaemonConnection: socket connection from /127.0.0.1:55304 to /127.0.0.1:55360" [_thread_blocked, id=20828, stack(0x0000006561000000,0x0000006561100000)]
  0x000001a2fd1e0a90 JavaThread "Stdin handler" [_thread_blocked, id=26964, stack(0x0000006561100000,0x0000006561200000)]
  0x000001a2fd1e1430 JavaThread "Daemon client event forwarder" [_thread_blocked, id=22828, stack(0x0000006561c00000,0x0000006561d00000)]
  0x000001a2fd1e7470 JavaThread "Cache worker for checksums cache (C:\Users\Mohan NS\Desktop\BlindApp-UserService\.gradle\8.5\checksums)" [_thread_blocked, id=13200, stack(0x0000006561d00000,0x0000006561e00000)]
  0x000001a2fd1e4450 JavaThread "Cache worker for file hash cache (C:\Users\Mohan NS\Desktop\BlindApp-UserService\.gradle\8.5\fileHashes)" [_thread_blocked, id=13800, stack(0x0000006561e00000,0x0000006561f00000)]
  0x000001a2fd1e22a0 JavaThread "Cache worker for cache directory md-supplier (C:\Users\Mohan NS\.gradle\caches\8.5\md-supplier)" [_thread_blocked, id=26376, stack(0x0000006561f00000,0x0000006562000000)]
  0x000001a2fd1e35e0 JavaThread "Cache worker for cache directory md-rule (C:\Users\Mohan NS\.gradle\caches\8.5\md-rule)" [_thread_blocked, id=11108, stack(0x0000006562800000,0x0000006562900000)]

Other Threads:
  0x000001a2f97470c0 VMThread "VM Thread" [stack: 0x000000655f600000,0x000000655f700000] [id=476]
  0x000001a2ed708560 WatcherThread [stack: 0x0000006560200000,0x0000006560300000] [id=18080]
  0x000001a2ed7306c0 GCTaskThread "GC Thread#0" [stack: 0x000000655f100000,0x000000655f200000] [id=4120]
  0x000001a2fadbfc60 GCTaskThread "GC Thread#1" [stack: 0x0000006560400000,0x0000006560500000] [id=11740]
  0x000001a2fa658f40 GCTaskThread "GC Thread#2" [stack: 0x0000006560500000,0x0000006560600000] [id=21140]
  0x000001a2fa6591f0 GCTaskThread "GC Thread#3" [stack: 0x0000006560600000,0x0000006560700000] [id=24976]
  0x000001a2fb16a5e0 GCTaskThread "GC Thread#4" [stack: 0x0000006560700000,0x0000006560800000] [id=24388]
  0x000001a2fb16a890 GCTaskThread "GC Thread#5" [stack: 0x0000006560800000,0x0000006560900000] [id=16532]
  0x000001a2fbeae500 GCTaskThread "GC Thread#6" [stack: 0x0000006561900000,0x0000006561a00000] [id=21112]
  0x000001a2fbeae7b0 GCTaskThread "GC Thread#7" [stack: 0x0000006561a00000,0x0000006561b00000] [id=28356]
  0x000001a2ed735600 ConcurrentGCThread "G1 Main Marker" [stack: 0x000000655f200000,0x000000655f300000] [id=14332]
  0x000001a2ed736010 ConcurrentGCThread "G1 Conc#0" [stack: 0x000000655f300000,0x000000655f400000] [id=10956]
  0x000001a2fd7441a0 ConcurrentGCThread "G1 Conc#1" [stack: 0x0000006561b00000,0x0000006561c00000] [id=19828]
  0x000001a2ed7ce990 ConcurrentGCThread "G1 Refine#0" [stack: 0x000000655f400000,0x000000655f500000] [id=18940]
  0x000001a2f960a510 ConcurrentGCThread "G1 Service" [stack: 0x000000655f500000,0x000000655f600000] [id=19856]

Threads with active compile tasks:
C2 CompilerThread0    39091 8645  s    4       java.io.BufferedInputStream::read (113 bytes)
C1 CompilerThread0    39092 8642   !   3       com.google.common.cache.LocalCache$Segment::clear (261 bytes)

VM state: not at safepoint (normal execution)

VM Mutex/Monitor currently owned by a thread: None

Heap address: 0x00000000e0000000, size: 512 MB, Compressed Oops mode: 32-bit

CDS archive(s) mapped at: [0x0000000800000000-0x0000000800bc0000-0x0000000800bc0000), size 12320768, SharedBaseAddress: 0x0000000800000000, ArchiveRelocationMode: 0.
Compressed class space mapped at: 0x0000000800c00000-0x0000000814000000, reserved size: 322961408
Narrow klass base: 0x0000000800000000, Narrow klass shift: 0, Narrow klass range: 0x100000000

GC Precious Log:
 CPUs: 8 total, 8 available
 Memory: 16029M
 Large Page Support: Disabled
 NUMA Support: Disabled
 Compressed Oops: Enabled (32-bit)
 Heap Region Size: 1M
 Heap Min Capacity: 256M
 Heap Initial Capacity: 256M
 Heap Max Capacity: 512M
 Pre-touch: Disabled
 Parallel Workers: 8
 Concurrent Workers: 2
 Concurrent Refinement Workers: 8
 Periodic GC: Disabled

Heap:
 garbage-first heap   total 262144K, used 163887K [0x00000000e0000000, 0x0000000100000000)
  region size 1024K, 141 young (144384K), 18 survivors (18432K)
 Metaspace       used 52908K, committed 53440K, reserved 364544K
  class space    used 7437K, committed 7744K, reserved 315392K

Heap Regions: E=young(eden), S=young(survivor), O=old, HS=humongous(starts), HC=humongous(continues), CS=collection set, F=free, OA=open archive, CA=closed archive, TAMS=top-at-mark-start (previous, next)
|   0|0x00000000e0000000, 0x00000000e0100000, 0x00000000e0100000|100%|HS|  |TAMS 0x00000000e0100000, 0x00000000e0000000| Complete 
|   1|0x00000000e0100000, 0x00000000e0200000, 0x00000000e0200000|100%|HC|  |TAMS 0x00000000e0200000, 0x00000000e0100000| Complete 
|   2|0x00000000e0200000, 0x00000000e0300000, 0x00000000e0300000|100%|HC|  |TAMS 0x00000000e0300000, 0x00000000e0200000| Complete 
|   3|0x00000000e0300000, 0x00000000e0400000, 0x00000000e0400000|100%|HC|  |TAMS 0x00000000e0400000, 0x00000000e0300000| Complete 
|   4|0x00000000e0400000, 0x00000000e0500000, 0x00000000e0500000|100%| O|  |TAMS 0x00000000e0500000, 0x00000000e0400000| Untracked 
|   5|0x00000000e0500000, 0x00000000e0600000, 0x00000000e0600000|100%| O|  |TAMS 0x00000000e0600000, 0x00000000e0500000| Untracked 
|   6|0x00000000e0600000, 0x00000000e0700000, 0x00000000e0700000|100%| O|  |TAMS 0x00000000e0700000, 0x00000000e0600000| Untracked 
|   7|0x00000000e0700000, 0x00000000e0800000, 0x00000000e0800000|100%| O|  |TAMS 0x00000000e0800000, 0x00000000e0700000| Untracked 
|   8|0x00000000e0800000, 0x00000000e0900000, 0x00000000e0900000|100%| O|  |TAMS 0x00000000e0900000, 0x00000000e0800000| Untracked 
|   9|0x00000000e0900000, 0x00000000e0a00000, 0x00000000e0a00000|100%| O|  |TAMS 0x00000000e0a00000, 0x00000000e0900000| Untracked 
|  10|0x00000000e0a00000, 0x00000000e0b00000, 0x00000000e0b00000|100%| O|  |TAMS 0x00000000e0a4ae00, 0x00000000e0a00000| Untracked 
|  11|0x00000000e0b00000, 0x00000000e0b00000, 0x00000000e0c00000|  0%| F|  |TAMS 0x00000000e0b00000, 0x00000000e0b00000| Untracked 
|  12|0x00000000e0c00000, 0x00000000e0c00000, 0x00000000e0d00000|  0%| F|  |TAMS 0x00000000e0c00000, 0x00000000e0c00000| Untracked 
|  13|0x00000000e0d00000, 0x00000000e0d00000, 0x00000000e0e00000|  0%| F|  |TAMS 0x00000000e0d00000, 0x00000000e0d00000| Untracked 
|  14|0x00000000e0e00000, 0x00000000e0e00000, 0x00000000e0f00000|  0%| F|  |TAMS 0x00000000e0e00000, 0x00000000e0e00000| Untracked 
|  15|0x00000000e0f00000, 0x00000000e0f00000, 0x00000000e1000000|  0%| F|  |TAMS 0x00000000e0f00000, 0x00000000e0f00000| Untracked 
|  16|0x00000000e1000000, 0x00000000e1100000, 0x00000000e1100000|100%| O|  |TAMS 0x00000000e1000000, 0x00000000e1000000| Untracked 
|  17|0x00000000e1100000, 0x00000000e1200000, 0x00000000e1200000|100%| O|  |TAMS 0x00000000e1100000, 0x00000000e1100000| Untracked 
|  18|0x00000000e1200000, 0x00000000e1300000, 0x00000000e1300000|100%| O|  |TAMS 0x00000000e1200000, 0x00000000e1200000| Untracked 
|  19|0x00000000e1300000, 0x00000000e1400000, 0x00000000e1400000|100%| O|  |TAMS 0x00000000e1300000, 0x00000000e1300000| Untracked 
|  20|0x00000000e1400000, 0x00000000e1500000, 0x00000000e1500000|100%| O|  |TAMS 0x00000000e1400000, 0x00000000e1400000| Untracked 
|  21|0x00000000e1500000, 0x00000000e1600000, 0x00000000e1600000|100%| O|  |TAMS 0x00000000e1500000, 0x00000000e1500000| Untracked 
|  22|0x00000000e1600000, 0x00000000e1700000, 0x00000000e1700000|100%| O|  |TAMS 0x00000000e1600000, 0x00000000e1600000| Untracked 
|  23|0x00000000e1700000, 0x00000000e1800000, 0x00000000e1800000|100%| O|  |TAMS 0x00000000e1700000, 0x00000000e1700000| Untracked 
|  24|0x00000000e1800000, 0x00000000e1900000, 0x00000000e1900000|100%| O|  |TAMS 0x00000000e1800000, 0x00000000e1800000| Untracked 
|  25|0x00000000e1900000, 0x00000000e1a00000, 0x00000000e1a00000|100%| O|  |TAMS 0x00000000e1900000, 0x00000000e1900000| Untracked 
|  26|0x00000000e1a00000, 0x00000000e1a18c00, 0x00000000e1b00000|  9%| O|  |TAMS 0x00000000e1a00000, 0x00000000e1a00000| Untracked 
|  27|0x00000000e1b00000, 0x00000000e1b00000, 0x00000000e1c00000|  0%| F|  |TAMS 0x00000000e1b00000, 0x00000000e1b00000| Untracked 
|  28|0x00000000e1c00000, 0x00000000e1c00000, 0x00000000e1d00000|  0%| F|  |TAMS 0x00000000e1c00000, 0x00000000e1c00000| Untracked 
|  29|0x00000000e1d00000, 0x00000000e1d00000, 0x00000000e1e00000|  0%| F|  |TAMS 0x00000000e1d00000, 0x00000000e1d00000| Untracked 
|  30|0x00000000e1e00000, 0x00000000e1e00000, 0x00000000e1f00000|  0%| F|  |TAMS 0x00000000e1e00000, 0x00000000e1e00000| Untracked 
|  31|0x00000000e1f00000, 0x00000000e1f00000, 0x00000000e2000000|  0%| F|  |TAMS 0x00000000e1f00000, 0x00000000e1f00000| Untracked 
|  32|0x00000000e2000000, 0x00000000e2000000, 0x00000000e2100000|  0%| F|  |TAMS 0x00000000e2000000, 0x00000000e2000000| Untracked 
|  33|0x00000000e2100000, 0x00000000e2100000, 0x00000000e2200000|  0%| F|  |TAMS 0x00000000e2100000, 0x00000000e2100000| Untracked 
|  34|0x00000000e2200000, 0x00000000e2200000, 0x00000000e2300000|  0%| F|  |TAMS 0x00000000e2200000, 0x00000000e2200000| Untracked 
|  35|0x00000000e2300000, 0x00000000e2300000, 0x00000000e2400000|  0%| F|  |TAMS 0x00000000e2300000, 0x00000000e2300000| Untracked 
|  36|0x00000000e2400000, 0x00000000e2400000, 0x00000000e2500000|  0%| F|  |TAMS 0x00000000e2400000, 0x00000000e2400000| Untracked 
|  37|0x00000000e2500000, 0x00000000e2500000, 0x00000000e2600000|  0%| F|  |TAMS 0x00000000e2500000, 0x00000000e2500000| Untracked 
|  38|0x00000000e2600000, 0x00000000e2600000, 0x00000000e2700000|  0%| F|  |TAMS 0x00000000e2600000, 0x00000000e2600000| Untracked 
|  39|0x00000000e2700000, 0x00000000e2700000, 0x00000000e2800000|  0%| F|  |TAMS 0x00000000e2700000, 0x00000000e2700000| Untracked 
|  40|0x00000000e2800000, 0x00000000e2800000, 0x00000000e2900000|  0%| F|  |TAMS 0x00000000e2800000, 0x00000000e2800000| Untracked 
|  41|0x00000000e2900000, 0x00000000e2900000, 0x00000000e2a00000|  0%| F|  |TAMS 0x00000000e2900000, 0x00000000e2900000| Untracked 
|  42|0x00000000e2a00000, 0x00000000e2a00000, 0x00000000e2b00000|  0%| F|  |TAMS 0x00000000e2a00000, 0x00000000e2a00000| Untracked 
|  43|0x00000000e2b00000, 0x00000000e2b00000, 0x00000000e2c00000|  0%| F|  |TAMS 0x00000000e2b00000, 0x00000000e2b00000| Untracked 
|  44|0x00000000e2c00000, 0x00000000e2c00000, 0x00000000e2d00000|  0%| F|  |TAMS 0x00000000e2c00000, 0x00000000e2c00000| Untracked 
|  45|0x00000000e2d00000, 0x00000000e2d00000, 0x00000000e2e00000|  0%| F|  |TAMS 0x00000000e2d00000, 0x00000000e2d00000| Untracked 
|  46|0x00000000e2e00000, 0x00000000e2e00000, 0x00000000e2f00000|  0%| F|  |TAMS 0x00000000e2e00000, 0x00000000e2e00000| Untracked 
|  47|0x00000000e2f00000, 0x00000000e2f00000, 0x00000000e3000000|  0%| F|  |TAMS 0x00000000e2f00000, 0x00000000e2f00000| Untracked 
|  48|0x00000000e3000000, 0x00000000e3000000, 0x00000000e3100000|  0%| F|  |TAMS 0x00000000e3000000, 0x00000000e3000000| Untracked 
|  49|0x00000000e3100000, 0x00000000e3100000, 0x00000000e3200000|  0%| F|  |TAMS 0x00000000e3100000, 0x00000000e3100000| Untracked 
|  50|0x00000000e3200000, 0x00000000e3200000, 0x00000000e3300000|  0%| F|  |TAMS 0x00000000e3200000, 0x00000000e3200000| Untracked 
|  51|0x00000000e3300000, 0x00000000e3300000, 0x00000000e3400000|  0%| F|  |TAMS 0x00000000e3300000, 0x00000000e3300000| Untracked 
|  52|0x00000000e3400000, 0x00000000e3400000, 0x00000000e3500000|  0%| F|  |TAMS 0x00000000e3400000, 0x00000000e3400000| Untracked 
|  53|0x00000000e3500000, 0x00000000e3500000, 0x00000000e3600000|  0%| F|  |TAMS 0x00000000e3500000, 0x00000000e3500000| Untracked 
|  54|0x00000000e3600000, 0x00000000e3600000, 0x00000000e3700000|  0%| F|  |TAMS 0x00000000e3600000, 0x00000000e3600000| Untracked 
|  55|0x00000000e3700000, 0x00000000e3700000, 0x00000000e3800000|  0%| F|  |TAMS 0x00000000e3700000, 0x00000000e3700000| Untracked 
|  56|0x00000000e3800000, 0x00000000e3800000, 0x00000000e3900000|  0%| F|  |TAMS 0x00000000e3800000, 0x00000000e3800000| Untracked 
|  57|0x00000000e3900000, 0x00000000e3900000, 0x00000000e3a00000|  0%| F|  |TAMS 0x00000000e3900000, 0x00000000e3900000| Untracked 
|  58|0x00000000e3a00000, 0x00000000e3a00000, 0x00000000e3b00000|  0%| F|  |TAMS 0x00000000e3a00000, 0x00000000e3a00000| Untracked 
|  59|0x00000000e3b00000, 0x00000000e3b00000, 0x00000000e3c00000|  0%| F|  |TAMS 0x00000000e3b00000, 0x00000000e3b00000| Untracked 
|  60|0x00000000e3c00000, 0x00000000e3c00000, 0x00000000e3d00000|  0%| F|  |TAMS 0x00000000e3c00000, 0x00000000e3c00000| Untracked 
|  61|0x00000000e3d00000, 0x00000000e3d00000, 0x00000000e3e00000|  0%| F|  |TAMS 0x00000000e3d00000, 0x00000000e3d00000| Untracked 
|  62|0x00000000e3e00000, 0x00000000e3e00000, 0x00000000e3f00000|  0%| F|  |TAMS 0x00000000e3e00000, 0x00000000e3e00000| Untracked 
|  63|0x00000000e3f00000, 0x00000000e3f00000, 0x00000000e4000000|  0%| F|  |TAMS 0x00000000e3f00000, 0x00000000e3f00000| Untracked 
|  64|0x00000000e4000000, 0x00000000e4000000, 0x00000000e4100000|  0%| F|  |TAMS 0x00000000e4000000, 0x00000000e4000000| Untracked 
|  65|0x00000000e4100000, 0x00000000e4100000, 0x00000000e4200000|  0%| F|  |TAMS 0x00000000e4100000, 0x00000000e4100000| Untracked 
|  66|0x00000000e4200000, 0x00000000e4200000, 0x00000000e4300000|  0%| F|  |TAMS 0x00000000e4200000, 0x00000000e4200000| Untracked 
|  67|0x00000000e4300000, 0x00000000e4300000, 0x00000000e4400000|  0%| F|  |TAMS 0x00000000e4300000, 0x00000000e4300000| Untracked 
|  68|0x00000000e4400000, 0x00000000e4400000, 0x00000000e4500000|  0%| F|  |TAMS 0x00000000e4400000, 0x00000000e4400000| Untracked 
|  69|0x00000000e4500000, 0x00000000e4500000, 0x00000000e4600000|  0%| F|  |TAMS 0x00000000e4500000, 0x00000000e4500000| Untracked 
|  70|0x00000000e4600000, 0x00000000e4600000, 0x00000000e4700000|  0%| F|  |TAMS 0x00000000e4600000, 0x00000000e4600000| Untracked 
|  71|0x00000000e4700000, 0x00000000e4700000, 0x00000000e4800000|  0%| F|  |TAMS 0x00000000e4700000, 0x00000000e4700000| Untracked 
|  72|0x00000000e4800000, 0x00000000e4800000, 0x00000000e4900000|  0%| F|  |TAMS 0x00000000e4800000, 0x00000000e4800000| Untracked 
|  73|0x00000000e4900000, 0x00000000e4900000, 0x00000000e4a00000|  0%| F|  |TAMS 0x00000000e4900000, 0x00000000e4900000| Untracked 
|  74|0x00000000e4a00000, 0x00000000e4a00000, 0x00000000e4b00000|  0%| F|  |TAMS 0x00000000e4a00000, 0x00000000e4a00000| Untracked 
|  75|0x00000000e4b00000, 0x00000000e4b00000, 0x00000000e4c00000|  0%| F|  |TAMS 0x00000000e4b00000, 0x00000000e4b00000| Untracked 
|  76|0x00000000e4c00000, 0x00000000e4c00000, 0x00000000e4d00000|  0%| F|  |TAMS 0x00000000e4c00000, 0x00000000e4c00000| Untracked 
|  77|0x00000000e4d00000, 0x00000000e4d00000, 0x00000000e4e00000|  0%| F|  |TAMS 0x00000000e4d00000, 0x00000000e4d00000| Untracked 
|  78|0x00000000e4e00000, 0x00000000e4e00000, 0x00000000e4f00000|  0%| F|  |TAMS 0x00000000e4e00000, 0x00000000e4e00000| Untracked 
|  79|0x00000000e4f00000, 0x00000000e4f00000, 0x00000000e5000000|  0%| F|  |TAMS 0x00000000e4f00000, 0x00000000e4f00000| Untracked 
|  80|0x00000000e5000000, 0x00000000e5000000, 0x00000000e5100000|  0%| F|  |TAMS 0x00000000e5000000, 0x00000000e5000000| Untracked 
|  81|0x00000000e5100000, 0x00000000e5100000, 0x00000000e5200000|  0%| F|  |TAMS 0x00000000e5100000, 0x00000000e5100000| Untracked 
|  82|0x00000000e5200000, 0x00000000e5200000, 0x00000000e5300000|  0%| F|  |TAMS 0x00000000e5200000, 0x00000000e5200000| Untracked 
|  83|0x00000000e5300000, 0x00000000e5300000, 0x00000000e5400000|  0%| F|  |TAMS 0x00000000e5300000, 0x00000000e5300000| Untracked 
|  84|0x00000000e5400000, 0x00000000e5400000, 0x00000000e5500000|  0%| F|  |TAMS 0x00000000e5400000, 0x00000000e5400000| Untracked 
|  85|0x00000000e5500000, 0x00000000e55f3340, 0x00000000e5600000| 95%| S|CS|TAMS 0x00000000e5500000, 0x00000000e5500000| Complete 
|  86|0x00000000e5600000, 0x00000000e5700000, 0x00000000e5700000|100%| S|CS|TAMS 0x00000000e5600000, 0x00000000e5600000| Complete 
|  87|0x00000000e5700000, 0x00000000e5800000, 0x00000000e5800000|100%| S|CS|TAMS 0x00000000e5700000, 0x00000000e5700000| Complete 
|  88|0x00000000e5800000, 0x00000000e5900000, 0x00000000e5900000|100%| S|CS|TAMS 0x00000000e5800000, 0x00000000e5800000| Complete 
|  89|0x00000000e5900000, 0x00000000e5a00000, 0x00000000e5a00000|100%| S|CS|TAMS 0x00000000e5900000, 0x00000000e5900000| Complete 
|  90|0x00000000e5a00000, 0x00000000e5b00000, 0x00000000e5b00000|100%| S|CS|TAMS 0x00000000e5a00000, 0x00000000e5a00000| Complete 
|  91|0x00000000e5b00000, 0x00000000e5c00000, 0x00000000e5c00000|100%| S|CS|TAMS 0x00000000e5b00000, 0x00000000e5b00000| Complete 
|  92|0x00000000e5c00000, 0x00000000e5d00000, 0x00000000e5d00000|100%| S|CS|TAMS 0x00000000e5c00000, 0x00000000e5c00000| Complete 
|  93|0x00000000e5d00000, 0x00000000e5e00000, 0x00000000e5e00000|100%| S|CS|TAMS 0x00000000e5d00000, 0x00000000e5d00000| Complete 
|  94|0x00000000e5e00000, 0x00000000e5f00000, 0x00000000e5f00000|100%| S|CS|TAMS 0x00000000e5e00000, 0x00000000e5e00000| Complete 
|  95|0x00000000e5f00000, 0x00000000e6000000, 0x00000000e6000000|100%| S|CS|TAMS 0x00000000e5f00000, 0x00000000e5f00000| Complete 
|  96|0x00000000e6000000, 0x00000000e6100000, 0x00000000e6100000|100%| S|CS|TAMS 0x00000000e6000000, 0x00000000e6000000| Complete 
|  97|0x00000000e6100000, 0x00000000e6200000, 0x00000000e6200000|100%| S|CS|TAMS 0x00000000e6100000, 0x00000000e6100000| Complete 
|  98|0x00000000e6200000, 0x00000000e6300000, 0x00000000e6300000|100%| S|CS|TAMS 0x00000000e6200000, 0x00000000e6200000| Complete 
|  99|0x00000000e6300000, 0x00000000e6400000, 0x00000000e6400000|100%| S|CS|TAMS 0x00000000e6300000, 0x00000000e6300000| Complete 
| 100|0x00000000e6400000, 0x00000000e6500000, 0x00000000e6500000|100%| S|CS|TAMS 0x00000000e6400000, 0x00000000e6400000| Complete 
| 101|0x00000000e6500000, 0x00000000e6600000, 0x00000000e6600000|100%| S|CS|TAMS 0x00000000e6500000, 0x00000000e6500000| Complete 
| 102|0x00000000e6600000, 0x00000000e6700000, 0x00000000e6700000|100%| S|CS|TAMS 0x00000000e6600000, 0x00000000e6600000| Complete 
| 103|0x00000000e6700000, 0x00000000e6700000, 0x00000000e6800000|  0%| F|  |TAMS 0x00000000e6700000, 0x00000000e6700000| Untracked 
| 104|0x00000000e6800000, 0x00000000e6800000, 0x00000000e6900000|  0%| F|  |TAMS 0x00000000e6800000, 0x00000000e6800000| Untracked 
| 105|0x00000000e6900000, 0x00000000e6900000, 0x00000000e6a00000|  0%| F|  |TAMS 0x00000000e6900000, 0x00000000e6900000| Untracked 
| 106|0x00000000e6a00000, 0x00000000e6a00000, 0x00000000e6b00000|  0%| F|  |TAMS 0x00000000e6a00000, 0x00000000e6a00000| Untracked 
| 107|0x00000000e6b00000, 0x00000000e6b00000, 0x00000000e6c00000|  0%| F|  |TAMS 0x00000000e6b00000, 0x00000000e6b00000| Untracked 
| 108|0x00000000e6c00000, 0x00000000e6c00000, 0x00000000e6d00000|  0%| F|  |TAMS 0x00000000e6c00000, 0x00000000e6c00000| Untracked 
| 109|0x00000000e6d00000, 0x00000000e6d00000, 0x00000000e6e00000|  0%| F|  |TAMS 0x00000000e6d00000, 0x00000000e6d00000| Untracked 
| 110|0x00000000e6e00000, 0x00000000e6e00000, 0x00000000e6f00000|  0%| F|  |TAMS 0x00000000e6e00000, 0x00000000e6e00000| Untracked 
| 111|0x00000000e6f00000, 0x00000000e6f00000, 0x00000000e7000000|  0%| F|  |TAMS 0x00000000e6f00000, 0x00000000e6f00000| Untracked 
| 112|0x00000000e7000000, 0x00000000e7000000, 0x00000000e7100000|  0%| F|  |TAMS 0x00000000e7000000, 0x00000000e7000000| Untracked 
| 113|0x00000000e7100000, 0x00000000e7100000, 0x00000000e7200000|  0%| F|  |TAMS 0x00000000e7100000, 0x00000000e7100000| Untracked 
| 114|0x00000000e7200000, 0x00000000e7200000, 0x00000000e7300000|  0%| F|  |TAMS 0x00000000e7200000, 0x00000000e7200000| Untracked 
| 115|0x00000000e7300000, 0x00000000e7300000, 0x00000000e7400000|  0%| F|  |TAMS 0x00000000e7300000, 0x00000000e7300000| Untracked 
| 116|0x00000000e7400000, 0x00000000e7400000, 0x00000000e7500000|  0%| F|  |TAMS 0x00000000e7400000, 0x00000000e7400000| Untracked 
| 117|0x00000000e7500000, 0x00000000e7500000, 0x00000000e7600000|  0%| F|  |TAMS 0x00000000e7500000, 0x00000000e7500000| Untracked 
| 118|0x00000000e7600000, 0x00000000e7600000, 0x00000000e7700000|  0%| F|  |TAMS 0x00000000e7600000, 0x00000000e7600000| Untracked 
| 119|0x00000000e7700000, 0x00000000e7700000, 0x00000000e7800000|  0%| F|  |TAMS 0x00000000e7700000, 0x00000000e7700000| Untracked 
| 120|0x00000000e7800000, 0x00000000e7800000, 0x00000000e7900000|  0%| F|  |TAMS 0x00000000e7800000, 0x00000000e7800000| Untracked 
| 121|0x00000000e7900000, 0x00000000e7900000, 0x00000000e7a00000|  0%| F|  |TAMS 0x00000000e7900000, 0x00000000e7900000| Untracked 
| 122|0x00000000e7a00000, 0x00000000e7a00000, 0x00000000e7b00000|  0%| F|  |TAMS 0x00000000e7a00000, 0x00000000e7a00000| Untracked 
| 123|0x00000000e7b00000, 0x00000000e7b00000, 0x00000000e7c00000|  0%| F|  |TAMS 0x00000000e7b00000, 0x00000000e7b00000| Untracked 
| 124|0x00000000e7c00000, 0x00000000e7c00000, 0x00000000e7d00000|  0%| F|  |TAMS 0x00000000e7c00000, 0x00000000e7c00000| Untracked 
| 125|0x00000000e7d00000, 0x00000000e7d00000, 0x00000000e7e00000|  0%| F|  |TAMS 0x00000000e7d00000, 0x00000000e7d00000| Untracked 
| 126|0x00000000e7e00000, 0x00000000e7e00000, 0x00000000e7f00000|  0%| F|  |TAMS 0x00000000e7e00000, 0x00000000e7e00000| Untracked 
| 127|0x00000000e7f00000, 0x00000000e7f00000, 0x00000000e8000000|  0%| F|  |TAMS 0x00000000e7f00000, 0x00000000e7f00000| Untracked 
| 128|0x00000000e8000000, 0x00000000e8000000, 0x00000000e8100000|  0%| F|  |TAMS 0x00000000e8000000, 0x00000000e8000000| Untracked 
| 129|0x00000000e8100000, 0x00000000e8100000, 0x00000000e8200000|  0%| F|  |TAMS 0x00000000e8100000, 0x00000000e8100000| Untracked 
| 130|0x00000000e8200000, 0x00000000e8200000, 0x00000000e8300000|  0%| F|  |TAMS 0x00000000e8200000, 0x00000000e8200000| Untracked 
| 131|0x00000000e8300000, 0x00000000e8300000, 0x00000000e8400000|  0%| F|  |TAMS 0x00000000e8300000, 0x00000000e8300000| Untracked 
| 132|0x00000000e8400000, 0x00000000e8400000, 0x00000000e8500000|  0%| F|  |TAMS 0x00000000e8400000, 0x00000000e8400000| Untracked 
| 133|0x00000000e8500000, 0x00000000e857ac58, 0x00000000e8600000| 47%| E|  |TAMS 0x00000000e8500000, 0x00000000e8500000| Complete 
| 134|0x00000000e8600000, 0x00000000e8700000, 0x00000000e8700000|100%| E|CS|TAMS 0x00000000e8600000, 0x00000000e8600000| Complete 
| 135|0x00000000e8700000, 0x00000000e8800000, 0x00000000e8800000|100%| E|CS|TAMS 0x00000000e8700000, 0x00000000e8700000| Complete 
| 136|0x00000000e8800000, 0x00000000e8900000, 0x00000000e8900000|100%| E|CS|TAMS 0x00000000e8800000, 0x00000000e8800000| Complete 
| 137|0x00000000e8900000, 0x00000000e8a00000, 0x00000000e8a00000|100%| E|CS|TAMS 0x00000000e8900000, 0x00000000e8900000| Complete 
| 138|0x00000000e8a00000, 0x00000000e8b00000, 0x00000000e8b00000|100%| E|CS|TAMS 0x00000000e8a00000, 0x00000000e8a00000| Complete 
| 139|0x00000000e8b00000, 0x00000000e8c00000, 0x00000000e8c00000|100%| E|CS|TAMS 0x00000000e8b00000, 0x00000000e8b00000| Complete 
| 140|0x00000000e8c00000, 0x00000000e8d00000, 0x00000000e8d00000|100%| E|CS|TAMS 0x00000000e8c00000, 0x00000000e8c00000| Complete 
| 141|0x00000000e8d00000, 0x00000000e8e00000, 0x00000000e8e00000|100%| E|CS|TAMS 0x00000000e8d00000, 0x00000000e8d00000| Complete 
| 142|0x00000000e8e00000, 0x00000000e8f00000, 0x00000000e8f00000|100%| E|CS|TAMS 0x00000000e8e00000, 0x00000000e8e00000| Complete 
| 143|0x00000000e8f00000, 0x00000000e9000000, 0x00000000e9000000|100%| E|CS|TAMS 0x00000000e8f00000, 0x00000000e8f00000| Complete 
| 144|0x00000000e9000000, 0x00000000e9100000, 0x00000000e9100000|100%| E|CS|TAMS 0x00000000e9000000, 0x00000000e9000000| Complete 
| 145|0x00000000e9100000, 0x00000000e9200000, 0x00000000e9200000|100%| E|CS|TAMS 0x00000000e9100000, 0x00000000e9100000| Complete 
| 146|0x00000000e9200000, 0x00000000e9300000, 0x00000000e9300000|100%| E|CS|TAMS 0x00000000e9200000, 0x00000000e9200000| Complete 
| 147|0x00000000e9300000, 0x00000000e9400000, 0x00000000e9400000|100%| E|CS|TAMS 0x00000000e9300000, 0x00000000e9300000| Complete 
| 148|0x00000000e9400000, 0x00000000e9500000, 0x00000000e9500000|100%| E|CS|TAMS 0x00000000e9400000, 0x00000000e9400000| Complete 
| 149|0x00000000e9500000, 0x00000000e9600000, 0x00000000e9600000|100%| E|CS|TAMS 0x00000000e9500000, 0x00000000e9500000| Complete 
| 150|0x00000000e9600000, 0x00000000e9700000, 0x00000000e9700000|100%| E|CS|TAMS 0x00000000e9600000, 0x00000000e9600000| Complete 
| 151|0x00000000e9700000, 0x00000000e9800000, 0x00000000e9800000|100%| E|CS|TAMS 0x00000000e9700000, 0x00000000e9700000| Complete 
| 152|0x00000000e9800000, 0x00000000e9900000, 0x00000000e9900000|100%| E|CS|TAMS 0x00000000e9800000, 0x00000000e9800000| Complete 
| 153|0x00000000e9900000, 0x00000000e9a00000, 0x00000000e9a00000|100%| E|CS|TAMS 0x00000000e9900000, 0x00000000e9900000| Complete 
| 154|0x00000000e9a00000, 0x00000000e9b00000, 0x00000000e9b00000|100%| E|CS|TAMS 0x00000000e9a00000, 0x00000000e9a00000| Complete 
| 155|0x00000000e9b00000, 0x00000000e9c00000, 0x00000000e9c00000|100%| E|CS|TAMS 0x00000000e9b00000, 0x00000000e9b00000| Complete 
| 156|0x00000000e9c00000, 0x00000000e9d00000, 0x00000000e9d00000|100%| E|CS|TAMS 0x00000000e9c00000, 0x00000000e9c00000| Complete 
| 157|0x00000000e9d00000, 0x00000000e9e00000, 0x00000000e9e00000|100%| E|CS|TAMS 0x00000000e9d00000, 0x00000000e9d00000| Complete 
| 158|0x00000000e9e00000, 0x00000000e9f00000, 0x00000000e9f00000|100%| E|CS|TAMS 0x00000000e9e00000, 0x00000000e9e00000| Complete 
| 159|0x00000000e9f00000, 0x00000000ea000000, 0x00000000ea000000|100%| E|CS|TAMS 0x00000000e9f00000, 0x00000000e9f00000| Complete 
| 160|0x00000000ea000000, 0x00000000ea100000, 0x00000000ea100000|100%| E|CS|TAMS 0x00000000ea000000, 0x00000000ea000000| Complete 
| 161|0x00000000ea100000, 0x00000000ea200000, 0x00000000ea200000|100%| E|CS|TAMS 0x00000000ea100000, 0x00000000ea100000| Complete 
| 162|0x00000000ea200000, 0x00000000ea300000, 0x00000000ea300000|100%| E|CS|TAMS 0x00000000ea200000, 0x00000000ea200000| Complete 
| 163|0x00000000ea300000, 0x00000000ea400000, 0x00000000ea400000|100%| E|CS|TAMS 0x00000000ea300000, 0x00000000ea300000| Complete 
| 164|0x00000000ea400000, 0x00000000ea500000, 0x00000000ea500000|100%| E|CS|TAMS 0x00000000ea400000, 0x00000000ea400000| Complete 
| 165|0x00000000ea500000, 0x00000000ea600000, 0x00000000ea600000|100%| E|CS|TAMS 0x00000000ea500000, 0x00000000ea500000| Complete 
| 166|0x00000000ea600000, 0x00000000ea700000, 0x00000000ea700000|100%| E|CS|TAMS 0x00000000ea600000, 0x00000000ea600000| Complete 
| 167|0x00000000ea700000, 0x00000000ea800000, 0x00000000ea800000|100%| E|CS|TAMS 0x00000000ea700000, 0x00000000ea700000| Complete 
| 168|0x00000000ea800000, 0x00000000ea900000, 0x00000000ea900000|100%| E|CS|TAMS 0x00000000ea800000, 0x00000000ea800000| Complete 
| 169|0x00000000ea900000, 0x00000000eaa00000, 0x00000000eaa00000|100%| E|CS|TAMS 0x00000000ea900000, 0x00000000ea900000| Complete 
| 170|0x00000000eaa00000, 0x00000000eab00000, 0x00000000eab00000|100%| E|CS|TAMS 0x00000000eaa00000, 0x00000000eaa00000| Complete 
| 171|0x00000000eab00000, 0x00000000eac00000, 0x00000000eac00000|100%| E|CS|TAMS 0x00000000eab00000, 0x00000000eab00000| Complete 
| 172|0x00000000eac00000, 0x00000000ead00000, 0x00000000ead00000|100%| E|CS|TAMS 0x00000000eac00000, 0x00000000eac00000| Complete 
| 173|0x00000000ead00000, 0x00000000eae00000, 0x00000000eae00000|100%| E|CS|TAMS 0x00000000ead00000, 0x00000000ead00000| Complete 
| 174|0x00000000eae00000, 0x00000000eaf00000, 0x00000000eaf00000|100%| E|CS|TAMS 0x00000000eae00000, 0x00000000eae00000| Complete 
| 175|0x00000000eaf00000, 0x00000000eb000000, 0x00000000eb000000|100%| E|CS|TAMS 0x00000000eaf00000, 0x00000000eaf00000| Complete 
| 176|0x00000000eb000000, 0x00000000eb100000, 0x00000000eb100000|100%| E|CS|TAMS 0x00000000eb000000, 0x00000000eb000000| Complete 
| 177|0x00000000eb100000, 0x00000000eb200000, 0x00000000eb200000|100%| E|CS|TAMS 0x00000000eb100000, 0x00000000eb100000| Complete 
| 178|0x00000000eb200000, 0x00000000eb300000, 0x00000000eb300000|100%| E|CS|TAMS 0x00000000eb200000, 0x00000000eb200000| Complete 
| 179|0x00000000eb300000, 0x00000000eb400000, 0x00000000eb400000|100%| E|CS|TAMS 0x00000000eb300000, 0x00000000eb300000| Complete 
| 180|0x00000000eb400000, 0x00000000eb500000, 0x00000000eb500000|100%| E|CS|TAMS 0x00000000eb400000, 0x00000000eb400000| Complete 
| 181|0x00000000eb500000, 0x00000000eb600000, 0x00000000eb600000|100%| E|CS|TAMS 0x00000000eb500000, 0x00000000eb500000| Complete 
| 182|0x00000000eb600000, 0x00000000eb700000, 0x00000000eb700000|100%| E|CS|TAMS 0x00000000eb600000, 0x00000000eb600000| Complete 
| 183|0x00000000eb700000, 0x00000000eb800000, 0x00000000eb800000|100%| E|CS|TAMS 0x00000000eb700000, 0x00000000eb700000| Complete 
| 184|0x00000000eb800000, 0x00000000eb900000, 0x00000000eb900000|100%| E|CS|TAMS 0x00000000eb800000, 0x00000000eb800000| Complete 
| 185|0x00000000eb900000, 0x00000000eba00000, 0x00000000eba00000|100%| E|CS|TAMS 0x00000000eb900000, 0x00000000eb900000| Complete 
| 186|0x00000000eba00000, 0x00000000ebb00000, 0x00000000ebb00000|100%| E|CS|TAMS 0x00000000eba00000, 0x00000000eba00000| Complete 
| 187|0x00000000ebb00000, 0x00000000ebc00000, 0x00000000ebc00000|100%| E|CS|TAMS 0x00000000ebb00000, 0x00000000ebb00000| Complete 
| 188|0x00000000ebc00000, 0x00000000ebd00000, 0x00000000ebd00000|100%| E|CS|TAMS 0x00000000ebc00000, 0x00000000ebc00000| Complete 
| 189|0x00000000ebd00000, 0x00000000ebe00000, 0x00000000ebe00000|100%| E|CS|TAMS 0x00000000ebd00000, 0x00000000ebd00000| Complete 
| 190|0x00000000ebe00000, 0x00000000ebf00000, 0x00000000ebf00000|100%| E|CS|TAMS 0x00000000ebe00000, 0x00000000ebe00000| Complete 
| 191|0x00000000ebf00000, 0x00000000ec000000, 0x00000000ec000000|100%| E|CS|TAMS 0x00000000ebf00000, 0x00000000ebf00000| Complete 
| 192|0x00000000ec000000, 0x00000000ec100000, 0x00000000ec100000|100%| E|CS|TAMS 0x00000000ec000000, 0x00000000ec000000| Complete 
| 193|0x00000000ec100000, 0x00000000ec200000, 0x00000000ec200000|100%| E|CS|TAMS 0x00000000ec100000, 0x00000000ec100000| Complete 
| 194|0x00000000ec200000, 0x00000000ec300000, 0x00000000ec300000|100%| E|CS|TAMS 0x00000000ec200000, 0x00000000ec200000| Complete 
| 195|0x00000000ec300000, 0x00000000ec400000, 0x00000000ec400000|100%| E|CS|TAMS 0x00000000ec300000, 0x00000000ec300000| Complete 
| 196|0x00000000ec400000, 0x00000000ec500000, 0x00000000ec500000|100%| E|CS|TAMS 0x00000000ec400000, 0x00000000ec400000| Complete 
| 197|0x00000000ec500000, 0x00000000ec600000, 0x00000000ec600000|100%| E|CS|TAMS 0x00000000ec500000, 0x00000000ec500000| Complete 
| 198|0x00000000ec600000, 0x00000000ec700000, 0x00000000ec700000|100%| E|CS|TAMS 0x00000000ec600000, 0x00000000ec600000| Complete 
| 199|0x00000000ec700000, 0x00000000ec800000, 0x00000000ec800000|100%| E|CS|TAMS 0x00000000ec700000, 0x00000000ec700000| Complete 
| 200|0x00000000ec800000, 0x00000000ec900000, 0x00000000ec900000|100%| E|CS|TAMS 0x00000000ec800000, 0x00000000ec800000| Complete 
| 201|0x00000000ec900000, 0x00000000eca00000, 0x00000000eca00000|100%| E|CS|TAMS 0x00000000ec900000, 0x00000000ec900000| Complete 
| 202|0x00000000eca00000, 0x00000000ecb00000, 0x00000000ecb00000|100%| E|CS|TAMS 0x00000000eca00000, 0x00000000eca00000| Complete 
| 203|0x00000000ecb00000, 0x00000000ecc00000, 0x00000000ecc00000|100%| E|CS|TAMS 0x00000000ecb00000, 0x00000000ecb00000| Complete 
| 204|0x00000000ecc00000, 0x00000000ecd00000, 0x00000000ecd00000|100%| E|CS|TAMS 0x00000000ecc00000, 0x00000000ecc00000| Complete 
| 205|0x00000000ecd00000, 0x00000000ece00000, 0x00000000ece00000|100%| E|CS|TAMS 0x00000000ecd00000, 0x00000000ecd00000| Complete 
| 206|0x00000000ece00000, 0x00000000ecf00000, 0x00000000ecf00000|100%| E|CS|TAMS 0x00000000ece00000, 0x00000000ece00000| Complete 
| 207|0x00000000ecf00000, 0x00000000ed000000, 0x00000000ed000000|100%| E|CS|TAMS 0x00000000ecf00000, 0x00000000ecf00000| Complete 
| 208|0x00000000ed000000, 0x00000000ed100000, 0x00000000ed100000|100%| E|CS|TAMS 0x00000000ed000000, 0x00000000ed000000| Complete 
| 209|0x00000000ed100000, 0x00000000ed200000, 0x00000000ed200000|100%| E|CS|TAMS 0x00000000ed100000, 0x00000000ed100000| Complete 
| 210|0x00000000ed200000, 0x00000000ed300000, 0x00000000ed300000|100%| E|CS|TAMS 0x00000000ed200000, 0x00000000ed200000| Complete 
| 211|0x00000000ed300000, 0x00000000ed400000, 0x00000000ed400000|100%| E|  |TAMS 0x00000000ed300000, 0x00000000ed300000| Complete 
| 212|0x00000000ed400000, 0x00000000ed500000, 0x00000000ed500000|100%| E|CS|TAMS 0x00000000ed400000, 0x00000000ed400000| Complete 
| 213|0x00000000ed500000, 0x00000000ed600000, 0x00000000ed600000|100%| E|CS|TAMS 0x00000000ed500000, 0x00000000ed500000| Complete 
| 214|0x00000000ed600000, 0x00000000ed700000, 0x00000000ed700000|100%| E|CS|TAMS 0x00000000ed600000, 0x00000000ed600000| Complete 
| 215|0x00000000ed700000, 0x00000000ed800000, 0x00000000ed800000|100%| E|CS|TAMS 0x00000000ed700000, 0x00000000ed700000| Complete 
| 216|0x00000000ed800000, 0x00000000ed900000, 0x00000000ed900000|100%| E|CS|TAMS 0x00000000ed800000, 0x00000000ed800000| Complete 
| 217|0x00000000ed900000, 0x00000000eda00000, 0x00000000eda00000|100%| E|CS|TAMS 0x00000000ed900000, 0x00000000ed900000| Complete 
| 218|0x00000000eda00000, 0x00000000edb00000, 0x00000000edb00000|100%| E|CS|TAMS 0x00000000eda00000, 0x00000000eda00000| Complete 
| 219|0x00000000edb00000, 0x00000000edc00000, 0x00000000edc00000|100%| E|CS|TAMS 0x00000000edb00000, 0x00000000edb00000| Complete 
| 220|0x00000000edc00000, 0x00000000edd00000, 0x00000000edd00000|100%| E|CS|TAMS 0x00000000edc00000, 0x00000000edc00000| Complete 
| 221|0x00000000edd00000, 0x00000000ede00000, 0x00000000ede00000|100%| E|CS|TAMS 0x00000000edd00000, 0x00000000edd00000| Complete 
| 222|0x00000000ede00000, 0x00000000edf00000, 0x00000000edf00000|100%| E|CS|TAMS 0x00000000ede00000, 0x00000000ede00000| Complete 
| 223|0x00000000edf00000, 0x00000000ee000000, 0x00000000ee000000|100%| E|CS|TAMS 0x00000000edf00000, 0x00000000edf00000| Complete 
| 224|0x00000000ee000000, 0x00000000ee100000, 0x00000000ee100000|100%| E|CS|TAMS 0x00000000ee000000, 0x00000000ee000000| Complete 
| 225|0x00000000ee100000, 0x00000000ee200000, 0x00000000ee200000|100%| E|CS|TAMS 0x00000000ee100000, 0x00000000ee100000| Complete 
| 226|0x00000000ee200000, 0x00000000ee300000, 0x00000000ee300000|100%| E|CS|TAMS 0x00000000ee200000, 0x00000000ee200000| Complete 
| 227|0x00000000ee300000, 0x00000000ee400000, 0x00000000ee400000|100%| E|CS|TAMS 0x00000000ee300000, 0x00000000ee300000| Complete 
| 228|0x00000000ee400000, 0x00000000ee500000, 0x00000000ee500000|100%| E|CS|TAMS 0x00000000ee400000, 0x00000000ee400000| Complete 
| 229|0x00000000ee500000, 0x00000000ee600000, 0x00000000ee600000|100%| E|CS|TAMS 0x00000000ee500000, 0x00000000ee500000| Complete 
| 230|0x00000000ee600000, 0x00000000ee700000, 0x00000000ee700000|100%| E|CS|TAMS 0x00000000ee600000, 0x00000000ee600000| Complete 
| 231|0x00000000ee700000, 0x00000000ee800000, 0x00000000ee800000|100%| E|CS|TAMS 0x00000000ee700000, 0x00000000ee700000| Complete 
| 232|0x00000000ee800000, 0x00000000ee900000, 0x00000000ee900000|100%| E|CS|TAMS 0x00000000ee800000, 0x00000000ee800000| Complete 
| 233|0x00000000ee900000, 0x00000000eea00000, 0x00000000eea00000|100%| E|CS|TAMS 0x00000000ee900000, 0x00000000ee900000| Complete 
| 234|0x00000000eea00000, 0x00000000eeb00000, 0x00000000eeb00000|100%| E|CS|TAMS 0x00000000eea00000, 0x00000000eea00000| Complete 
| 235|0x00000000eeb00000, 0x00000000eec00000, 0x00000000eec00000|100%| E|CS|TAMS 0x00000000eeb00000, 0x00000000eeb00000| Complete 
| 236|0x00000000eec00000, 0x00000000eed00000, 0x00000000eed00000|100%| E|CS|TAMS 0x00000000eec00000, 0x00000000eec00000| Complete 
| 237|0x00000000eed00000, 0x00000000eee00000, 0x00000000eee00000|100%| E|CS|TAMS 0x00000000eed00000, 0x00000000eed00000| Complete 
| 238|0x00000000eee00000, 0x00000000eef00000, 0x00000000eef00000|100%| E|CS|TAMS 0x00000000eee00000, 0x00000000eee00000| Complete 
| 239|0x00000000eef00000, 0x00000000ef000000, 0x00000000ef000000|100%| E|CS|TAMS 0x00000000eef00000, 0x00000000eef00000| Complete 
| 240|0x00000000ef000000, 0x00000000ef100000, 0x00000000ef100000|100%| E|CS|TAMS 0x00000000ef000000, 0x00000000ef000000| Complete 
| 241|0x00000000ef100000, 0x00000000ef200000, 0x00000000ef200000|100%| E|CS|TAMS 0x00000000ef100000, 0x00000000ef100000| Complete 
| 242|0x00000000ef200000, 0x00000000ef300000, 0x00000000ef300000|100%| E|CS|TAMS 0x00000000ef200000, 0x00000000ef200000| Complete 
| 243|0x00000000ef300000, 0x00000000ef400000, 0x00000000ef400000|100%| E|CS|TAMS 0x00000000ef300000, 0x00000000ef300000| Complete 
| 244|0x00000000ef400000, 0x00000000ef500000, 0x00000000ef500000|100%| E|CS|TAMS 0x00000000ef400000, 0x00000000ef400000| Complete 
| 245|0x00000000ef500000, 0x00000000ef600000, 0x00000000ef600000|100%| E|CS|TAMS 0x00000000ef500000, 0x00000000ef500000| Complete 
| 246|0x00000000ef600000, 0x00000000ef700000, 0x00000000ef700000|100%| E|CS|TAMS 0x00000000ef600000, 0x00000000ef600000| Complete 
| 247|0x00000000ef700000, 0x00000000ef800000, 0x00000000ef800000|100%| E|CS|TAMS 0x00000000ef700000, 0x00000000ef700000| Complete 
| 248|0x00000000ef800000, 0x00000000ef900000, 0x00000000ef900000|100%| E|CS|TAMS 0x00000000ef800000, 0x00000000ef800000| Complete 
| 249|0x00000000ef900000, 0x00000000efa00000, 0x00000000efa00000|100%| E|CS|TAMS 0x00000000ef900000, 0x00000000ef900000| Complete 
| 250|0x00000000efa00000, 0x00000000efb00000, 0x00000000efb00000|100%| E|CS|TAMS 0x00000000efa00000, 0x00000000efa00000| Complete 
| 251|0x00000000efb00000, 0x00000000efc00000, 0x00000000efc00000|100%| E|CS|TAMS 0x00000000efb00000, 0x00000000efb00000| Complete 
| 252|0x00000000efc00000, 0x00000000efd00000, 0x00000000efd00000|100%| E|CS|TAMS 0x00000000efc00000, 0x00000000efc00000| Complete 
| 253|0x00000000efd00000, 0x00000000efe00000, 0x00000000efe00000|100%| E|CS|TAMS 0x00000000efd00000, 0x00000000efd00000| Complete 
| 254|0x00000000efe00000, 0x00000000eff00000, 0x00000000eff00000|100%| E|CS|TAMS 0x00000000efe00000, 0x00000000efe00000| Complete 
| 255|0x00000000eff00000, 0x00000000f0000000, 0x00000000f0000000|100%| E|CS|TAMS 0x00000000eff00000, 0x00000000eff00000| Complete 

Card table byte_map: [0x000001a2f5b20000,0x000001a2f5c20000] _byte_map_base: 0x000001a2f5420000

Marking Bits (Prev, Next): (CMBitMap*) 0x000001a2ed730cd0, (CMBitMap*) 0x000001a2ed730d10
 Prev Bits: [0x000001a2f5d20000, 0x000001a2f6520000)
 Next Bits: [0x000001a2f6520000, 0x000001a2f6d20000)

Polling page: 0x000001a2ed690000

Metaspace:

Usage:
  Non-class:     44.41 MB used.
      Class:      7.26 MB used.
       Both:     51.67 MB used.

Virtual space:
  Non-class space:       48.00 MB reserved,      44.62 MB ( 93%) committed,  6 nodes.
      Class space:      308.00 MB reserved,       7.56 MB (  2%) committed,  1 nodes.
             Both:      356.00 MB reserved,      52.19 MB ( 15%) committed. 

Chunk freelists:
   Non-Class:  3.01 MB
       Class:  300.00 KB
        Both:  3.31 MB

MaxMetaspaceSize: 384.00 MB
CompressedClassSpaceSize: 308.00 MB
Initial GC threshold: 21.00 MB
Current GC threshold: 59.00 MB
CDS: on
MetaspaceReclaimPolicy: balanced
 - commit_granule_bytes: 65536.
 - commit_granule_words: 8192.
 - virtual_space_node_default_size: 1048576.
 - enlarge_chunks_in_place: 1.
 - new_chunks_are_fully_committed: 0.
 - uncommit_free_chunks: 1.
 - use_allocation_guard: 0.
 - handle_deallocations: 1.


Internal statistics:

num_allocs_failed_limit: 6.
num_arena_births: 612.
num_arena_deaths: 0.
num_vsnodes_births: 7.
num_vsnodes_deaths: 0.
num_space_committed: 835.
num_space_uncommitted: 0.
num_chunks_returned_to_freelist: 6.
num_chunks_taken_from_freelist: 2786.
num_chunk_merges: 6.
num_chunk_splits: 1796.
num_chunks_enlarged: 1176.
num_purges: 0.
num_inconsistent_stats: 0.

CodeHeap 'non-profiled nmethods': size=120000Kb used=4646Kb max_used=4646Kb free=115353Kb
 bounds [0x000001a287ad0000, 0x000001a287f60000, 0x000001a28f000000]
CodeHeap 'profiled nmethods': size=120000Kb used=15339Kb max_used=15339Kb free=104660Kb
 bounds [0x000001a2805a0000, 0x000001a2814a0000, 0x000001a287ad0000]
CodeHeap 'non-nmethods': size=5760Kb used=2332Kb max_used=2407Kb free=3427Kb
 bounds [0x000001a280000000, 0x000001a280270000, 0x000001a2805a0000]
 total_blobs=8688 nmethods=7850 adapters=748
 compilation: enabled
              stopped_count=0, restarted_count=0
 full_count=0

Compilation events (20 events):
Event: 35.428 Thread 0x000001a2f976e960 8633       3       org.gradle.cache.internal.filelock.LockInfoSerializer::read (50 bytes)
Event: 35.428 Thread 0x000001a2f976e960 nmethod 8633 0x000001a281496e90 code [0x000001a2814970a0, 0x000001a281497798]
Event: 36.447 Thread 0x000001a2f976baa0 8634       4       java.util.concurrent.locks.LockSupport::setBlocker (12 bytes)
Event: 36.448 Thread 0x000001a2f976baa0 nmethod 8634 0x000001a287f59710 code [0x000001a287f59880, 0x000001a287f59998]
Event: 36.571 Thread 0x000001a2f976e960 8635       3       org.gradle.internal.event.ListenerBroadcast::getSource (35 bytes)
Event: 36.571 Thread 0x000001a2f976e960 nmethod 8635 0x000001a281497910 code [0x000001a281497ac0, 0x000001a281497de8]
Event: 37.375 Thread 0x000001a2f976e960 8636       3       net.rubygrapefruit.platform.internal.FunctionResult::<init> (12 bytes)
Event: 37.376 Thread 0x000001a2f976e960 nmethod 8636 0x000001a281497f10 code [0x000001a2814980c0, 0x000001a281498298]
Event: 37.376 Thread 0x000001a2f976e960 8637       3       net.rubygrapefruit.platform.internal.FunctionResult::isFailed (13 bytes)
Event: 37.376 Thread 0x000001a2f976e960 nmethod 8637 0x000001a281498390 code [0x000001a281498520, 0x000001a281498698]
Event: 37.378 Thread 0x000001a2f976e960 8638       3       sun.net.util.IPAddressUtil::isIPv4MappedAddress (93 bytes)
Event: 37.379 Thread 0x000001a2f976e960 nmethod 8638 0x000001a281498710 code [0x000001a2814988e0, 0x000001a281498eb8]
Event: 37.379 Thread 0x000001a2f976e960 8639   !   3       java.net.Inet6Address::<init> (27 bytes)
Event: 37.379 Thread 0x000001a2f976e960 nmethod 8639 0x000001a281499090 code [0x000001a2814992a0, 0x000001a281499b68]
Event: 37.379 Thread 0x000001a2f976e960 8640       3       org.gradle.internal.file.impl.SingleDepthFileAccessTracker::markAccessed (79 bytes)
Event: 37.380 Thread 0x000001a2f976e960 nmethod 8640 0x000001a281499e90 code [0x000001a28149a0c0, 0x000001a28149a858]
Event: 37.380 Thread 0x000001a2f976e960 8641       3       sun.nio.fs.WindowsPath::subpath (7 bytes)
Event: 37.380 Thread 0x000001a2f976e960 nmethod 8641 0x000001a28149aa90 code [0x000001a28149ac20, 0x000001a28149ade8]
Event: 39.015 Thread 0x000001a2f976e960 8642   !   3       com.google.common.cache.LocalCache$Segment::clear (261 bytes)
Event: 39.017 Thread 0x000001a2f976baa0 8645  s    4       java.io.BufferedInputStream::read (113 bytes)

GC Heap History (10 events):
Event: 1.264 GC heap before
{Heap before GC invocations=0 (full 0):
 garbage-first heap   total 262144K, used 26624K [0x00000000e0000000, 0x0000000100000000)
  region size 1024K, 23 young (23552K), 0 survivors (0K)
 Metaspace       used 3057K, committed 3200K, reserved 323584K
  class space    used 387K, committed 448K, reserved 315392K
}
Event: 1.272 GC heap after
{Heap after GC invocations=1 (full 0):
 garbage-first heap   total 262144K, used 10383K [0x00000000e0000000, 0x0000000100000000)
  region size 1024K, 3 young (3072K), 3 survivors (3072K)
 Metaspace       used 3057K, committed 3200K, reserved 323584K
  class space    used 387K, committed 448K, reserved 315392K
}
Event: 1.873 GC heap before
{Heap before GC invocations=1 (full 0):
 garbage-first heap   total 262144K, used 34959K [0x00000000e0000000, 0x0000000100000000)
  region size 1024K, 27 young (27648K), 3 survivors (3072K)
 Metaspace       used 4035K, committed 4224K, reserved 323584K
  class space    used 492K, committed 576K, reserved 315392K
}
Event: 1.875 GC heap after
{Heap after GC invocations=2 (full 0):
 garbage-first heap   total 262144K, used 11201K [0x00000000e0000000, 0x0000000100000000)
  region size 1024K, 1 young (1024K), 1 survivors (1024K)
 Metaspace       used 4035K, committed 4224K, reserved 323584K
  class space    used 492K, committed 576K, reserved 315392K
}
Event: 8.882 GC heap before
{Heap before GC invocations=2 (full 0):
 garbage-first heap   total 262144K, used 132033K [0x00000000e0000000, 0x0000000100000000)
  region size 1024K, 119 young (121856K), 1 survivors (1024K)
 Metaspace       used 21208K, committed 21504K, reserved 339968K
  class space    used 3117K, committed 3264K, reserved 315392K
}
Event: 8.891 GC heap after
{Heap after GC invocations=3 (full 0):
 garbage-first heap   total 262144K, used 22042K [0x00000000e0000000, 0x0000000100000000)
  region size 1024K, 12 young (12288K), 12 survivors (12288K)
 Metaspace       used 21208K, committed 21504K, reserved 339968K
  class space    used 3117K, committed 3264K, reserved 315392K
}
Event: 24.271 GC heap before
{Heap before GC invocations=4 (full 0):
 garbage-first heap   total 262144K, used 142874K [0x00000000e0000000, 0x0000000100000000)
  region size 1024K, 127 young (130048K), 12 survivors (12288K)
 Metaspace       used 35792K, committed 36160K, reserved 348160K
  class space    used 4995K, committed 5120K, reserved 315392K
}
Event: 24.286 GC heap after
{Heap after GC invocations=5 (full 0):
 garbage-first heap   total 262144K, used 31291K [0x00000000e0000000, 0x0000000100000000)
  region size 1024K, 10 young (10240K), 10 survivors (10240K)
 Metaspace       used 35792K, committed 36160K, reserved 348160K
  class space    used 4995K, committed 5120K, reserved 315392K
}
Event: 29.030 GC heap before
{Heap before GC invocations=6 (full 0):
 garbage-first heap   total 262144K, used 178747K [0x00000000e0000000, 0x0000000100000000)
  region size 1024K, 153 young (156672K), 10 survivors (10240K)
 Metaspace       used 48321K, committed 48832K, reserved 364544K
  class space    used 6934K, committed 7168K, reserved 315392K
}
Event: 29.046 GC heap after
{Heap after GC invocations=7 (full 0):
 garbage-first heap   total 262144K, used 39983K [0x00000000e0000000, 0x0000000100000000)
  region size 1024K, 18 young (18432K), 18 survivors (18432K)
 Metaspace       used 48321K, committed 48832K, reserved 364544K
  class space    used 6934K, committed 7168K, reserved 315392K
}

Deoptimization events (20 events):
Event: 34.232 Thread 0x000001a2fbeb3940 Uncommon trap: trap_request=0xffffffde fr.pc=0x000001a287f266a4 relative=0x0000000000000564
Event: 34.232 Thread 0x000001a2fbeb3940 Uncommon trap: reason=class_check action=maybe_recompile pc=0x000001a287f266a4 method=java.util.Formatter$FormatSpecifier.printString(Ljava/lang/Object;Ljava/util/Locale;)V @ 99 c2
Event: 34.232 Thread 0x000001a2fbeb3940 DEOPT PACKING pc=0x000001a287f266a4 sp=0x0000006560cfe960
Event: 34.232 Thread 0x000001a2fbeb3940 DEOPT UNPACKING pc=0x000001a280055c23 sp=0x0000006560cfe950 mode 2
Event: 34.566 Thread 0x000001a2fb5bf4d0 Uncommon trap: trap_request=0xffffff3d fr.pc=0x000001a287f211c4 relative=0x00000000000002a4
Event: 34.566 Thread 0x000001a2fb5bf4d0 Uncommon trap: reason=unstable_fused_if action=reinterpret pc=0x000001a287f211c4 method=java.util.Formatter$Conversion.isText(C)Z @ 1 c2
Event: 34.566 Thread 0x000001a2fb5bf4d0 DEOPT PACKING pc=0x000001a287f211c4 sp=0x0000006560efe550
Event: 34.566 Thread 0x000001a2fb5bf4d0 DEOPT UNPACKING pc=0x000001a280055c23 sp=0x0000006560efe498 mode 2
Event: 34.566 Thread 0x000001a2fb5bf4d0 Uncommon trap: trap_request=0xffffffde fr.pc=0x000001a287f266a4 relative=0x0000000000000564
Event: 34.566 Thread 0x000001a2fb5bf4d0 Uncommon trap: reason=class_check action=maybe_recompile pc=0x000001a287f266a4 method=java.util.Formatter$FormatSpecifier.printString(Ljava/lang/Object;Ljava/util/Locale;)V @ 99 c2
Event: 34.566 Thread 0x000001a2fb5bf4d0 DEOPT PACKING pc=0x000001a287f266a4 sp=0x0000006560efe600
Event: 34.566 Thread 0x000001a2fb5bf4d0 DEOPT UNPACKING pc=0x000001a280055c23 sp=0x0000006560efe5f0 mode 2
Event: 34.846 Thread 0x000001a2fb5bf4d0 Uncommon trap: trap_request=0xffffffc6 fr.pc=0x000001a287d651ec relative=0x000000000000078c
Event: 34.846 Thread 0x000001a2fb5bf4d0 Uncommon trap: reason=bimorphic_or_optimized_type_check action=maybe_recompile pc=0x000001a287d651ec method=java.util.stream.MatchOps$MatchOp.evaluateSequential(Ljava/util/stream/PipelineHelper;Ljava/util/Spliterator;)Ljava/lang/Boolean; @ 14 c2
Event: 34.846 Thread 0x000001a2fb5bf4d0 DEOPT PACKING pc=0x000001a287d651ec sp=0x0000006560efaf50
Event: 34.846 Thread 0x000001a2fb5bf4d0 DEOPT UNPACKING pc=0x000001a280055c23 sp=0x0000006560efae88 mode 2
Event: 35.074 Thread 0x000001a2fb5bf4d0 Uncommon trap: trap_request=0xffffffde fr.pc=0x000001a287cd5a80 relative=0x0000000000000060
Event: 35.074 Thread 0x000001a2fb5bf4d0 Uncommon trap: reason=class_check action=maybe_recompile pc=0x000001a287cd5a80 method=java.util.stream.StreamOpFlag.fromCharacteristics(Ljava/util/Spliterator;)I @ 14 c2
Event: 35.074 Thread 0x000001a2fb5bf4d0 DEOPT PACKING pc=0x000001a287cd5a80 sp=0x0000006560ef9950
Event: 35.074 Thread 0x000001a2fb5bf4d0 DEOPT UNPACKING pc=0x000001a280055c23 sp=0x0000006560ef98e8 mode 2

Classes unloaded (0 events):
No events

Classes redefined (0 events):
No events

Internal exceptions (20 events):
Event: 29.288 Thread 0x000001a28f0fef80 Exception <a 'java/lang/NoSuchMethodError'{0x00000000ef8038d8}: static Ljava/lang/Object;.<clinit>()V> (0x00000000ef8038d8) 
thrown [t:\workspace\open\src\hotspot\share\prims\jni.cpp, line 1107]
Event: 29.733 Thread 0x000001a28f0fef80 Exception <a 'java/lang/ClassNotFoundException'{0x00000000eea38b50}: org/gradle/api/internal/plugins/NaggingBasePluginConventionBeanInfo> (0x00000000eea38b50) 
thrown [t:\workspace\open\src\hotspot\share\classfile\systemDictionary.cpp, line 256]
Event: 29.733 Thread 0x000001a28f0fef80 Exception <a 'java/lang/ClassNotFoundException'{0x00000000eea457a8}: org/gradle/api/plugins/BasePluginConventionBeanInfo> (0x00000000eea457a8) 
thrown [t:\workspace\open\src\hotspot\share\classfile\systemDictionary.cpp, line 256]
Event: 29.733 Thread 0x000001a28f0fef80 Exception <a 'java/lang/ClassNotFoundException'{0x00000000eea52160}: org/gradle/api/plugins/BasePluginConventionCustomizer> (0x00000000eea52160) 
thrown [t:\workspace\open\src\hotspot\share\classfile\systemDictionary.cpp, line 256]
Event: 29.734 Thread 0x000001a28f0fef80 Exception <a 'java/lang/ClassNotFoundException'{0x00000000eea69350}: org/gradle/api/internal/plugins/NaggingBasePluginConventionCustomizer> (0x00000000eea69350) 
thrown [t:\workspace\open\src\hotspot\share\classfile\systemDictionary.cpp, line 256]
Event: 29.736 Thread 0x000001a28f0fef80 Exception <a 'java/lang/ClassNotFoundException'{0x00000000eeaac488}: org/gradle/api/plugins/internal/NaggingJavaPluginConventionBeanInfo> (0x00000000eeaac488) 
thrown [t:\workspace\open\src\hotspot\share\classfile\systemDictionary.cpp, line 256]
Event: 29.736 Thread 0x000001a28f0fef80 Exception <a 'java/lang/ClassNotFoundException'{0x00000000eeab9108}: org/gradle/api/plugins/JavaPluginConventionBeanInfo> (0x00000000eeab9108) 
thrown [t:\workspace\open\src\hotspot\share\classfile\systemDictionary.cpp, line 256]
Event: 29.737 Thread 0x000001a28f0fef80 Exception <a 'java/lang/ClassNotFoundException'{0x00000000eeac5ac0}: org/gradle/api/plugins/JavaPluginConventionCustomizer> (0x00000000eeac5ac0) 
thrown [t:\workspace\open\src\hotspot\share\classfile\systemDictionary.cpp, line 256]
Event: 29.738 Thread 0x000001a28f0fef80 Exception <a 'java/lang/ClassNotFoundException'{0x00000000eeae6a08}: org/gradle/api/plugins/internal/NaggingJavaPluginConventionCustomizer> (0x00000000eeae6a08) 
thrown [t:\workspace\open\src\hotspot\share\classfile\systemDictionary.cpp, line 256]
Event: 31.583 Thread 0x000001a28f0fef80 Exception <a 'java/lang/NoSuchMethodError'{0x00000000e926eb60}: 'void java.lang.invoke.DirectMethodHandle$Holder.invokeVirtual(java.lang.Object, java.lang.Object, java.lang.Object, java.lang.Object)'> (0x00000000e926eb60) 
thrown [t:\workspace\open\src\hotspot\share\interpreter\linkResolver.cpp, line 766]
Event: 31.701 Thread 0x000001a28f0fef80 Exception <a 'java/lang/NoSuchMethodError'{0x00000000e8d607c8}: 'int java.lang.invoke.DirectMethodHandle$Holder.invokeStaticInit(java.lang.Object, java.lang.Object, java.lang.Object, java.lang.Object, java.lang.Object)'> (0x00000000e8d607c8) 
thrown [t:\workspace\open\src\hotspot\share\interpreter\linkResolver.cpp, line 766]
Event: 31.758 Thread 0x000001a2fb8c7000 Exception <a 'java/lang/NoSuchMethodError'{0x00000000e8caffa8}: static Lorg/gradle/internal/build/event/types/DefaultTaskFinishedProgressEvent;.<clinit>()V> (0x00000000e8caffa8) 
thrown [t:\workspace\open\src\hotspot\share\prims\jni.cpp, line 1107]
Event: 31.763 Thread 0x000001a2fb8c7000 Exception <a 'java/lang/NoSuchMethodError'{0x00000000e8cc5d18}: static Lorg/gradle/internal/build/event/types/DefaultTaskSuccessResult;.<clinit>()V> (0x00000000e8cc5d18) 
thrown [t:\workspace\open\src\hotspot\share\prims\jni.cpp, line 1107]
Event: 31.763 Thread 0x000001a2fb8c7000 Exception <a 'java/lang/NoSuchMethodError'{0x00000000e8cc6f88}: static Lorg/gradle/internal/build/event/types/AbstractTaskResult;.<clinit>()V> (0x00000000e8cc6f88) 
thrown [t:\workspace\open\src\hotspot\share\prims\jni.cpp, line 1107]
Event: 31.763 Thread 0x000001a2fb8c7000 Exception <a 'java/lang/NoSuchMethodError'{0x00000000e8cc86f0}: static Lorg/gradle/internal/build/event/types/AbstractResult;.<clinit>()V> (0x00000000e8cc86f0) 
thrown [t:\workspace\open\src\hotspot\share\prims\jni.cpp, line 1107]
Event: 31.812 Thread 0x000001a2fb5bf4d0 Exception <a 'java/lang/NoSuchMethodError'{0x00000000e8b43740}: 'void java.lang.invoke.DirectMethodHandle$Holder.invokeSpecial(java.lang.Object, java.lang.Object, int)'> (0x00000000e8b43740) 
thrown [t:\workspace\open\src\hotspot\share\interpreter\linkResolver.cpp, line 766]
Event: 35.077 Thread 0x000001a2fb5bf4d0 Exception <a 'sun/nio/fs/WindowsException'{0x00000000e864eea8}> (0x00000000e864eea8) 
thrown [t:\workspace\open\src\hotspot\share\prims\jni.cpp, line 516]
Event: 35.079 Thread 0x000001a2fb5bf4d0 Exception <a 'sun/nio/fs/WindowsException'{0x00000000e8650438}> (0x00000000e8650438) 
thrown [t:\workspace\open\src\hotspot\share\prims\jni.cpp, line 516]
Event: 35.079 Thread 0x000001a2fb5bf4d0 Exception <a 'sun/nio/fs/WindowsException'{0x00000000e86519c8}> (0x00000000e86519c8) 
thrown [t:\workspace\open\src\hotspot\share\prims\jni.cpp, line 516]
Event: 35.080 Thread 0x000001a2fb5bf4d0 Exception <a 'sun/nio/fs/WindowsException'{0x00000000e8652f50}> (0x00000000e8652f50) 
thrown [t:\workspace\open\src\hotspot\share\prims\jni.cpp, line 516]

VM Operations (20 events):
Event: 31.594 Executing VM operation: ICBufferFull
Event: 31.595 Executing VM operation: ICBufferFull done
Event: 31.652 Executing VM operation: ICBufferFull
Event: 31.652 Executing VM operation: ICBufferFull done
Event: 31.752 Executing VM operation: HandshakeAllThreads
Event: 31.753 Executing VM operation: HandshakeAllThreads done
Event: 31.815 Executing VM operation: ICBufferFull
Event: 31.816 Executing VM operation: ICBufferFull done
Event: 32.833 Executing VM operation: Cleanup
Event: 32.833 Executing VM operation: Cleanup done
Event: 33.841 Executing VM operation: Cleanup
Event: 33.841 Executing VM operation: Cleanup done
Event: 34.850 Executing VM operation: Cleanup
Event: 34.850 Executing VM operation: Cleanup done
Event: 35.073 Executing VM operation: ICBufferFull
Event: 35.073 Executing VM operation: ICBufferFull done
Event: 36.074 Executing VM operation: Cleanup
Event: 36.074 Executing VM operation: Cleanup done
Event: 38.094 Executing VM operation: Cleanup
Event: 38.094 Executing VM operation: Cleanup done

Events (20 events):
Event: 33.184 Thread 0x000001a2fd1e7e10 Thread exited: 0x000001a2fd1e7e10
Event: 34.179 Thread 0x000001a2fd1e4df0 Thread added: 0x000001a2fd1e4df0
Event: 34.231 Thread 0x000001a2fd1e1dd0 Thread added: 0x000001a2fd1e1dd0
Event: 34.564 Thread 0x000001a2fd1e6600 Thread added: 0x000001a2fd1e6600
Event: 34.566 loading class jdk/internal/math/FormattedFloatingDecimal$Form
Event: 34.566 loading class jdk/internal/math/FormattedFloatingDecimal$Form done
Event: 34.567 loading class jdk/internal/math/FormattedFloatingDecimal
Event: 34.567 loading class jdk/internal/math/FormattedFloatingDecimal done
Event: 34.567 loading class jdk/internal/math/FormattedFloatingDecimal$1
Event: 34.567 loading class jdk/internal/math/FormattedFloatingDecimal$1 done
Event: 34.567 loading class jdk/internal/math/FormattedFloatingDecimal$2
Event: 34.567 loading class jdk/internal/math/FormattedFloatingDecimal$2 done
Event: 34.570 Thread 0x000001a2fd1e0a90 Thread added: 0x000001a2fd1e0a90
Event: 34.572 Thread 0x000001a2fd1e1430 Thread added: 0x000001a2fd1e1430
Event: 34.873 Thread 0x000001a2fd1e7470 Thread added: 0x000001a2fd1e7470
Event: 34.953 Thread 0x000001a2fd1e4450 Thread added: 0x000001a2fd1e4450
Event: 34.997 Thread 0x000001a2fd1e22a0 Thread added: 0x000001a2fd1e22a0
Event: 35.006 Thread 0x000001a2fd1e35e0 Thread added: 0x000001a2fd1e35e0
Event: 35.018 Thread 0x000001a2fb244850 Thread added: 0x000001a2fb244850
Event: 35.428 Thread 0x000001a2fb244850 Thread exited: 0x000001a2fb244850


Dynamic libraries:
0x00007ff749b20000 - 0x00007ff749b30000 	C:\Program Files\Java\jdk-17.0.2\bin\java.exe
0x00007ffada610000 - 0x00007ffada827000 	C:\WINDOWS\SYSTEM32\ntdll.dll
0x00007ffad9bb0000 - 0x00007ffad9c74000 	C:\WINDOWS\System32\KERNEL32.DLL
0x00007ffad7950000 - 0x00007ffad7cf6000 	C:\WINDOWS\System32\KERNELBASE.dll
0x00007ffad7e20000 - 0x00007ffad7f31000 	C:\WINDOWS\System32\ucrtbase.dll
0x00007ffac7830000 - 0x00007ffac7848000 	C:\Program Files\Java\jdk-17.0.2\bin\jli.dll
0x00007ffac6ee0000 - 0x00007ffac6efa000 	C:\Program Files\Java\jdk-17.0.2\bin\VCRUNTIME140.dll
0x00007ffad95f0000 - 0x00007ffad96a3000 	C:\WINDOWS\System32\ADVAPI32.dll
0x00007ffad8940000 - 0x00007ffad89e7000 	C:\WINDOWS\System32\msvcrt.dll
0x00007ffad8a40000 - 0x00007ffad8ae8000 	C:\WINDOWS\System32\sechost.dll
0x00007ffad8270000 - 0x00007ffad8298000 	C:\WINDOWS\System32\bcrypt.dll
0x00007ffada4b0000 - 0x00007ffada5c7000 	C:\WINDOWS\System32\RPCRT4.dll
0x00007ffad8790000 - 0x00007ffad893e000 	C:\WINDOWS\System32\USER32.dll
0x00007ffad80b0000 - 0x00007ffad80d6000 	C:\WINDOWS\System32\win32u.dll
0x00007ffada320000 - 0x00007ffada349000 	C:\WINDOWS\System32\GDI32.dll
0x00007ffad8150000 - 0x00007ffad8268000 	C:\WINDOWS\System32\gdi32full.dll
0x00007ffad7d80000 - 0x00007ffad7e1a000 	C:\WINDOWS\System32\msvcp_win.dll
0x00007ffacd9d0000 - 0x00007ffacd9da000 	C:\WINDOWS\SYSTEM32\VERSION.dll
0x00007ffaab3e0000 - 0x00007ffaab673000 	C:\WINDOWS\WinSxS\amd64_microsoft.windows.common-controls_6595b64144ccf1df_6.0.22621.2506_none_270c5ae97388e100\COMCTL32.dll
0x00007ffada120000 - 0x00007ffada151000 	C:\WINDOWS\System32\IMM32.DLL
0x000001a2ed6b0000 - 0x000001a2ed6c4000 	C:\WINDOWS\System32\umppc17806.dll
0x00007ffacc020000 - 0x00007ffacc02c000 	C:\Program Files\Java\jdk-17.0.2\bin\vcruntime140_1.dll
0x00007ffab9f40000 - 0x00007ffab9fcd000 	C:\Program Files\Java\jdk-17.0.2\bin\msvcp140.dll
0x00007ffa82a00000 - 0x00007ffa835c1000 	C:\Program Files\Java\jdk-17.0.2\bin\server\jvm.dll
0x00007ffad8cc0000 - 0x00007ffad8cc8000 	C:\WINDOWS\System32\PSAPI.DLL
0x00007ffab0d20000 - 0x00007ffab0d29000 	C:\WINDOWS\SYSTEM32\WSOCK32.dll
0x00007ffad8710000 - 0x00007ffad8781000 	C:\WINDOWS\System32\WS2_32.dll
0x00007ffacbf30000 - 0x00007ffacbf64000 	C:\WINDOWS\SYSTEM32\WINMM.dll
0x00007ffad6970000 - 0x00007ffad6988000 	C:\WINDOWS\SYSTEM32\kernel.appcore.dll
0x00007ffacbf70000 - 0x00007ffacbf7a000 	C:\Program Files\Java\jdk-17.0.2\bin\jimage.dll
0x00007ffad5440000 - 0x00007ffad5673000 	C:\WINDOWS\SYSTEM32\DBGHELP.DLL
0x00007ffad8360000 - 0x00007ffad86e9000 	C:\WINDOWS\System32\combase.dll
0x00007ffad8b80000 - 0x00007ffad8c57000 	C:\WINDOWS\System32\OLEAUT32.dll
0x00007ffac8150000 - 0x00007ffac8182000 	C:\WINDOWS\SYSTEM32\dbgcore.DLL
0x00007ffad7d00000 - 0x00007ffad7d7a000 	C:\WINDOWS\System32\bcryptPrimitives.dll
0x00007ffab7320000 - 0x00007ffab732e000 	C:\Program Files\Java\jdk-17.0.2\bin\instrument.dll
0x00007ffabd590000 - 0x00007ffabd5b5000 	C:\Program Files\Java\jdk-17.0.2\bin\java.dll
0x00007ffa93580000 - 0x00007ffa93656000 	C:\Program Files\Java\jdk-17.0.2\bin\jsvml.dll
0x00007ffad8d90000 - 0x00007ffad95eb000 	C:\WINDOWS\System32\SHELL32.dll
0x00007ffad5860000 - 0x00007ffad6156000 	C:\WINDOWS\SYSTEM32\windows.storage.dll
0x00007ffad5720000 - 0x00007ffad585e000 	C:\WINDOWS\SYSTEM32\wintypes.dll
0x00007ffad9db0000 - 0x00007ffad9ea3000 	C:\WINDOWS\System32\SHCORE.dll
0x00007ffad8c60000 - 0x00007ffad8cbe000 	C:\WINDOWS\System32\shlwapi.dll
0x00007ffad7880000 - 0x00007ffad78a6000 	C:\WINDOWS\SYSTEM32\profapi.dll
0x00007ffabaf70000 - 0x00007ffabaf88000 	C:\Program Files\Java\jdk-17.0.2\bin\zip.dll
0x00007ffabb160000 - 0x00007ffabb179000 	C:\Program Files\Java\jdk-17.0.2\bin\net.dll
0x00007fface440000 - 0x00007fface577000 	C:\WINDOWS\SYSTEM32\WINHTTP.dll
0x00007ffad6e10000 - 0x00007ffad6e79000 	C:\WINDOWS\system32\mswsock.dll
0x00007ffabb140000 - 0x00007ffabb156000 	C:\Program Files\Java\jdk-17.0.2\bin\nio.dll
0x00007ffac7160000 - 0x00007ffac7170000 	C:\Program Files\Java\jdk-17.0.2\bin\verify.dll
0x00007ffa9f830000 - 0x00007ffa9f857000 	C:\Users\Mohan NS\.gradle\native\c067742578af261105cb4f569cf0c3c89f3d7b1fecec35dd04571415982c5e48\windows-amd64\native-platform.dll
0x00007ffa83c80000 - 0x00007ffa83dc4000 	C:\Users\Mohan NS\.gradle\native\38dada09dfb8b06ba9b0570ebf7e218e3eb74d4ef43ca46872605cf95ebc2f47\windows-amd64\native-platform-file-events.dll
0x00007ffab7310000 - 0x00007ffab7319000 	C:\Program Files\Java\jdk-17.0.2\bin\management.dll
0x00007ffab7280000 - 0x00007ffab728b000 	C:\Program Files\Java\jdk-17.0.2\bin\management_ext.dll
0x00007ffad7070000 - 0x00007ffad708b000 	C:\WINDOWS\SYSTEM32\CRYPTSP.dll
0x00007ffad68d0000 - 0x00007ffad6905000 	C:\WINDOWS\system32\rsaenh.dll
0x00007ffad6f00000 - 0x00007ffad6f2c000 	C:\WINDOWS\SYSTEM32\USERENV.dll
0x00007ffad7060000 - 0x00007ffad706c000 	C:\WINDOWS\SYSTEM32\CRYPTBASE.dll
0x00007ffad63b0000 - 0x00007ffad63dd000 	C:\WINDOWS\SYSTEM32\IPHLPAPI.DLL
0x00007ffad9f70000 - 0x00007ffad9f79000 	C:\WINDOWS\System32\NSI.dll
0x00007fface420000 - 0x00007fface439000 	C:\WINDOWS\SYSTEM32\dhcpcsvc6.DLL
0x00007ffacd9e0000 - 0x00007ffacd9ff000 	C:\WINDOWS\SYSTEM32\dhcpcsvc.DLL
0x00007ffad63e0000 - 0x00007ffad64d9000 	C:\WINDOWS\SYSTEM32\DNSAPI.dll
0x00007ffab4e00000 - 0x00007ffab4e0e000 	C:\Program Files\Java\jdk-17.0.2\bin\sunmscapi.dll
0x00007ffad7f40000 - 0x00007ffad80a6000 	C:\WINDOWS\System32\CRYPT32.dll
0x00007ffad7220000 - 0x00007ffad724e000 	C:\WINDOWS\SYSTEM32\ncrypt.dll
0x00007ffad71e0000 - 0x00007ffad7217000 	C:\WINDOWS\SYSTEM32\NTASN1.dll
0x00007ffa9ea40000 - 0x00007ffa9ea48000 	C:\WINDOWS\system32\wshunix.dll

dbghelp: loaded successfully - version: 4.0.5 - missing functions: none
symbol engine: initialized successfully - sym options: 0x614 - pdb path: .;C:\Program Files\Java\jdk-17.0.2\bin;C:\WINDOWS\SYSTEM32;C:\WINDOWS\WinSxS\amd64_microsoft.windows.common-controls_6595b64144ccf1df_6.0.22621.2506_none_270c5ae97388e100;C:\Program Files\Java\jdk-17.0.2\bin\server;C:\Users\Mohan NS\.gradle\native\c067742578af261105cb4f569cf0c3c89f3d7b1fecec35dd04571415982c5e48\windows-amd64;C:\Users\Mohan NS\.gradle\native\38dada09dfb8b06ba9b0570ebf7e218e3eb74d4ef43ca46872605cf95ebc2f47\windows-amd64

VM Arguments:
jvm_args: --add-opens=java.base/java.util=ALL-UNNAMED --add-opens=java.base/java.lang=ALL-UNNAMED --add-opens=java.base/java.lang.invoke=ALL-UNNAMED --add-opens=java.prefs/java.util.prefs=ALL-UNNAMED --add-opens=java.base/java.nio.charset=ALL-UNNAMED --add-opens=java.base/java.net=ALL-UNNAMED --add-opens=java.base/java.util.concurrent.atomic=ALL-UNNAMED -XX:MaxMetaspaceSize=384m -XX:+HeapDumpOnOutOfMemoryError -Xms256m -Xmx512m -Dfile.encoding=windows-1252 -Duser.country=IN -Duser.language=en -Duser.variant -javaagent:C:\Users\Mohan NS\.gradle\wrapper\dists\gradle-8.5-bin\5t9huq95ubn472n8rpzujfbqh\gradle-8.5\lib\agents\gradle-instrumentation-agent-8.5.jar 
java_command: org.gradle.launcher.daemon.bootstrap.GradleDaemon 8.5
java_class_path (initial): C:\Users\Mohan NS\.gradle\wrapper\dists\gradle-8.5-bin\5t9huq95ubn472n8rpzujfbqh\gradle-8.5\lib\gradle-launcher-8.5.jar
Launcher Type: SUN_STANDARD

[Global flags]
     intx CICompilerCount                          = 4                                         {product} {ergonomic}
   size_t CompressedClassSpaceSize                 = 322961408                                 {product} {ergonomic}
     uint ConcGCThreads                            = 2                                         {product} {ergonomic}
     uint G1ConcRefinementThreads                  = 8                                         {product} {ergonomic}
   size_t G1HeapRegionSize                         = 1048576                                   {product} {ergonomic}
    uintx GCDrainStackTargetSize                   = 64                                        {product} {ergonomic}
     bool HeapDumpOnOutOfMemoryError               = true                                   {manageable} {command line}
   size_t InitialHeapSize                          = 268435456                                 {product} {command line}
   size_t MarkStackSize                            = 4194304                                   {product} {ergonomic}
   size_t MaxHeapSize                              = 536870912                                 {product} {command line}
   size_t MaxMetaspaceSize                         = 402653184                                 {product} {command line}
   size_t MaxNewSize                               = 321912832                                 {product} {ergonomic}
   size_t MinHeapDeltaBytes                        = 1048576                                   {product} {ergonomic}
   size_t MinHeapSize                              = 268435456                                 {product} {command line}
    uintx NonNMethodCodeHeapSize                   = 5839372                                {pd product} {ergonomic}
    uintx NonProfiledCodeHeapSize                  = 122909434                              {pd product} {ergonomic}
    uintx ProfiledCodeHeapSize                     = 122909434                              {pd product} {ergonomic}
    uintx ReservedCodeCacheSize                    = 251658240                              {pd product} {ergonomic}
     bool SegmentedCodeCache                       = true                                      {product} {ergonomic}
   size_t SoftMaxHeapSize                          = 536870912                              {manageable} {ergonomic}
     bool UseCompressedClassPointers               = true                           {product lp64_product} {ergonomic}
     bool UseCompressedOops                        = true                           {product lp64_product} {ergonomic}
     bool UseG1GC                                  = true                                      {product} {ergonomic}
     bool UseLargePagesIndividualAllocation        = false                                  {pd product} {ergonomic}

Logging:
Log output configuration:
 #0: stdout all=warning uptime,level,tags
 #1: stderr all=off uptime,level,tags

Environment Variables:
JAVA_HOME=C:\Program Files\Java\jdk-17.0.2
PATH=C:\Program Files\Common Files\Oracle\Java\javapath;C:\app\Mohan\product\21c\dbhomeXE\bin;C:\WINDOWS\system32;C:\WINDOWS;C:\WINDOWS\System32\Wbem;C:\WINDOWS\System32\WindowsPowerShell\v1.0\;C:\WINDOWS\System32\OpenSSH\;C:\Program Files\PuTTY\;C:\msys64\mingw64\bin;C:\apache-maven-3.9.6\bin;C:\Program Files\nodejs\;C:\Gradle\gradle-8.5\bin;C:\Program Files\PowerShell\7\;C:\Program Files\Git\cmd;C:\Program Files\MySQL\MySQL Shell 8.0\bin\;C:\Users\Mohan NS\AppData\Local\Microsoft\WindowsApps;C:\Users\Mohan NS\AppData\Local\GitHubDesktop\bin;C:\Program Files\JetBrains\IntelliJ IDEA 2023.2.2\bin;;C:\Program Files\JetBrains\IntelliJ IDEA Community Edition 2023.1.2\bin;;C:\Users\Mohan NS\AppData\Local\Programs\Microsoft VS Code\bin;C:\Program Files\Git\bin\;C:\Program Files\Git\cmd\;C:\Program Files\JetBrains\PyCharm 2023.2.4\bin;;C:\Program Files\Neovim\bin;C:\Users\Mohan NS\AppData\Local\Microsoft\WinGet\Packages\BurntSushi.ripgrep.MSVC_Microsoft.Winget.Source_8wekyb3d8bbwe\ripgrep-14.0.3-x86_64-pc-windows-msvc;C:\Users\Mohan NS\AppData\Roaming\npm;C:\Users\Mohan NS\AppData\Local\Programs\oh-my-posh\bin;C:\Program Files\PostgreSQL\16\bin;
USERNAME=Mohan NS
OS=Windows_NT
PROCESSOR_IDENTIFIER=Intel64 Family 6 Model 140 Stepping 1, GenuineIntel



---------------  S Y S T E M  ---------------

OS:
 Windows 11 , 64 bit Build 22621 (10.0.22621.3085)
OS uptime: 0 days 14:51 hours

CPU: total 8 (initial active 8) (4 cores per cpu, 2 threads per core) family 6 model 140 stepping 1 microcode 0xa6, cx8, cmov, fxsr, ht, mmx, 3dnowpref, sse, sse2, sse3, ssse3, sse4.1, sse4.2, popcnt, lzcnt, tsc, tscinvbit, avx, avx2, aes, erms, clmul, bmi1, bmi2, adx, avx512f, avx512dq, avx512cd, avx512bw, avx512vl, sha, fma, vzeroupper, avx512_vpopcntdq, avx512_vpclmulqdq, avx512_vaes, avx512_vnni, clflush, clflushopt, clwb, avx512_vbmi2, avx512_vbmi

Memory: 4k page, system-wide physical 16029M (370M free)
TotalPageFile size 30663M (AvailPageFile size 0M)
current process WorkingSet (physical memory assigned to process): 355M, peak: 395M
current process commit charge ("private bytes"): 464M, peak: 503M

vm_info: Java HotSpot(TM) 64-Bit Server VM (17.0.2+8-LTS-86) for windows-amd64 JRE (17.0.2+8-LTS-86), built on Dec  7 2021 21:51:03 by "mach5one" with MS VC++ 16.8 / 16.9 (VS2019)

END.
