#
# There is insufficient memory for the Java Runtime Environment to continue.
# Native memory allocation (malloc) failed to allocate 297296 bytes for Chunk::new
# Possible reasons:
#   The system is out of physical RAM or swap space
#   The process is running with CompressedOops enabled, and the Java Heap may be blocking the growth of the native heap
# Possible solutions:
#   Reduce memory load on the system
#   Increase physical memory or swap space
#   Check if swap backing store is full
#   Decrease Java heap size (-Xmx/-Xms)
#   Decrease number of Java threads
#   Decrease Java thread stack sizes (-Xss)
#   Set larger code cache with -XX:ReservedCodeCacheSize=
#   JVM is running with Unscaled Compressed Oops mode in which the Java heap is
#     placed in the first 4GB address space. The Java Heap base address is the
#     maximum limit for the native heap growth. Please use -XX:HeapBaseMinAddress
#     to set the Java Heap base and to place the Java Heap above 4GB virtual address.
# This output file may be truncated or incomplete.
#
#  Out of Memory Error (arena.cpp:189), pid=22348, tid=25768
#
# JRE version: Java(TM) SE Runtime Environment (17.0.2+8) (build 17.0.2+8-LTS-86)
# Java VM: Java HotSpot(TM) 64-Bit Server VM (17.0.2+8-LTS-86, mixed mode, sharing, tiered, compressed oops, compressed class ptrs, g1 gc, windows-amd64)
# No core dump will be written. Minidumps are not enabled by default on client versions of Windows
#

---------------  S U M M A R Y ------------

Command Line: --add-opens=java.base/java.util=ALL-UNNAMED --add-opens=java.base/java.lang=ALL-UNNAMED --add-opens=java.base/java.lang.invoke=ALL-UNNAMED --add-opens=java.prefs/java.util.prefs=ALL-UNNAMED --add-opens=java.base/java.nio.charset=ALL-UNNAMED --add-opens=java.base/java.net=ALL-UNNAMED --add-opens=java.base/java.util.concurrent.atomic=ALL-UNNAMED -XX:MaxMetaspaceSize=384m -XX:+HeapDumpOnOutOfMemoryError -Xms256m -Xmx512m -Dfile.encoding=windows-1252 -Duser.country=IN -Duser.language=en -Duser.variant -javaagent:C:\Users\Mohan NS\.gradle\wrapper\dists\gradle-8.5-bin\5t9huq95ubn472n8rpzujfbqh\gradle-8.5\lib\agents\gradle-instrumentation-agent-8.5.jar org.gradle.launcher.daemon.bootstrap.GradleDaemon 8.5

Host: 11th Gen Intel(R) Core(TM) i7-1185G7 @ 3.00GHz, 8 cores, 15G,  Windows 11 , 64 bit Build 22621 (10.0.22621.3085)
Time: Mon Feb 26 22:44:24 2024 India Standard Time elapsed time: 38.621517 seconds (0d 0h 0m 38s)

---------------  T H R E A D  ---------------

Current thread (0x000002b4f00c5870):  JavaThread "C2 CompilerThread0" daemon [_thread_in_native, id=25768, stack(0x000000dbdc300000,0x000000dbdc400000)]


Current CompileTask:
C2:  38621 8305       4       sun.invoke.util.BytecodeDescriptor::unparseSig (49 bytes)

Stack: [0x000000dbdc300000,0x000000dbdc400000]
Native frames: (J=compiled Java code, j=interpreted, Vv=VM code, C=native code)
V  [jvm.dll+0x670baa]
V  [jvm.dll+0x7cfcb4]
V  [jvm.dll+0x7d145e]
V  [jvm.dll+0x7d1ac3]
V  [jvm.dll+0x242bc5]
V  [jvm.dll+0xaa57b]
V  [jvm.dll+0xaab0c]
V  [jvm.dll+0x35fcb2]
V  [jvm.dll+0x32a331]
V  [jvm.dll+0x3297da]
V  [jvm.dll+0x215c91]
V  [jvm.dll+0x2150b1]
V  [jvm.dll+0x1a1bbd]
V  [jvm.dll+0x224908]
V  [jvm.dll+0x222a6c]
V  [jvm.dll+0x7859bb]
V  [jvm.dll+0x77ff7a]
V  [jvm.dll+0x66fa35]
C  [ucrtbase.dll+0x29363]
C  [KERNEL32.DLL+0x1257d]
C  [ntdll.dll+0x5aa58]


---------------  P R O C E S S  ---------------

Threads class SMR info:
_java_thread_list=0x000002b4f5e1aa30, length=134, elements={
0x000002b4d580e830, 0x000002b4f00a7cb0, 0x000002b4f00a8660, 0x000002b4f00c0dc0,
0x000002b4f00c1770, 0x000002b4f00c2120, 0x000002b4f00c4ae0, 0x000002b4f00c5870,
0x000002b4f00c6720, 0x000002b4f00c8030, 0x000002b4f011e330, 0x000002b4f0d766f0,
0x000002b4f1fcb080, 0x000002b4f2163100, 0x000002b4f2a5e090, 0x000002b4f1b6ce70,
0x000002b4f19611e0, 0x000002b4f2568560, 0x000002b4f2a4fa20, 0x000002b4f2a4c530,
0x000002b4f2a4ca00, 0x000002b4f2a4dd40, 0x000002b4f2a4e210, 0x000002b4f2a4ced0,
0x000002b4f2a4e6e0, 0x000002b4f2a4d870, 0x000002b4f2a4ebb0, 0x000002b4f2a4f550,
0x000002b4f32607c0, 0x000002b4f3263310, 0x000002b4f32624a0, 0x000002b4f3262970,
0x000002b4f3260c90, 0x000002b4f325d7a0, 0x000002b4f3264180, 0x000002b4f32637e0,
0x000002b4f325c930, 0x000002b4f3261630, 0x000002b4f325fe20, 0x000002b4f325efb0,
0x000002b4f325f480, 0x000002b4f325e140, 0x000002b4f32602f0, 0x000002b4f325ce00,
0x000002b4f325d2d0, 0x000002b4f325dc70, 0x000002b4f325e610, 0x000002b4f3261b00,
0x000002b4f3261fd0, 0x000002b4f325eae0, 0x000002b4f4321da0, 0x000002b4f43218d0,
0x000002b4f431f720, 0x000002b4f431e8b0, 0x000002b4f431a550, 0x000002b4f431d570,
0x000002b4f431aa20, 0x000002b4f431da40, 0x000002b4f431b3c0, 0x000002b4f431b890,
0x000002b4f431f250, 0x000002b4f43200c0, 0x000002b4f4320590, 0x000002b4f4320a60,
0x000002b4f4320f30, 0x000002b4f431c700, 0x000002b4f431bd60, 0x000002b4f4321400,
0x000002b4f431c230, 0x000002b4f431df10, 0x000002b4f431cbd0, 0x000002b4f431d0a0,
0x000002b4f431e3e0, 0x000002b4f431ed80, 0x000002b4f5c4b870, 0x000002b4f5c4c210,
0x000002b4f5c491f0, 0x000002b4f5c4b3a0, 0x000002b4f5c4bd40, 0x000002b4f5c4c6e0,
0x000002b4f5c48d20, 0x000002b4f5c4a060, 0x000002b4f5c4aa00, 0x000002b4f5c4a530,
0x000002b4f5c49b90, 0x000002b4f5c4aed0, 0x000002b4f27b0d50, 0x000002b4f27b16f0,
0x000002b4f27afa10, 0x000002b4f27afee0, 0x000002b4f27b1bc0, 0x000002b4f27b03b0,
0x000002b4f27ac9f0, 0x000002b4f27b3d70, 0x000002b4f27add30, 0x000002b4f27b2090,
0x000002b4f27ae6d0, 0x000002b4f27acec0, 0x000002b4f27b2560, 0x000002b4f27ae200,
0x000002b4f27b1220, 0x000002b4f27b2a30, 0x000002b4f27ad860, 0x000002b4f27b33d0,
0x000002b4f27aeba0, 0x000002b4f27af070, 0x000002b4f27b4240, 0x000002b4f27af540,
0x000002b4f27ad390, 0x000002b4f27b0880, 0x000002b4f27b2f00, 0x000002b4f102b5e0,
0x000002b4f102c450, 0x000002b4f102bab0, 0x000002b4f102c920, 0x000002b4f102dc60,
0x000002b4f102cdf0, 0x000002b4f102bf80, 0x000002b4f102f940, 0x000002b4f102d2c0,
0x000002b4f102d790, 0x000002b4f10302e0, 0x000002b4f102e130, 0x000002b4f102e600,
0x000002b4f1028a90, 0x000002b4f102b110, 0x000002b4f102ead0, 0x000002b4f102fe10,
0x000002b4f102efa0, 0x000002b4f102f470, 0x000002b4f1028f60, 0x000002b4f316a3f0,
0x000002b4f1029430, 0x000002b4f1029900
}

Java Threads: ( => current thread )
  0x000002b4d580e830 JavaThread "main" [_thread_blocked, id=21176, stack(0x000000dbdb600000,0x000000dbdb700000)]
  0x000002b4f00a7cb0 JavaThread "Reference Handler" daemon [_thread_blocked, id=10224, stack(0x000000dbdbd00000,0x000000dbdbe00000)]
  0x000002b4f00a8660 JavaThread "Finalizer" daemon [_thread_blocked, id=10640, stack(0x000000dbdbe00000,0x000000dbdbf00000)]
  0x000002b4f00c0dc0 JavaThread "Signal Dispatcher" daemon [_thread_blocked, id=15980, stack(0x000000dbdbf00000,0x000000dbdc000000)]
  0x000002b4f00c1770 JavaThread "Attach Listener" daemon [_thread_blocked, id=10668, stack(0x000000dbdc000000,0x000000dbdc100000)]
  0x000002b4f00c2120 JavaThread "Service Thread" daemon [_thread_blocked, id=25632, stack(0x000000dbdc100000,0x000000dbdc200000)]
  0x000002b4f00c4ae0 JavaThread "Monitor Deflation Thread" daemon [_thread_blocked, id=26896, stack(0x000000dbdc200000,0x000000dbdc300000)]
=>0x000002b4f00c5870 JavaThread "C2 CompilerThread0" daemon [_thread_in_native, id=25768, stack(0x000000dbdc300000,0x000000dbdc400000)]
  0x000002b4f00c6720 JavaThread "C1 CompilerThread0" daemon [_thread_blocked, id=28304, stack(0x000000dbdc400000,0x000000dbdc500000)]
  0x000002b4f00c8030 JavaThread "Sweeper thread" daemon [_thread_blocked, id=25668, stack(0x000000dbdc500000,0x000000dbdc600000)]
  0x000002b4f011e330 JavaThread "Common-Cleaner" daemon [_thread_blocked, id=14352, stack(0x000000dbdc600000,0x000000dbdc700000)]
  0x000002b4f0d766f0 JavaThread "Notification Thread" daemon [_thread_blocked, id=16708, stack(0x000000dbdc700000,0x000000dbdc800000)]
  0x000002b4f1fcb080 JavaThread "Daemon health stats" [_thread_blocked, id=8720, stack(0x000000dbdca00000,0x000000dbdcb00000)]
  0x000002b4f2163100 JavaThread "Incoming local TCP Connector on port 55306" [_thread_in_native, id=26752, stack(0x000000dbdc900000,0x000000dbdca00000)]
  0x000002b4f2a5e090 JavaThread "Daemon periodic checks" [_thread_blocked, id=27912, stack(0x000000dbdd000000,0x000000dbdd100000)]
  0x000002b4f1b6ce70 JavaThread "Daemon" [_thread_blocked, id=23316, stack(0x000000dbdd100000,0x000000dbdd200000)]
  0x000002b4f19611e0 JavaThread "Handler for socket connection from /127.0.0.1:55306 to /127.0.0.1:55308" [_thread_in_native, id=21948, stack(0x000000dbdd200000,0x000000dbdd300000)]
  0x000002b4f2568560 JavaThread "Cancel handler" [_thread_blocked, id=27908, stack(0x000000dbdd300000,0x000000dbdd400000)]
  0x000002b4f2a4fa20 JavaThread "Daemon worker" [_thread_in_vm, id=25384, stack(0x000000dbdd400000,0x000000dbdd500000)]
  0x000002b4f2a4c530 JavaThread "Asynchronous log dispatcher for DefaultDaemonConnection: socket connection from /127.0.0.1:55306 to /127.0.0.1:55308" [_thread_blocked, id=23956, stack(0x000000dbdd500000,0x000000dbdd600000)]
  0x000002b4f2a4ca00 JavaThread "Stdin handler" [_thread_blocked, id=25644, stack(0x000000dbdd600000,0x000000dbdd700000)]
  0x000002b4f2a4dd40 JavaThread "Daemon client event forwarder" [_thread_blocked, id=4928, stack(0x000000dbdd700000,0x000000dbdd800000)]
  0x000002b4f2a4e210 JavaThread "Cache worker for journal cache (C:\Users\Mohan NS\.gradle\caches\journal-1)" [_thread_blocked, id=28180, stack(0x000000dbdd800000,0x000000dbdd900000)]
  0x000002b4f2a4ced0 JavaThread "File lock request listener" [_thread_in_native, id=22824, stack(0x000000dbdd900000,0x000000dbdda00000)]
  0x000002b4f2a4e6e0 JavaThread "File lock release action executor" [_thread_blocked, id=20636, stack(0x000000dbdda00000,0x000000dbddb00000)]
  0x000002b4f2a4d870 JavaThread "Cache worker for file hash cache (C:\Users\Mohan NS\.gradle\caches\8.5\fileHashes)" [_thread_blocked, id=21584, stack(0x000000dbddc00000,0x000000dbddd00000)]
  0x000002b4f2a4ebb0 JavaThread "Daemon Thread 2" [_thread_blocked, id=19168, stack(0x000000dbddb00000,0x000000dbddc00000)]
  0x000002b4f2a4f550 JavaThread "Cache worker for checksums cache (C:\Users\Mohan NS\Desktop\BlindApp-UI\.gradle\8.5\checksums)" [_thread_blocked, id=19708, stack(0x000000dbde200000,0x000000dbde300000)]
  0x000002b4f32607c0 JavaThread "Cache worker for file hash cache (C:\Users\Mohan NS\Desktop\BlindApp-UI\.gradle\8.5\fileHashes)" [_thread_blocked, id=14812, stack(0x000000dbde300000,0x000000dbde400000)]
  0x000002b4f3263310 JavaThread "Cache worker for cache directory md-supplier (C:\Users\Mohan NS\.gradle\caches\8.5\md-supplier)" [_thread_blocked, id=10544, stack(0x000000dbde400000,0x000000dbde500000)]
  0x000002b4f32624a0 JavaThread "Cache worker for cache directory md-rule (C:\Users\Mohan NS\.gradle\caches\8.5\md-rule)" [_thread_blocked, id=5536, stack(0x000000dbde500000,0x000000dbde600000)]
  0x000002b4f3262970 JavaThread "Cache worker for file content cache (C:\Users\Mohan NS\.gradle\caches\8.5\fileContent)" [_thread_blocked, id=1796, stack(0x000000dbde600000,0x000000dbde700000)]
  0x000002b4f3260c90 JavaThread "Cache worker for execution history cache (C:\Users\Mohan NS\.gradle\caches\8.5\executionHistory)" [_thread_blocked, id=17056, stack(0x000000dbde700000,0x000000dbde800000)]
  0x000002b4f325d7a0 JavaThread "jar transforms" [_thread_blocked, id=28252, stack(0x000000dbde900000,0x000000dbdea00000)]
  0x000002b4f3264180 JavaThread "jar transforms Thread 2" [_thread_blocked, id=22692, stack(0x000000dbde800000,0x000000dbde900000)]
  0x000002b4f32637e0 JavaThread "jar transforms Thread 3" [_thread_blocked, id=11820, stack(0x000000dbdea00000,0x000000dbdeb00000)]
  0x000002b4f325c930 JavaThread "jar transforms Thread 4" [_thread_blocked, id=11980, stack(0x000000dbdeb00000,0x000000dbdec00000)]
  0x000002b4f3261630 JavaThread "jar transforms Thread 5" [_thread_blocked, id=16760, stack(0x000000dbdec00000,0x000000dbded00000)]
  0x000002b4f325fe20 JavaThread "jar transforms Thread 6" [_thread_blocked, id=23212, stack(0x000000dbded00000,0x000000dbdee00000)]
  0x000002b4f325efb0 JavaThread "Cache worker for dependencies-accessors (C:\Users\Mohan NS\Desktop\BlindApp-UI\.gradle\8.5\dependencies-accessors)" [_thread_blocked, id=22460, stack(0x000000dbdef00000,0x000000dbdf000000)]
  0x000002b4f325f480 JavaThread "jar transforms Thread 7" [_thread_blocked, id=11232, stack(0x000000dbdf000000,0x000000dbdf100000)]
  0x000002b4f325e140 JavaThread "Cache worker for Build Output Cleanup Cache (C:\Users\Mohan NS\Desktop\BlindApp-UI\.gradle\buildOutputCleanup)" [_thread_blocked, id=7916, stack(0x000000dbdf100000,0x000000dbdf200000)]
  0x000002b4f32602f0 JavaThread "Unconstrained build operations" [_thread_blocked, id=12476, stack(0x000000dbdee00000,0x000000dbdef00000)]
  0x000002b4f325ce00 JavaThread "Unconstrained build operations Thread 2" [_thread_blocked, id=1776, stack(0x000000dbdf200000,0x000000dbdf300000)]
  0x000002b4f325d2d0 JavaThread "Unconstrained build operations Thread 3" [_thread_blocked, id=24652, stack(0x000000dbdf300000,0x000000dbdf400000)]
  0x000002b4f325dc70 JavaThread "Unconstrained build operations Thread 4" [_thread_blocked, id=28392, stack(0x000000dbdf400000,0x000000dbdf500000)]
  0x000002b4f325e610 JavaThread "Unconstrained build operations Thread 5" [_thread_blocked, id=16116, stack(0x000000dbdf500000,0x000000dbdf600000)]
  0x000002b4f3261b00 JavaThread "Unconstrained build operations Thread 6" [_thread_blocked, id=15424, stack(0x000000dbdf600000,0x000000dbdf700000)]
  0x000002b4f3261fd0 JavaThread "Unconstrained build operations Thread 7" [_thread_blocked, id=15380, stack(0x000000dbdf700000,0x000000dbdf800000)]
  0x000002b4f325eae0 JavaThread "jar transforms Thread 8" [_thread_blocked, id=28496, stack(0x000000dbdf800000,0x000000dbdf900000)]
  0x000002b4f4321da0 JavaThread "Memory manager" [_thread_blocked, id=5484, stack(0x000000dbdfa00000,0x000000dbdfb00000)]
  0x000002b4f43218d0 JavaThread "included builds" [_thread_blocked, id=14764, stack(0x000000dbdb500000,0x000000dbdb600000)]
  0x000002b4f431f720 JavaThread "Execution worker" [_thread_blocked, id=4040, stack(0x000000dbdfb00000,0x000000dbdfc00000)]
  0x000002b4f431e8b0 JavaThread "Execution worker Thread 2" [_thread_blocked, id=9028, stack(0x000000dbdfc00000,0x000000dbdfd00000)]
  0x000002b4f431a550 JavaThread "Execution worker Thread 3" [_thread_blocked, id=28340, stack(0x000000dbdfd00000,0x000000dbdfe00000)]
  0x000002b4f431d570 JavaThread "Execution worker Thread 4" [_thread_blocked, id=1840, stack(0x000000dbdfe00000,0x000000dbdff00000)]
  0x000002b4f431aa20 JavaThread "Execution worker Thread 5" [_thread_blocked, id=24288, stack(0x000000dbdff00000,0x000000dbe0000000)]
  0x000002b4f431da40 JavaThread "Execution worker Thread 6" [_thread_blocked, id=27928, stack(0x000000dbe0000000,0x000000dbe0100000)]
  0x000002b4f431b3c0 JavaThread "Execution worker Thread 7" [_thread_blocked, id=22136, stack(0x000000dbe0100000,0x000000dbe0200000)]
  0x000002b4f431b890 JavaThread "Cache worker for execution history cache (C:\Users\Mohan NS\Desktop\BlindApp-UI\.gradle\8.5\executionHistory)" [_thread_blocked, id=26564, stack(0x000000dbe0200000,0x000000dbe0300000)]
  0x000002b4f431f250 JavaThread "Unconstrained build operations Thread 8" [_thread_blocked, id=20720, stack(0x000000dbe0300000,0x000000dbe0400000)]
  0x000002b4f43200c0 JavaThread "Unconstrained build operations Thread 9" [_thread_blocked, id=14892, stack(0x000000dbe0500000,0x000000dbe0600000)]
  0x000002b4f4320590 JavaThread "Unconstrained build operations Thread 10" [_thread_blocked, id=4736, stack(0x000000dbe0600000,0x000000dbe0700000)]
  0x000002b4f4320a60 JavaThread "Unconstrained build operations Thread 11" [_thread_blocked, id=20100, stack(0x000000dbe0700000,0x000000dbe0800000)]
  0x000002b4f4320f30 JavaThread "Unconstrained build operations Thread 12" [_thread_blocked, id=20076, stack(0x000000dbe0800000,0x000000dbe0900000)]
  0x000002b4f431c700 JavaThread "Unconstrained build operations Thread 13" [_thread_blocked, id=6208, stack(0x000000dbe0900000,0x000000dbe0a00000)]
  0x000002b4f431bd60 JavaThread "Unconstrained build operations Thread 14" [_thread_blocked, id=6960, stack(0x000000dbe0a00000,0x000000dbe0b00000)]
  0x000002b4f4321400 JavaThread "Unconstrained build operations Thread 15" [_thread_blocked, id=5880, stack(0x000000dbe0b00000,0x000000dbe0c00000)]
  0x000002b4f431c230 JavaThread "Unconstrained build operations Thread 16" [_thread_blocked, id=14792, stack(0x000000dbe0c00000,0x000000dbe0d00000)]
  0x000002b4f431df10 JavaThread "Unconstrained build operations Thread 17" [_thread_blocked, id=13088, stack(0x000000dbe0d00000,0x000000dbe0e00000)]
  0x000002b4f431cbd0 JavaThread "Unconstrained build operations Thread 18" [_thread_blocked, id=26992, stack(0x000000dbe0e00000,0x000000dbe0f00000)]
  0x000002b4f431d0a0 JavaThread "Unconstrained build operations Thread 19" [_thread_blocked, id=8336, stack(0x000000dbe0f00000,0x000000dbe1000000)]
  0x000002b4f431e3e0 JavaThread "Unconstrained build operations Thread 20" [_thread_blocked, id=26940, stack(0x000000dbe1000000,0x000000dbe1100000)]
  0x000002b4f431ed80 JavaThread "Unconstrained build operations Thread 21" [_thread_blocked, id=20872, stack(0x000000dbe1100000,0x000000dbe1200000)]
  0x000002b4f5c4b870 JavaThread "Unconstrained build operations Thread 22" [_thread_blocked, id=25556, stack(0x000000dbe1200000,0x000000dbe1300000)]
  0x000002b4f5c4c210 JavaThread "Unconstrained build operations Thread 23" [_thread_blocked, id=11004, stack(0x000000dbe1300000,0x000000dbe1400000)]
  0x000002b4f5c491f0 JavaThread "Unconstrained build operations Thread 24" [_thread_blocked, id=28080, stack(0x000000dbe1400000,0x000000dbe1500000)]
  0x000002b4f5c4b3a0 JavaThread "Unconstrained build operations Thread 25" [_thread_blocked, id=13996, stack(0x000000dbe1500000,0x000000dbe1600000)]
  0x000002b4f5c4bd40 JavaThread "Unconstrained build operations Thread 26" [_thread_blocked, id=21248, stack(0x000000dbe1600000,0x000000dbe1700000)]
  0x000002b4f5c4c6e0 JavaThread "Unconstrained build operations Thread 27" [_thread_blocked, id=15260, stack(0x000000dbe1700000,0x000000dbe1800000)]
  0x000002b4f5c48d20 JavaThread "Unconstrained build operations Thread 28" [_thread_blocked, id=14836, stack(0x000000dbe1800000,0x000000dbe1900000)]
  0x000002b4f5c4a060 JavaThread "Unconstrained build operations Thread 29" [_thread_blocked, id=27016, stack(0x000000dbe1900000,0x000000dbe1a00000)]
  0x000002b4f5c4aa00 JavaThread "Unconstrained build operations Thread 30" [_thread_blocked, id=16152, stack(0x000000dbe1a00000,0x000000dbe1b00000)]
  0x000002b4f5c4a530 JavaThread "Unconstrained build operations Thread 31" [_thread_blocked, id=580, stack(0x000000dbe1b00000,0x000000dbe1c00000)]
  0x000002b4f5c49b90 JavaThread "Unconstrained build operations Thread 32" [_thread_blocked, id=6384, stack(0x000000dbe1c00000,0x000000dbe1d00000)]
  0x000002b4f5c4aed0 JavaThread "Unconstrained build operations Thread 33" [_thread_blocked, id=12028, stack(0x000000dbe1d00000,0x000000dbe1e00000)]
  0x000002b4f27b0d50 JavaThread "Unconstrained build operations Thread 34" [_thread_blocked, id=20364, stack(0x000000dbe1e00000,0x000000dbe1f00000)]
  0x000002b4f27b16f0 JavaThread "Unconstrained build operations Thread 35" [_thread_blocked, id=23372, stack(0x000000dbe1f00000,0x000000dbe2000000)]
  0x000002b4f27afa10 JavaThread "Unconstrained build operations Thread 36" [_thread_blocked, id=26232, stack(0x000000dbe2000000,0x000000dbe2100000)]
  0x000002b4f27afee0 JavaThread "Unconstrained build operations Thread 37" [_thread_blocked, id=27828, stack(0x000000dbe2100000,0x000000dbe2200000)]
  0x000002b4f27b1bc0 JavaThread "Unconstrained build operations Thread 38" [_thread_blocked, id=4172, stack(0x000000dbe2200000,0x000000dbe2300000)]
  0x000002b4f27b03b0 JavaThread "Unconstrained build operations Thread 39" [_thread_blocked, id=21368, stack(0x000000dbe2300000,0x000000dbe2400000)]
  0x000002b4f27ac9f0 JavaThread "Unconstrained build operations Thread 40" [_thread_blocked, id=18172, stack(0x000000dbe2400000,0x000000dbe2500000)]
  0x000002b4f27b3d70 JavaThread "Unconstrained build operations Thread 41" [_thread_blocked, id=13204, stack(0x000000dbe2500000,0x000000dbe2600000)]
  0x000002b4f27add30 JavaThread "Unconstrained build operations Thread 42" [_thread_blocked, id=23824, stack(0x000000dbe2600000,0x000000dbe2700000)]
  0x000002b4f27b2090 JavaThread "Unconstrained build operations Thread 43" [_thread_blocked, id=1588, stack(0x000000dbe2700000,0x000000dbe2800000)]
  0x000002b4f27ae6d0 JavaThread "Unconstrained build operations Thread 44" [_thread_blocked, id=26544, stack(0x000000dbe2800000,0x000000dbe2900000)]
  0x000002b4f27acec0 JavaThread "Unconstrained build operations Thread 45" [_thread_blocked, id=23412, stack(0x000000dbe2900000,0x000000dbe2a00000)]
  0x000002b4f27b2560 JavaThread "Unconstrained build operations Thread 46" [_thread_blocked, id=23860, stack(0x000000dbe2a00000,0x000000dbe2b00000)]
  0x000002b4f27ae200 JavaThread "Unconstrained build operations Thread 47" [_thread_blocked, id=2292, stack(0x000000dbe2b00000,0x000000dbe2c00000)]
  0x000002b4f27b1220 JavaThread "Unconstrained build operations Thread 48" [_thread_blocked, id=7624, stack(0x000000dbe2c00000,0x000000dbe2d00000)]
  0x000002b4f27b2a30 JavaThread "Unconstrained build operations Thread 49" [_thread_blocked, id=25124, stack(0x000000dbe2d00000,0x000000dbe2e00000)]
  0x000002b4f27ad860 JavaThread "Unconstrained build operations Thread 50" [_thread_blocked, id=18608, stack(0x000000dbe2e00000,0x000000dbe2f00000)]
  0x000002b4f27b33d0 JavaThread "Unconstrained build operations Thread 51" [_thread_blocked, id=5236, stack(0x000000dbe2f00000,0x000000dbe3000000)]
  0x000002b4f27aeba0 JavaThread "Unconstrained build operations Thread 52" [_thread_blocked, id=4912, stack(0x000000dbe3000000,0x000000dbe3100000)]
  0x000002b4f27af070 JavaThread "Unconstrained build operations Thread 53" [_thread_blocked, id=25148, stack(0x000000dbe3100000,0x000000dbe3200000)]
  0x000002b4f27b4240 JavaThread "Unconstrained build operations Thread 54" [_thread_blocked, id=15096, stack(0x000000dbe3200000,0x000000dbe3300000)]
  0x000002b4f27af540 JavaThread "Unconstrained build operations Thread 55" [_thread_blocked, id=23656, stack(0x000000dbe3300000,0x000000dbe3400000)]
  0x000002b4f27ad390 JavaThread "Unconstrained build operations Thread 56" [_thread_blocked, id=23044, stack(0x000000dbe3400000,0x000000dbe3500000)]
  0x000002b4f27b0880 JavaThread "Unconstrained build operations Thread 57" [_thread_blocked, id=24328, stack(0x000000dbe3500000,0x000000dbe3600000)]
  0x000002b4f27b2f00 JavaThread "Unconstrained build operations Thread 58" [_thread_blocked, id=21696, stack(0x000000dbe3600000,0x000000dbe3700000)]
  0x000002b4f102b5e0 JavaThread "Unconstrained build operations Thread 59" [_thread_blocked, id=22548, stack(0x000000dbe0400000,0x000000dbe0500000)]
  0x000002b4f102c450 JavaThread "Unconstrained build operations Thread 60" [_thread_blocked, id=17520, stack(0x000000dbe3700000,0x000000dbe3800000)]
  0x000002b4f102bab0 JavaThread "Unconstrained build operations Thread 61" [_thread_blocked, id=14652, stack(0x000000dbe3800000,0x000000dbe3900000)]
  0x000002b4f102c920 JavaThread "Unconstrained build operations Thread 62" [_thread_blocked, id=12952, stack(0x000000dbe3900000,0x000000dbe3a00000)]
  0x000002b4f102dc60 JavaThread "Unconstrained build operations Thread 63" [_thread_blocked, id=12160, stack(0x000000dbe3a00000,0x000000dbe3b00000)]
  0x000002b4f102cdf0 JavaThread "Unconstrained build operations Thread 64" [_thread_blocked, id=11092, stack(0x000000dbe3b00000,0x000000dbe3c00000)]
  0x000002b4f102bf80 JavaThread "Unconstrained build operations Thread 65" [_thread_blocked, id=17652, stack(0x000000dbe3c00000,0x000000dbe3d00000)]
  0x000002b4f102f940 JavaThread "Unconstrained build operations Thread 66" [_thread_blocked, id=12912, stack(0x000000dbe3d00000,0x000000dbe3e00000)]
  0x000002b4f102d2c0 JavaThread "Unconstrained build operations Thread 67" [_thread_blocked, id=17164, stack(0x000000dbe3e00000,0x000000dbe3f00000)]
  0x000002b4f102d790 JavaThread "Unconstrained build operations Thread 68" [_thread_blocked, id=12956, stack(0x000000dbe3f00000,0x000000dbe4000000)]
  0x000002b4f10302e0 JavaThread "Unconstrained build operations Thread 69" [_thread_blocked, id=5724, stack(0x000000dbe4000000,0x000000dbe4100000)]
  0x000002b4f102e130 JavaThread "Unconstrained build operations Thread 70" [_thread_blocked, id=18876, stack(0x000000dbe4100000,0x000000dbe4200000)]
  0x000002b4f102e600 JavaThread "Unconstrained build operations Thread 71" [_thread_blocked, id=26456, stack(0x000000dbe4200000,0x000000dbe4300000)]
  0x000002b4f1028a90 JavaThread "Unconstrained build operations Thread 72" [_thread_blocked, id=21044, stack(0x000000dbe4300000,0x000000dbe4400000)]
  0x000002b4f102b110 JavaThread "Unconstrained build operations Thread 73" [_thread_blocked, id=28624, stack(0x000000dbe4400000,0x000000dbe4500000)]
  0x000002b4f102ead0 JavaThread "Unconstrained build operations Thread 74" [_thread_blocked, id=26308, stack(0x000000dbe4500000,0x000000dbe4600000)]
  0x000002b4f102fe10 JavaThread "Unconstrained build operations Thread 75" [_thread_blocked, id=25292, stack(0x000000dbe4600000,0x000000dbe4700000)]
  0x000002b4f102efa0 JavaThread "Unconstrained build operations Thread 76" [_thread_blocked, id=10616, stack(0x000000dbe4700000,0x000000dbe4800000)]
  0x000002b4f102f470 JavaThread "Unconstrained build operations Thread 77" [_thread_blocked, id=18864, stack(0x000000dbe4800000,0x000000dbe4900000)]
  0x000002b4f1028f60 JavaThread "Unconstrained build operations Thread 78" [_thread_blocked, id=22664, stack(0x000000dbe4900000,0x000000dbe4a00000)]
  0x000002b4f316a3f0 JavaThread "C2 CompilerThread1" daemon [_thread_in_native, id=27780, stack(0x000000dbe4a00000,0x000000dbe4b00000)]
  0x000002b4f1029430 JavaThread "Unconstrained build operations Thread 79" [_thread_blocked, id=860, stack(0x000000dbe4b00000,0x000000dbe4c00000)]
  0x000002b4f1029900 JavaThread "Unconstrained build operations Thread 80" [_thread_blocked, id=15744, stack(0x000000dbe4c00000,0x000000dbe4d00000)]

Other Threads:
  0x000002b4f00a3780 VMThread "VM Thread" [stack: 0x000000dbdbc00000,0x000000dbdbd00000] [id=20708]
  0x000002b4f0d76bc0 WatcherThread [stack: 0x000000dbdc800000,0x000000dbdc900000] [id=6428]
  0x000002b4d5838480 GCTaskThread "GC Thread#0" [stack: 0x000000dbdb700000,0x000000dbdb800000] [id=9232]
  0x000002b4f12e9960 GCTaskThread "GC Thread#1" [stack: 0x000000dbdcb00000,0x000000dbdcc00000] [id=26104]
  0x000002b4f1ddef80 GCTaskThread "GC Thread#2" [stack: 0x000000dbdcc00000,0x000000dbdcd00000] [id=2064]
  0x000002b4f1757250 GCTaskThread "GC Thread#3" [stack: 0x000000dbdcd00000,0x000000dbdce00000] [id=2812]
  0x000002b4f1b2f040 GCTaskThread "GC Thread#4" [stack: 0x000000dbdce00000,0x000000dbdcf00000] [id=23072]
  0x000002b4f0f11eb0 GCTaskThread "GC Thread#5" [stack: 0x000000dbdcf00000,0x000000dbdd000000] [id=17124]
  0x000002b4f2513d80 GCTaskThread "GC Thread#6" [stack: 0x000000dbddf00000,0x000000dbde000000] [id=20404]
  0x000002b4f2514af0 GCTaskThread "GC Thread#7" [stack: 0x000000dbde000000,0x000000dbde100000] [id=20344]
  0x000002b4d583d2c0 ConcurrentGCThread "G1 Main Marker" [stack: 0x000000dbdb800000,0x000000dbdb900000] [id=25708]
  0x000002b4d583dbd0 ConcurrentGCThread "G1 Conc#0" [stack: 0x000000dbdb900000,0x000000dbdba00000] [id=26216]
  0x000002b4f2513570 ConcurrentGCThread "G1 Conc#1" [stack: 0x000000dbde100000,0x000000dbde200000] [id=11052]
  0x000002b4eff684f0 ConcurrentGCThread "G1 Refine#0" [stack: 0x000000dbdba00000,0x000000dbdbb00000] [id=25948]
  0x000002b4f5ce49b0 ConcurrentGCThread "G1 Refine#1" [stack: 0x000000dbdb300000,0x000000dbdb400000] [id=25132]
  0x000002b4eff68e10 ConcurrentGCThread "G1 Service" [stack: 0x000000dbdbb00000,0x000000dbdbc00000] [id=26168]

Threads with active compile tasks:
C2 CompilerThread0    38698 8305       4       sun.invoke.util.BytecodeDescriptor::unparseSig (49 bytes)
C1 CompilerThread0    38698 8324  s!   3       org.gradle.internal.concurrent.CompositeStoppable::stop (123 bytes)
C2 CompilerThread1    38698 8310       4       java.lang.reflect.AccessibleObject::checkCanSetAccessible (368 bytes)

VM state: not at safepoint (normal execution)

VM Mutex/Monitor currently owned by a thread: None

Heap address: 0x00000000e0000000, size: 512 MB, Compressed Oops mode: 32-bit

CDS archive(s) mapped at: [0x0000000800000000-0x0000000800bc0000-0x0000000800bc0000), size 12320768, SharedBaseAddress: 0x0000000800000000, ArchiveRelocationMode: 0.
Compressed class space mapped at: 0x0000000800c00000-0x0000000814000000, reserved size: 322961408
Narrow klass base: 0x0000000800000000, Narrow klass shift: 0, Narrow klass range: 0x100000000

GC Precious Log:
 CPUs: 8 total, 8 available
 Memory: 16029M
 Large Page Support: Disabled
 NUMA Support: Disabled
 Compressed Oops: Enabled (32-bit)
 Heap Region Size: 1M
 Heap Min Capacity: 256M
 Heap Initial Capacity: 256M
 Heap Max Capacity: 512M
 Pre-touch: Disabled
 Parallel Workers: 8
 Concurrent Workers: 2
 Concurrent Refinement Workers: 8
 Periodic GC: Disabled

Heap:
 garbage-first heap   total 262144K, used 138331K [0x00000000e0000000, 0x0000000100000000)
  region size 1024K, 108 young (110592K), 10 survivors (10240K)
 Metaspace       used 53338K, committed 53888K, reserved 364544K
  class space    used 7540K, committed 7808K, reserved 315392K

Heap Regions: E=young(eden), S=young(survivor), O=old, HS=humongous(starts), HC=humongous(continues), CS=collection set, F=free, OA=open archive, CA=closed archive, TAMS=top-at-mark-start (previous, next)
|   0|0x00000000e0000000, 0x00000000e0100000, 0x00000000e0100000|100%|HS|  |TAMS 0x00000000e0100000, 0x00000000e0000000| Complete 
|   1|0x00000000e0100000, 0x00000000e0200000, 0x00000000e0200000|100%|HC|  |TAMS 0x00000000e0200000, 0x00000000e0100000| Complete 
|   2|0x00000000e0200000, 0x00000000e0300000, 0x00000000e0300000|100%|HC|  |TAMS 0x00000000e0300000, 0x00000000e0200000| Complete 
|   3|0x00000000e0300000, 0x00000000e0400000, 0x00000000e0400000|100%|HC|  |TAMS 0x00000000e0400000, 0x00000000e0300000| Complete 
|   4|0x00000000e0400000, 0x00000000e0400000, 0x00000000e0500000|  0%| F|  |TAMS 0x00000000e0400000, 0x00000000e0400000| Untracked 
|   5|0x00000000e0500000, 0x00000000e0600000, 0x00000000e0600000|100%| O|  |TAMS 0x00000000e0600000, 0x00000000e0500000| Untracked 
|   6|0x00000000e0600000, 0x00000000e0700000, 0x00000000e0700000|100%| O|  |TAMS 0x00000000e0700000, 0x00000000e0600000| Untracked 
|   7|0x00000000e0700000, 0x00000000e0800000, 0x00000000e0800000|100%| O|  |TAMS 0x00000000e0800000, 0x00000000e0700000| Untracked 
|   8|0x00000000e0800000, 0x00000000e0900000, 0x00000000e0900000|100%| O|  |TAMS 0x00000000e0900000, 0x00000000e0800000| Untracked 
|   9|0x00000000e0900000, 0x00000000e0a00000, 0x00000000e0a00000|100%| O|  |TAMS 0x00000000e0a00000, 0x00000000e0900000| Untracked 
|  10|0x00000000e0a00000, 0x00000000e0b00000, 0x00000000e0b00000|100%| O|  |TAMS 0x00000000e0b00000, 0x00000000e0a00000| Untracked 
|  11|0x00000000e0b00000, 0x00000000e0c00000, 0x00000000e0c00000|100%| O|  |TAMS 0x00000000e0c00000, 0x00000000e0b00000| Untracked 
|  12|0x00000000e0c00000, 0x00000000e0d00000, 0x00000000e0d00000|100%| O|  |TAMS 0x00000000e0d00000, 0x00000000e0c00000| Untracked 
|  13|0x00000000e0d00000, 0x00000000e0e00000, 0x00000000e0e00000|100%| O|  |TAMS 0x00000000e0e00000, 0x00000000e0d00000| Untracked 
|  14|0x00000000e0e00000, 0x00000000e0f00000, 0x00000000e0f00000|100%| O|  |TAMS 0x00000000e0f00000, 0x00000000e0e00000| Untracked 
|  15|0x00000000e0f00000, 0x00000000e1000000, 0x00000000e1000000|100%| O|  |TAMS 0x00000000e1000000, 0x00000000e0f00000| Untracked 
|  16|0x00000000e1000000, 0x00000000e1100000, 0x00000000e1100000|100%| O|  |TAMS 0x00000000e1100000, 0x00000000e1000000| Untracked 
|  17|0x00000000e1100000, 0x00000000e1200000, 0x00000000e1200000|100%| O|  |TAMS 0x00000000e1200000, 0x00000000e1100000| Untracked 
|  18|0x00000000e1200000, 0x00000000e1300000, 0x00000000e1300000|100%| O|  |TAMS 0x00000000e1300000, 0x00000000e1200000| Untracked 
|  19|0x00000000e1300000, 0x00000000e1400000, 0x00000000e1400000|100%| O|  |TAMS 0x00000000e1400000, 0x00000000e1300000| Untracked 
|  20|0x00000000e1400000, 0x00000000e1500000, 0x00000000e1500000|100%| O|  |TAMS 0x00000000e1500000, 0x00000000e1400000| Untracked 
|  21|0x00000000e1500000, 0x00000000e1600000, 0x00000000e1600000|100%| O|  |TAMS 0x00000000e1600000, 0x00000000e1500000| Untracked 
|  22|0x00000000e1600000, 0x00000000e1700000, 0x00000000e1700000|100%| O|  |TAMS 0x00000000e1700000, 0x00000000e1600000| Untracked 
|  23|0x00000000e1700000, 0x00000000e1800000, 0x00000000e1800000|100%| O|  |TAMS 0x00000000e1800000, 0x00000000e1700000| Untracked 
|  24|0x00000000e1800000, 0x00000000e1900000, 0x00000000e1900000|100%| O|  |TAMS 0x00000000e1900000, 0x00000000e1800000| Untracked 
|  25|0x00000000e1900000, 0x00000000e1a00000, 0x00000000e1a00000|100%| O|  |TAMS 0x00000000e1a00000, 0x00000000e1900000| Untracked 
|  26|0x00000000e1a00000, 0x00000000e1b00000, 0x00000000e1b00000|100%| O|  |TAMS 0x00000000e1b00000, 0x00000000e1a00000| Untracked 
|  27|0x00000000e1b00000, 0x00000000e1c00000, 0x00000000e1c00000|100%| O|  |TAMS 0x00000000e1c00000, 0x00000000e1b00000| Untracked 
|  28|0x00000000e1c00000, 0x00000000e1d00000, 0x00000000e1d00000|100%| O|  |TAMS 0x00000000e1d00000, 0x00000000e1c00000| Untracked 
|  29|0x00000000e1d00000, 0x00000000e1e00000, 0x00000000e1e00000|100%| O|  |TAMS 0x00000000e1e00000, 0x00000000e1d00000| Untracked 
|  30|0x00000000e1e00000, 0x00000000e1eb2800, 0x00000000e1f00000| 69%| O|  |TAMS 0x00000000e1eb2800, 0x00000000e1e00000| Untracked 
|  31|0x00000000e1f00000, 0x00000000e1f00000, 0x00000000e2000000|  0%| F|  |TAMS 0x00000000e1f00000, 0x00000000e1f00000| Untracked 
|  32|0x00000000e2000000, 0x00000000e2000000, 0x00000000e2100000|  0%| F|  |TAMS 0x00000000e2000000, 0x00000000e2000000| Untracked 
|  33|0x00000000e2100000, 0x00000000e2100000, 0x00000000e2200000|  0%| F|  |TAMS 0x00000000e2100000, 0x00000000e2100000| Untracked 
|  34|0x00000000e2200000, 0x00000000e2200000, 0x00000000e2300000|  0%| F|  |TAMS 0x00000000e2200000, 0x00000000e2200000| Untracked 
|  35|0x00000000e2300000, 0x00000000e2300000, 0x00000000e2400000|  0%| F|  |TAMS 0x00000000e2300000, 0x00000000e2300000| Untracked 
|  36|0x00000000e2400000, 0x00000000e2400000, 0x00000000e2500000|  0%| F|  |TAMS 0x00000000e2400000, 0x00000000e2400000| Untracked 
|  37|0x00000000e2500000, 0x00000000e2500000, 0x00000000e2600000|  0%| F|  |TAMS 0x00000000e2500000, 0x00000000e2500000| Untracked 
|  38|0x00000000e2600000, 0x00000000e2600000, 0x00000000e2700000|  0%| F|  |TAMS 0x00000000e2600000, 0x00000000e2600000| Untracked 
|  39|0x00000000e2700000, 0x00000000e2700000, 0x00000000e2800000|  0%| F|  |TAMS 0x00000000e2700000, 0x00000000e2700000| Untracked 
|  40|0x00000000e2800000, 0x00000000e2800000, 0x00000000e2900000|  0%| F|  |TAMS 0x00000000e2800000, 0x00000000e2800000| Untracked 
|  41|0x00000000e2900000, 0x00000000e2900000, 0x00000000e2a00000|  0%| F|  |TAMS 0x00000000e2900000, 0x00000000e2900000| Untracked 
|  42|0x00000000e2a00000, 0x00000000e2a00000, 0x00000000e2b00000|  0%| F|  |TAMS 0x00000000e2a00000, 0x00000000e2a00000| Untracked 
|  43|0x00000000e2b00000, 0x00000000e2b00000, 0x00000000e2c00000|  0%| F|  |TAMS 0x00000000e2b00000, 0x00000000e2b00000| Untracked 
|  44|0x00000000e2c00000, 0x00000000e2c00000, 0x00000000e2d00000|  0%| F|  |TAMS 0x00000000e2c00000, 0x00000000e2c00000| Untracked 
|  45|0x00000000e2d00000, 0x00000000e2d00000, 0x00000000e2e00000|  0%| F|  |TAMS 0x00000000e2d00000, 0x00000000e2d00000| Untracked 
|  46|0x00000000e2e00000, 0x00000000e2e00000, 0x00000000e2f00000|  0%| F|  |TAMS 0x00000000e2e00000, 0x00000000e2e00000| Untracked 
|  47|0x00000000e2f00000, 0x00000000e2f00000, 0x00000000e3000000|  0%| F|  |TAMS 0x00000000e2f00000, 0x00000000e2f00000| Untracked 
|  48|0x00000000e3000000, 0x00000000e3000000, 0x00000000e3100000|  0%| F|  |TAMS 0x00000000e3000000, 0x00000000e3000000| Untracked 
|  49|0x00000000e3100000, 0x00000000e3100000, 0x00000000e3200000|  0%| F|  |TAMS 0x00000000e3100000, 0x00000000e3100000| Untracked 
|  50|0x00000000e3200000, 0x00000000e3200000, 0x00000000e3300000|  0%| F|  |TAMS 0x00000000e3200000, 0x00000000e3200000| Untracked 
|  51|0x00000000e3300000, 0x00000000e3300000, 0x00000000e3400000|  0%| F|  |TAMS 0x00000000e3300000, 0x00000000e3300000| Untracked 
|  52|0x00000000e3400000, 0x00000000e3400000, 0x00000000e3500000|  0%| F|  |TAMS 0x00000000e3400000, 0x00000000e3400000| Untracked 
|  53|0x00000000e3500000, 0x00000000e3500000, 0x00000000e3600000|  0%| F|  |TAMS 0x00000000e3500000, 0x00000000e3500000| Untracked 
|  54|0x00000000e3600000, 0x00000000e3600000, 0x00000000e3700000|  0%| F|  |TAMS 0x00000000e3600000, 0x00000000e3600000| Untracked 
|  55|0x00000000e3700000, 0x00000000e3700000, 0x00000000e3800000|  0%| F|  |TAMS 0x00000000e3700000, 0x00000000e3700000| Untracked 
|  56|0x00000000e3800000, 0x00000000e3800000, 0x00000000e3900000|  0%| F|  |TAMS 0x00000000e3800000, 0x00000000e3800000| Untracked 
|  57|0x00000000e3900000, 0x00000000e3900000, 0x00000000e3a00000|  0%| F|  |TAMS 0x00000000e3900000, 0x00000000e3900000| Untracked 
|  58|0x00000000e3a00000, 0x00000000e3a00000, 0x00000000e3b00000|  0%| F|  |TAMS 0x00000000e3a00000, 0x00000000e3a00000| Untracked 
|  59|0x00000000e3b00000, 0x00000000e3b00000, 0x00000000e3c00000|  0%| F|  |TAMS 0x00000000e3b00000, 0x00000000e3b00000| Untracked 
|  60|0x00000000e3c00000, 0x00000000e3c00000, 0x00000000e3d00000|  0%| F|  |TAMS 0x00000000e3c00000, 0x00000000e3c00000| Untracked 
|  61|0x00000000e3d00000, 0x00000000e3d00000, 0x00000000e3e00000|  0%| F|  |TAMS 0x00000000e3d00000, 0x00000000e3d00000| Untracked 
|  62|0x00000000e3e00000, 0x00000000e3e00000, 0x00000000e3f00000|  0%| F|  |TAMS 0x00000000e3e00000, 0x00000000e3e00000| Untracked 
|  63|0x00000000e3f00000, 0x00000000e3f00000, 0x00000000e4000000|  0%| F|  |TAMS 0x00000000e3f00000, 0x00000000e3f00000| Untracked 
|  64|0x00000000e4000000, 0x00000000e4000000, 0x00000000e4100000|  0%| F|  |TAMS 0x00000000e4000000, 0x00000000e4000000| Untracked 
|  65|0x00000000e4100000, 0x00000000e4100000, 0x00000000e4200000|  0%| F|  |TAMS 0x00000000e4100000, 0x00000000e4100000| Untracked 
|  66|0x00000000e4200000, 0x00000000e4200000, 0x00000000e4300000|  0%| F|  |TAMS 0x00000000e4200000, 0x00000000e4200000| Untracked 
|  67|0x00000000e4300000, 0x00000000e4300000, 0x00000000e4400000|  0%| F|  |TAMS 0x00000000e4300000, 0x00000000e4300000| Untracked 
|  68|0x00000000e4400000, 0x00000000e4400000, 0x00000000e4500000|  0%| F|  |TAMS 0x00000000e4400000, 0x00000000e4400000| Untracked 
|  69|0x00000000e4500000, 0x00000000e4500000, 0x00000000e4600000|  0%| F|  |TAMS 0x00000000e4500000, 0x00000000e4500000| Untracked 
|  70|0x00000000e4600000, 0x00000000e4600000, 0x00000000e4700000|  0%| F|  |TAMS 0x00000000e4600000, 0x00000000e4600000| Untracked 
|  71|0x00000000e4700000, 0x00000000e4700000, 0x00000000e4800000|  0%| F|  |TAMS 0x00000000e4700000, 0x00000000e4700000| Untracked 
|  72|0x00000000e4800000, 0x00000000e4800000, 0x00000000e4900000|  0%| F|  |TAMS 0x00000000e4800000, 0x00000000e4800000| Untracked 
|  73|0x00000000e4900000, 0x00000000e4900000, 0x00000000e4a00000|  0%| F|  |TAMS 0x00000000e4900000, 0x00000000e4900000| Untracked 
|  74|0x00000000e4a00000, 0x00000000e4a00000, 0x00000000e4b00000|  0%| F|  |TAMS 0x00000000e4a00000, 0x00000000e4a00000| Untracked 
|  75|0x00000000e4b00000, 0x00000000e4b00000, 0x00000000e4c00000|  0%| F|  |TAMS 0x00000000e4b00000, 0x00000000e4b00000| Untracked 
|  76|0x00000000e4c00000, 0x00000000e4c00000, 0x00000000e4d00000|  0%| F|  |TAMS 0x00000000e4c00000, 0x00000000e4c00000| Untracked 
|  77|0x00000000e4d00000, 0x00000000e4d00000, 0x00000000e4e00000|  0%| F|  |TAMS 0x00000000e4d00000, 0x00000000e4d00000| Untracked 
|  78|0x00000000e4e00000, 0x00000000e4e00000, 0x00000000e4f00000|  0%| F|  |TAMS 0x00000000e4e00000, 0x00000000e4e00000| Untracked 
|  79|0x00000000e4f00000, 0x00000000e4f00000, 0x00000000e5000000|  0%| F|  |TAMS 0x00000000e4f00000, 0x00000000e4f00000| Untracked 
|  80|0x00000000e5000000, 0x00000000e5000000, 0x00000000e5100000|  0%| F|  |TAMS 0x00000000e5000000, 0x00000000e5000000| Untracked 
|  81|0x00000000e5100000, 0x00000000e5100000, 0x00000000e5200000|  0%| F|  |TAMS 0x00000000e5100000, 0x00000000e5100000| Untracked 
|  82|0x00000000e5200000, 0x00000000e5200000, 0x00000000e5300000|  0%| F|  |TAMS 0x00000000e5200000, 0x00000000e5200000| Untracked 
|  83|0x00000000e5300000, 0x00000000e5300000, 0x00000000e5400000|  0%| F|  |TAMS 0x00000000e5300000, 0x00000000e5300000| Untracked 
|  84|0x00000000e5400000, 0x00000000e5400000, 0x00000000e5500000|  0%| F|  |TAMS 0x00000000e5400000, 0x00000000e5400000| Untracked 
|  85|0x00000000e5500000, 0x00000000e5500000, 0x00000000e5600000|  0%| F|  |TAMS 0x00000000e5500000, 0x00000000e5500000| Untracked 
|  86|0x00000000e5600000, 0x00000000e5600000, 0x00000000e5700000|  0%| F|  |TAMS 0x00000000e5600000, 0x00000000e5600000| Untracked 
|  87|0x00000000e5700000, 0x00000000e5700000, 0x00000000e5800000|  0%| F|  |TAMS 0x00000000e5700000, 0x00000000e5700000| Untracked 
|  88|0x00000000e5800000, 0x00000000e5800000, 0x00000000e5900000|  0%| F|  |TAMS 0x00000000e5800000, 0x00000000e5800000| Untracked 
|  89|0x00000000e5900000, 0x00000000e5900000, 0x00000000e5a00000|  0%| F|  |TAMS 0x00000000e5900000, 0x00000000e5900000| Untracked 
|  90|0x00000000e5a00000, 0x00000000e5a00000, 0x00000000e5b00000|  0%| F|  |TAMS 0x00000000e5a00000, 0x00000000e5a00000| Untracked 
|  91|0x00000000e5b00000, 0x00000000e5b00000, 0x00000000e5c00000|  0%| F|  |TAMS 0x00000000e5b00000, 0x00000000e5b00000| Untracked 
|  92|0x00000000e5c00000, 0x00000000e5c00000, 0x00000000e5d00000|  0%| F|  |TAMS 0x00000000e5c00000, 0x00000000e5c00000| Untracked 
|  93|0x00000000e5d00000, 0x00000000e5d647d0, 0x00000000e5e00000| 39%| S|CS|TAMS 0x00000000e5d00000, 0x00000000e5d00000| Complete 
|  94|0x00000000e5e00000, 0x00000000e5f00000, 0x00000000e5f00000|100%| S|CS|TAMS 0x00000000e5e00000, 0x00000000e5e00000| Complete 
|  95|0x00000000e5f00000, 0x00000000e6000000, 0x00000000e6000000|100%| S|CS|TAMS 0x00000000e5f00000, 0x00000000e5f00000| Complete 
|  96|0x00000000e6000000, 0x00000000e6100000, 0x00000000e6100000|100%| S|CS|TAMS 0x00000000e6000000, 0x00000000e6000000| Complete 
|  97|0x00000000e6100000, 0x00000000e6200000, 0x00000000e6200000|100%| S|CS|TAMS 0x00000000e6100000, 0x00000000e6100000| Complete 
|  98|0x00000000e6200000, 0x00000000e6300000, 0x00000000e6300000|100%| S|CS|TAMS 0x00000000e6200000, 0x00000000e6200000| Complete 
|  99|0x00000000e6300000, 0x00000000e6400000, 0x00000000e6400000|100%| S|CS|TAMS 0x00000000e6300000, 0x00000000e6300000| Complete 
| 100|0x00000000e6400000, 0x00000000e6500000, 0x00000000e6500000|100%| S|CS|TAMS 0x00000000e6400000, 0x00000000e6400000| Complete 
| 101|0x00000000e6500000, 0x00000000e6600000, 0x00000000e6600000|100%| S|CS|TAMS 0x00000000e6500000, 0x00000000e6500000| Complete 
| 102|0x00000000e6600000, 0x00000000e6700000, 0x00000000e6700000|100%| S|CS|TAMS 0x00000000e6600000, 0x00000000e6600000| Complete 
| 103|0x00000000e6700000, 0x00000000e6700000, 0x00000000e6800000|  0%| F|  |TAMS 0x00000000e6700000, 0x00000000e6700000| Untracked 
| 104|0x00000000e6800000, 0x00000000e6800000, 0x00000000e6900000|  0%| F|  |TAMS 0x00000000e6800000, 0x00000000e6800000| Untracked 
| 105|0x00000000e6900000, 0x00000000e6900000, 0x00000000e6a00000|  0%| F|  |TAMS 0x00000000e6900000, 0x00000000e6900000| Untracked 
| 106|0x00000000e6a00000, 0x00000000e6a00000, 0x00000000e6b00000|  0%| F|  |TAMS 0x00000000e6a00000, 0x00000000e6a00000| Untracked 
| 107|0x00000000e6b00000, 0x00000000e6b00000, 0x00000000e6c00000|  0%| F|  |TAMS 0x00000000e6b00000, 0x00000000e6b00000| Untracked 
| 108|0x00000000e6c00000, 0x00000000e6c00000, 0x00000000e6d00000|  0%| F|  |TAMS 0x00000000e6c00000, 0x00000000e6c00000| Untracked 
| 109|0x00000000e6d00000, 0x00000000e6d00000, 0x00000000e6e00000|  0%| F|  |TAMS 0x00000000e6d00000, 0x00000000e6d00000| Untracked 
| 110|0x00000000e6e00000, 0x00000000e6e00000, 0x00000000e6f00000|  0%| F|  |TAMS 0x00000000e6e00000, 0x00000000e6e00000| Untracked 
| 111|0x00000000e6f00000, 0x00000000e6f00000, 0x00000000e7000000|  0%| F|  |TAMS 0x00000000e6f00000, 0x00000000e6f00000| Untracked 
| 112|0x00000000e7000000, 0x00000000e7000000, 0x00000000e7100000|  0%| F|  |TAMS 0x00000000e7000000, 0x00000000e7000000| Untracked 
| 113|0x00000000e7100000, 0x00000000e7100000, 0x00000000e7200000|  0%| F|  |TAMS 0x00000000e7100000, 0x00000000e7100000| Untracked 
| 114|0x00000000e7200000, 0x00000000e7200000, 0x00000000e7300000|  0%| F|  |TAMS 0x00000000e7200000, 0x00000000e7200000| Untracked 
| 115|0x00000000e7300000, 0x00000000e7300000, 0x00000000e7400000|  0%| F|  |TAMS 0x00000000e7300000, 0x00000000e7300000| Untracked 
| 116|0x00000000e7400000, 0x00000000e7400000, 0x00000000e7500000|  0%| F|  |TAMS 0x00000000e7400000, 0x00000000e7400000| Untracked 
| 117|0x00000000e7500000, 0x00000000e7500000, 0x00000000e7600000|  0%| F|  |TAMS 0x00000000e7500000, 0x00000000e7500000| Untracked 
| 118|0x00000000e7600000, 0x00000000e7600000, 0x00000000e7700000|  0%| F|  |TAMS 0x00000000e7600000, 0x00000000e7600000| Untracked 
| 119|0x00000000e7700000, 0x00000000e7700000, 0x00000000e7800000|  0%| F|  |TAMS 0x00000000e7700000, 0x00000000e7700000| Untracked 
| 120|0x00000000e7800000, 0x00000000e7800000, 0x00000000e7900000|  0%| F|  |TAMS 0x00000000e7800000, 0x00000000e7800000| Untracked 
| 121|0x00000000e7900000, 0x00000000e7900000, 0x00000000e7a00000|  0%| F|  |TAMS 0x00000000e7900000, 0x00000000e7900000| Untracked 
| 122|0x00000000e7a00000, 0x00000000e7a00000, 0x00000000e7b00000|  0%| F|  |TAMS 0x00000000e7a00000, 0x00000000e7a00000| Untracked 
| 123|0x00000000e7b00000, 0x00000000e7b00000, 0x00000000e7c00000|  0%| F|  |TAMS 0x00000000e7b00000, 0x00000000e7b00000| Untracked 
| 124|0x00000000e7c00000, 0x00000000e7c00000, 0x00000000e7d00000|  0%| F|  |TAMS 0x00000000e7c00000, 0x00000000e7c00000| Untracked 
| 125|0x00000000e7d00000, 0x00000000e7d00000, 0x00000000e7e00000|  0%| F|  |TAMS 0x00000000e7d00000, 0x00000000e7d00000| Untracked 
| 126|0x00000000e7e00000, 0x00000000e7e00000, 0x00000000e7f00000|  0%| F|  |TAMS 0x00000000e7e00000, 0x00000000e7e00000| Untracked 
| 127|0x00000000e7f00000, 0x00000000e7f00000, 0x00000000e8000000|  0%| F|  |TAMS 0x00000000e7f00000, 0x00000000e7f00000| Untracked 
| 128|0x00000000e8000000, 0x00000000e8000000, 0x00000000e8100000|  0%| F|  |TAMS 0x00000000e8000000, 0x00000000e8000000| Untracked 
| 129|0x00000000e8100000, 0x00000000e8100000, 0x00000000e8200000|  0%| F|  |TAMS 0x00000000e8100000, 0x00000000e8100000| Untracked 
| 130|0x00000000e8200000, 0x00000000e8200000, 0x00000000e8300000|  0%| F|  |TAMS 0x00000000e8200000, 0x00000000e8200000| Untracked 
| 131|0x00000000e8300000, 0x00000000e8300000, 0x00000000e8400000|  0%| F|  |TAMS 0x00000000e8300000, 0x00000000e8300000| Untracked 
| 132|0x00000000e8400000, 0x00000000e8400000, 0x00000000e8500000|  0%| F|  |TAMS 0x00000000e8400000, 0x00000000e8400000| Untracked 
| 133|0x00000000e8500000, 0x00000000e8500000, 0x00000000e8600000|  0%| F|  |TAMS 0x00000000e8500000, 0x00000000e8500000| Untracked 
| 134|0x00000000e8600000, 0x00000000e8600000, 0x00000000e8700000|  0%| F|  |TAMS 0x00000000e8600000, 0x00000000e8600000| Untracked 
| 135|0x00000000e8700000, 0x00000000e8700000, 0x00000000e8800000|  0%| F|  |TAMS 0x00000000e8700000, 0x00000000e8700000| Untracked 
| 136|0x00000000e8800000, 0x00000000e8800000, 0x00000000e8900000|  0%| F|  |TAMS 0x00000000e8800000, 0x00000000e8800000| Untracked 
| 137|0x00000000e8900000, 0x00000000e8900000, 0x00000000e8a00000|  0%| F|  |TAMS 0x00000000e8900000, 0x00000000e8900000| Untracked 
| 138|0x00000000e8a00000, 0x00000000e8a00000, 0x00000000e8b00000|  0%| F|  |TAMS 0x00000000e8a00000, 0x00000000e8a00000| Untracked 
| 139|0x00000000e8b00000, 0x00000000e8b00000, 0x00000000e8c00000|  0%| F|  |TAMS 0x00000000e8b00000, 0x00000000e8b00000| Untracked 
| 140|0x00000000e8c00000, 0x00000000e8c00000, 0x00000000e8d00000|  0%| F|  |TAMS 0x00000000e8c00000, 0x00000000e8c00000| Untracked 
| 141|0x00000000e8d00000, 0x00000000e8d00000, 0x00000000e8e00000|  0%| F|  |TAMS 0x00000000e8d00000, 0x00000000e8d00000| Untracked 
| 142|0x00000000e8e00000, 0x00000000e8e00000, 0x00000000e8f00000|  0%| F|  |TAMS 0x00000000e8e00000, 0x00000000e8e00000| Untracked 
| 143|0x00000000e8f00000, 0x00000000e8f00000, 0x00000000e9000000|  0%| F|  |TAMS 0x00000000e8f00000, 0x00000000e8f00000| Untracked 
| 144|0x00000000e9000000, 0x00000000e9000000, 0x00000000e9100000|  0%| F|  |TAMS 0x00000000e9000000, 0x00000000e9000000| Untracked 
| 145|0x00000000e9100000, 0x00000000e9100000, 0x00000000e9200000|  0%| F|  |TAMS 0x00000000e9100000, 0x00000000e9100000| Untracked 
| 146|0x00000000e9200000, 0x00000000e9200000, 0x00000000e9300000|  0%| F|  |TAMS 0x00000000e9200000, 0x00000000e9200000| Untracked 
| 147|0x00000000e9300000, 0x00000000e9300000, 0x00000000e9400000|  0%| F|  |TAMS 0x00000000e9300000, 0x00000000e9300000| Untracked 
| 148|0x00000000e9400000, 0x00000000e9400000, 0x00000000e9500000|  0%| F|  |TAMS 0x00000000e9400000, 0x00000000e9400000| Untracked 
| 149|0x00000000e9500000, 0x00000000e9500000, 0x00000000e9600000|  0%| F|  |TAMS 0x00000000e9500000, 0x00000000e9500000| Untracked 
| 150|0x00000000e9600000, 0x00000000e9600000, 0x00000000e9700000|  0%| F|  |TAMS 0x00000000e9600000, 0x00000000e9600000| Untracked 
| 151|0x00000000e9700000, 0x00000000e9700000, 0x00000000e9800000|  0%| F|  |TAMS 0x00000000e9700000, 0x00000000e9700000| Untracked 
| 152|0x00000000e9800000, 0x00000000e9800000, 0x00000000e9900000|  0%| F|  |TAMS 0x00000000e9800000, 0x00000000e9800000| Untracked 
| 153|0x00000000e9900000, 0x00000000e9900000, 0x00000000e9a00000|  0%| F|  |TAMS 0x00000000e9900000, 0x00000000e9900000| Untracked 
| 154|0x00000000e9a00000, 0x00000000e9a00000, 0x00000000e9b00000|  0%| F|  |TAMS 0x00000000e9a00000, 0x00000000e9a00000| Untracked 
| 155|0x00000000e9b00000, 0x00000000e9b00000, 0x00000000e9c00000|  0%| F|  |TAMS 0x00000000e9b00000, 0x00000000e9b00000| Untracked 
| 156|0x00000000e9c00000, 0x00000000e9c00000, 0x00000000e9d00000|  0%| F|  |TAMS 0x00000000e9c00000, 0x00000000e9c00000| Untracked 
| 157|0x00000000e9d00000, 0x00000000e9d00000, 0x00000000e9e00000|  0%| F|  |TAMS 0x00000000e9d00000, 0x00000000e9d00000| Untracked 
| 158|0x00000000e9e00000, 0x00000000e9eae438, 0x00000000e9f00000| 68%| E|  |TAMS 0x00000000e9e00000, 0x00000000e9e00000| Complete 
| 159|0x00000000e9f00000, 0x00000000ea000000, 0x00000000ea000000|100%| E|CS|TAMS 0x00000000e9f00000, 0x00000000e9f00000| Complete 
| 160|0x00000000ea000000, 0x00000000ea100000, 0x00000000ea100000|100%| E|CS|TAMS 0x00000000ea000000, 0x00000000ea000000| Complete 
| 161|0x00000000ea100000, 0x00000000ea200000, 0x00000000ea200000|100%| E|CS|TAMS 0x00000000ea100000, 0x00000000ea100000| Complete 
| 162|0x00000000ea200000, 0x00000000ea300000, 0x00000000ea300000|100%| E|CS|TAMS 0x00000000ea200000, 0x00000000ea200000| Complete 
| 163|0x00000000ea300000, 0x00000000ea400000, 0x00000000ea400000|100%| E|CS|TAMS 0x00000000ea300000, 0x00000000ea300000| Complete 
| 164|0x00000000ea400000, 0x00000000ea500000, 0x00000000ea500000|100%| E|CS|TAMS 0x00000000ea400000, 0x00000000ea400000| Complete 
| 165|0x00000000ea500000, 0x00000000ea600000, 0x00000000ea600000|100%| E|CS|TAMS 0x00000000ea500000, 0x00000000ea500000| Complete 
| 166|0x00000000ea600000, 0x00000000ea700000, 0x00000000ea700000|100%| E|CS|TAMS 0x00000000ea600000, 0x00000000ea600000| Complete 
| 167|0x00000000ea700000, 0x00000000ea800000, 0x00000000ea800000|100%| E|CS|TAMS 0x00000000ea700000, 0x00000000ea700000| Complete 
| 168|0x00000000ea800000, 0x00000000ea900000, 0x00000000ea900000|100%| E|CS|TAMS 0x00000000ea800000, 0x00000000ea800000| Complete 
| 169|0x00000000ea900000, 0x00000000eaa00000, 0x00000000eaa00000|100%| E|CS|TAMS 0x00000000ea900000, 0x00000000ea900000| Complete 
| 170|0x00000000eaa00000, 0x00000000eab00000, 0x00000000eab00000|100%| E|CS|TAMS 0x00000000eaa00000, 0x00000000eaa00000| Complete 
| 171|0x00000000eab00000, 0x00000000eac00000, 0x00000000eac00000|100%| E|CS|TAMS 0x00000000eab00000, 0x00000000eab00000| Complete 
| 172|0x00000000eac00000, 0x00000000ead00000, 0x00000000ead00000|100%| E|CS|TAMS 0x00000000eac00000, 0x00000000eac00000| Complete 
| 173|0x00000000ead00000, 0x00000000eae00000, 0x00000000eae00000|100%| E|CS|TAMS 0x00000000ead00000, 0x00000000ead00000| Complete 
| 174|0x00000000eae00000, 0x00000000eaf00000, 0x00000000eaf00000|100%| E|CS|TAMS 0x00000000eae00000, 0x00000000eae00000| Complete 
| 175|0x00000000eaf00000, 0x00000000eb000000, 0x00000000eb000000|100%| E|CS|TAMS 0x00000000eaf00000, 0x00000000eaf00000| Complete 
| 176|0x00000000eb000000, 0x00000000eb100000, 0x00000000eb100000|100%| E|CS|TAMS 0x00000000eb000000, 0x00000000eb000000| Complete 
| 177|0x00000000eb100000, 0x00000000eb200000, 0x00000000eb200000|100%| E|CS|TAMS 0x00000000eb100000, 0x00000000eb100000| Complete 
| 178|0x00000000eb200000, 0x00000000eb300000, 0x00000000eb300000|100%| E|CS|TAMS 0x00000000eb200000, 0x00000000eb200000| Complete 
| 179|0x00000000eb300000, 0x00000000eb400000, 0x00000000eb400000|100%| E|CS|TAMS 0x00000000eb300000, 0x00000000eb300000| Complete 
| 180|0x00000000eb400000, 0x00000000eb500000, 0x00000000eb500000|100%| E|CS|TAMS 0x00000000eb400000, 0x00000000eb400000| Complete 
| 181|0x00000000eb500000, 0x00000000eb600000, 0x00000000eb600000|100%| E|CS|TAMS 0x00000000eb500000, 0x00000000eb500000| Complete 
| 182|0x00000000eb600000, 0x00000000eb700000, 0x00000000eb700000|100%| E|CS|TAMS 0x00000000eb600000, 0x00000000eb600000| Complete 
| 183|0x00000000eb700000, 0x00000000eb800000, 0x00000000eb800000|100%| E|CS|TAMS 0x00000000eb700000, 0x00000000eb700000| Complete 
| 184|0x00000000eb800000, 0x00000000eb900000, 0x00000000eb900000|100%| E|CS|TAMS 0x00000000eb800000, 0x00000000eb800000| Complete 
| 185|0x00000000eb900000, 0x00000000eba00000, 0x00000000eba00000|100%| E|CS|TAMS 0x00000000eb900000, 0x00000000eb900000| Complete 
| 186|0x00000000eba00000, 0x00000000ebb00000, 0x00000000ebb00000|100%| E|CS|TAMS 0x00000000eba00000, 0x00000000eba00000| Complete 
| 187|0x00000000ebb00000, 0x00000000ebc00000, 0x00000000ebc00000|100%| E|CS|TAMS 0x00000000ebb00000, 0x00000000ebb00000| Complete 
| 188|0x00000000ebc00000, 0x00000000ebd00000, 0x00000000ebd00000|100%| E|CS|TAMS 0x00000000ebc00000, 0x00000000ebc00000| Complete 
| 189|0x00000000ebd00000, 0x00000000ebe00000, 0x00000000ebe00000|100%| E|CS|TAMS 0x00000000ebd00000, 0x00000000ebd00000| Complete 
| 190|0x00000000ebe00000, 0x00000000ebf00000, 0x00000000ebf00000|100%| E|CS|TAMS 0x00000000ebe00000, 0x00000000ebe00000| Complete 
| 191|0x00000000ebf00000, 0x00000000ec000000, 0x00000000ec000000|100%| E|CS|TAMS 0x00000000ebf00000, 0x00000000ebf00000| Complete 
| 192|0x00000000ec000000, 0x00000000ec100000, 0x00000000ec100000|100%| E|CS|TAMS 0x00000000ec000000, 0x00000000ec000000| Complete 
| 193|0x00000000ec100000, 0x00000000ec200000, 0x00000000ec200000|100%| E|CS|TAMS 0x00000000ec100000, 0x00000000ec100000| Complete 
| 194|0x00000000ec200000, 0x00000000ec300000, 0x00000000ec300000|100%| E|CS|TAMS 0x00000000ec200000, 0x00000000ec200000| Complete 
| 195|0x00000000ec300000, 0x00000000ec400000, 0x00000000ec400000|100%| E|CS|TAMS 0x00000000ec300000, 0x00000000ec300000| Complete 
| 196|0x00000000ec400000, 0x00000000ec500000, 0x00000000ec500000|100%| E|CS|TAMS 0x00000000ec400000, 0x00000000ec400000| Complete 
| 197|0x00000000ec500000, 0x00000000ec600000, 0x00000000ec600000|100%| E|CS|TAMS 0x00000000ec500000, 0x00000000ec500000| Complete 
| 198|0x00000000ec600000, 0x00000000ec700000, 0x00000000ec700000|100%| E|CS|TAMS 0x00000000ec600000, 0x00000000ec600000| Complete 
| 199|0x00000000ec700000, 0x00000000ec800000, 0x00000000ec800000|100%| E|CS|TAMS 0x00000000ec700000, 0x00000000ec700000| Complete 
| 200|0x00000000ec800000, 0x00000000ec900000, 0x00000000ec900000|100%| E|CS|TAMS 0x00000000ec800000, 0x00000000ec800000| Complete 
| 201|0x00000000ec900000, 0x00000000eca00000, 0x00000000eca00000|100%| E|CS|TAMS 0x00000000ec900000, 0x00000000ec900000| Complete 
| 202|0x00000000eca00000, 0x00000000ecb00000, 0x00000000ecb00000|100%| E|CS|TAMS 0x00000000eca00000, 0x00000000eca00000| Complete 
| 203|0x00000000ecb00000, 0x00000000ecc00000, 0x00000000ecc00000|100%| E|CS|TAMS 0x00000000ecb00000, 0x00000000ecb00000| Complete 
| 204|0x00000000ecc00000, 0x00000000ecd00000, 0x00000000ecd00000|100%| E|CS|TAMS 0x00000000ecc00000, 0x00000000ecc00000| Complete 
| 205|0x00000000ecd00000, 0x00000000ece00000, 0x00000000ece00000|100%| E|CS|TAMS 0x00000000ecd00000, 0x00000000ecd00000| Complete 
| 206|0x00000000ece00000, 0x00000000ecf00000, 0x00000000ecf00000|100%| E|CS|TAMS 0x00000000ece00000, 0x00000000ece00000| Complete 
| 207|0x00000000ecf00000, 0x00000000ed000000, 0x00000000ed000000|100%| E|CS|TAMS 0x00000000ecf00000, 0x00000000ecf00000| Complete 
| 208|0x00000000ed000000, 0x00000000ed100000, 0x00000000ed100000|100%| E|CS|TAMS 0x00000000ed000000, 0x00000000ed000000| Complete 
| 209|0x00000000ed100000, 0x00000000ed200000, 0x00000000ed200000|100%| E|CS|TAMS 0x00000000ed100000, 0x00000000ed100000| Complete 
| 210|0x00000000ed200000, 0x00000000ed300000, 0x00000000ed300000|100%| E|CS|TAMS 0x00000000ed200000, 0x00000000ed200000| Complete 
| 211|0x00000000ed300000, 0x00000000ed400000, 0x00000000ed400000|100%| E|CS|TAMS 0x00000000ed300000, 0x00000000ed300000| Complete 
| 212|0x00000000ed400000, 0x00000000ed500000, 0x00000000ed500000|100%| E|CS|TAMS 0x00000000ed400000, 0x00000000ed400000| Complete 
| 213|0x00000000ed500000, 0x00000000ed600000, 0x00000000ed600000|100%| E|CS|TAMS 0x00000000ed500000, 0x00000000ed500000| Complete 
| 214|0x00000000ed600000, 0x00000000ed700000, 0x00000000ed700000|100%| E|CS|TAMS 0x00000000ed600000, 0x00000000ed600000| Complete 
| 215|0x00000000ed700000, 0x00000000ed800000, 0x00000000ed800000|100%| E|CS|TAMS 0x00000000ed700000, 0x00000000ed700000| Complete 
| 216|0x00000000ed800000, 0x00000000ed900000, 0x00000000ed900000|100%| E|CS|TAMS 0x00000000ed800000, 0x00000000ed800000| Complete 
| 217|0x00000000ed900000, 0x00000000eda00000, 0x00000000eda00000|100%| E|CS|TAMS 0x00000000ed900000, 0x00000000ed900000| Complete 
| 218|0x00000000eda00000, 0x00000000edb00000, 0x00000000edb00000|100%| E|CS|TAMS 0x00000000eda00000, 0x00000000eda00000| Complete 
| 219|0x00000000edb00000, 0x00000000edc00000, 0x00000000edc00000|100%| E|CS|TAMS 0x00000000edb00000, 0x00000000edb00000| Complete 
| 220|0x00000000edc00000, 0x00000000edd00000, 0x00000000edd00000|100%| E|CS|TAMS 0x00000000edc00000, 0x00000000edc00000| Complete 
| 221|0x00000000edd00000, 0x00000000ede00000, 0x00000000ede00000|100%| E|CS|TAMS 0x00000000edd00000, 0x00000000edd00000| Complete 
| 222|0x00000000ede00000, 0x00000000edf00000, 0x00000000edf00000|100%| E|CS|TAMS 0x00000000ede00000, 0x00000000ede00000| Complete 
| 223|0x00000000edf00000, 0x00000000ee000000, 0x00000000ee000000|100%| E|CS|TAMS 0x00000000edf00000, 0x00000000edf00000| Complete 
| 224|0x00000000ee000000, 0x00000000ee100000, 0x00000000ee100000|100%| E|CS|TAMS 0x00000000ee000000, 0x00000000ee000000| Complete 
| 225|0x00000000ee100000, 0x00000000ee200000, 0x00000000ee200000|100%| E|CS|TAMS 0x00000000ee100000, 0x00000000ee100000| Complete 
| 226|0x00000000ee200000, 0x00000000ee300000, 0x00000000ee300000|100%| E|CS|TAMS 0x00000000ee200000, 0x00000000ee200000| Complete 
| 227|0x00000000ee300000, 0x00000000ee400000, 0x00000000ee400000|100%| E|CS|TAMS 0x00000000ee300000, 0x00000000ee300000| Complete 
| 228|0x00000000ee400000, 0x00000000ee500000, 0x00000000ee500000|100%| E|CS|TAMS 0x00000000ee400000, 0x00000000ee400000| Complete 
| 229|0x00000000ee500000, 0x00000000ee600000, 0x00000000ee600000|100%| E|CS|TAMS 0x00000000ee500000, 0x00000000ee500000| Complete 
| 230|0x00000000ee600000, 0x00000000ee700000, 0x00000000ee700000|100%| E|CS|TAMS 0x00000000ee600000, 0x00000000ee600000| Complete 
| 231|0x00000000ee700000, 0x00000000ee800000, 0x00000000ee800000|100%| E|CS|TAMS 0x00000000ee700000, 0x00000000ee700000| Complete 
| 232|0x00000000ee800000, 0x00000000ee900000, 0x00000000ee900000|100%| E|CS|TAMS 0x00000000ee800000, 0x00000000ee800000| Complete 
| 233|0x00000000ee900000, 0x00000000eea00000, 0x00000000eea00000|100%| E|CS|TAMS 0x00000000ee900000, 0x00000000ee900000| Complete 
| 234|0x00000000eea00000, 0x00000000eeb00000, 0x00000000eeb00000|100%| E|CS|TAMS 0x00000000eea00000, 0x00000000eea00000| Complete 
| 235|0x00000000eeb00000, 0x00000000eec00000, 0x00000000eec00000|100%| E|CS|TAMS 0x00000000eeb00000, 0x00000000eeb00000| Complete 
| 236|0x00000000eec00000, 0x00000000eed00000, 0x00000000eed00000|100%| E|CS|TAMS 0x00000000eec00000, 0x00000000eec00000| Complete 
| 237|0x00000000eed00000, 0x00000000eee00000, 0x00000000eee00000|100%| E|CS|TAMS 0x00000000eed00000, 0x00000000eed00000| Complete 
| 238|0x00000000eee00000, 0x00000000eef00000, 0x00000000eef00000|100%| E|CS|TAMS 0x00000000eee00000, 0x00000000eee00000| Complete 
| 239|0x00000000eef00000, 0x00000000ef000000, 0x00000000ef000000|100%| E|CS|TAMS 0x00000000eef00000, 0x00000000eef00000| Complete 
| 240|0x00000000ef000000, 0x00000000ef100000, 0x00000000ef100000|100%| E|CS|TAMS 0x00000000ef000000, 0x00000000ef000000| Complete 
| 241|0x00000000ef100000, 0x00000000ef200000, 0x00000000ef200000|100%| E|CS|TAMS 0x00000000ef100000, 0x00000000ef100000| Complete 
| 242|0x00000000ef200000, 0x00000000ef300000, 0x00000000ef300000|100%| E|CS|TAMS 0x00000000ef200000, 0x00000000ef200000| Complete 
| 243|0x00000000ef300000, 0x00000000ef400000, 0x00000000ef400000|100%| E|CS|TAMS 0x00000000ef300000, 0x00000000ef300000| Complete 
| 244|0x00000000ef400000, 0x00000000ef500000, 0x00000000ef500000|100%| E|CS|TAMS 0x00000000ef400000, 0x00000000ef400000| Complete 
| 245|0x00000000ef500000, 0x00000000ef600000, 0x00000000ef600000|100%| E|CS|TAMS 0x00000000ef500000, 0x00000000ef500000| Complete 
| 246|0x00000000ef600000, 0x00000000ef700000, 0x00000000ef700000|100%| E|CS|TAMS 0x00000000ef600000, 0x00000000ef600000| Complete 
| 247|0x00000000ef700000, 0x00000000ef800000, 0x00000000ef800000|100%| E|CS|TAMS 0x00000000ef700000, 0x00000000ef700000| Complete 
| 248|0x00000000ef800000, 0x00000000ef900000, 0x00000000ef900000|100%| E|CS|TAMS 0x00000000ef800000, 0x00000000ef800000| Complete 
| 249|0x00000000ef900000, 0x00000000efa00000, 0x00000000efa00000|100%| E|CS|TAMS 0x00000000ef900000, 0x00000000ef900000| Complete 
| 250|0x00000000efa00000, 0x00000000efb00000, 0x00000000efb00000|100%| E|CS|TAMS 0x00000000efa00000, 0x00000000efa00000| Complete 
| 251|0x00000000efb00000, 0x00000000efc00000, 0x00000000efc00000|100%| E|  |TAMS 0x00000000efb00000, 0x00000000efb00000| Complete 
| 252|0x00000000efc00000, 0x00000000efd00000, 0x00000000efd00000|100%| E|CS|TAMS 0x00000000efc00000, 0x00000000efc00000| Complete 
| 253|0x00000000efd00000, 0x00000000efe00000, 0x00000000efe00000|100%| E|CS|TAMS 0x00000000efd00000, 0x00000000efd00000| Complete 
| 254|0x00000000efe00000, 0x00000000eff00000, 0x00000000eff00000|100%| E|CS|TAMS 0x00000000efe00000, 0x00000000efe00000| Complete 
| 255|0x00000000eff00000, 0x00000000f0000000, 0x00000000f0000000|100%| E|CS|TAMS 0x00000000eff00000, 0x00000000eff00000| Complete 

Card table byte_map: [0x000002b4ec480000,0x000002b4ec580000] _byte_map_base: 0x000002b4ebd80000

Marking Bits (Prev, Next): (CMBitMap*) 0x000002b4d5838990, (CMBitMap*) 0x000002b4d58389d0
 Prev Bits: [0x000002b4ec680000, 0x000002b4ece80000)
 Next Bits: [0x000002b4ece80000, 0x000002b4ed680000)

Polling page: 0x000002b4d3730000

Metaspace:

Usage:
  Non-class:     44.77 MB used.
      Class:      7.37 MB used.
       Both:     52.14 MB used.

Virtual space:
  Non-class space:       48.00 MB reserved,      45.06 MB ( 94%) committed,  6 nodes.
      Class space:      308.00 MB reserved,       7.62 MB (  2%) committed,  1 nodes.
             Both:      356.00 MB reserved,      52.69 MB ( 15%) committed. 

Chunk freelists:
   Non-Class:  2.66 MB
       Class:  417.00 KB
        Both:  3.07 MB

MaxMetaspaceSize: 384.00 MB
CompressedClassSpaceSize: 308.00 MB
Initial GC threshold: 21.00 MB
Current GC threshold: 59.50 MB
CDS: on
MetaspaceReclaimPolicy: balanced
 - commit_granule_bytes: 65536.
 - commit_granule_words: 8192.
 - virtual_space_node_default_size: 1048576.
 - enlarge_chunks_in_place: 1.
 - new_chunks_are_fully_committed: 0.
 - uncommit_free_chunks: 1.
 - use_allocation_guard: 0.
 - handle_deallocations: 1.


Internal statistics:

num_allocs_failed_limit: 9.
num_arena_births: 634.
num_arena_deaths: 0.
num_vsnodes_births: 7.
num_vsnodes_deaths: 0.
num_space_committed: 843.
num_space_uncommitted: 0.
num_chunks_returned_to_freelist: 9.
num_chunks_taken_from_freelist: 2827.
num_chunk_merges: 9.
num_chunk_splits: 1826.
num_chunks_enlarged: 1197.
num_purges: 0.
num_inconsistent_stats: 0.

CodeHeap 'non-profiled nmethods': size=120000Kb used=4462Kb max_used=4462Kb free=115537Kb
 bounds [0x000002b4e4b20000, 0x000002b4e4f80000, 0x000002b4ec050000]
CodeHeap 'profiled nmethods': size=120000Kb used=14894Kb max_used=14894Kb free=105105Kb
 bounds [0x000002b4dd5f0000, 0x000002b4de480000, 0x000002b4e4b20000]
CodeHeap 'non-nmethods': size=5760Kb used=2334Kb max_used=2407Kb free=3425Kb
 bounds [0x000002b4dd050000, 0x000002b4dd2c0000, 0x000002b4dd5f0000]
 total_blobs=8402 nmethods=7561 adapters=751
 compilation: enabled
              stopped_count=0, restarted_count=0
 full_count=0

Compilation events (20 events):
Event: 38.608 Thread 0x000002b4f00c6720 nmethod 8306 0x000002b4de465810 code [0x000002b4de4659c0, 0x000002b4de465d38]
Event: 38.609 Thread 0x000002b4f00c6720 8307       3       java.io.ObjectOutputStream$BlockDataOutputStream::writeShort (47 bytes)
Event: 38.609 Thread 0x000002b4f00c6720 nmethod 8307 0x000002b4de465e90 code [0x000002b4de466040, 0x000002b4de4662c8]
Event: 38.609 Thread 0x000002b4f00c6720 8308       3       java.io.Bits::putShort (16 bytes)
Event: 38.610 Thread 0x000002b4f00c6720 nmethod 8308 0x000002b4de466410 code [0x000002b4de4665a0, 0x000002b4de4666d8]
Event: 38.611 Thread 0x000002b4f00c6720 8309       3       java.lang.Class::getDeclaredMethod (63 bytes)
Event: 38.611 Thread 0x000002b4f316a3f0 8310       4       java.lang.reflect.AccessibleObject::checkCanSetAccessible (368 bytes)
Event: 38.611 Thread 0x000002b4f00c6720 nmethod 8309 0x000002b4de466810 code [0x000002b4de466ae0, 0x000002b4de467738]
Event: 38.612 Thread 0x000002b4f00c6720 8312       3       java.io.ObjectOutputStream$HandleTable::hash (8 bytes)
Event: 38.612 Thread 0x000002b4f00c6720 nmethod 8312 0x000002b4de467c10 code [0x000002b4de467da0, 0x000002b4de467ee8]
Event: 38.613 Thread 0x000002b4f00c6720 8313       3       java.io.ObjectOutputStream$BlockDataOutputStream::writeUTF (46 bytes)
Event: 38.613 Thread 0x000002b4f00c6720 nmethod 8313 0x000002b4de467f90 code [0x000002b4de468180, 0x000002b4de4685b8]
Event: 38.613 Thread 0x000002b4f00c6720 8315       3       java.io.ObjectOutputStream$HandleTable::insert (39 bytes)
Event: 38.613 Thread 0x000002b4f00c6720 nmethod 8315 0x000002b4de468790 code [0x000002b4de468960, 0x000002b4de468d28]
Event: 38.614 Thread 0x000002b4f00c6720 8314       3       java.io.ObjectOutputStream$BlockDataOutputStream::drain (45 bytes)
Event: 38.614 Thread 0x000002b4f00c6720 nmethod 8314 0x000002b4de468f10 code [0x000002b4de4690c0, 0x000002b4de469398]
Event: 38.614 Thread 0x000002b4f00c6720 8316       3       org.gradle.internal.serialize.kryo.KryoBackedEncoder::writeBytes (11 bytes)
Event: 38.614 Thread 0x000002b4f00c6720 nmethod 8316 0x000002b4de469490 code [0x000002b4de469640, 0x000002b4de4697a8]
Event: 38.614 Thread 0x000002b4f00c6720 8317       3       com.esotericsoftware.kryo.io.Output::writeBytes (90 bytes)
Event: 38.615 Thread 0x000002b4f00c6720 nmethod 8317 0x000002b4de469890 code [0x000002b4de469a80, 0x000002b4de46a028]

GC Heap History (14 events):
Event: 1.117 GC heap before
{Heap before GC invocations=0 (full 0):
 garbage-first heap   total 262144K, used 26624K [0x00000000e0000000, 0x0000000100000000)
  region size 1024K, 23 young (23552K), 0 survivors (0K)
 Metaspace       used 2984K, committed 3136K, reserved 323584K
  class space    used 379K, committed 448K, reserved 315392K
}
Event: 1.120 GC heap after
{Heap after GC invocations=1 (full 0):
 garbage-first heap   total 262144K, used 10468K [0x00000000e0000000, 0x0000000100000000)
  region size 1024K, 3 young (3072K), 3 survivors (3072K)
 Metaspace       used 2984K, committed 3136K, reserved 323584K
  class space    used 379K, committed 448K, reserved 315392K
}
Event: 1.678 GC heap before
{Heap before GC invocations=1 (full 0):
 garbage-first heap   total 262144K, used 39140K [0x00000000e0000000, 0x0000000100000000)
  region size 1024K, 31 young (31744K), 3 survivors (3072K)
 Metaspace       used 4034K, committed 4224K, reserved 323584K
  class space    used 492K, committed 576K, reserved 315392K
}
Event: 1.681 GC heap after
{Heap after GC invocations=2 (full 0):
 garbage-first heap   total 262144K, used 11334K [0x00000000e0000000, 0x0000000100000000)
  region size 1024K, 1 young (1024K), 1 survivors (1024K)
 Metaspace       used 4034K, committed 4224K, reserved 323584K
  class space    used 492K, committed 576K, reserved 315392K
}
Event: 7.973 GC heap before
{Heap before GC invocations=2 (full 0):
 garbage-first heap   total 262144K, used 129094K [0x00000000e0000000, 0x0000000100000000)
  region size 1024K, 116 young (118784K), 1 survivors (1024K)
 Metaspace       used 21210K, committed 21504K, reserved 339968K
  class space    used 3115K, committed 3264K, reserved 315392K
}
Event: 8.106 GC heap after
{Heap after GC invocations=3 (full 0):
 garbage-first heap   total 262144K, used 22037K [0x00000000e0000000, 0x0000000100000000)
  region size 1024K, 12 young (12288K), 12 survivors (12288K)
 Metaspace       used 21210K, committed 21504K, reserved 339968K
  class space    used 3115K, committed 3264K, reserved 315392K
}
Event: 23.338 GC heap before
{Heap before GC invocations=4 (full 0):
 garbage-first heap   total 262144K, used 140821K [0x00000000e0000000, 0x0000000100000000)
  region size 1024K, 125 young (128000K), 12 survivors (12288K)
 Metaspace       used 35572K, committed 35968K, reserved 348160K
  class space    used 4965K, committed 5184K, reserved 315392K
}
Event: 23.349 GC heap after
{Heap after GC invocations=5 (full 0):
 garbage-first heap   total 262144K, used 31433K [0x00000000e0000000, 0x0000000100000000)
  region size 1024K, 10 young (10240K), 10 survivors (10240K)
 Metaspace       used 35572K, committed 35968K, reserved 348160K
  class space    used 4965K, committed 5184K, reserved 315392K
}
Event: 23.384 GC heap before
{Heap before GC invocations=5 (full 0):
 garbage-first heap   total 262144K, used 33481K [0x00000000e0000000, 0x0000000100000000)
  region size 1024K, 12 young (12288K), 10 survivors (10240K)
 Metaspace       used 35885K, committed 36288K, reserved 348160K
  class space    used 5019K, committed 5184K, reserved 315392K
}
Event: 23.389 GC heap after
{Heap after GC invocations=6 (full 0):
 garbage-first heap   total 262144K, used 31434K [0x00000000e0000000, 0x0000000100000000)
  region size 1024K, 1 young (1024K), 1 survivors (1024K)
 Metaspace       used 35885K, committed 36288K, reserved 348160K
  class space    used 5019K, committed 5184K, reserved 315392K
}
Event: 23.394 GC heap before
{Heap before GC invocations=6 (full 0):
 garbage-first heap   total 262144K, used 31434K [0x00000000e0000000, 0x0000000100000000)
  region size 1024K, 2 young (2048K), 1 survivors (1024K)
 Metaspace       used 35926K, committed 36288K, reserved 348160K
  class space    used 5027K, committed 5184K, reserved 315392K
}
Event: 23.395 GC heap after
{Heap after GC invocations=7 (full 0):
 garbage-first heap   total 262144K, used 30709K [0x00000000e0000000, 0x0000000100000000)
  region size 1024K, 1 young (1024K), 1 survivors (1024K)
 Metaspace       used 35926K, committed 36288K, reserved 348160K
  class space    used 5027K, committed 5184K, reserved 315392K
}
Event: 34.795 GC heap before
{Heap before GC invocations=8 (full 0):
 garbage-first heap   total 262144K, used 187381K [0x00000000e0000000, 0x0000000100000000)
  region size 1024K, 153 young (156672K), 1 survivors (1024K)
 Metaspace       used 49705K, committed 50240K, reserved 364544K
  class space    used 7147K, committed 7424K, reserved 315392K
}
Event: 34.808 GC heap after
{Heap after GC invocations=9 (full 0):
 garbage-first heap   total 262144K, used 40027K [0x00000000e0000000, 0x0000000100000000)
  region size 1024K, 10 young (10240K), 10 survivors (10240K)
 Metaspace       used 49705K, committed 50240K, reserved 364544K
  class space    used 7147K, committed 7424K, reserved 315392K
}

Deoptimization events (20 events):
Event: 38.394 Thread 0x000002b4f43218d0 DEOPT PACKING pc=0x000002b4e4e0aad8 sp=0x000000dbdb5fd9f0
Event: 38.394 Thread 0x000002b4f43218d0 DEOPT UNPACKING pc=0x000002b4dd0a5c23 sp=0x000000dbdb5fd9f8 mode 2
Event: 38.394 Thread 0x000002b4f431aa20 Uncommon trap: trap_request=0xffffffc6 fr.pc=0x000002b4e4d9d784 relative=0x0000000000000264
Event: 38.394 Thread 0x000002b4f431aa20 Uncommon trap: reason=bimorphic_or_optimized_type_check action=maybe_recompile pc=0x000002b4e4d9d784 method=java.util.stream.StreamOpFlag.fromCharacteristics(Ljava/util/Spliterator;)I @ 14 c2
Event: 38.394 Thread 0x000002b4f431aa20 DEOPT PACKING pc=0x000002b4e4d9d784 sp=0x000000dbdfffe660
Event: 38.394 Thread 0x000002b4f431aa20 DEOPT UNPACKING pc=0x000002b4dd0a5c23 sp=0x000000dbdfffe548 mode 2
Event: 38.422 Thread 0x000002b4f32607c0 DEOPT PACKING pc=0x000002b4ddf1a343 sp=0x000000dbde3fe6b0
Event: 38.422 Thread 0x000002b4f32607c0 DEOPT UNPACKING pc=0x000002b4dd0a6763 sp=0x000000dbde3fdb38 mode 0
Event: 38.441 Thread 0x000002b4f431aa20 Uncommon trap: trap_request=0xffffff45 fr.pc=0x000002b4e4e4def0 relative=0x00000000000003d0
Event: 38.441 Thread 0x000002b4f431aa20 Uncommon trap: reason=unstable_if action=reinterpret pc=0x000002b4e4e4def0 method=java.util.stream.AbstractPipeline.<init>(Ljava/util/stream/AbstractPipeline;I)V @ 69 c2
Event: 38.441 Thread 0x000002b4f431aa20 DEOPT PACKING pc=0x000002b4e4e4def0 sp=0x000000dbdfffc730
Event: 38.441 Thread 0x000002b4f431aa20 DEOPT UNPACKING pc=0x000002b4dd0a5c23 sp=0x000000dbdfffc710 mode 2
Event: 38.609 Thread 0x000002b4f431aa20 Uncommon trap: trap_request=0xffffffc6 fr.pc=0x000002b4e4e0aad8 relative=0x0000000000000f58
Event: 38.609 Thread 0x000002b4f431aa20 Uncommon trap: reason=bimorphic_or_optimized_type_check action=maybe_recompile pc=0x000002b4e4e0aad8 method=java.util.Collections$SetFromMap.remove(Ljava/lang/Object;)Z @ 5 c2
Event: 38.609 Thread 0x000002b4f431aa20 DEOPT PACKING pc=0x000002b4e4e0aad8 sp=0x000000dbdfffee70
Event: 38.609 Thread 0x000002b4f431aa20 DEOPT UNPACKING pc=0x000002b4dd0a5c23 sp=0x000000dbdfffee78 mode 2
Event: 38.610 Thread 0x000002b4f431aa20 Uncommon trap: trap_request=0xffffffc6 fr.pc=0x000002b4e4d9d784 relative=0x0000000000000264
Event: 38.610 Thread 0x000002b4f431aa20 Uncommon trap: reason=bimorphic_or_optimized_type_check action=maybe_recompile pc=0x000002b4e4d9d784 method=java.util.stream.StreamOpFlag.fromCharacteristics(Ljava/util/Spliterator;)I @ 14 c2
Event: 38.610 Thread 0x000002b4f431aa20 DEOPT PACKING pc=0x000002b4e4d9d784 sp=0x000000dbdfffe660
Event: 38.610 Thread 0x000002b4f431aa20 DEOPT UNPACKING pc=0x000002b4dd0a5c23 sp=0x000000dbdfffe548 mode 2

Classes unloaded (0 events):
No events

Classes redefined (0 events):
No events

Internal exceptions (20 events):
Event: 34.948 Thread 0x000002b4f43218d0 Exception <a 'java/lang/ClassNotFoundException'{0x00000000ef8c2f68}: org/gradle/api/internal/plugins/NaggingBasePluginConventionBeanInfo> (0x00000000ef8c2f68) 
thrown [t:\workspace\open\src\hotspot\share\classfile\systemDictionary.cpp, line 256]
Event: 34.949 Thread 0x000002b4f43218d0 Exception <a 'java/lang/ClassNotFoundException'{0x00000000ef8d0e80}: org/gradle/api/plugins/BasePluginConventionBeanInfo> (0x00000000ef8d0e80) 
thrown [t:\workspace\open\src\hotspot\share\classfile\systemDictionary.cpp, line 256]
Event: 34.950 Thread 0x000002b4f43218d0 Exception <a 'java/lang/ClassNotFoundException'{0x00000000ef8ded60}: org/gradle/api/plugins/BasePluginConventionCustomizer> (0x00000000ef8ded60) 
thrown [t:\workspace\open\src\hotspot\share\classfile\systemDictionary.cpp, line 256]
Event: 34.950 Thread 0x000002b4f43218d0 Exception <a 'java/lang/ClassNotFoundException'{0x00000000ef8f7238}: org/gradle/api/internal/plugins/NaggingBasePluginConventionCustomizer> (0x00000000ef8f7238) 
thrown [t:\workspace\open\src\hotspot\share\classfile\systemDictionary.cpp, line 256]
Event: 34.954 Thread 0x000002b4f43218d0 Exception <a 'java/lang/ClassNotFoundException'{0x00000000ef73f210}: org/gradle/api/plugins/internal/NaggingJavaPluginConventionBeanInfo> (0x00000000ef73f210) 
thrown [t:\workspace\open\src\hotspot\share\classfile\systemDictionary.cpp, line 256]
Event: 34.954 Thread 0x000002b4f43218d0 Exception <a 'java/lang/ClassNotFoundException'{0x00000000ef74d128}: org/gradle/api/plugins/JavaPluginConventionBeanInfo> (0x00000000ef74d128) 
thrown [t:\workspace\open\src\hotspot\share\classfile\systemDictionary.cpp, line 256]
Event: 34.954 Thread 0x000002b4f43218d0 Exception <a 'java/lang/ClassNotFoundException'{0x00000000ef75b2a8}: org/gradle/api/plugins/JavaPluginConventionCustomizer> (0x00000000ef75b2a8) 
thrown [t:\workspace\open\src\hotspot\share\classfile\systemDictionary.cpp, line 256]
Event: 34.955 Thread 0x000002b4f43218d0 Exception <a 'java/lang/ClassNotFoundException'{0x00000000ef77d420}: org/gradle/api/plugins/internal/NaggingJavaPluginConventionCustomizer> (0x00000000ef77d420) 
thrown [t:\workspace\open\src\hotspot\share\classfile\systemDictionary.cpp, line 256]
Event: 38.227 Thread 0x000002b4f43218d0 Exception <a 'java/lang/NoSuchMethodError'{0x00000000eadd3528}: 'void java.lang.invoke.DirectMethodHandle$Holder.invokeVirtual(java.lang.Object, java.lang.Object, java.lang.Object, java.lang.Object)'> (0x00000000eadd3528) 
thrown [t:\workspace\open\src\hotspot\share\interpreter\linkResolver.cpp, line 766]
Event: 38.347 Thread 0x000002b4f2a4c060 Implicit null exception at 0x000002b4e4d76b5d to 0x000002b4e4d76bf8
Event: 38.367 Thread 0x000002b4f2a4c530 Exception <a 'java/lang/NoSuchMethodError'{0x00000000ea7e82b8}: static Lnet/rubygrapefruit/platform/NativeException;.<clinit>()V> (0x00000000ea7e82b8) 
thrown [t:\workspace\open\src\hotspot\share\prims\jni.cpp, line 1107]
Event: 38.368 Thread 0x000002b4f2a4c530 Exception <a 'java/lang/NoSuchMethodError'{0x00000000ea7ea188}: static [Ljava/lang/StackTraceElement;.<clinit>()V> (0x00000000ea7ea188) 
thrown [t:\workspace\open\src\hotspot\share\prims\jni.cpp, line 1107]
Event: 38.370 Thread 0x000002b4f2a4c530 Exception <a 'java/lang/NoSuchMethodError'{0x00000000ea617f58}: static [B.<clinit>()V> (0x00000000ea617f58) 
thrown [t:\workspace\open\src\hotspot\share\prims\jni.cpp, line 1107]
Event: 38.377 Thread 0x000002b4f43218d0 Exception <a 'java/lang/NoSuchMethodError'{0x00000000ea6ec6c0}: 'int java.lang.invoke.DirectMethodHandle$Holder.invokeStaticInit(java.lang.Object, java.lang.Object, java.lang.Object, java.lang.Object, java.lang.Object)'> (0x00000000ea6ec6c0) 
thrown [t:\workspace\open\src\hotspot\share\interpreter\linkResolver.cpp, line 766]
Event: 38.393 Thread 0x000002b4f2a4dd40 Exception <a 'java/lang/NoSuchMethodError'{0x00000000eff09e88}: static Lorg/gradle/internal/build/event/types/DefaultTaskFinishedProgressEvent;.<clinit>()V> (0x00000000eff09e88) 
thrown [t:\workspace\open\src\hotspot\share\prims\jni.cpp, line 1107]
Event: 38.395 Thread 0x000002b4f2a4dd40 Exception <a 'java/lang/NoSuchMethodError'{0x00000000ea4a0398}: static Lorg/gradle/internal/build/event/types/DefaultTaskSuccessResult;.<clinit>()V> (0x00000000ea4a0398) 
thrown [t:\workspace\open\src\hotspot\share\prims\jni.cpp, line 1107]
Event: 38.395 Thread 0x000002b4f2a4dd40 Exception <a 'java/lang/NoSuchMethodError'{0x00000000ea4a1608}: static Lorg/gradle/internal/build/event/types/AbstractTaskResult;.<clinit>()V> (0x00000000ea4a1608) 
thrown [t:\workspace\open\src\hotspot\share\prims\jni.cpp, line 1107]
Event: 38.395 Thread 0x000002b4f2a4dd40 Exception <a 'java/lang/NoSuchMethodError'{0x00000000ea4a5688}: static Lorg/gradle/internal/build/event/types/AbstractResult;.<clinit>()V> (0x00000000ea4a5688) 
thrown [t:\workspace\open\src\hotspot\share\prims\jni.cpp, line 1107]
Event: 38.454 Thread 0x000002b4f431aa20 Exception <a 'java/lang/NoSuchMethodError'{0x00000000ea3d5cd8}: 'void java.lang.invoke.DirectMethodHandle$Holder.invokeVirtual(java.lang.Object, java.lang.Object)'> (0x00000000ea3d5cd8) 
thrown [t:\workspace\open\src\hotspot\share\interpreter\linkResolver.cpp, line 766]
Event: 38.611 Thread 0x000002b4f2a4dd40 Exception <a 'java/lang/NoSuchMethodError'{0x00000000e9f50010}: static [Ljava/lang/Object;.<clinit>()V> (0x00000000e9f50010) 
thrown [t:\workspace\open\src\hotspot\share\prims\jni.cpp, line 1107]

VM Operations (20 events):
Event: 37.112 Executing VM operation: ICBufferFull
Event: 37.113 Executing VM operation: ICBufferFull done
Event: 37.272 Executing VM operation: HandshakeAllThreads
Event: 37.273 Executing VM operation: HandshakeAllThreads done
Event: 37.944 Executing VM operation: ICBufferFull
Event: 37.944 Executing VM operation: ICBufferFull done
Event: 38.353 Executing VM operation: HandshakeAllThreads
Event: 38.353 Executing VM operation: HandshakeAllThreads done
Event: 38.392 Executing VM operation: ICBufferFull
Event: 38.392 Executing VM operation: ICBufferFull done
Event: 38.418 Executing VM operation: ICBufferFull
Event: 38.418 Executing VM operation: ICBufferFull done
Event: 38.505 Executing VM operation: ICBufferFull
Event: 38.505 Executing VM operation: ICBufferFull done
Event: 38.542 Executing VM operation: ICBufferFull
Event: 38.542 Executing VM operation: ICBufferFull done
Event: 38.567 Executing VM operation: ICBufferFull
Event: 38.568 Executing VM operation: ICBufferFull done
Event: 38.604 Executing VM operation: HandshakeAllThreads
Event: 38.605 Executing VM operation: HandshakeAllThreads done

Events (20 events):
Event: 38.361 Thread 0x000002b4f2a4f080 Thread exited: 0x000002b4f2a4f080
Event: 38.362 Thread 0x000002b4f2a4c060 Thread exited: 0x000002b4f2a4c060
Event: 38.368 loading class java/util/Collections$EmptyListIterator
Event: 38.368 loading class java/util/Collections$EmptyListIterator done
Event: 38.434 loading class java/util/HashMap$EntrySpliterator
Event: 38.434 loading class java/util/HashMap$EntrySpliterator done
Event: 38.439 loading class java/util/stream/SortedOps
Event: 38.440 loading class java/util/stream/SortedOps done
Event: 38.440 loading class java/util/stream/SortedOps$OfRef
Event: 38.440 loading class java/util/stream/SortedOps$OfRef done
Event: 38.441 loading class java/util/stream/SortedOps$SizedRefSortingSink
Event: 38.441 loading class java/util/stream/SortedOps$AbstractRefSortingSink
Event: 38.441 loading class java/util/stream/SortedOps$AbstractRefSortingSink done
Event: 38.441 loading class java/util/stream/SortedOps$SizedRefSortingSink done
Event: 38.465 loading class java/util/PriorityQueue
Event: 38.465 loading class java/util/PriorityQueue done
Event: 38.493 loading class java/nio/file/FileTreeWalker$1
Event: 38.493 loading class java/nio/file/FileTreeWalker$1 done
Event: 38.511 loading class java/io/CharArrayWriter
Event: 38.512 loading class java/io/CharArrayWriter done


Dynamic libraries:
0x00007ff749b20000 - 0x00007ff749b30000 	C:\Program Files\Java\jdk-17.0.2\bin\java.exe
0x00007ffada610000 - 0x00007ffada827000 	C:\WINDOWS\SYSTEM32\ntdll.dll
0x00007ffad9bb0000 - 0x00007ffad9c74000 	C:\WINDOWS\System32\KERNEL32.DLL
0x00007ffad7950000 - 0x00007ffad7cf6000 	C:\WINDOWS\System32\KERNELBASE.dll
0x00007ffad7e20000 - 0x00007ffad7f31000 	C:\WINDOWS\System32\ucrtbase.dll
0x00007ffac7830000 - 0x00007ffac7848000 	C:\Program Files\Java\jdk-17.0.2\bin\jli.dll
0x00007ffac6ee0000 - 0x00007ffac6efa000 	C:\Program Files\Java\jdk-17.0.2\bin\VCRUNTIME140.dll
0x00007ffad95f0000 - 0x00007ffad96a3000 	C:\WINDOWS\System32\ADVAPI32.dll
0x00007ffad8940000 - 0x00007ffad89e7000 	C:\WINDOWS\System32\msvcrt.dll
0x00007ffad8a40000 - 0x00007ffad8ae8000 	C:\WINDOWS\System32\sechost.dll
0x00007ffad8270000 - 0x00007ffad8298000 	C:\WINDOWS\System32\bcrypt.dll
0x00007ffada4b0000 - 0x00007ffada5c7000 	C:\WINDOWS\System32\RPCRT4.dll
0x00007ffad8790000 - 0x00007ffad893e000 	C:\WINDOWS\System32\USER32.dll
0x00007ffad80b0000 - 0x00007ffad80d6000 	C:\WINDOWS\System32\win32u.dll
0x00007ffada320000 - 0x00007ffada349000 	C:\WINDOWS\System32\GDI32.dll
0x00007ffad8150000 - 0x00007ffad8268000 	C:\WINDOWS\System32\gdi32full.dll
0x00007ffad7d80000 - 0x00007ffad7e1a000 	C:\WINDOWS\System32\msvcp_win.dll
0x00007ffaab3e0000 - 0x00007ffaab673000 	C:\WINDOWS\WinSxS\amd64_microsoft.windows.common-controls_6595b64144ccf1df_6.0.22621.2506_none_270c5ae97388e100\COMCTL32.dll
0x00007ffacd9d0000 - 0x00007ffacd9da000 	C:\WINDOWS\SYSTEM32\VERSION.dll
0x00007ffada120000 - 0x00007ffada151000 	C:\WINDOWS\System32\IMM32.DLL
0x000002b4d3750000 - 0x000002b4d3764000 	C:\WINDOWS\System32\umppc17806.dll
0x00007ffacc020000 - 0x00007ffacc02c000 	C:\Program Files\Java\jdk-17.0.2\bin\vcruntime140_1.dll
0x00007ffab9f40000 - 0x00007ffab9fcd000 	C:\Program Files\Java\jdk-17.0.2\bin\msvcp140.dll
0x00007ffa82a00000 - 0x00007ffa835c1000 	C:\Program Files\Java\jdk-17.0.2\bin\server\jvm.dll
0x00007ffad8cc0000 - 0x00007ffad8cc8000 	C:\WINDOWS\System32\PSAPI.DLL
0x00007ffab0d20000 - 0x00007ffab0d29000 	C:\WINDOWS\SYSTEM32\WSOCK32.dll
0x00007ffad8710000 - 0x00007ffad8781000 	C:\WINDOWS\System32\WS2_32.dll
0x00007ffacbf30000 - 0x00007ffacbf64000 	C:\WINDOWS\SYSTEM32\WINMM.dll
0x00007ffad6970000 - 0x00007ffad6988000 	C:\WINDOWS\SYSTEM32\kernel.appcore.dll
0x00007ffacbf70000 - 0x00007ffacbf7a000 	C:\Program Files\Java\jdk-17.0.2\bin\jimage.dll
0x00007ffad5440000 - 0x00007ffad5673000 	C:\WINDOWS\SYSTEM32\DBGHELP.DLL
0x00007ffad8360000 - 0x00007ffad86e9000 	C:\WINDOWS\System32\combase.dll
0x00007ffad8b80000 - 0x00007ffad8c57000 	C:\WINDOWS\System32\OLEAUT32.dll
0x00007ffac8150000 - 0x00007ffac8182000 	C:\WINDOWS\SYSTEM32\dbgcore.DLL
0x00007ffad7d00000 - 0x00007ffad7d7a000 	C:\WINDOWS\System32\bcryptPrimitives.dll
0x00007ffab7320000 - 0x00007ffab732e000 	C:\Program Files\Java\jdk-17.0.2\bin\instrument.dll
0x00007ffabd590000 - 0x00007ffabd5b5000 	C:\Program Files\Java\jdk-17.0.2\bin\java.dll
0x00007ffa93580000 - 0x00007ffa93656000 	C:\Program Files\Java\jdk-17.0.2\bin\jsvml.dll
0x00007ffad8d90000 - 0x00007ffad95eb000 	C:\WINDOWS\System32\SHELL32.dll
0x00007ffad5860000 - 0x00007ffad6156000 	C:\WINDOWS\SYSTEM32\windows.storage.dll
0x00007ffad5720000 - 0x00007ffad585e000 	C:\WINDOWS\SYSTEM32\wintypes.dll
0x00007ffad9db0000 - 0x00007ffad9ea3000 	C:\WINDOWS\System32\SHCORE.dll
0x00007ffad8c60000 - 0x00007ffad8cbe000 	C:\WINDOWS\System32\shlwapi.dll
0x00007ffad7880000 - 0x00007ffad78a6000 	C:\WINDOWS\SYSTEM32\profapi.dll
0x00007ffabaf70000 - 0x00007ffabaf88000 	C:\Program Files\Java\jdk-17.0.2\bin\zip.dll
0x00007ffabb160000 - 0x00007ffabb179000 	C:\Program Files\Java\jdk-17.0.2\bin\net.dll
0x00007fface440000 - 0x00007fface577000 	C:\WINDOWS\SYSTEM32\WINHTTP.dll
0x00007ffad6e10000 - 0x00007ffad6e79000 	C:\WINDOWS\system32\mswsock.dll
0x00007ffabb140000 - 0x00007ffabb156000 	C:\Program Files\Java\jdk-17.0.2\bin\nio.dll
0x00007ffac7160000 - 0x00007ffac7170000 	C:\Program Files\Java\jdk-17.0.2\bin\verify.dll
0x00007ffa9f830000 - 0x00007ffa9f857000 	C:\Users\Mohan NS\.gradle\native\c067742578af261105cb4f569cf0c3c89f3d7b1fecec35dd04571415982c5e48\windows-amd64\native-platform.dll
0x00007ffa83c80000 - 0x00007ffa83dc4000 	C:\Users\Mohan NS\.gradle\native\38dada09dfb8b06ba9b0570ebf7e218e3eb74d4ef43ca46872605cf95ebc2f47\windows-amd64\native-platform-file-events.dll
0x00007ffab7310000 - 0x00007ffab7319000 	C:\Program Files\Java\jdk-17.0.2\bin\management.dll
0x00007ffab7280000 - 0x00007ffab728b000 	C:\Program Files\Java\jdk-17.0.2\bin\management_ext.dll
0x00007ffad7070000 - 0x00007ffad708b000 	C:\WINDOWS\SYSTEM32\CRYPTSP.dll
0x00007ffad68d0000 - 0x00007ffad6905000 	C:\WINDOWS\system32\rsaenh.dll
0x00007ffad6f00000 - 0x00007ffad6f2c000 	C:\WINDOWS\SYSTEM32\USERENV.dll
0x00007ffad7060000 - 0x00007ffad706c000 	C:\WINDOWS\SYSTEM32\CRYPTBASE.dll
0x00007ffad63b0000 - 0x00007ffad63dd000 	C:\WINDOWS\SYSTEM32\IPHLPAPI.DLL
0x00007ffad9f70000 - 0x00007ffad9f79000 	C:\WINDOWS\System32\NSI.dll
0x00007fface420000 - 0x00007fface439000 	C:\WINDOWS\SYSTEM32\dhcpcsvc6.DLL
0x00007ffacd9e0000 - 0x00007ffacd9ff000 	C:\WINDOWS\SYSTEM32\dhcpcsvc.DLL
0x00007ffad63e0000 - 0x00007ffad64d9000 	C:\WINDOWS\SYSTEM32\DNSAPI.dll
0x00007ffab4e00000 - 0x00007ffab4e0e000 	C:\Program Files\Java\jdk-17.0.2\bin\sunmscapi.dll
0x00007ffad7f40000 - 0x00007ffad80a6000 	C:\WINDOWS\System32\CRYPT32.dll
0x00007ffad7220000 - 0x00007ffad724e000 	C:\WINDOWS\SYSTEM32\ncrypt.dll
0x00007ffad71e0000 - 0x00007ffad7217000 	C:\WINDOWS\SYSTEM32\NTASN1.dll
0x00007ffa9ea40000 - 0x00007ffa9ea48000 	C:\WINDOWS\system32\wshunix.dll

dbghelp: loaded successfully - version: 4.0.5 - missing functions: none
symbol engine: initialized successfully - sym options: 0x614 - pdb path: .;C:\Program Files\Java\jdk-17.0.2\bin;C:\WINDOWS\SYSTEM32;C:\WINDOWS\WinSxS\amd64_microsoft.windows.common-controls_6595b64144ccf1df_6.0.22621.2506_none_270c5ae97388e100;C:\Program Files\Java\jdk-17.0.2\bin\server;C:\Users\Mohan NS\.gradle\native\c067742578af261105cb4f569cf0c3c89f3d7b1fecec35dd04571415982c5e48\windows-amd64;C:\Users\Mohan NS\.gradle\native\38dada09dfb8b06ba9b0570ebf7e218e3eb74d4ef43ca46872605cf95ebc2f47\windows-amd64

VM Arguments:
jvm_args: --add-opens=java.base/java.util=ALL-UNNAMED --add-opens=java.base/java.lang=ALL-UNNAMED --add-opens=java.base/java.lang.invoke=ALL-UNNAMED --add-opens=java.prefs/java.util.prefs=ALL-UNNAMED --add-opens=java.base/java.nio.charset=ALL-UNNAMED --add-opens=java.base/java.net=ALL-UNNAMED --add-opens=java.base/java.util.concurrent.atomic=ALL-UNNAMED -XX:MaxMetaspaceSize=384m -XX:+HeapDumpOnOutOfMemoryError -Xms256m -Xmx512m -Dfile.encoding=windows-1252 -Duser.country=IN -Duser.language=en -Duser.variant -javaagent:C:\Users\Mohan NS\.gradle\wrapper\dists\gradle-8.5-bin\5t9huq95ubn472n8rpzujfbqh\gradle-8.5\lib\agents\gradle-instrumentation-agent-8.5.jar 
java_command: org.gradle.launcher.daemon.bootstrap.GradleDaemon 8.5
java_class_path (initial): C:\Users\Mohan NS\.gradle\wrapper\dists\gradle-8.5-bin\5t9huq95ubn472n8rpzujfbqh\gradle-8.5\lib\gradle-launcher-8.5.jar
Launcher Type: SUN_STANDARD

[Global flags]
     intx CICompilerCount                          = 4                                         {product} {ergonomic}
   size_t CompressedClassSpaceSize                 = 322961408                                 {product} {ergonomic}
     uint ConcGCThreads                            = 2                                         {product} {ergonomic}
     uint G1ConcRefinementThreads                  = 8                                         {product} {ergonomic}
   size_t G1HeapRegionSize                         = 1048576                                   {product} {ergonomic}
    uintx GCDrainStackTargetSize                   = 64                                        {product} {ergonomic}
     bool HeapDumpOnOutOfMemoryError               = true                                   {manageable} {command line}
   size_t InitialHeapSize                          = 268435456                                 {product} {command line}
   size_t MarkStackSize                            = 4194304                                   {product} {ergonomic}
   size_t MaxHeapSize                              = 536870912                                 {product} {command line}
   size_t MaxMetaspaceSize                         = 402653184                                 {product} {command line}
   size_t MaxNewSize                               = 321912832                                 {product} {ergonomic}
   size_t MinHeapDeltaBytes                        = 1048576                                   {product} {ergonomic}
   size_t MinHeapSize                              = 268435456                                 {product} {command line}
    uintx NonNMethodCodeHeapSize                   = 5839372                                {pd product} {ergonomic}
    uintx NonProfiledCodeHeapSize                  = 122909434                              {pd product} {ergonomic}
    uintx ProfiledCodeHeapSize                     = 122909434                              {pd product} {ergonomic}
    uintx ReservedCodeCacheSize                    = 251658240                              {pd product} {ergonomic}
     bool SegmentedCodeCache                       = true                                      {product} {ergonomic}
   size_t SoftMaxHeapSize                          = 536870912                              {manageable} {ergonomic}
     bool UseCompressedClassPointers               = true                           {product lp64_product} {ergonomic}
     bool UseCompressedOops                        = true                           {product lp64_product} {ergonomic}
     bool UseG1GC                                  = true                                      {product} {ergonomic}
     bool UseLargePagesIndividualAllocation        = false                                  {pd product} {ergonomic}

Logging:
Log output configuration:
 #0: stdout all=warning uptime,level,tags
 #1: stderr all=off uptime,level,tags

Environment Variables:
JAVA_HOME=C:\Program Files\Java\jdk-17.0.2
PATH=C:\Program Files\Common Files\Oracle\Java\javapath;C:\app\Mohan\product\21c\dbhomeXE\bin;C:\WINDOWS\system32;C:\WINDOWS;C:\WINDOWS\System32\Wbem;C:\WINDOWS\System32\WindowsPowerShell\v1.0\;C:\WINDOWS\System32\OpenSSH\;C:\Program Files\PuTTY\;C:\msys64\mingw64\bin;C:\apache-maven-3.9.6\bin;C:\Program Files\nodejs\;C:\Gradle\gradle-8.5\bin;C:\Program Files\PowerShell\7\;C:\Program Files\Git\cmd;C:\Program Files\MySQL\MySQL Shell 8.0\bin\;C:\Users\Mohan NS\AppData\Local\Microsoft\WindowsApps;C:\Users\Mohan NS\AppData\Local\GitHubDesktop\bin;C:\Program Files\JetBrains\IntelliJ IDEA 2023.2.2\bin;;C:\Program Files\JetBrains\IntelliJ IDEA Community Edition 2023.1.2\bin;;C:\Users\Mohan NS\AppData\Local\Programs\Microsoft VS Code\bin;C:\Program Files\Git\bin\;C:\Program Files\Git\cmd\;C:\Program Files\JetBrains\PyCharm 2023.2.4\bin;;C:\Program Files\Neovim\bin;C:\Users\Mohan NS\AppData\Local\Microsoft\WinGet\Packages\BurntSushi.ripgrep.MSVC_Microsoft.Winget.Source_8wekyb3d8bbwe\ripgrep-14.0.3-x86_64-pc-windows-msvc;C:\Users\Mohan NS\AppData\Roaming\npm;C:\Users\Mohan NS\AppData\Local\Programs\oh-my-posh\bin;C:\Program Files\PostgreSQL\16\bin;
USERNAME=Mohan NS
OS=Windows_NT
PROCESSOR_IDENTIFIER=Intel64 Family 6 Model 140 Stepping 1, GenuineIntel



---------------  S Y S T E M  ---------------

OS:
 Windows 11 , 64 bit Build 22621 (10.0.22621.3085)
OS uptime: 0 days 14:51 hours

CPU: total 8 (initial active 8) (4 cores per cpu, 2 threads per core) family 6 model 140 stepping 1 microcode 0xa6, cx8, cmov, fxsr, ht, mmx, 3dnowpref, sse, sse2, sse3, ssse3, sse4.1, sse4.2, popcnt, lzcnt, tsc, tscinvbit, avx, avx2, aes, erms, clmul, bmi1, bmi2, adx, avx512f, avx512dq, avx512cd, avx512bw, avx512vl, sha, fma, vzeroupper, avx512_vpopcntdq, avx512_vpclmulqdq, avx512_vaes, avx512_vnni, clflush, clflushopt, clwb, avx512_vbmi2, avx512_vbmi

Memory: 4k page, system-wide physical 16029M (952M free)
TotalPageFile size 30663M (AvailPageFile size 1111M)
current process WorkingSet (physical memory assigned to process): 384M, peak: 396M
current process commit charge ("private bytes"): 490M, peak: 505M

vm_info: Java HotSpot(TM) 64-Bit Server VM (17.0.2+8-LTS-86) for windows-amd64 JRE (17.0.2+8-LTS-86), built on Dec  7 2021 21:51:03 by "mach5one" with MS VC++ 16.8 / 16.9 (VS2019)

END.
