#
# There is insufficient memory for the Java Runtime Environment to continue.
# Native memory allocation (malloc) failed to allocate 430576 bytes for Chunk::new
# Possible reasons:
#   The system is out of physical RAM or swap space
#   The process is running with CompressedOops enabled, and the Java Heap may be blocking the growth of the native heap
# Possible solutions:
#   Reduce memory load on the system
#   Increase physical memory or swap space
#   Check if swap backing store is full
#   Decrease Java heap size (-Xmx/-Xms)
#   Decrease number of Java threads
#   Decrease Java thread stack sizes (-Xss)
#   Set larger code cache with -XX:ReservedCodeCacheSize=
#   JVM is running with Unscaled Compressed Oops mode in which the Java heap is
#     placed in the first 4GB address space. The Java Heap base address is the
#     maximum limit for the native heap growth. Please use -XX:HeapBaseMinAddress
#     to set the Java Heap base and to place the Java Heap above 4GB virtual address.
# This output file may be truncated or incomplete.
#
#  Out of Memory Error (arena.cpp:189), pid=23868, tid=3948
#
# JRE version: Java(TM) SE Runtime Environment (17.0.2+8) (build 17.0.2+8-LTS-86)
# Java VM: Java HotSpot(TM) 64-Bit Server VM (17.0.2+8-LTS-86, mixed mode, sharing, tiered, compressed oops, compressed class ptrs, g1 gc, windows-amd64)
# No core dump will be written. Minidumps are not enabled by default on client versions of Windows
#

---------------  S U M M A R Y ------------

Command Line: --add-opens=java.base/java.util=ALL-UNNAMED --add-opens=java.base/java.lang=ALL-UNNAMED --add-opens=java.base/java.lang.invoke=ALL-UNNAMED --add-opens=java.prefs/java.util.prefs=ALL-UNNAMED --add-opens=java.base/java.nio.charset=ALL-UNNAMED --add-opens=java.base/java.net=ALL-UNNAMED --add-opens=java.base/java.util.concurrent.atomic=ALL-UNNAMED -XX:MaxMetaspaceSize=384m -XX:+HeapDumpOnOutOfMemoryError -Xms256m -Xmx512m -Dfile.encoding=windows-1252 -Duser.country=IN -Duser.language=en -Duser.variant -javaagent:C:\Users\Mohan NS\.gradle\wrapper\dists\gradle-8.5-bin\5t9huq95ubn472n8rpzujfbqh\gradle-8.5\lib\agents\gradle-instrumentation-agent-8.5.jar org.gradle.launcher.daemon.bootstrap.GradleDaemon 8.5

Host: 11th Gen Intel(R) Core(TM) i7-1185G7 @ 3.00GHz, 8 cores, 15G,  Windows 11 , 64 bit Build 22621 (10.0.22621.3085)
Time: Mon Feb 26 14:24:25 2024 India Standard Time elapsed time: 38.177226 seconds (0d 0h 0m 38s)

---------------  T H R E A D  ---------------

Current thread (0x00000234ade085b0):  JavaThread "C2 CompilerThread0" daemon [_thread_in_native, id=3948, stack(0x000000edad600000,0x000000edad700000)]


Current CompileTask:
C2:  38177 7895   !   4       io.spring.gradle.dependencymanagement.org.apache.maven.model.interpolation.StringSearchModelInterpolator$InterpolateObjectAction$ListField::doInterpolate (138 bytes)

Stack: [0x000000edad600000,0x000000edad700000]
Native frames: (J=compiled Java code, j=interpreted, Vv=VM code, C=native code)
V  [jvm.dll+0x670baa]
V  [jvm.dll+0x7cfcb4]
V  [jvm.dll+0x7d145e]
V  [jvm.dll+0x7d1ac3]
V  [jvm.dll+0x242bc5]
V  [jvm.dll+0xaa57b]
V  [jvm.dll+0xaab0c]
V  [jvm.dll+0x35fcb2]
V  [jvm.dll+0x1b9982]
V  [jvm.dll+0x215de9]
V  [jvm.dll+0x2150b1]
V  [jvm.dll+0x1a1bbd]
V  [jvm.dll+0x224908]
V  [jvm.dll+0x222a6c]
V  [jvm.dll+0x7859bb]
V  [jvm.dll+0x77ff7a]
V  [jvm.dll+0x66fa35]
C  [ucrtbase.dll+0x29363]
C  [KERNEL32.DLL+0x1257d]
C  [ntdll.dll+0x5aa58]


---------------  P R O C E S S  ---------------

Threads class SMR info:
_java_thread_list=0x00000234b1e3c2e0, length=129, elements={
0x0000023493568860, 0x00000234adde8130, 0x00000234adde8ce0, 0x00000234ade016f0,
0x00000234ade022a0, 0x00000234ade02e50, 0x00000234ade07820, 0x00000234ade085b0,
0x00000234ade09e80, 0x00000234ade0dd70, 0x00000234addd6060, 0x00000234ae92d5a0,
0x00000234b0aa6ae0, 0x00000234b02b7340, 0x00000234b09521d0, 0x00000234b00650f0,
0x00000234aff3ac90, 0x00000234b016a6d0, 0x00000234afb1db40, 0x00000234afa04760,
0x00000234afa038f0, 0x00000234afa03420, 0x00000234afa02f50, 0x00000234afa03dc0,
0x00000234b148c520, 0x00000234b14916f0, 0x00000234b148d860, 0x00000234b148c050,
0x00000234b1492f00, 0x00000234b148cec0, 0x00000234b148eba0, 0x00000234b14938a0,
0x00000234b148d390, 0x00000234b148dd30, 0x00000234b1492a30, 0x00000234b148f070,
0x00000234b148f540, 0x00000234b148e6d0, 0x00000234b1492090, 0x00000234b1492560,
0x00000234b1c5dd60, 0x00000234b1c5d3c0, 0x00000234b1c603e0, 0x00000234b1c59a00,
0x00000234b1c59060, 0x00000234b1c5e700, 0x00000234b1c5ad40, 0x00000234b1c608b0,
0x00000234b1c59530, 0x00000234b1c5fa40, 0x00000234b1c59ed0, 0x00000234b1c5b6e0,
0x00000234b1c5a3a0, 0x00000234b1c5a870, 0x00000234b1c5b210, 0x00000234b1c5bbb0,
0x00000234b1c5c080, 0x00000234b1c5d890, 0x00000234b1c5c550, 0x00000234b1c5ca20,
0x00000234b1c5e230, 0x00000234b1c5ebd0, 0x00000234af99e2e0, 0x00000234af99f620,
0x00000234af99f150, 0x00000234af9a2640, 0x00000234af9a2b10, 0x00000234af9a0490,
0x00000234af99faf0, 0x00000234af99ffc0, 0x00000234af9a0960, 0x00000234af9a4320,
0x00000234af9a0e30, 0x00000234af9a1300, 0x00000234af99cfa0, 0x00000234af9a2fe0,
0x00000234af99d470, 0x00000234af9a34b0, 0x00000234af9a17d0, 0x00000234af9a3980,
0x00000234af9a3e50, 0x00000234af9a1ca0, 0x00000234af99cad0, 0x00000234af99d940,
0x00000234af99de10, 0x00000234b1368340, 0x00000234b13691b0, 0x00000234b1369b50,
0x00000234b1362ca0, 0x00000234b1368810, 0x00000234b1363b10, 0x00000234b1369680,
0x00000234b13674d0, 0x00000234b1363170, 0x00000234b1365cc0, 0x00000234b136a020,
0x00000234b1366b30, 0x00000234b13627d0, 0x00000234b13679a0, 0x00000234b1366660,
0x00000234b1367e70, 0x00000234b1363640, 0x00000234b1363fe0, 0x00000234b13644b0,
0x00000234b1364980, 0x00000234b13657f0, 0x00000234b1364e50, 0x00000234b1365320,
0x00000234b1366190, 0x00000234b1368ce0, 0x00000234b0ef9720, 0x00000234b0efc270,
0x00000234b0efe420, 0x00000234b0efe8f0, 0x00000234b0ef83e0, 0x00000234b0efda80,
0x00000234b0efedc0, 0x00000234b0ef88b0, 0x00000234b0ef9250, 0x00000234b0eff760,
0x00000234b0efdf50, 0x00000234b0efaa60, 0x00000234b0efb400, 0x00000234b0efc740,
0x00000234b0eff290, 0x00000234b0efb8d0, 0x00000234b0ef8d80, 0x00000234b0ef7f10,
0x00000234b0ef9bf0
}

Java Threads: ( => current thread )
  0x0000023493568860 JavaThread "main" [_thread_blocked, id=18972, stack(0x000000edac900000,0x000000edaca00000)]
  0x00000234adde8130 JavaThread "Reference Handler" daemon [_thread_blocked, id=2376, stack(0x000000edad000000,0x000000edad100000)]
  0x00000234adde8ce0 JavaThread "Finalizer" daemon [_thread_blocked, id=22160, stack(0x000000edad100000,0x000000edad200000)]
  0x00000234ade016f0 JavaThread "Signal Dispatcher" daemon [_thread_blocked, id=23384, stack(0x000000edad200000,0x000000edad300000)]
  0x00000234ade022a0 JavaThread "Attach Listener" daemon [_thread_blocked, id=23996, stack(0x000000edad300000,0x000000edad400000)]
  0x00000234ade02e50 JavaThread "Service Thread" daemon [_thread_blocked, id=16140, stack(0x000000edad400000,0x000000edad500000)]
  0x00000234ade07820 JavaThread "Monitor Deflation Thread" daemon [_thread_blocked, id=23180, stack(0x000000edad500000,0x000000edad600000)]
=>0x00000234ade085b0 JavaThread "C2 CompilerThread0" daemon [_thread_in_native, id=3948, stack(0x000000edad600000,0x000000edad700000)]
  0x00000234ade09e80 JavaThread "C1 CompilerThread0" daemon [_thread_blocked, id=23232, stack(0x000000edad700000,0x000000edad800000)]
  0x00000234ade0dd70 JavaThread "Sweeper thread" daemon [_thread_blocked, id=1056, stack(0x000000edad800000,0x000000edad900000)]
  0x00000234addd6060 JavaThread "Common-Cleaner" daemon [_thread_blocked, id=14040, stack(0x000000edad900000,0x000000edada00000)]
  0x00000234ae92d5a0 JavaThread "Notification Thread" daemon [_thread_blocked, id=23788, stack(0x000000edada00000,0x000000edadb00000)]
  0x00000234b0aa6ae0 JavaThread "Daemon health stats" [_thread_blocked, id=20152, stack(0x000000edae300000,0x000000edae400000)]
  0x00000234b02b7340 JavaThread "Incoming local TCP Connector on port 63586" [_thread_in_native, id=6428, stack(0x000000edae200000,0x000000edae300000)]
  0x00000234b09521d0 JavaThread "Daemon periodic checks" [_thread_blocked, id=25364, stack(0x000000edae400000,0x000000edae500000)]
  0x00000234b00650f0 JavaThread "Daemon" [_thread_blocked, id=6248, stack(0x000000edae500000,0x000000edae600000)]
  0x00000234aff3ac90 JavaThread "Handler for socket connection from /127.0.0.1:63586 to /127.0.0.1:63588" [_thread_in_native, id=24132, stack(0x000000edae600000,0x000000edae700000)]
  0x00000234b016a6d0 JavaThread "Cancel handler" [_thread_blocked, id=11700, stack(0x000000edae700000,0x000000edae800000)]
  0x00000234afb1db40 JavaThread "Daemon worker" [_thread_blocked, id=16504, stack(0x000000edae800000,0x000000edae900000)]
  0x00000234afa04760 JavaThread "Asynchronous log dispatcher for DefaultDaemonConnection: socket connection from /127.0.0.1:63586 to /127.0.0.1:63588" [_thread_blocked, id=23800, stack(0x000000edae900000,0x000000edaea00000)]
  0x00000234afa038f0 JavaThread "Stdin handler" [_thread_blocked, id=22184, stack(0x000000edaea00000,0x000000edaeb00000)]
  0x00000234afa03420 JavaThread "Daemon client event forwarder" [_thread_blocked, id=23372, stack(0x000000edaeb00000,0x000000edaec00000)]
  0x00000234afa02f50 JavaThread "Cache worker for journal cache (C:\Users\Mohan NS\.gradle\caches\journal-1)" [_thread_blocked, id=12564, stack(0x000000edaec00000,0x000000edaed00000)]
  0x00000234afa03dc0 JavaThread "File lock request listener" [_thread_in_native, id=21624, stack(0x000000edaed00000,0x000000edaee00000)]
  0x00000234b148c520 JavaThread "File lock release action executor" [_thread_in_vm, id=576, stack(0x000000edadc00000,0x000000edadd00000)]
  0x00000234b14916f0 JavaThread "Cache worker for file hash cache (C:\Users\Mohan NS\.gradle\caches\8.5\fileHashes)" [_thread_blocked, id=17716, stack(0x000000edaef00000,0x000000edaf000000)]
  0x00000234b148d860 JavaThread "File watcher server" daemon [_thread_in_native, id=11116, stack(0x000000edaf100000,0x000000edaf200000)]
  0x00000234b148c050 JavaThread "File watcher consumer" daemon [_thread_blocked, id=24516, stack(0x000000edaee00000,0x000000edaef00000)]
  0x00000234b1492f00 JavaThread "Cache worker for checksums cache (C:\Users\Mohan NS\Desktop\BlindApp-UserService\.gradle\8.5\checksums)" [_thread_blocked, id=12832, stack(0x000000edaf400000,0x000000edaf500000)]
  0x00000234b148cec0 JavaThread "Cache worker for file hash cache (C:\Users\Mohan NS\Desktop\BlindApp-UserService\.gradle\8.5\fileHashes)" [_thread_blocked, id=22256, stack(0x000000edaf500000,0x000000edaf600000)]
  0x00000234b148eba0 JavaThread "Cache worker for cache directory md-supplier (C:\Users\Mohan NS\.gradle\caches\8.5\md-supplier)" [_thread_blocked, id=12476, stack(0x000000edaf600000,0x000000edaf700000)]
  0x00000234b14938a0 JavaThread "Cache worker for cache directory md-rule (C:\Users\Mohan NS\.gradle\caches\8.5\md-rule)" [_thread_blocked, id=588, stack(0x000000edaf700000,0x000000edaf800000)]
  0x00000234b148d390 JavaThread "Cache worker for file content cache (C:\Users\Mohan NS\.gradle\caches\8.5\fileContent)" [_thread_blocked, id=22328, stack(0x000000edaf800000,0x000000edaf900000)]
  0x00000234b148dd30 JavaThread "Cache worker for execution history cache (C:\Users\Mohan NS\.gradle\caches\8.5\executionHistory)" [_thread_blocked, id=25088, stack(0x000000edaf900000,0x000000edafa00000)]
  0x00000234b1492a30 JavaThread "jar transforms" [_thread_blocked, id=25024, stack(0x000000edafc00000,0x000000edafd00000)]
  0x00000234b148f070 JavaThread "jar transforms Thread 2" [_thread_blocked, id=15184, stack(0x000000edafd00000,0x000000edafe00000)]
  0x00000234b148f540 JavaThread "Daemon Thread 2" [_thread_blocked, id=20356, stack(0x000000edafe00000,0x000000edaff00000)]
  0x00000234b148e6d0 JavaThread "jar transforms Thread 3" [_thread_blocked, id=19768, stack(0x000000edafb00000,0x000000edafc00000)]
  0x00000234b1492090 JavaThread "jar transforms Thread 4" [_thread_blocked, id=17088, stack(0x000000edafa00000,0x000000edafb00000)]
  0x00000234b1492560 JavaThread "jar transforms Thread 5" [_thread_blocked, id=18280, stack(0x000000edb0000000,0x000000edb0100000)]
  0x00000234b1c5dd60 JavaThread "jar transforms Thread 6" [_thread_blocked, id=12536, stack(0x000000edaff00000,0x000000edb0000000)]
  0x00000234b1c5d3c0 JavaThread "Cache worker for dependencies-accessors (C:\Users\Mohan NS\Desktop\BlindApp-UserService\.gradle\8.5\dependencies-accessors)" [_thread_blocked, id=3228, stack(0x000000edb0200000,0x000000edb0300000)]
  0x00000234b1c603e0 JavaThread "jar transforms Thread 7" [_thread_blocked, id=6328, stack(0x000000edb0100000,0x000000edb0200000)]
  0x00000234b1c59a00 JavaThread "Cache worker for Build Output Cleanup Cache (C:\Users\Mohan NS\Desktop\BlindApp-UserService\.gradle\buildOutputCleanup)" [_thread_blocked, id=18136, stack(0x000000edb0300000,0x000000edb0400000)]
  0x00000234b1c59060 JavaThread "Unconstrained build operations" [_thread_blocked, id=18060, stack(0x000000edb0400000,0x000000edb0500000)]
  0x00000234b1c5e700 JavaThread "Unconstrained build operations Thread 2" [_thread_blocked, id=2304, stack(0x000000edb0500000,0x000000edb0600000)]
  0x00000234b1c5ad40 JavaThread "Unconstrained build operations Thread 3" [_thread_blocked, id=8108, stack(0x000000edb0600000,0x000000edb0700000)]
  0x00000234b1c608b0 JavaThread "Unconstrained build operations Thread 4" [_thread_blocked, id=17684, stack(0x000000edb0700000,0x000000edb0800000)]
  0x00000234b1c59530 JavaThread "Unconstrained build operations Thread 5" [_thread_blocked, id=24980, stack(0x000000edb0800000,0x000000edb0900000)]
  0x00000234b1c5fa40 JavaThread "Unconstrained build operations Thread 6" [_thread_blocked, id=12540, stack(0x000000edb0900000,0x000000edb0a00000)]
  0x00000234b1c59ed0 JavaThread "Unconstrained build operations Thread 7" [_thread_blocked, id=22432, stack(0x000000edb0a00000,0x000000edb0b00000)]
  0x00000234b1c5b6e0 JavaThread "jar transforms Thread 8" [_thread_blocked, id=9456, stack(0x000000edb0c00000,0x000000edb0d00000)]
  0x00000234b1c5a3a0 JavaThread "Memory manager" [_thread_blocked, id=20932, stack(0x000000edb0d00000,0x000000edb0e00000)]
  0x00000234b1c5a870 JavaThread "included builds" [_thread_blocked, id=24776, stack(0x000000edb0e00000,0x000000edb0f00000)]
  0x00000234b1c5b210 JavaThread "Execution worker" [_thread_blocked, id=15984, stack(0x000000edb0f00000,0x000000edb1000000)]
  0x00000234b1c5bbb0 JavaThread "Execution worker Thread 2" [_thread_blocked, id=20112, stack(0x000000edb1000000,0x000000edb1100000)]
  0x00000234b1c5c080 JavaThread "Execution worker Thread 3" [_thread_in_native, id=15440, stack(0x000000edb1100000,0x000000edb1200000)]
  0x00000234b1c5d890 JavaThread "Execution worker Thread 4" [_thread_blocked, id=19788, stack(0x000000edb1200000,0x000000edb1300000)]
  0x00000234b1c5c550 JavaThread "Execution worker Thread 5" [_thread_blocked, id=21888, stack(0x000000edb1300000,0x000000edb1400000)]
  0x00000234b1c5ca20 JavaThread "Execution worker Thread 6" [_thread_blocked, id=20384, stack(0x000000edb1400000,0x000000edb1500000)]
  0x00000234b1c5e230 JavaThread "Execution worker Thread 7" [_thread_blocked, id=11200, stack(0x000000edb1500000,0x000000edb1600000)]
  0x00000234b1c5ebd0 JavaThread "Cache worker for execution history cache (C:\Users\Mohan NS\Desktop\BlindApp-UserService\.gradle\8.5\executionHistory)" [_thread_blocked, id=10544, stack(0x000000edb1600000,0x000000edb1700000)]
  0x00000234af99e2e0 JavaThread "Unconstrained build operations Thread 8" [_thread_blocked, id=26064, stack(0x000000edb1900000,0x000000edb1a00000)]
  0x00000234af99f620 JavaThread "Unconstrained build operations Thread 9" [_thread_blocked, id=14116, stack(0x000000edb1800000,0x000000edb1900000)]
  0x00000234af99f150 JavaThread "Unconstrained build operations Thread 10" [_thread_blocked, id=23276, stack(0x000000edb1a00000,0x000000edb1b00000)]
  0x00000234af9a2640 JavaThread "Unconstrained build operations Thread 11" [_thread_blocked, id=14760, stack(0x000000edb1b00000,0x000000edb1c00000)]
  0x00000234af9a2b10 JavaThread "Unconstrained build operations Thread 12" [_thread_blocked, id=18532, stack(0x000000edb1c00000,0x000000edb1d00000)]
  0x00000234af9a0490 JavaThread "Unconstrained build operations Thread 13" [_thread_blocked, id=11004, stack(0x000000edb1d00000,0x000000edb1e00000)]
  0x00000234af99faf0 JavaThread "Unconstrained build operations Thread 14" [_thread_blocked, id=25856, stack(0x000000edb1e00000,0x000000edb1f00000)]
  0x00000234af99ffc0 JavaThread "Unconstrained build operations Thread 15" [_thread_blocked, id=3716, stack(0x000000edb1f00000,0x000000edb2000000)]
  0x00000234af9a0960 JavaThread "Unconstrained build operations Thread 16" [_thread_blocked, id=22292, stack(0x000000edb2100000,0x000000edb2200000)]
  0x00000234af9a4320 JavaThread "Unconstrained build operations Thread 17" [_thread_blocked, id=17804, stack(0x000000edb2200000,0x000000edb2300000)]
  0x00000234af9a0e30 JavaThread "Unconstrained build operations Thread 18" [_thread_blocked, id=20316, stack(0x000000edb2300000,0x000000edb2400000)]
  0x00000234af9a1300 JavaThread "Unconstrained build operations Thread 19" [_thread_blocked, id=24300, stack(0x000000edb2400000,0x000000edb2500000)]
  0x00000234af99cfa0 JavaThread "Unconstrained build operations Thread 20" [_thread_blocked, id=1820, stack(0x000000edb2500000,0x000000edb2600000)]
  0x00000234af9a2fe0 JavaThread "Unconstrained build operations Thread 21" [_thread_blocked, id=24768, stack(0x000000edb2600000,0x000000edb2700000)]
  0x00000234af99d470 JavaThread "Unconstrained build operations Thread 22" [_thread_blocked, id=23648, stack(0x000000edb2700000,0x000000edb2800000)]
  0x00000234af9a34b0 JavaThread "Unconstrained build operations Thread 23" [_thread_blocked, id=20392, stack(0x000000edb2800000,0x000000edb2900000)]
  0x00000234af9a17d0 JavaThread "Unconstrained build operations Thread 24" [_thread_blocked, id=11732, stack(0x000000edb2900000,0x000000edb2a00000)]
  0x00000234af9a3980 JavaThread "Unconstrained build operations Thread 25" [_thread_blocked, id=14888, stack(0x000000edb2a00000,0x000000edb2b00000)]
  0x00000234af9a3e50 JavaThread "Unconstrained build operations Thread 26" [_thread_blocked, id=6548, stack(0x000000edb2b00000,0x000000edb2c00000)]
  0x00000234af9a1ca0 JavaThread "Unconstrained build operations Thread 27" [_thread_blocked, id=18784, stack(0x000000edb2c00000,0x000000edb2d00000)]
  0x00000234af99cad0 JavaThread "Unconstrained build operations Thread 28" [_thread_blocked, id=25620, stack(0x000000edb2d00000,0x000000edb2e00000)]
  0x00000234af99d940 JavaThread "Unconstrained build operations Thread 29" [_thread_blocked, id=23608, stack(0x000000edb2e00000,0x000000edb2f00000)]
  0x00000234af99de10 JavaThread "Unconstrained build operations Thread 30" [_thread_blocked, id=16212, stack(0x000000edb2f00000,0x000000edb3000000)]
  0x00000234b1368340 JavaThread "Unconstrained build operations Thread 31" [_thread_blocked, id=16256, stack(0x000000edb3000000,0x000000edb3100000)]
  0x00000234b13691b0 JavaThread "Unconstrained build operations Thread 32" [_thread_blocked, id=21412, stack(0x000000edb3100000,0x000000edb3200000)]
  0x00000234b1369b50 JavaThread "Unconstrained build operations Thread 33" [_thread_blocked, id=13580, stack(0x000000edb3200000,0x000000edb3300000)]
  0x00000234b1362ca0 JavaThread "Unconstrained build operations Thread 34" [_thread_blocked, id=21948, stack(0x000000edb3300000,0x000000edb3400000)]
  0x00000234b1368810 JavaThread "Unconstrained build operations Thread 35" [_thread_blocked, id=4312, stack(0x000000edb3400000,0x000000edb3500000)]
  0x00000234b1363b10 JavaThread "Unconstrained build operations Thread 36" [_thread_blocked, id=20780, stack(0x000000edb3500000,0x000000edb3600000)]
  0x00000234b1369680 JavaThread "Unconstrained build operations Thread 37" [_thread_blocked, id=3116, stack(0x000000edb3600000,0x000000edb3700000)]
  0x00000234b13674d0 JavaThread "Unconstrained build operations Thread 38" [_thread_blocked, id=8856, stack(0x000000edb3700000,0x000000edb3800000)]
  0x00000234b1363170 JavaThread "Unconstrained build operations Thread 39" [_thread_blocked, id=6096, stack(0x000000edb3800000,0x000000edb3900000)]
  0x00000234b1365cc0 JavaThread "Unconstrained build operations Thread 40" [_thread_blocked, id=19216, stack(0x000000edb2000000,0x000000edb2100000)]
  0x00000234b136a020 JavaThread "Unconstrained build operations Thread 41" [_thread_blocked, id=8012, stack(0x000000edb3900000,0x000000edb3a00000)]
  0x00000234b1366b30 JavaThread "Unconstrained build operations Thread 42" [_thread_blocked, id=11772, stack(0x000000edb3a00000,0x000000edb3b00000)]
  0x00000234b13627d0 JavaThread "Unconstrained build operations Thread 43" [_thread_blocked, id=16464, stack(0x000000edb3b00000,0x000000edb3c00000)]
  0x00000234b13679a0 JavaThread "Unconstrained build operations Thread 44" [_thread_blocked, id=21268, stack(0x000000edb3c00000,0x000000edb3d00000)]
  0x00000234b1366660 JavaThread "Unconstrained build operations Thread 45" [_thread_blocked, id=14976, stack(0x000000edb3d00000,0x000000edb3e00000)]
  0x00000234b1367e70 JavaThread "Unconstrained build operations Thread 46" [_thread_blocked, id=676, stack(0x000000edb3e00000,0x000000edb3f00000)]
  0x00000234b1363640 JavaThread "Unconstrained build operations Thread 47" [_thread_blocked, id=7736, stack(0x000000edb3f00000,0x000000edb4000000)]
  0x00000234b1363fe0 JavaThread "Unconstrained build operations Thread 48" [_thread_blocked, id=2816, stack(0x000000edb4000000,0x000000edb4100000)]
  0x00000234b13644b0 JavaThread "Unconstrained build operations Thread 49" [_thread_blocked, id=21800, stack(0x000000edb4100000,0x000000edb4200000)]
  0x00000234b1364980 JavaThread "Unconstrained build operations Thread 50" [_thread_blocked, id=25552, stack(0x000000edb4200000,0x000000edb4300000)]
  0x00000234b13657f0 JavaThread "Unconstrained build operations Thread 51" [_thread_blocked, id=16176, stack(0x000000edb4300000,0x000000edb4400000)]
  0x00000234b1364e50 JavaThread "Unconstrained build operations Thread 52" [_thread_blocked, id=21920, stack(0x000000edb4400000,0x000000edb4500000)]
  0x00000234b1365320 JavaThread "Unconstrained build operations Thread 53" [_thread_blocked, id=19088, stack(0x000000edb4500000,0x000000edb4600000)]
  0x00000234b1366190 JavaThread "Unconstrained build operations Thread 54" [_thread_blocked, id=20108, stack(0x000000edb4600000,0x000000edb4700000)]
  0x00000234b1368ce0 JavaThread "Unconstrained build operations Thread 55" [_thread_blocked, id=21124, stack(0x000000edb4700000,0x000000edb4800000)]
  0x00000234b0ef9720 JavaThread "Unconstrained build operations Thread 56" [_thread_blocked, id=22444, stack(0x000000edb4800000,0x000000edb4900000)]
  0x00000234b0efc270 JavaThread "Unconstrained build operations Thread 57" [_thread_blocked, id=608, stack(0x000000edb4900000,0x000000edb4a00000)]
  0x00000234b0efe420 JavaThread "Unconstrained build operations Thread 58" [_thread_blocked, id=18640, stack(0x000000edb4a00000,0x000000edb4b00000)]
  0x00000234b0efe8f0 JavaThread "Unconstrained build operations Thread 59" [_thread_blocked, id=27148, stack(0x000000edac600000,0x000000edac700000)]
  0x00000234b0ef83e0 JavaThread "Unconstrained build operations Thread 60" [_thread_blocked, id=27168, stack(0x000000edac700000,0x000000edac800000)]
  0x00000234b0efda80 JavaThread "Unconstrained build operations Thread 61" [_thread_blocked, id=27292, stack(0x000000edac800000,0x000000edac900000)]
  0x00000234b0efedc0 JavaThread "Unconstrained build operations Thread 62" [_thread_blocked, id=27304, stack(0x000000edb4b00000,0x000000edb4c00000)]
  0x00000234b0ef88b0 JavaThread "Unconstrained build operations Thread 63" [_thread_blocked, id=27392, stack(0x000000edb4c00000,0x000000edb4d00000)]
  0x00000234b0ef9250 JavaThread "Unconstrained build operations Thread 64" [_thread_blocked, id=26252, stack(0x000000edb4d00000,0x000000edb4e00000)]
  0x00000234b0eff760 JavaThread "Unconstrained build operations Thread 65" [_thread_blocked, id=26176, stack(0x000000edb5000000,0x000000edb5100000)]
  0x00000234b0efdf50 JavaThread "Unconstrained build operations Thread 66" [_thread_blocked, id=26208, stack(0x000000edb5100000,0x000000edb5200000)]
  0x00000234b0efaa60 JavaThread "Unconstrained build operations Thread 67" [_thread_blocked, id=26020, stack(0x000000edb5200000,0x000000edb5300000)]
  0x00000234b0efb400 JavaThread "Unconstrained build operations Thread 68" [_thread_blocked, id=22228, stack(0x000000edb5300000,0x000000edb5400000)]
  0x00000234b0efc740 JavaThread "Unconstrained build operations Thread 69" [_thread_blocked, id=26476, stack(0x000000edb5400000,0x000000edb5500000)]
  0x00000234b0eff290 JavaThread "Unconstrained build operations Thread 70" [_thread_blocked, id=21472, stack(0x000000edb5500000,0x000000edb5600000)]
  0x00000234b0efb8d0 JavaThread "Unconstrained build operations Thread 71" [_thread_blocked, id=27340, stack(0x000000edb5600000,0x000000edb5700000)]
  0x00000234b0ef8d80 JavaThread "Unconstrained build operations Thread 72" [_thread_blocked, id=27336, stack(0x000000edb5700000,0x000000edb5800000)]
  0x00000234b0ef7f10 JavaThread "Unconstrained build operations Thread 73" [_thread_blocked, id=21348, stack(0x000000edb5800000,0x000000edb5900000)]
  0x00000234b0ef9bf0 JavaThread "Unconstrained build operations Thread 74" [_thread_new, id=22456, stack(0x0000000000000000,0x0000000000000000)]

Other Threads:
  0x00000234adde42a0 VMThread "VM Thread" [stack: 0x000000edacf00000,0x000000edad000000] [id=21484]
  0x00000234ae99b080 WatcherThread [stack: 0x000000edadb00000,0x000000edadc00000] [id=19880]
  0x00000234935906a0 GCTaskThread "GC Thread#0" [stack: 0x000000edaca00000,0x000000edacb00000] [id=24236]
  0x00000234af6a3d00 GCTaskThread "GC Thread#1" [stack: 0x000000edadd00000,0x000000edade00000] [id=612]
  0x00000234afa57de0 GCTaskThread "GC Thread#2" [stack: 0x000000edade00000,0x000000edadf00000] [id=17508]
  0x00000234aeedd1f0 GCTaskThread "GC Thread#3" [stack: 0x000000edadf00000,0x000000edae000000] [id=3084]
  0x00000234aeedd4a0 GCTaskThread "GC Thread#4" [stack: 0x000000edae000000,0x000000edae100000] [id=22532]
  0x00000234af2f1d10 GCTaskThread "GC Thread#5" [stack: 0x000000edae100000,0x000000edae200000] [id=7940]
  0x00000234b21be700 GCTaskThread "GC Thread#6" [stack: 0x000000edaf000000,0x000000edaf100000] [id=3508]
  0x00000234b1f90890 GCTaskThread "GC Thread#7" [stack: 0x000000edaf200000,0x000000edaf300000] [id=21420]
  0x00000234935955e0 ConcurrentGCThread "G1 Main Marker" [stack: 0x000000edacb00000,0x000000edacc00000] [id=20252]
  0x0000023493596790 ConcurrentGCThread "G1 Conc#0" [stack: 0x000000edacc00000,0x000000edacd00000] [id=7372]
  0x00000234b18f78c0 ConcurrentGCThread "G1 Conc#1" [stack: 0x000000edaf300000,0x000000edaf400000] [id=5504]
  0x00000234adca44e0 ConcurrentGCThread "G1 Refine#0" [stack: 0x000000edacd00000,0x000000edace00000] [id=9028]
  0x00000234b1190a90 ConcurrentGCThread "G1 Refine#1" [stack: 0x000000edb0b00000,0x000000edb0c00000] [id=15304]
  0x00000234b1191050 ConcurrentGCThread "G1 Refine#2" [stack: 0x000000edb1700000,0x000000edb1800000] [id=3140]
  0x00000234adca4e10 ConcurrentGCThread "G1 Service" [stack: 0x000000edace00000,0x000000edacf00000] [id=13036]

Threads with active compile tasks:
C2 CompilerThread0    38257 7895   !   4       io.spring.gradle.dependencymanagement.org.apache.maven.model.interpolation.StringSearchModelInterpolator$InterpolateObjectAction$ListField::doInterpolate (138 bytes)

VM state: not at safepoint (normal execution)

VM Mutex/Monitor currently owned by a thread: None

Heap address: 0x00000000e0000000, size: 512 MB, Compressed Oops mode: 32-bit

CDS archive(s) mapped at: [0x0000000800000000-0x0000000800bc0000-0x0000000800bc0000), size 12320768, SharedBaseAddress: 0x0000000800000000, ArchiveRelocationMode: 0.
Compressed class space mapped at: 0x0000000800c00000-0x0000000814000000, reserved size: 322961408
Narrow klass base: 0x0000000800000000, Narrow klass shift: 0, Narrow klass range: 0x100000000

GC Precious Log:
 CPUs: 8 total, 8 available
 Memory: 16029M
 Large Page Support: Disabled
 NUMA Support: Disabled
 Compressed Oops: Enabled (32-bit)
 Heap Region Size: 1M
 Heap Min Capacity: 256M
 Heap Initial Capacity: 256M
 Heap Max Capacity: 512M
 Pre-touch: Disabled
 Parallel Workers: 8
 Concurrent Workers: 2
 Concurrent Refinement Workers: 8
 Periodic GC: Disabled

Heap:
 garbage-first heap   total 262144K, used 119147K [0x00000000e0000000, 0x0000000100000000)
  region size 1024K, 80 young (81920K), 2 survivors (2048K)
 Metaspace       used 51867K, committed 52416K, reserved 364544K
  class space    used 7292K, committed 7552K, reserved 315392K

Heap Regions: E=young(eden), S=young(survivor), O=old, HS=humongous(starts), HC=humongous(continues), CS=collection set, F=free, OA=open archive, CA=closed archive, TAMS=top-at-mark-start (previous, next)
|   0|0x00000000e0000000, 0x00000000e0100000, 0x00000000e0100000|100%|HS|  |TAMS 0x00000000e0100000, 0x00000000e0000000| Complete 
|   1|0x00000000e0100000, 0x00000000e0200000, 0x00000000e0200000|100%|HC|  |TAMS 0x00000000e0200000, 0x00000000e0100000| Complete 
|   2|0x00000000e0200000, 0x00000000e0300000, 0x00000000e0300000|100%|HC|  |TAMS 0x00000000e0300000, 0x00000000e0200000| Complete 
|   3|0x00000000e0300000, 0x00000000e0400000, 0x00000000e0400000|100%|HC|  |TAMS 0x00000000e0400000, 0x00000000e0300000| Complete 
|   4|0x00000000e0400000, 0x00000000e0500000, 0x00000000e0500000|100%| O|  |TAMS 0x00000000e0500000, 0x00000000e0400000| Untracked 
|   5|0x00000000e0500000, 0x00000000e0600000, 0x00000000e0600000|100%| O|  |TAMS 0x00000000e0500000, 0x00000000e0500000| Untracked 
|   6|0x00000000e0600000, 0x00000000e0700000, 0x00000000e0700000|100%| O|  |TAMS 0x00000000e0700000, 0x00000000e0600000| Untracked 
|   7|0x00000000e0700000, 0x00000000e0800000, 0x00000000e0800000|100%| O|  |TAMS 0x00000000e0800000, 0x00000000e0700000| Untracked 
|   8|0x00000000e0800000, 0x00000000e0900000, 0x00000000e0900000|100%| O|  |TAMS 0x00000000e0900000, 0x00000000e0800000| Untracked 
|   9|0x00000000e0900000, 0x00000000e0a00000, 0x00000000e0a00000|100%| O|  |TAMS 0x00000000e0a00000, 0x00000000e0900000| Untracked 
|  10|0x00000000e0a00000, 0x00000000e0a00000, 0x00000000e0b00000|  0%| F|  |TAMS 0x00000000e0a00000, 0x00000000e0a00000| Untracked 
|  11|0x00000000e0b00000, 0x00000000e0c00000, 0x00000000e0c00000|100%| O|  |TAMS 0x00000000e0c00000, 0x00000000e0b00000| Untracked 
|  12|0x00000000e0c00000, 0x00000000e0d00000, 0x00000000e0d00000|100%| O|  |TAMS 0x00000000e0d00000, 0x00000000e0c00000| Untracked 
|  13|0x00000000e0d00000, 0x00000000e0e00000, 0x00000000e0e00000|100%| O|  |TAMS 0x00000000e0e00000, 0x00000000e0d00000| Untracked 
|  14|0x00000000e0e00000, 0x00000000e0f00000, 0x00000000e0f00000|100%| O|  |TAMS 0x00000000e0f00000, 0x00000000e0e00000| Untracked 
|  15|0x00000000e0f00000, 0x00000000e1000000, 0x00000000e1000000|100%| O|  |TAMS 0x00000000e1000000, 0x00000000e0f00000| Untracked 
|  16|0x00000000e1000000, 0x00000000e1100000, 0x00000000e1100000|100%| O|  |TAMS 0x00000000e1100000, 0x00000000e1000000| Untracked 
|  17|0x00000000e1100000, 0x00000000e1200000, 0x00000000e1200000|100%| O|  |TAMS 0x00000000e1200000, 0x00000000e1100000| Untracked 
|  18|0x00000000e1200000, 0x00000000e1300000, 0x00000000e1300000|100%| O|  |TAMS 0x00000000e1300000, 0x00000000e1200000| Untracked 
|  19|0x00000000e1300000, 0x00000000e1400000, 0x00000000e1400000|100%| O|  |TAMS 0x00000000e1400000, 0x00000000e1300000| Untracked 
|  20|0x00000000e1400000, 0x00000000e1500000, 0x00000000e1500000|100%| O|  |TAMS 0x00000000e1500000, 0x00000000e1400000| Untracked 
|  21|0x00000000e1500000, 0x00000000e1600000, 0x00000000e1600000|100%| O|  |TAMS 0x00000000e1600000, 0x00000000e1500000| Untracked 
|  22|0x00000000e1600000, 0x00000000e1700000, 0x00000000e1700000|100%| O|  |TAMS 0x00000000e1700000, 0x00000000e1600000| Untracked 
|  23|0x00000000e1700000, 0x00000000e1800000, 0x00000000e1800000|100%| O|  |TAMS 0x00000000e1800000, 0x00000000e1700000| Untracked 
|  24|0x00000000e1800000, 0x00000000e1900000, 0x00000000e1900000|100%| O|  |TAMS 0x00000000e1900000, 0x00000000e1800000| Untracked 
|  25|0x00000000e1900000, 0x00000000e1a00000, 0x00000000e1a00000|100%| O|  |TAMS 0x00000000e1a00000, 0x00000000e1900000| Untracked 
|  26|0x00000000e1a00000, 0x00000000e1b00000, 0x00000000e1b00000|100%| O|  |TAMS 0x00000000e1b00000, 0x00000000e1a00000| Untracked 
|  27|0x00000000e1b00000, 0x00000000e1c00000, 0x00000000e1c00000|100%| O|  |TAMS 0x00000000e1c00000, 0x00000000e1b00000| Untracked 
|  28|0x00000000e1c00000, 0x00000000e1d00000, 0x00000000e1d00000|100%| O|  |TAMS 0x00000000e1d00000, 0x00000000e1c00000| Untracked 
|  29|0x00000000e1d00000, 0x00000000e1e00000, 0x00000000e1e00000|100%| O|  |TAMS 0x00000000e1e00000, 0x00000000e1d00000| Untracked 
|  30|0x00000000e1e00000, 0x00000000e1f00000, 0x00000000e1f00000|100%| O|  |TAMS 0x00000000e1e8f200, 0x00000000e1e00000| Untracked 
|  31|0x00000000e1f00000, 0x00000000e2000000, 0x00000000e2000000|100%| O|  |TAMS 0x00000000e1f00000, 0x00000000e1f00000| Untracked 
|  32|0x00000000e2000000, 0x00000000e2100000, 0x00000000e2100000|100%| O|  |TAMS 0x00000000e2000000, 0x00000000e2000000| Untracked 
|  33|0x00000000e2100000, 0x00000000e2200000, 0x00000000e2200000|100%| O|  |TAMS 0x00000000e2100000, 0x00000000e2100000| Untracked 
|  34|0x00000000e2200000, 0x00000000e2300000, 0x00000000e2300000|100%| O|  |TAMS 0x00000000e2200000, 0x00000000e2200000| Untracked 
|  35|0x00000000e2300000, 0x00000000e2400000, 0x00000000e2400000|100%| O|  |TAMS 0x00000000e2300000, 0x00000000e2300000| Untracked 
|  36|0x00000000e2400000, 0x00000000e2500000, 0x00000000e2500000|100%| O|  |TAMS 0x00000000e2400000, 0x00000000e2400000| Untracked 
|  37|0x00000000e2500000, 0x00000000e2600000, 0x00000000e2600000|100%| O|  |TAMS 0x00000000e2500000, 0x00000000e2500000| Untracked 
|  38|0x00000000e2600000, 0x00000000e2700000, 0x00000000e2700000|100%| O|  |TAMS 0x00000000e2600000, 0x00000000e2600000| Untracked 
|  39|0x00000000e2700000, 0x00000000e27e1400, 0x00000000e2800000| 87%| O|  |TAMS 0x00000000e2700000, 0x00000000e2700000| Untracked 
|  40|0x00000000e2800000, 0x00000000e2800000, 0x00000000e2900000|  0%| F|  |TAMS 0x00000000e2800000, 0x00000000e2800000| Untracked 
|  41|0x00000000e2900000, 0x00000000e2900000, 0x00000000e2a00000|  0%| F|  |TAMS 0x00000000e2900000, 0x00000000e2900000| Untracked 
|  42|0x00000000e2a00000, 0x00000000e2a00000, 0x00000000e2b00000|  0%| F|  |TAMS 0x00000000e2a00000, 0x00000000e2a00000| Untracked 
|  43|0x00000000e2b00000, 0x00000000e2b00000, 0x00000000e2c00000|  0%| F|  |TAMS 0x00000000e2b00000, 0x00000000e2b00000| Untracked 
|  44|0x00000000e2c00000, 0x00000000e2c00000, 0x00000000e2d00000|  0%| F|  |TAMS 0x00000000e2c00000, 0x00000000e2c00000| Untracked 
|  45|0x00000000e2d00000, 0x00000000e2d00000, 0x00000000e2e00000|  0%| F|  |TAMS 0x00000000e2d00000, 0x00000000e2d00000| Untracked 
|  46|0x00000000e2e00000, 0x00000000e2e00000, 0x00000000e2f00000|  0%| F|  |TAMS 0x00000000e2e00000, 0x00000000e2e00000| Untracked 
|  47|0x00000000e2f00000, 0x00000000e2f00000, 0x00000000e3000000|  0%| F|  |TAMS 0x00000000e2f00000, 0x00000000e2f00000| Untracked 
|  48|0x00000000e3000000, 0x00000000e3000000, 0x00000000e3100000|  0%| F|  |TAMS 0x00000000e3000000, 0x00000000e3000000| Untracked 
|  49|0x00000000e3100000, 0x00000000e3100000, 0x00000000e3200000|  0%| F|  |TAMS 0x00000000e3100000, 0x00000000e3100000| Untracked 
|  50|0x00000000e3200000, 0x00000000e3200000, 0x00000000e3300000|  0%| F|  |TAMS 0x00000000e3200000, 0x00000000e3200000| Untracked 
|  51|0x00000000e3300000, 0x00000000e3300000, 0x00000000e3400000|  0%| F|  |TAMS 0x00000000e3300000, 0x00000000e3300000| Untracked 
|  52|0x00000000e3400000, 0x00000000e3400000, 0x00000000e3500000|  0%| F|  |TAMS 0x00000000e3400000, 0x00000000e3400000| Untracked 
|  53|0x00000000e3500000, 0x00000000e3500000, 0x00000000e3600000|  0%| F|  |TAMS 0x00000000e3500000, 0x00000000e3500000| Untracked 
|  54|0x00000000e3600000, 0x00000000e3600000, 0x00000000e3700000|  0%| F|  |TAMS 0x00000000e3600000, 0x00000000e3600000| Untracked 
|  55|0x00000000e3700000, 0x00000000e3700000, 0x00000000e3800000|  0%| F|  |TAMS 0x00000000e3700000, 0x00000000e3700000| Untracked 
|  56|0x00000000e3800000, 0x00000000e3800000, 0x00000000e3900000|  0%| F|  |TAMS 0x00000000e3800000, 0x00000000e3800000| Untracked 
|  57|0x00000000e3900000, 0x00000000e3900000, 0x00000000e3a00000|  0%| F|  |TAMS 0x00000000e3900000, 0x00000000e3900000| Untracked 
|  58|0x00000000e3a00000, 0x00000000e3a00000, 0x00000000e3b00000|  0%| F|  |TAMS 0x00000000e3a00000, 0x00000000e3a00000| Untracked 
|  59|0x00000000e3b00000, 0x00000000e3b00000, 0x00000000e3c00000|  0%| F|  |TAMS 0x00000000e3b00000, 0x00000000e3b00000| Untracked 
|  60|0x00000000e3c00000, 0x00000000e3c00000, 0x00000000e3d00000|  0%| F|  |TAMS 0x00000000e3c00000, 0x00000000e3c00000| Untracked 
|  61|0x00000000e3d00000, 0x00000000e3d00000, 0x00000000e3e00000|  0%| F|  |TAMS 0x00000000e3d00000, 0x00000000e3d00000| Untracked 
|  62|0x00000000e3e00000, 0x00000000e3e00000, 0x00000000e3f00000|  0%| F|  |TAMS 0x00000000e3e00000, 0x00000000e3e00000| Untracked 
|  63|0x00000000e3f00000, 0x00000000e3f00000, 0x00000000e4000000|  0%| F|  |TAMS 0x00000000e3f00000, 0x00000000e3f00000| Untracked 
|  64|0x00000000e4000000, 0x00000000e4000000, 0x00000000e4100000|  0%| F|  |TAMS 0x00000000e4000000, 0x00000000e4000000| Untracked 
|  65|0x00000000e4100000, 0x00000000e4100000, 0x00000000e4200000|  0%| F|  |TAMS 0x00000000e4100000, 0x00000000e4100000| Untracked 
|  66|0x00000000e4200000, 0x00000000e4200000, 0x00000000e4300000|  0%| F|  |TAMS 0x00000000e4200000, 0x00000000e4200000| Untracked 
|  67|0x00000000e4300000, 0x00000000e4300000, 0x00000000e4400000|  0%| F|  |TAMS 0x00000000e4300000, 0x00000000e4300000| Untracked 
|  68|0x00000000e4400000, 0x00000000e4400000, 0x00000000e4500000|  0%| F|  |TAMS 0x00000000e4400000, 0x00000000e4400000| Untracked 
|  69|0x00000000e4500000, 0x00000000e4500000, 0x00000000e4600000|  0%| F|  |TAMS 0x00000000e4500000, 0x00000000e4500000| Untracked 
|  70|0x00000000e4600000, 0x00000000e4600000, 0x00000000e4700000|  0%| F|  |TAMS 0x00000000e4600000, 0x00000000e4600000| Untracked 
|  71|0x00000000e4700000, 0x00000000e4700000, 0x00000000e4800000|  0%| F|  |TAMS 0x00000000e4700000, 0x00000000e4700000| Untracked 
|  72|0x00000000e4800000, 0x00000000e4800000, 0x00000000e4900000|  0%| F|  |TAMS 0x00000000e4800000, 0x00000000e4800000| Untracked 
|  73|0x00000000e4900000, 0x00000000e4900000, 0x00000000e4a00000|  0%| F|  |TAMS 0x00000000e4900000, 0x00000000e4900000| Untracked 
|  74|0x00000000e4a00000, 0x00000000e4a00000, 0x00000000e4b00000|  0%| F|  |TAMS 0x00000000e4a00000, 0x00000000e4a00000| Untracked 
|  75|0x00000000e4b00000, 0x00000000e4b00000, 0x00000000e4c00000|  0%| F|  |TAMS 0x00000000e4b00000, 0x00000000e4b00000| Untracked 
|  76|0x00000000e4c00000, 0x00000000e4c00000, 0x00000000e4d00000|  0%| F|  |TAMS 0x00000000e4c00000, 0x00000000e4c00000| Untracked 
|  77|0x00000000e4d00000, 0x00000000e4d00000, 0x00000000e4e00000|  0%| F|  |TAMS 0x00000000e4d00000, 0x00000000e4d00000| Untracked 
|  78|0x00000000e4e00000, 0x00000000e4e00000, 0x00000000e4f00000|  0%| F|  |TAMS 0x00000000e4e00000, 0x00000000e4e00000| Untracked 
|  79|0x00000000e4f00000, 0x00000000e4f00000, 0x00000000e5000000|  0%| F|  |TAMS 0x00000000e4f00000, 0x00000000e4f00000| Untracked 
|  80|0x00000000e5000000, 0x00000000e5000000, 0x00000000e5100000|  0%| F|  |TAMS 0x00000000e5000000, 0x00000000e5000000| Untracked 
|  81|0x00000000e5100000, 0x00000000e5100000, 0x00000000e5200000|  0%| F|  |TAMS 0x00000000e5100000, 0x00000000e5100000| Untracked 
|  82|0x00000000e5200000, 0x00000000e5200000, 0x00000000e5300000|  0%| F|  |TAMS 0x00000000e5200000, 0x00000000e5200000| Untracked 
|  83|0x00000000e5300000, 0x00000000e5300000, 0x00000000e5400000|  0%| F|  |TAMS 0x00000000e5300000, 0x00000000e5300000| Untracked 
|  84|0x00000000e5400000, 0x00000000e5400000, 0x00000000e5500000|  0%| F|  |TAMS 0x00000000e5400000, 0x00000000e5400000| Untracked 
|  85|0x00000000e5500000, 0x00000000e5500000, 0x00000000e5600000|  0%| F|  |TAMS 0x00000000e5500000, 0x00000000e5500000| Untracked 
|  86|0x00000000e5600000, 0x00000000e5600000, 0x00000000e5700000|  0%| F|  |TAMS 0x00000000e5600000, 0x00000000e5600000| Untracked 
|  87|0x00000000e5700000, 0x00000000e5700000, 0x00000000e5800000|  0%| F|  |TAMS 0x00000000e5700000, 0x00000000e5700000| Untracked 
|  88|0x00000000e5800000, 0x00000000e5800000, 0x00000000e5900000|  0%| F|  |TAMS 0x00000000e5800000, 0x00000000e5800000| Untracked 
|  89|0x00000000e5900000, 0x00000000e5900000, 0x00000000e5a00000|  0%| F|  |TAMS 0x00000000e5900000, 0x00000000e5900000| Untracked 
|  90|0x00000000e5a00000, 0x00000000e5a00000, 0x00000000e5b00000|  0%| F|  |TAMS 0x00000000e5a00000, 0x00000000e5a00000| Untracked 
|  91|0x00000000e5b00000, 0x00000000e5b00000, 0x00000000e5c00000|  0%| F|  |TAMS 0x00000000e5b00000, 0x00000000e5b00000| Untracked 
|  92|0x00000000e5c00000, 0x00000000e5c00000, 0x00000000e5d00000|  0%| F|  |TAMS 0x00000000e5c00000, 0x00000000e5c00000| Untracked 
|  93|0x00000000e5d00000, 0x00000000e5d00000, 0x00000000e5e00000|  0%| F|  |TAMS 0x00000000e5d00000, 0x00000000e5d00000| Untracked 
|  94|0x00000000e5e00000, 0x00000000e5e00000, 0x00000000e5f00000|  0%| F|  |TAMS 0x00000000e5e00000, 0x00000000e5e00000| Untracked 
|  95|0x00000000e5f00000, 0x00000000e5f00000, 0x00000000e6000000|  0%| F|  |TAMS 0x00000000e5f00000, 0x00000000e5f00000| Untracked 
|  96|0x00000000e6000000, 0x00000000e6000000, 0x00000000e6100000|  0%| F|  |TAMS 0x00000000e6000000, 0x00000000e6000000| Untracked 
|  97|0x00000000e6100000, 0x00000000e6100000, 0x00000000e6200000|  0%| F|  |TAMS 0x00000000e6100000, 0x00000000e6100000| Untracked 
|  98|0x00000000e6200000, 0x00000000e6200000, 0x00000000e6300000|  0%| F|  |TAMS 0x00000000e6200000, 0x00000000e6200000| Untracked 
|  99|0x00000000e6300000, 0x00000000e6300000, 0x00000000e6400000|  0%| F|  |TAMS 0x00000000e6300000, 0x00000000e6300000| Untracked 
| 100|0x00000000e6400000, 0x00000000e6400000, 0x00000000e6500000|  0%| F|  |TAMS 0x00000000e6400000, 0x00000000e6400000| Untracked 
| 101|0x00000000e6500000, 0x00000000e6500000, 0x00000000e6600000|  0%| F|  |TAMS 0x00000000e6500000, 0x00000000e6500000| Untracked 
| 102|0x00000000e6600000, 0x00000000e6600000, 0x00000000e6700000|  0%| F|  |TAMS 0x00000000e6600000, 0x00000000e6600000| Untracked 
| 103|0x00000000e6700000, 0x00000000e6700000, 0x00000000e6800000|  0%| F|  |TAMS 0x00000000e6700000, 0x00000000e6700000| Untracked 
| 104|0x00000000e6800000, 0x00000000e6800000, 0x00000000e6900000|  0%| F|  |TAMS 0x00000000e6800000, 0x00000000e6800000| Untracked 
| 105|0x00000000e6900000, 0x00000000e6900000, 0x00000000e6a00000|  0%| F|  |TAMS 0x00000000e6900000, 0x00000000e6900000| Untracked 
| 106|0x00000000e6a00000, 0x00000000e6a00000, 0x00000000e6b00000|  0%| F|  |TAMS 0x00000000e6a00000, 0x00000000e6a00000| Untracked 
| 107|0x00000000e6b00000, 0x00000000e6b00000, 0x00000000e6c00000|  0%| F|  |TAMS 0x00000000e6b00000, 0x00000000e6b00000| Untracked 
| 108|0x00000000e6c00000, 0x00000000e6c00000, 0x00000000e6d00000|  0%| F|  |TAMS 0x00000000e6c00000, 0x00000000e6c00000| Untracked 
| 109|0x00000000e6d00000, 0x00000000e6d00000, 0x00000000e6e00000|  0%| F|  |TAMS 0x00000000e6d00000, 0x00000000e6d00000| Untracked 
| 110|0x00000000e6e00000, 0x00000000e6e00000, 0x00000000e6f00000|  0%| F|  |TAMS 0x00000000e6e00000, 0x00000000e6e00000| Untracked 
| 111|0x00000000e6f00000, 0x00000000e6f00000, 0x00000000e7000000|  0%| F|  |TAMS 0x00000000e6f00000, 0x00000000e6f00000| Untracked 
| 112|0x00000000e7000000, 0x00000000e7000000, 0x00000000e7100000|  0%| F|  |TAMS 0x00000000e7000000, 0x00000000e7000000| Untracked 
| 113|0x00000000e7100000, 0x00000000e7100000, 0x00000000e7200000|  0%| F|  |TAMS 0x00000000e7100000, 0x00000000e7100000| Untracked 
| 114|0x00000000e7200000, 0x00000000e7200000, 0x00000000e7300000|  0%| F|  |TAMS 0x00000000e7200000, 0x00000000e7200000| Untracked 
| 115|0x00000000e7300000, 0x00000000e7300000, 0x00000000e7400000|  0%| F|  |TAMS 0x00000000e7300000, 0x00000000e7300000| Untracked 
| 116|0x00000000e7400000, 0x00000000e7400000, 0x00000000e7500000|  0%| F|  |TAMS 0x00000000e7400000, 0x00000000e7400000| Untracked 
| 117|0x00000000e7500000, 0x00000000e7500000, 0x00000000e7600000|  0%| F|  |TAMS 0x00000000e7500000, 0x00000000e7500000| Untracked 
| 118|0x00000000e7600000, 0x00000000e7600000, 0x00000000e7700000|  0%| F|  |TAMS 0x00000000e7600000, 0x00000000e7600000| Untracked 
| 119|0x00000000e7700000, 0x00000000e7700000, 0x00000000e7800000|  0%| F|  |TAMS 0x00000000e7700000, 0x00000000e7700000| Untracked 
| 120|0x00000000e7800000, 0x00000000e7800000, 0x00000000e7900000|  0%| F|  |TAMS 0x00000000e7800000, 0x00000000e7800000| Untracked 
| 121|0x00000000e7900000, 0x00000000e7900000, 0x00000000e7a00000|  0%| F|  |TAMS 0x00000000e7900000, 0x00000000e7900000| Untracked 
| 122|0x00000000e7a00000, 0x00000000e7a00000, 0x00000000e7b00000|  0%| F|  |TAMS 0x00000000e7a00000, 0x00000000e7a00000| Untracked 
| 123|0x00000000e7b00000, 0x00000000e7b00000, 0x00000000e7c00000|  0%| F|  |TAMS 0x00000000e7b00000, 0x00000000e7b00000| Untracked 
| 124|0x00000000e7c00000, 0x00000000e7c00000, 0x00000000e7d00000|  0%| F|  |TAMS 0x00000000e7c00000, 0x00000000e7c00000| Untracked 
| 125|0x00000000e7d00000, 0x00000000e7d00000, 0x00000000e7e00000|  0%| F|  |TAMS 0x00000000e7d00000, 0x00000000e7d00000| Untracked 
| 126|0x00000000e7e00000, 0x00000000e7e00000, 0x00000000e7f00000|  0%| F|  |TAMS 0x00000000e7e00000, 0x00000000e7e00000| Untracked 
| 127|0x00000000e7f00000, 0x00000000e7f00000, 0x00000000e8000000|  0%| F|  |TAMS 0x00000000e7f00000, 0x00000000e7f00000| Untracked 
| 128|0x00000000e8000000, 0x00000000e8000000, 0x00000000e8100000|  0%| F|  |TAMS 0x00000000e8000000, 0x00000000e8000000| Untracked 
| 129|0x00000000e8100000, 0x00000000e8100000, 0x00000000e8200000|  0%| F|  |TAMS 0x00000000e8100000, 0x00000000e8100000| Untracked 
| 130|0x00000000e8200000, 0x00000000e8200000, 0x00000000e8300000|  0%| F|  |TAMS 0x00000000e8200000, 0x00000000e8200000| Untracked 
| 131|0x00000000e8300000, 0x00000000e8300000, 0x00000000e8400000|  0%| F|  |TAMS 0x00000000e8300000, 0x00000000e8300000| Untracked 
| 132|0x00000000e8400000, 0x00000000e8400000, 0x00000000e8500000|  0%| F|  |TAMS 0x00000000e8400000, 0x00000000e8400000| Untracked 
| 133|0x00000000e8500000, 0x00000000e8500000, 0x00000000e8600000|  0%| F|  |TAMS 0x00000000e8500000, 0x00000000e8500000| Untracked 
| 134|0x00000000e8600000, 0x00000000e8600000, 0x00000000e8700000|  0%| F|  |TAMS 0x00000000e8600000, 0x00000000e8600000| Untracked 
| 135|0x00000000e8700000, 0x00000000e8700000, 0x00000000e8800000|  0%| F|  |TAMS 0x00000000e8700000, 0x00000000e8700000| Untracked 
| 136|0x00000000e8800000, 0x00000000e8800000, 0x00000000e8900000|  0%| F|  |TAMS 0x00000000e8800000, 0x00000000e8800000| Untracked 
| 137|0x00000000e8900000, 0x00000000e8900000, 0x00000000e8a00000|  0%| F|  |TAMS 0x00000000e8900000, 0x00000000e8900000| Untracked 
| 138|0x00000000e8a00000, 0x00000000e8a00000, 0x00000000e8b00000|  0%| F|  |TAMS 0x00000000e8a00000, 0x00000000e8a00000| Untracked 
| 139|0x00000000e8b00000, 0x00000000e8b00000, 0x00000000e8c00000|  0%| F|  |TAMS 0x00000000e8b00000, 0x00000000e8b00000| Untracked 
| 140|0x00000000e8c00000, 0x00000000e8c00000, 0x00000000e8d00000|  0%| F|  |TAMS 0x00000000e8c00000, 0x00000000e8c00000| Untracked 
| 141|0x00000000e8d00000, 0x00000000e8d00000, 0x00000000e8e00000|  0%| F|  |TAMS 0x00000000e8d00000, 0x00000000e8d00000| Untracked 
| 142|0x00000000e8e00000, 0x00000000e8e00000, 0x00000000e8f00000|  0%| F|  |TAMS 0x00000000e8e00000, 0x00000000e8e00000| Untracked 
| 143|0x00000000e8f00000, 0x00000000e8f00000, 0x00000000e9000000|  0%| F|  |TAMS 0x00000000e8f00000, 0x00000000e8f00000| Untracked 
| 144|0x00000000e9000000, 0x00000000e9000000, 0x00000000e9100000|  0%| F|  |TAMS 0x00000000e9000000, 0x00000000e9000000| Untracked 
| 145|0x00000000e9100000, 0x00000000e9100000, 0x00000000e9200000|  0%| F|  |TAMS 0x00000000e9100000, 0x00000000e9100000| Untracked 
| 146|0x00000000e9200000, 0x00000000e9200000, 0x00000000e9300000|  0%| F|  |TAMS 0x00000000e9200000, 0x00000000e9200000| Untracked 
| 147|0x00000000e9300000, 0x00000000e9300000, 0x00000000e9400000|  0%| F|  |TAMS 0x00000000e9300000, 0x00000000e9300000| Untracked 
| 148|0x00000000e9400000, 0x00000000e9400000, 0x00000000e9500000|  0%| F|  |TAMS 0x00000000e9400000, 0x00000000e9400000| Untracked 
| 149|0x00000000e9500000, 0x00000000e9500000, 0x00000000e9600000|  0%| F|  |TAMS 0x00000000e9500000, 0x00000000e9500000| Untracked 
| 150|0x00000000e9600000, 0x00000000e9600000, 0x00000000e9700000|  0%| F|  |TAMS 0x00000000e9600000, 0x00000000e9600000| Untracked 
| 151|0x00000000e9700000, 0x00000000e9700000, 0x00000000e9800000|  0%| F|  |TAMS 0x00000000e9700000, 0x00000000e9700000| Untracked 
| 152|0x00000000e9800000, 0x00000000e9800000, 0x00000000e9900000|  0%| F|  |TAMS 0x00000000e9800000, 0x00000000e9800000| Untracked 
| 153|0x00000000e9900000, 0x00000000e9900000, 0x00000000e9a00000|  0%| F|  |TAMS 0x00000000e9900000, 0x00000000e9900000| Untracked 
| 154|0x00000000e9a00000, 0x00000000e9a00000, 0x00000000e9b00000|  0%| F|  |TAMS 0x00000000e9a00000, 0x00000000e9a00000| Untracked 
| 155|0x00000000e9b00000, 0x00000000e9b00000, 0x00000000e9c00000|  0%| F|  |TAMS 0x00000000e9b00000, 0x00000000e9b00000| Untracked 
| 156|0x00000000e9c00000, 0x00000000e9c00000, 0x00000000e9d00000|  0%| F|  |TAMS 0x00000000e9c00000, 0x00000000e9c00000| Untracked 
| 157|0x00000000e9d00000, 0x00000000e9d00000, 0x00000000e9e00000|  0%| F|  |TAMS 0x00000000e9d00000, 0x00000000e9d00000| Untracked 
| 158|0x00000000e9e00000, 0x00000000e9e00000, 0x00000000e9f00000|  0%| F|  |TAMS 0x00000000e9e00000, 0x00000000e9e00000| Untracked 
| 159|0x00000000e9f00000, 0x00000000e9f00000, 0x00000000ea000000|  0%| F|  |TAMS 0x00000000e9f00000, 0x00000000e9f00000| Untracked 
| 160|0x00000000ea000000, 0x00000000ea000000, 0x00000000ea100000|  0%| F|  |TAMS 0x00000000ea000000, 0x00000000ea000000| Untracked 
| 161|0x00000000ea100000, 0x00000000ea100000, 0x00000000ea200000|  0%| F|  |TAMS 0x00000000ea100000, 0x00000000ea100000| Untracked 
| 162|0x00000000ea200000, 0x00000000ea200000, 0x00000000ea300000|  0%| F|  |TAMS 0x00000000ea200000, 0x00000000ea200000| Untracked 
| 163|0x00000000ea300000, 0x00000000ea300000, 0x00000000ea400000|  0%| F|  |TAMS 0x00000000ea300000, 0x00000000ea300000| Untracked 
| 164|0x00000000ea400000, 0x00000000ea400000, 0x00000000ea500000|  0%| F|  |TAMS 0x00000000ea400000, 0x00000000ea400000| Untracked 
| 165|0x00000000ea500000, 0x00000000ea500000, 0x00000000ea600000|  0%| F|  |TAMS 0x00000000ea500000, 0x00000000ea500000| Untracked 
| 166|0x00000000ea600000, 0x00000000ea600000, 0x00000000ea700000|  0%| F|  |TAMS 0x00000000ea600000, 0x00000000ea600000| Untracked 
| 167|0x00000000ea700000, 0x00000000ea700000, 0x00000000ea800000|  0%| F|  |TAMS 0x00000000ea700000, 0x00000000ea700000| Untracked 
| 168|0x00000000ea800000, 0x00000000ea800000, 0x00000000ea900000|  0%| F|  |TAMS 0x00000000ea800000, 0x00000000ea800000| Untracked 
| 169|0x00000000ea900000, 0x00000000ea900000, 0x00000000eaa00000|  0%| F|  |TAMS 0x00000000ea900000, 0x00000000ea900000| Untracked 
| 170|0x00000000eaa00000, 0x00000000eaa00000, 0x00000000eab00000|  0%| F|  |TAMS 0x00000000eaa00000, 0x00000000eaa00000| Untracked 
| 171|0x00000000eab00000, 0x00000000eab00000, 0x00000000eac00000|  0%| F|  |TAMS 0x00000000eab00000, 0x00000000eab00000| Untracked 
| 172|0x00000000eac00000, 0x00000000eac00000, 0x00000000ead00000|  0%| F|  |TAMS 0x00000000eac00000, 0x00000000eac00000| Untracked 
| 173|0x00000000ead00000, 0x00000000ead00000, 0x00000000eae00000|  0%| F|  |TAMS 0x00000000ead00000, 0x00000000ead00000| Untracked 
| 174|0x00000000eae00000, 0x00000000eae00000, 0x00000000eaf00000|  0%| F|  |TAMS 0x00000000eae00000, 0x00000000eae00000| Untracked 
| 175|0x00000000eaf00000, 0x00000000eaf00000, 0x00000000eb000000|  0%| F|  |TAMS 0x00000000eaf00000, 0x00000000eaf00000| Untracked 
| 176|0x00000000eb000000, 0x00000000eb100000, 0x00000000eb100000|100%| E|  |TAMS 0x00000000eb000000, 0x00000000eb000000| Complete 
| 177|0x00000000eb100000, 0x00000000eb200000, 0x00000000eb200000|100%| E|CS|TAMS 0x00000000eb100000, 0x00000000eb100000| Complete 
| 178|0x00000000eb200000, 0x00000000eb300000, 0x00000000eb300000|100%| E|CS|TAMS 0x00000000eb200000, 0x00000000eb200000| Complete 
| 179|0x00000000eb300000, 0x00000000eb400000, 0x00000000eb400000|100%| E|CS|TAMS 0x00000000eb300000, 0x00000000eb300000| Complete 
| 180|0x00000000eb400000, 0x00000000eb500000, 0x00000000eb500000|100%| E|CS|TAMS 0x00000000eb400000, 0x00000000eb400000| Complete 
| 181|0x00000000eb500000, 0x00000000eb600000, 0x00000000eb600000|100%| E|CS|TAMS 0x00000000eb500000, 0x00000000eb500000| Complete 
| 182|0x00000000eb600000, 0x00000000eb700000, 0x00000000eb700000|100%| E|CS|TAMS 0x00000000eb600000, 0x00000000eb600000| Complete 
| 183|0x00000000eb700000, 0x00000000eb800000, 0x00000000eb800000|100%| E|CS|TAMS 0x00000000eb700000, 0x00000000eb700000| Complete 
| 184|0x00000000eb800000, 0x00000000eb900000, 0x00000000eb900000|100%| E|CS|TAMS 0x00000000eb800000, 0x00000000eb800000| Complete 
| 185|0x00000000eb900000, 0x00000000eba00000, 0x00000000eba00000|100%| E|CS|TAMS 0x00000000eb900000, 0x00000000eb900000| Complete 
| 186|0x00000000eba00000, 0x00000000ebb00000, 0x00000000ebb00000|100%| E|CS|TAMS 0x00000000eba00000, 0x00000000eba00000| Complete 
| 187|0x00000000ebb00000, 0x00000000ebc00000, 0x00000000ebc00000|100%| E|CS|TAMS 0x00000000ebb00000, 0x00000000ebb00000| Complete 
| 188|0x00000000ebc00000, 0x00000000ebd00000, 0x00000000ebd00000|100%| E|CS|TAMS 0x00000000ebc00000, 0x00000000ebc00000| Complete 
| 189|0x00000000ebd00000, 0x00000000ebe00000, 0x00000000ebe00000|100%| E|CS|TAMS 0x00000000ebd00000, 0x00000000ebd00000| Complete 
| 190|0x00000000ebe00000, 0x00000000ebf00000, 0x00000000ebf00000|100%| E|CS|TAMS 0x00000000ebe00000, 0x00000000ebe00000| Complete 
| 191|0x00000000ebf00000, 0x00000000ec000000, 0x00000000ec000000|100%| E|CS|TAMS 0x00000000ebf00000, 0x00000000ebf00000| Complete 
| 192|0x00000000ec000000, 0x00000000ec100000, 0x00000000ec100000|100%| E|CS|TAMS 0x00000000ec000000, 0x00000000ec000000| Complete 
| 193|0x00000000ec100000, 0x00000000ec200000, 0x00000000ec200000|100%| E|CS|TAMS 0x00000000ec100000, 0x00000000ec100000| Complete 
| 194|0x00000000ec200000, 0x00000000ec300000, 0x00000000ec300000|100%| E|CS|TAMS 0x00000000ec200000, 0x00000000ec200000| Complete 
| 195|0x00000000ec300000, 0x00000000ec400000, 0x00000000ec400000|100%| E|  |TAMS 0x00000000ec300000, 0x00000000ec300000| Complete 
| 196|0x00000000ec400000, 0x00000000ec500000, 0x00000000ec500000|100%| E|CS|TAMS 0x00000000ec400000, 0x00000000ec400000| Complete 
| 197|0x00000000ec500000, 0x00000000ec600000, 0x00000000ec600000|100%| E|CS|TAMS 0x00000000ec500000, 0x00000000ec500000| Complete 
| 198|0x00000000ec600000, 0x00000000ec700000, 0x00000000ec700000|100%| E|CS|TAMS 0x00000000ec600000, 0x00000000ec600000| Complete 
| 199|0x00000000ec700000, 0x00000000ec800000, 0x00000000ec800000|100%| E|CS|TAMS 0x00000000ec700000, 0x00000000ec700000| Complete 
| 200|0x00000000ec800000, 0x00000000ec900000, 0x00000000ec900000|100%| E|CS|TAMS 0x00000000ec800000, 0x00000000ec800000| Complete 
| 201|0x00000000ec900000, 0x00000000eca00000, 0x00000000eca00000|100%| E|CS|TAMS 0x00000000ec900000, 0x00000000ec900000| Complete 
| 202|0x00000000eca00000, 0x00000000ecb00000, 0x00000000ecb00000|100%| E|CS|TAMS 0x00000000eca00000, 0x00000000eca00000| Complete 
| 203|0x00000000ecb00000, 0x00000000ecc00000, 0x00000000ecc00000|100%| E|CS|TAMS 0x00000000ecb00000, 0x00000000ecb00000| Complete 
| 204|0x00000000ecc00000, 0x00000000ecd00000, 0x00000000ecd00000|100%| E|CS|TAMS 0x00000000ecc00000, 0x00000000ecc00000| Complete 
| 205|0x00000000ecd00000, 0x00000000ece00000, 0x00000000ece00000|100%| E|CS|TAMS 0x00000000ecd00000, 0x00000000ecd00000| Complete 
| 206|0x00000000ece00000, 0x00000000ecf00000, 0x00000000ecf00000|100%| E|CS|TAMS 0x00000000ece00000, 0x00000000ece00000| Complete 
| 207|0x00000000ecf00000, 0x00000000ed000000, 0x00000000ed000000|100%| E|CS|TAMS 0x00000000ecf00000, 0x00000000ecf00000| Complete 
| 208|0x00000000ed000000, 0x00000000ed100000, 0x00000000ed100000|100%| E|CS|TAMS 0x00000000ed000000, 0x00000000ed000000| Complete 
| 209|0x00000000ed100000, 0x00000000ed200000, 0x00000000ed200000|100%| E|CS|TAMS 0x00000000ed100000, 0x00000000ed100000| Complete 
| 210|0x00000000ed200000, 0x00000000ed300000, 0x00000000ed300000|100%| E|CS|TAMS 0x00000000ed200000, 0x00000000ed200000| Complete 
| 211|0x00000000ed300000, 0x00000000ed400000, 0x00000000ed400000|100%| E|CS|TAMS 0x00000000ed300000, 0x00000000ed300000| Complete 
| 212|0x00000000ed400000, 0x00000000ed500000, 0x00000000ed500000|100%| E|CS|TAMS 0x00000000ed400000, 0x00000000ed400000| Complete 
| 213|0x00000000ed500000, 0x00000000ed600000, 0x00000000ed600000|100%| E|CS|TAMS 0x00000000ed500000, 0x00000000ed500000| Complete 
| 214|0x00000000ed600000, 0x00000000ed700000, 0x00000000ed700000|100%| E|CS|TAMS 0x00000000ed600000, 0x00000000ed600000| Complete 
| 215|0x00000000ed700000, 0x00000000ed800000, 0x00000000ed800000|100%| E|CS|TAMS 0x00000000ed700000, 0x00000000ed700000| Complete 
| 216|0x00000000ed800000, 0x00000000ed900000, 0x00000000ed900000|100%| E|CS|TAMS 0x00000000ed800000, 0x00000000ed800000| Complete 
| 217|0x00000000ed900000, 0x00000000eda00000, 0x00000000eda00000|100%| E|CS|TAMS 0x00000000ed900000, 0x00000000ed900000| Complete 
| 218|0x00000000eda00000, 0x00000000edb00000, 0x00000000edb00000|100%| E|CS|TAMS 0x00000000eda00000, 0x00000000eda00000| Complete 
| 219|0x00000000edb00000, 0x00000000edc00000, 0x00000000edc00000|100%| E|CS|TAMS 0x00000000edb00000, 0x00000000edb00000| Complete 
| 220|0x00000000edc00000, 0x00000000edd00000, 0x00000000edd00000|100%| E|CS|TAMS 0x00000000edc00000, 0x00000000edc00000| Complete 
| 221|0x00000000edd00000, 0x00000000ede00000, 0x00000000ede00000|100%| E|CS|TAMS 0x00000000edd00000, 0x00000000edd00000| Complete 
| 222|0x00000000ede00000, 0x00000000edf00000, 0x00000000edf00000|100%| E|CS|TAMS 0x00000000ede00000, 0x00000000ede00000| Complete 
| 223|0x00000000edf00000, 0x00000000ee000000, 0x00000000ee000000|100%| E|CS|TAMS 0x00000000edf00000, 0x00000000edf00000| Complete 
| 224|0x00000000ee000000, 0x00000000ee100000, 0x00000000ee100000|100%| E|CS|TAMS 0x00000000ee000000, 0x00000000ee000000| Complete 
| 225|0x00000000ee100000, 0x00000000ee200000, 0x00000000ee200000|100%| E|CS|TAMS 0x00000000ee100000, 0x00000000ee100000| Complete 
| 226|0x00000000ee200000, 0x00000000ee300000, 0x00000000ee300000|100%| E|CS|TAMS 0x00000000ee200000, 0x00000000ee200000| Complete 
| 227|0x00000000ee300000, 0x00000000ee400000, 0x00000000ee400000|100%| E|CS|TAMS 0x00000000ee300000, 0x00000000ee300000| Complete 
| 228|0x00000000ee400000, 0x00000000ee500000, 0x00000000ee500000|100%| E|CS|TAMS 0x00000000ee400000, 0x00000000ee400000| Complete 
| 229|0x00000000ee500000, 0x00000000ee600000, 0x00000000ee600000|100%| E|CS|TAMS 0x00000000ee500000, 0x00000000ee500000| Complete 
| 230|0x00000000ee600000, 0x00000000ee700000, 0x00000000ee700000|100%| E|CS|TAMS 0x00000000ee600000, 0x00000000ee600000| Complete 
| 231|0x00000000ee700000, 0x00000000ee800000, 0x00000000ee800000|100%| E|CS|TAMS 0x00000000ee700000, 0x00000000ee700000| Complete 
| 232|0x00000000ee800000, 0x00000000ee900000, 0x00000000ee900000|100%| E|CS|TAMS 0x00000000ee800000, 0x00000000ee800000| Complete 
| 233|0x00000000ee900000, 0x00000000eea00000, 0x00000000eea00000|100%| E|CS|TAMS 0x00000000ee900000, 0x00000000ee900000| Complete 
| 234|0x00000000eea00000, 0x00000000eeb00000, 0x00000000eeb00000|100%| E|CS|TAMS 0x00000000eea00000, 0x00000000eea00000| Complete 
| 235|0x00000000eeb00000, 0x00000000eec00000, 0x00000000eec00000|100%| E|CS|TAMS 0x00000000eeb00000, 0x00000000eeb00000| Complete 
| 236|0x00000000eec00000, 0x00000000eed00000, 0x00000000eed00000|100%| E|CS|TAMS 0x00000000eec00000, 0x00000000eec00000| Complete 
| 237|0x00000000eed00000, 0x00000000eee00000, 0x00000000eee00000|100%| E|CS|TAMS 0x00000000eed00000, 0x00000000eed00000| Complete 
| 238|0x00000000eee00000, 0x00000000eef00000, 0x00000000eef00000|100%| E|CS|TAMS 0x00000000eee00000, 0x00000000eee00000| Complete 
| 239|0x00000000eef00000, 0x00000000ef000000, 0x00000000ef000000|100%| E|CS|TAMS 0x00000000eef00000, 0x00000000eef00000| Complete 
| 240|0x00000000ef000000, 0x00000000ef100000, 0x00000000ef100000|100%| E|CS|TAMS 0x00000000ef000000, 0x00000000ef000000| Complete 
| 241|0x00000000ef100000, 0x00000000ef200000, 0x00000000ef200000|100%| E|CS|TAMS 0x00000000ef100000, 0x00000000ef100000| Complete 
| 242|0x00000000ef200000, 0x00000000ef300000, 0x00000000ef300000|100%| E|CS|TAMS 0x00000000ef200000, 0x00000000ef200000| Complete 
| 243|0x00000000ef300000, 0x00000000ef400000, 0x00000000ef400000|100%| E|CS|TAMS 0x00000000ef300000, 0x00000000ef300000| Complete 
| 244|0x00000000ef400000, 0x00000000ef500000, 0x00000000ef500000|100%| E|CS|TAMS 0x00000000ef400000, 0x00000000ef400000| Complete 
| 245|0x00000000ef500000, 0x00000000ef600000, 0x00000000ef600000|100%| E|CS|TAMS 0x00000000ef500000, 0x00000000ef500000| Complete 
| 246|0x00000000ef600000, 0x00000000ef700000, 0x00000000ef700000|100%| E|CS|TAMS 0x00000000ef600000, 0x00000000ef600000| Complete 
| 247|0x00000000ef700000, 0x00000000ef800000, 0x00000000ef800000|100%| E|CS|TAMS 0x00000000ef700000, 0x00000000ef700000| Complete 
| 248|0x00000000ef800000, 0x00000000ef900000, 0x00000000ef900000|100%| E|CS|TAMS 0x00000000ef800000, 0x00000000ef800000| Complete 
| 249|0x00000000ef900000, 0x00000000efa00000, 0x00000000efa00000|100%| E|CS|TAMS 0x00000000ef900000, 0x00000000ef900000| Complete 
| 250|0x00000000efa00000, 0x00000000efb00000, 0x00000000efb00000|100%| E|CS|TAMS 0x00000000efa00000, 0x00000000efa00000| Complete 
| 251|0x00000000efb00000, 0x00000000efc00000, 0x00000000efc00000|100%| E|CS|TAMS 0x00000000efb00000, 0x00000000efb00000| Complete 
| 252|0x00000000efc00000, 0x00000000efc79968, 0x00000000efd00000| 47%| S|CS|TAMS 0x00000000efc00000, 0x00000000efc00000| Complete 
| 253|0x00000000efd00000, 0x00000000efe00000, 0x00000000efe00000|100%| S|CS|TAMS 0x00000000efd00000, 0x00000000efd00000| Complete 
| 254|0x00000000efe00000, 0x00000000eff00000, 0x00000000eff00000|100%| E|CS|TAMS 0x00000000efe00000, 0x00000000efe00000| Complete 
| 255|0x00000000eff00000, 0x00000000f0000000, 0x00000000f0000000|100%| E|CS|TAMS 0x00000000eff00000, 0x00000000eff00000| Complete 

Card table byte_map: [0x00000234aa1e0000,0x00000234aa2e0000] _byte_map_base: 0x00000234a9ae0000

Marking Bits (Prev, Next): (CMBitMap*) 0x0000023493590cb0, (CMBitMap*) 0x0000023493590cf0
 Prev Bits: [0x00000234aa3e0000, 0x00000234aabe0000)
 Next Bits: [0x00000234aabe0000, 0x00000234ab3e0000)

Polling page: 0x00000234913e0000

Metaspace:

Usage:
  Non-class:     43.53 MB used.
      Class:      7.12 MB used.
       Both:     50.65 MB used.

Virtual space:
  Non-class space:       48.00 MB reserved,      43.81 MB ( 91%) committed,  6 nodes.
      Class space:      308.00 MB reserved,       7.38 MB (  2%) committed,  1 nodes.
             Both:      356.00 MB reserved,      51.19 MB ( 14%) committed. 

Chunk freelists:
   Non-Class:  3.67 MB
       Class:  464.00 KB
        Both:  4.12 MB

MaxMetaspaceSize: 384.00 MB
CompressedClassSpaceSize: 308.00 MB
Initial GC threshold: 21.00 MB
Current GC threshold: 59.38 MB
CDS: on
MetaspaceReclaimPolicy: balanced
 - commit_granule_bytes: 65536.
 - commit_granule_words: 8192.
 - virtual_space_node_default_size: 1048576.
 - enlarge_chunks_in_place: 1.
 - new_chunks_are_fully_committed: 0.
 - uncommit_free_chunks: 1.
 - use_allocation_guard: 0.
 - handle_deallocations: 1.


Internal statistics:

num_allocs_failed_limit: 9.
num_arena_births: 580.
num_arena_deaths: 0.
num_vsnodes_births: 7.
num_vsnodes_deaths: 0.
num_space_committed: 819.
num_space_uncommitted: 0.
num_chunks_returned_to_freelist: 9.
num_chunks_taken_from_freelist: 2671.
num_chunk_merges: 9.
num_chunk_splits: 1748.
num_chunks_enlarged: 1160.
num_purges: 0.
num_inconsistent_stats: 0.

CodeHeap 'non-profiled nmethods': size=120000Kb used=4347Kb max_used=4347Kb free=115652Kb
 bounds [0x00000234a2880000, 0x00000234a2cc0000, 0x00000234a9db0000]
CodeHeap 'profiled nmethods': size=120000Kb used=13673Kb max_used=13673Kb free=106326Kb
 bounds [0x000002349b350000, 0x000002349c0b0000, 0x00000234a2880000]
CodeHeap 'non-nmethods': size=5760Kb used=2335Kb max_used=2383Kb free=3424Kb
 bounds [0x000002349adb0000, 0x000002349b020000, 0x000002349b350000]
 total_blobs=7956 nmethods=7121 adapters=746
 compilation: enabled
              stopped_count=0, restarted_count=0
 full_count=0

Compilation events (20 events):
Event: 37.873 Thread 0x00000234ade09e80 7908       3       java.util.LinkedList::peekFirst (18 bytes)
Event: 37.873 Thread 0x00000234ade09e80 nmethod 7908 0x000002349c0a6810 code [0x000002349c0a69c0, 0x000002349c0a6b58]
Event: 37.873 Thread 0x00000234ade09e80 7909       3       org.gradle.api.internal.artifacts.ivyservice.resolveengine.artifact.VariantResolvingArtifactSet::<init> (101 bytes)
Event: 37.874 Thread 0x00000234ade09e80 nmethod 7909 0x000002349c0a6c10 code [0x000002349c0a6ee0, 0x000002349c0a8188]
Event: 37.874 Thread 0x00000234ade09e80 7910       3       org.gradle.api.internal.artifacts.ivyservice.resolveengine.artifact.VariantResolvingArtifactSet$$Lambda$763/0x00000008011c4eb0::<init> (10 bytes)
Event: 37.875 Thread 0x00000234ade09e80 nmethod 7910 0x000002349c0a8790 code [0x000002349c0a8920, 0x000002349c0a8ad8]
Event: 37.884 Thread 0x00000234ade09e80 7911       3       org.gradle.cache.internal.btree.FileBackedBlockStore::attach (21 bytes)
Event: 37.884 Thread 0x00000234ade09e80 nmethod 7911 0x000002349c0a8b90 code [0x000002349c0a8d60, 0x000002349c0a93b8]
Event: 38.096 Thread 0x00000234ade09e80 7912       3       java.util.concurrent.locks.LockSupport::setCurrentBlocker (14 bytes)
Event: 38.096 Thread 0x00000234ade09e80 nmethod 7912 0x000002349c0a9510 code [0x000002349c0a96c0, 0x000002349c0a98e8]
Event: 38.122 Thread 0x00000234ade085b0 nmethod 7887 0x00000234a2cb1290 code [0x00000234a2cb1a00, 0x00000234a2cb9640]
Event: 38.122 Thread 0x00000234ade085b0 7905       4       java.lang.String::<init> (14 bytes)
Event: 38.128 Thread 0x00000234ade085b0 nmethod 7905 0x00000234a2cbe290 code [0x00000234a2cbe420, 0x00000234a2cbeaf8]
Event: 38.128 Thread 0x00000234ade085b0 7895   !   4       io.spring.gradle.dependencymanagement.org.apache.maven.model.interpolation.StringSearchModelInterpolator$InterpolateObjectAction$ListField::doInterpolate (138 bytes)
Event: 38.160 Thread 0x00000234ade09e80 7913       3       java.util.Random::<init> (12 bytes)
Event: 38.160 Thread 0x00000234ade09e80 nmethod 7913 0x000002349c0a9990 code [0x000002349c0a9b40, 0x000002349c0a9cd8]
Event: 38.160 Thread 0x00000234ade09e80 7914       3       java.util.Random::seedUniquifier (29 bytes)
Event: 38.160 Thread 0x00000234ade09e80 nmethod 7914 0x000002349c0a9d90 code [0x000002349c0a9f40, 0x000002349c0aa148]
Event: 38.163 Thread 0x00000234ade09e80 7915       3       org.gradle.api.internal.artifacts.ivyservice.resolveengine.graph.builder.ModuleSelectors::iterator (10 bytes)
Event: 38.163 Thread 0x00000234ade09e80 nmethod 7915 0x000002349c0aa290 code [0x000002349c0aa440, 0x000002349c0aa608]

GC Heap History (16 events):
Event: 0.975 GC heap before
{Heap before GC invocations=0 (full 0):
 garbage-first heap   total 262144K, used 26624K [0x00000000e0000000, 0x0000000100000000)
  region size 1024K, 23 young (23552K), 0 survivors (0K)
 Metaspace       used 3039K, committed 3200K, reserved 323584K
  class space    used 387K, committed 448K, reserved 315392K
}
Event: 0.980 GC heap after
{Heap after GC invocations=1 (full 0):
 garbage-first heap   total 262144K, used 10812K [0x00000000e0000000, 0x0000000100000000)
  region size 1024K, 3 young (3072K), 3 survivors (3072K)
 Metaspace       used 3039K, committed 3200K, reserved 323584K
  class space    used 387K, committed 448K, reserved 315392K
}
Event: 2.011 GC heap before
{Heap before GC invocations=1 (full 0):
 garbage-first heap   total 262144K, used 38460K [0x00000000e0000000, 0x0000000100000000)
  region size 1024K, 30 young (30720K), 3 survivors (3072K)
 Metaspace       used 4032K, committed 4224K, reserved 323584K
  class space    used 491K, committed 576K, reserved 315392K
}
Event: 2.014 GC heap after
{Heap after GC invocations=2 (full 0):
 garbage-first heap   total 262144K, used 11455K [0x00000000e0000000, 0x0000000100000000)
  region size 1024K, 1 young (1024K), 1 survivors (1024K)
 Metaspace       used 4032K, committed 4224K, reserved 323584K
  class space    used 491K, committed 576K, reserved 315392K
}
Event: 5.112 GC heap before
{Heap before GC invocations=2 (full 0):
 garbage-first heap   total 262144K, used 133311K [0x00000000e0000000, 0x0000000100000000)
  region size 1024K, 120 young (122880K), 1 survivors (1024K)
 Metaspace       used 21240K, committed 21504K, reserved 339968K
  class space    used 3141K, committed 3264K, reserved 315392K
}
Event: 5.121 GC heap after
{Heap after GC invocations=3 (full 0):
 garbage-first heap   total 262144K, used 22427K [0x00000000e0000000, 0x0000000100000000)
  region size 1024K, 12 young (12288K), 12 survivors (12288K)
 Metaspace       used 21240K, committed 21504K, reserved 339968K
  class space    used 3141K, committed 3264K, reserved 315392K
}
Event: 10.352 GC heap before
{Heap before GC invocations=4 (full 0):
 garbage-first heap   total 262144K, used 139163K [0x00000000e0000000, 0x0000000100000000)
  region size 1024K, 123 young (125952K), 12 survivors (12288K)
 Metaspace       used 35642K, committed 35968K, reserved 348160K
  class space    used 4989K, committed 5120K, reserved 315392K
}
Event: 10.362 GC heap after
{Heap after GC invocations=5 (full 0):
 garbage-first heap   total 262144K, used 31630K [0x00000000e0000000, 0x0000000100000000)
  region size 1024K, 10 young (10240K), 10 survivors (10240K)
 Metaspace       used 35642K, committed 35968K, reserved 348160K
  class space    used 4989K, committed 5120K, reserved 315392K
}
Event: 10.397 GC heap before
{Heap before GC invocations=5 (full 0):
 garbage-first heap   total 262144K, used 33678K [0x00000000e0000000, 0x0000000100000000)
  region size 1024K, 12 young (12288K), 10 survivors (10240K)
 Metaspace       used 35923K, committed 36288K, reserved 348160K
  class space    used 5039K, committed 5184K, reserved 315392K
}
Event: 10.403 GC heap after
{Heap after GC invocations=6 (full 0):
 garbage-first heap   total 262144K, used 31292K [0x00000000e0000000, 0x0000000100000000)
  region size 1024K, 1 young (1024K), 1 survivors (1024K)
 Metaspace       used 35923K, committed 36288K, reserved 348160K
  class space    used 5039K, committed 5184K, reserved 315392K
}
Event: 10.408 GC heap before
{Heap before GC invocations=6 (full 0):
 garbage-first heap   total 262144K, used 31292K [0x00000000e0000000, 0x0000000100000000)
  region size 1024K, 2 young (2048K), 1 survivors (1024K)
 Metaspace       used 35951K, committed 36288K, reserved 348160K
  class space    used 5043K, committed 5184K, reserved 315392K
}
Event: 10.409 GC heap after
{Heap after GC invocations=7 (full 0):
 garbage-first heap   total 262144K, used 30563K [0x00000000e0000000, 0x0000000100000000)
  region size 1024K, 1 young (1024K), 1 survivors (1024K)
 Metaspace       used 35951K, committed 36288K, reserved 348160K
  class space    used 5043K, committed 5184K, reserved 315392K
}
Event: 18.801 GC heap before
{Heap before GC invocations=8 (full 0):
 garbage-first heap   total 262144K, used 187235K [0x00000000e0000000, 0x0000000100000000)
  region size 1024K, 153 young (156672K), 1 survivors (1024K)
 Metaspace       used 49026K, committed 49536K, reserved 364544K
  class space    used 7060K, committed 7296K, reserved 315392K
}
Event: 18.813 GC heap after
{Heap after GC invocations=9 (full 0):
 garbage-first heap   total 262144K, used 40145K [0x00000000e0000000, 0x0000000100000000)
  region size 1024K, 10 young (10240K), 10 survivors (10240K)
 Metaspace       used 49026K, committed 49536K, reserved 364544K
  class space    used 7060K, committed 7296K, reserved 315392K
}
Event: 18.938 GC heap before
{Heap before GC invocations=9 (full 0):
 garbage-first heap   total 262144K, used 42193K [0x00000000e0000000, 0x0000000100000000)
  region size 1024K, 12 young (12288K), 10 survivors (10240K)
 Metaspace       used 49117K, committed 49600K, reserved 364544K
  class space    used 7073K, committed 7296K, reserved 315392K
}
Event: 18.948 GC heap after
{Heap after GC invocations=10 (full 0):
 garbage-first heap   total 262144K, used 41323K [0x00000000e0000000, 0x0000000100000000)
  region size 1024K, 2 young (2048K), 2 survivors (2048K)
 Metaspace       used 49117K, committed 49600K, reserved 364544K
  class space    used 7073K, committed 7296K, reserved 315392K
}

Deoptimization events (20 events):
Event: 26.829 Thread 0x00000234b1c5c080 Uncommon trap: trap_request=0xffffff45 fr.pc=0x00000234a2c326e8 relative=0x0000000000000068
Event: 26.829 Thread 0x00000234b1c5c080 Uncommon trap: reason=unstable_if action=reinterpret pc=0x00000234a2c326e8 method=com.esotericsoftware.kryo.io.Output.require(I)Z @ 10 c2
Event: 26.829 Thread 0x00000234b1c5c080 DEOPT PACKING pc=0x00000234a2c326e8 sp=0x000000edb11f9ca0
Event: 26.829 Thread 0x00000234b1c5c080 DEOPT UNPACKING pc=0x000002349ae05c23 sp=0x000000edb11f9c30 mode 2
Event: 26.838 Thread 0x00000234b1c5c080 Uncommon trap: trap_request=0xffffff45 fr.pc=0x00000234a29c3a54 relative=0x0000000000000c94
Event: 26.838 Thread 0x00000234b1c5c080 Uncommon trap: reason=unstable_if action=reinterpret pc=0x00000234a29c3a54 method=com.esotericsoftware.kryo.io.Input.readString()Ljava/lang/String; @ 28 c2
Event: 26.838 Thread 0x00000234b1c5c080 DEOPT PACKING pc=0x00000234a29c3a54 sp=0x000000edb11faad0
Event: 26.838 Thread 0x00000234b1c5c080 DEOPT UNPACKING pc=0x000002349ae05c23 sp=0x000000edb11faaa8 mode 2
Event: 29.895 Thread 0x00000234b1c5c080 DEOPT PACKING pc=0x000002349b6e895c sp=0x000000edb11f8fb0
Event: 29.895 Thread 0x00000234b1c5c080 DEOPT UNPACKING pc=0x000002349ae06763 sp=0x000000edb11f8530 mode 0
Event: 29.910 Thread 0x00000234b1c5c080 DEOPT PACKING pc=0x000002349b6e895c sp=0x000000edb11f8ee0
Event: 29.910 Thread 0x00000234b1c5c080 DEOPT UNPACKING pc=0x000002349ae06763 sp=0x000000edb11f8460 mode 0
Event: 29.920 Thread 0x00000234b1c5c080 DEOPT PACKING pc=0x000002349b6e895c sp=0x000000edb11f8ee0
Event: 29.920 Thread 0x00000234b1c5c080 DEOPT UNPACKING pc=0x000002349ae06763 sp=0x000000edb11f8460 mode 0
Event: 30.027 Thread 0x00000234b1c5c080 DEOPT PACKING pc=0x000002349be292f6 sp=0x000000edb11fa660
Event: 30.027 Thread 0x00000234b1c5c080 DEOPT UNPACKING pc=0x000002349ae06763 sp=0x000000edb11f9b60 mode 0
Event: 34.577 Thread 0x00000234b0efbda0 Uncommon trap: trap_request=0xffffffde fr.pc=0x00000234a28d65dc relative=0x000000000000015c
Event: 34.577 Thread 0x00000234b0efbda0 Uncommon trap: reason=class_check action=maybe_recompile pc=0x00000234a28d65dc method=java.lang.reflect.Array.newInstance(Ljava/lang/Class;I)Ljava/lang/Object; @ 2 c2
Event: 34.577 Thread 0x00000234b0efbda0 DEOPT PACKING pc=0x00000234a28d65dc sp=0x000000edb4dfebb0
Event: 34.578 Thread 0x00000234b0efbda0 DEOPT UNPACKING pc=0x000002349ae05c23 sp=0x000000edb4dfeb48 mode 2

Classes unloaded (0 events):
No events

Classes redefined (0 events):
No events

Internal exceptions (20 events):
Event: 18.136 Thread 0x00000234b1c5a870 Exception <a 'java/lang/NoSuchMethodError'{0x00000000e6d4e4b8}: 'java.lang.Object java.lang.invoke.Invokers$Holder.linkToTargetMethod(java.lang.Object, java.lang.Object, java.lang.Object, int, java.lang.Object, java.lang.Object)'> (0x00000000e6d4e4b8) 
thrown [t:\workspace\open\src\hotspot\share\interpreter\linkResolver.cpp, line 766]
Event: 18.198 Thread 0x00000234b1c5c080 Exception <a 'java/lang/NoSuchMethodError'{0x00000000e6f9e3d8}: 'void java.lang.invoke.DirectMethodHandle$Holder.invokeInterface(java.lang.Object, java.lang.Object, java.lang.Object, java.lang.Object)'> (0x00000000e6f9e3d8) 
thrown [t:\workspace\open\src\hotspot\share\interpreter\linkResolver.cpp, line 766]
Event: 18.266 Thread 0x00000234afa03420 Exception <a 'java/lang/NoSuchMethodError'{0x00000000eff938e0}: static Lorg/gradle/internal/build/event/types/DefaultTaskStartedProgressEvent;.<clinit>()V> (0x00000000eff938e0) 
thrown [t:\workspace\open\src\hotspot\share\prims\jni.cpp, line 1107]
Event: 18.266 Thread 0x00000234afa03420 Exception <a 'java/lang/NoSuchMethodError'{0x00000000eff94e48}: static Lorg/gradle/internal/build/event/types/AbstractProgressEvent;.<clinit>()V> (0x00000000eff94e48) 
thrown [t:\workspace\open\src\hotspot\share\prims\jni.cpp, line 1107]
Event: 18.267 Thread 0x00000234afa03420 Exception <a 'java/lang/NoSuchMethodError'{0x00000000e6902f80}: static Lorg/gradle/internal/build/event/types/DefaultTaskDescriptor;.<clinit>()V> (0x00000000e6902f80) 
thrown [t:\workspace\open\src\hotspot\share\prims\jni.cpp, line 1107]
Event: 18.269 Thread 0x00000234afa03420 Exception <a 'java/lang/NoSuchMethodError'{0x00000000e6923878}: static Lorg/gradle/internal/operations/OperationIdentifier;.<clinit>()V> (0x00000000e6923878) 
thrown [t:\workspace\open\src\hotspot\share\prims\jni.cpp, line 1107]
Event: 18.269 Thread 0x00000234afa03420 Exception <a 'java/lang/NoSuchMethodError'{0x00000000e692b8a8}: static Lorg/gradle/internal/build/event/types/DefaultBinaryPluginIdentifier;.<clinit>()V> (0x00000000e692b8a8) 
thrown [t:\workspace\open\src\hotspot\share\prims\jni.cpp, line 1107]
Event: 18.328 Thread 0x00000234b1c5c080 Exception <a 'java/lang/IncompatibleClassChangeError'{0x00000000e6ae82b0}: Found class java.lang.Object, but interface was expected> (0x00000000e6ae82b0) 
thrown [t:\workspace\open\src\hotspot\share\interpreter\linkResolver.cpp, line 833]
Event: 18.830 Thread 0x00000234b1c5c080 Exception <a 'java/lang/IncompatibleClassChangeError'{0x00000000eff460e0}: Found class java.lang.Object, but interface was expected> (0x00000000eff460e0) 
thrown [t:\workspace\open\src\hotspot\share\interpreter\linkResolver.cpp, line 833]
Event: 18.833 Thread 0x00000234b1c5c080 Exception <a 'java/lang/NoSuchMethodError'{0x00000000eff60760}: static Ljava/lang/Object;.<clinit>()V> (0x00000000eff60760) 
thrown [t:\workspace\open\src\hotspot\share\prims\jni.cpp, line 1107]
Event: 22.415 Thread 0x00000234b1c5c080 Exception <a 'java/lang/ClassNotFoundException'{0x00000000eef48ca0}: org/gradle/api/internal/plugins/NaggingBasePluginConventionBeanInfo> (0x00000000eef48ca0) 
thrown [t:\workspace\open\src\hotspot\share\classfile\systemDictionary.cpp, line 256]
Event: 22.435 Thread 0x00000234b1c5c080 Exception <a 'java/lang/ClassNotFoundException'{0x00000000eef556f0}: org/gradle/api/plugins/BasePluginConventionBeanInfo> (0x00000000eef556f0) 
thrown [t:\workspace\open\src\hotspot\share\classfile\systemDictionary.cpp, line 256]
Event: 22.435 Thread 0x00000234b1c5c080 Exception <a 'java/lang/ClassNotFoundException'{0x00000000eef62108}: org/gradle/api/plugins/BasePluginConventionCustomizer> (0x00000000eef62108) 
thrown [t:\workspace\open\src\hotspot\share\classfile\systemDictionary.cpp, line 256]
Event: 22.436 Thread 0x00000234b1c5c080 Exception <a 'java/lang/ClassNotFoundException'{0x00000000eef79118}: org/gradle/api/internal/plugins/NaggingBasePluginConventionCustomizer> (0x00000000eef79118) 
thrown [t:\workspace\open\src\hotspot\share\classfile\systemDictionary.cpp, line 256]
Event: 22.441 Thread 0x00000234b1c5c080 Exception <a 'java/lang/ClassNotFoundException'{0x00000000eefbc020}: org/gradle/api/plugins/internal/NaggingJavaPluginConventionBeanInfo> (0x00000000eefbc020) 
thrown [t:\workspace\open\src\hotspot\share\classfile\systemDictionary.cpp, line 256]
Event: 22.441 Thread 0x00000234b1c5c080 Exception <a 'java/lang/ClassNotFoundException'{0x00000000eefc8a70}: org/gradle/api/plugins/JavaPluginConventionBeanInfo> (0x00000000eefc8a70) 
thrown [t:\workspace\open\src\hotspot\share\classfile\systemDictionary.cpp, line 256]
Event: 22.441 Thread 0x00000234b1c5c080 Exception <a 'java/lang/ClassNotFoundException'{0x00000000eefd5488}: org/gradle/api/plugins/JavaPluginConventionCustomizer> (0x00000000eefd5488) 
thrown [t:\workspace\open\src\hotspot\share\classfile\systemDictionary.cpp, line 256]
Event: 22.443 Thread 0x00000234b1c5c080 Exception <a 'java/lang/ClassNotFoundException'{0x00000000eeff6138}: org/gradle/api/plugins/internal/NaggingJavaPluginConventionCustomizer> (0x00000000eeff6138) 
thrown [t:\workspace\open\src\hotspot\share\classfile\systemDictionary.cpp, line 256]
Event: 23.400 Thread 0x00000234b09521d0 Implicit null exception at 0x00000234a28c13f2 to 0x00000234a28c1a30
Event: 23.401 Thread 0x00000234b09521d0 Implicit null exception at 0x00000234a28bb2f2 to 0x00000234a28bb948

VM Operations (20 events):
Event: 28.798 Executing VM operation: Cleanup
Event: 28.801 Executing VM operation: Cleanup done
Event: 29.808 Executing VM operation: Cleanup
Event: 29.808 Executing VM operation: Cleanup done
Event: 30.572 Executing VM operation: HandshakeAllThreads
Event: 30.572 Executing VM operation: HandshakeAllThreads done
Event: 30.572 Executing VM operation: HandshakeAllThreads
Event: 30.573 Executing VM operation: HandshakeAllThreads done
Event: 31.583 Executing VM operation: Cleanup
Event: 31.692 Executing VM operation: Cleanup done
Event: 32.702 Executing VM operation: Cleanup
Event: 32.766 Executing VM operation: Cleanup done
Event: 33.775 Executing VM operation: Cleanup
Event: 33.775 Executing VM operation: Cleanup done
Event: 34.787 Executing VM operation: Cleanup
Event: 34.939 Executing VM operation: Cleanup done
Event: 35.954 Executing VM operation: Cleanup
Event: 35.954 Executing VM operation: Cleanup done
Event: 37.968 Executing VM operation: Cleanup
Event: 38.102 Executing VM operation: Cleanup done

Events (20 events):
Event: 30.576 Thread 0x00000234ade0dd70 flushing nmethod 0x000002349b41a690
Event: 30.577 Thread 0x00000234ade0dd70 flushing nmethod 0x000002349b625990
Event: 30.578 Thread 0x00000234ade0dd70 flushing nmethod 0x000002349b744890
Event: 30.805 Thread 0x00000234b0ef83e0 Thread added: 0x00000234b0ef83e0
Event: 31.566 Thread 0x00000234b0efda80 Thread added: 0x00000234b0efda80
Event: 31.777 Thread 0x00000234b0efedc0 Thread added: 0x00000234b0efedc0
Event: 32.357 Thread 0x00000234b0ef88b0 Thread added: 0x00000234b0ef88b0
Event: 32.991 Thread 0x00000234b0efbda0 Thread added: 0x00000234b0efbda0
Event: 34.749 Thread 0x00000234b0efbda0 Thread exited: 0x00000234b0efbda0
Event: 35.251 Thread 0x00000234b0ef9250 Thread added: 0x00000234b0ef9250
Event: 35.350 Thread 0x00000234b0eff760 Thread added: 0x00000234b0eff760
Event: 35.574 Thread 0x00000234b0efdf50 Thread added: 0x00000234b0efdf50
Event: 37.647 Thread 0x00000234b0efaa60 Thread added: 0x00000234b0efaa60
Event: 37.687 Thread 0x00000234b0efb400 Thread added: 0x00000234b0efb400
Event: 37.698 Thread 0x00000234b0efc740 Thread added: 0x00000234b0efc740
Event: 37.776 Thread 0x00000234b0eff290 Thread added: 0x00000234b0eff290
Event: 37.831 Thread 0x00000234b0efb8d0 Thread added: 0x00000234b0efb8d0
Event: 37.846 Thread 0x00000234b0ef8d80 Thread added: 0x00000234b0ef8d80
Event: 37.874 Thread 0x00000234b0ef7f10 Thread added: 0x00000234b0ef7f10
Event: 38.169 Thread 0x00000234b0ef9bf0 Thread added: 0x00000234b0ef9bf0


Dynamic libraries:
0x00007ff749b20000 - 0x00007ff749b30000 	C:\Program Files\Java\jdk-17.0.2\bin\java.exe
0x00007ffada610000 - 0x00007ffada827000 	C:\WINDOWS\SYSTEM32\ntdll.dll
0x00007ffad9bb0000 - 0x00007ffad9c74000 	C:\WINDOWS\System32\KERNEL32.DLL
0x00007ffad7950000 - 0x00007ffad7cf6000 	C:\WINDOWS\System32\KERNELBASE.dll
0x00007ffad7e20000 - 0x00007ffad7f31000 	C:\WINDOWS\System32\ucrtbase.dll
0x00007ffac7830000 - 0x00007ffac7848000 	C:\Program Files\Java\jdk-17.0.2\bin\jli.dll
0x00007ffad95f0000 - 0x00007ffad96a3000 	C:\WINDOWS\System32\ADVAPI32.dll
0x00007ffad8940000 - 0x00007ffad89e7000 	C:\WINDOWS\System32\msvcrt.dll
0x00007ffac6ee0000 - 0x00007ffac6efa000 	C:\Program Files\Java\jdk-17.0.2\bin\VCRUNTIME140.dll
0x00007ffad8a40000 - 0x00007ffad8ae8000 	C:\WINDOWS\System32\sechost.dll
0x00007ffad8270000 - 0x00007ffad8298000 	C:\WINDOWS\System32\bcrypt.dll
0x00007ffada4b0000 - 0x00007ffada5c7000 	C:\WINDOWS\System32\RPCRT4.dll
0x00007ffad8790000 - 0x00007ffad893e000 	C:\WINDOWS\System32\USER32.dll
0x00007ffad80b0000 - 0x00007ffad80d6000 	C:\WINDOWS\System32\win32u.dll
0x00007ffada320000 - 0x00007ffada349000 	C:\WINDOWS\System32\GDI32.dll
0x00007ffad8150000 - 0x00007ffad8268000 	C:\WINDOWS\System32\gdi32full.dll
0x00007ffad7d80000 - 0x00007ffad7e1a000 	C:\WINDOWS\System32\msvcp_win.dll
0x00007ffacd9d0000 - 0x00007ffacd9da000 	C:\WINDOWS\SYSTEM32\VERSION.dll
0x00007ffaab3e0000 - 0x00007ffaab673000 	C:\WINDOWS\WinSxS\amd64_microsoft.windows.common-controls_6595b64144ccf1df_6.0.22621.2506_none_270c5ae97388e100\COMCTL32.dll
0x00007ffada120000 - 0x00007ffada151000 	C:\WINDOWS\System32\IMM32.DLL
0x0000023491400000 - 0x0000023491414000 	C:\WINDOWS\System32\umppc17806.dll
0x00007ffacc020000 - 0x00007ffacc02c000 	C:\Program Files\Java\jdk-17.0.2\bin\vcruntime140_1.dll
0x00007ffab9f40000 - 0x00007ffab9fcd000 	C:\Program Files\Java\jdk-17.0.2\bin\msvcp140.dll
0x00007ffa82a00000 - 0x00007ffa835c1000 	C:\Program Files\Java\jdk-17.0.2\bin\server\jvm.dll
0x00007ffad8cc0000 - 0x00007ffad8cc8000 	C:\WINDOWS\System32\PSAPI.DLL
0x00007ffab0d20000 - 0x00007ffab0d29000 	C:\WINDOWS\SYSTEM32\WSOCK32.dll
0x00007ffad8710000 - 0x00007ffad8781000 	C:\WINDOWS\System32\WS2_32.dll
0x00007ffacbf30000 - 0x00007ffacbf64000 	C:\WINDOWS\SYSTEM32\WINMM.dll
0x00007ffad6970000 - 0x00007ffad6988000 	C:\WINDOWS\SYSTEM32\kernel.appcore.dll
0x00007ffacbf70000 - 0x00007ffacbf7a000 	C:\Program Files\Java\jdk-17.0.2\bin\jimage.dll
0x00007ffad5440000 - 0x00007ffad5673000 	C:\WINDOWS\SYSTEM32\DBGHELP.DLL
0x00007ffad8360000 - 0x00007ffad86e9000 	C:\WINDOWS\System32\combase.dll
0x00007ffad8b80000 - 0x00007ffad8c57000 	C:\WINDOWS\System32\OLEAUT32.dll
0x00007ffac8150000 - 0x00007ffac8182000 	C:\WINDOWS\SYSTEM32\dbgcore.DLL
0x00007ffad7d00000 - 0x00007ffad7d7a000 	C:\WINDOWS\System32\bcryptPrimitives.dll
0x00007ffab7320000 - 0x00007ffab732e000 	C:\Program Files\Java\jdk-17.0.2\bin\instrument.dll
0x00007ffabd590000 - 0x00007ffabd5b5000 	C:\Program Files\Java\jdk-17.0.2\bin\java.dll
0x00007ffa93580000 - 0x00007ffa93656000 	C:\Program Files\Java\jdk-17.0.2\bin\jsvml.dll
0x00007ffad8d90000 - 0x00007ffad95eb000 	C:\WINDOWS\System32\SHELL32.dll
0x00007ffad5860000 - 0x00007ffad6156000 	C:\WINDOWS\SYSTEM32\windows.storage.dll
0x00007ffad5720000 - 0x00007ffad585e000 	C:\WINDOWS\SYSTEM32\wintypes.dll
0x00007ffad9db0000 - 0x00007ffad9ea3000 	C:\WINDOWS\System32\SHCORE.dll
0x00007ffad8c60000 - 0x00007ffad8cbe000 	C:\WINDOWS\System32\shlwapi.dll
0x00007ffad7880000 - 0x00007ffad78a6000 	C:\WINDOWS\SYSTEM32\profapi.dll
0x00007ffabaf70000 - 0x00007ffabaf88000 	C:\Program Files\Java\jdk-17.0.2\bin\zip.dll
0x00007ffabb160000 - 0x00007ffabb179000 	C:\Program Files\Java\jdk-17.0.2\bin\net.dll
0x00007fface440000 - 0x00007fface577000 	C:\WINDOWS\SYSTEM32\WINHTTP.dll
0x00007ffad6e10000 - 0x00007ffad6e79000 	C:\WINDOWS\system32\mswsock.dll
0x00007ffabb140000 - 0x00007ffabb156000 	C:\Program Files\Java\jdk-17.0.2\bin\nio.dll
0x00007ffac7160000 - 0x00007ffac7170000 	C:\Program Files\Java\jdk-17.0.2\bin\verify.dll
0x00007ffa9f830000 - 0x00007ffa9f857000 	C:\Users\Mohan NS\.gradle\native\c067742578af261105cb4f569cf0c3c89f3d7b1fecec35dd04571415982c5e48\windows-amd64\native-platform.dll
0x00007ffa3e690000 - 0x00007ffa3e7d4000 	C:\Users\Mohan NS\.gradle\native\38dada09dfb8b06ba9b0570ebf7e218e3eb74d4ef43ca46872605cf95ebc2f47\windows-amd64\native-platform-file-events.dll
0x00007ffab7310000 - 0x00007ffab7319000 	C:\Program Files\Java\jdk-17.0.2\bin\management.dll
0x00007ffab7280000 - 0x00007ffab728b000 	C:\Program Files\Java\jdk-17.0.2\bin\management_ext.dll
0x00007ffad7070000 - 0x00007ffad708b000 	C:\WINDOWS\SYSTEM32\CRYPTSP.dll
0x00007ffad68d0000 - 0x00007ffad6905000 	C:\WINDOWS\system32\rsaenh.dll
0x00007ffad6f00000 - 0x00007ffad6f2c000 	C:\WINDOWS\SYSTEM32\USERENV.dll
0x00007ffad7060000 - 0x00007ffad706c000 	C:\WINDOWS\SYSTEM32\CRYPTBASE.dll
0x00007ffad63b0000 - 0x00007ffad63dd000 	C:\WINDOWS\SYSTEM32\IPHLPAPI.DLL
0x00007ffad9f70000 - 0x00007ffad9f79000 	C:\WINDOWS\System32\NSI.dll
0x00007fface420000 - 0x00007fface439000 	C:\WINDOWS\SYSTEM32\dhcpcsvc6.DLL
0x00007ffacd9e0000 - 0x00007ffacd9ff000 	C:\WINDOWS\SYSTEM32\dhcpcsvc.DLL
0x00007ffad63e0000 - 0x00007ffad64d9000 	C:\WINDOWS\SYSTEM32\DNSAPI.dll
0x00007ffab4e00000 - 0x00007ffab4e0e000 	C:\Program Files\Java\jdk-17.0.2\bin\sunmscapi.dll
0x00007ffad7f40000 - 0x00007ffad80a6000 	C:\WINDOWS\System32\CRYPT32.dll
0x00007ffad7220000 - 0x00007ffad724e000 	C:\WINDOWS\SYSTEM32\ncrypt.dll
0x00007ffad71e0000 - 0x00007ffad7217000 	C:\WINDOWS\SYSTEM32\NTASN1.dll
0x00007ffa9ea40000 - 0x00007ffa9ea48000 	C:\WINDOWS\system32\wshunix.dll

dbghelp: loaded successfully - version: 4.0.5 - missing functions: none
symbol engine: initialized successfully - sym options: 0x614 - pdb path: .;C:\Program Files\Java\jdk-17.0.2\bin;C:\WINDOWS\SYSTEM32;C:\WINDOWS\WinSxS\amd64_microsoft.windows.common-controls_6595b64144ccf1df_6.0.22621.2506_none_270c5ae97388e100;C:\Program Files\Java\jdk-17.0.2\bin\server;C:\Users\Mohan NS\.gradle\native\c067742578af261105cb4f569cf0c3c89f3d7b1fecec35dd04571415982c5e48\windows-amd64;C:\Users\Mohan NS\.gradle\native\38dada09dfb8b06ba9b0570ebf7e218e3eb74d4ef43ca46872605cf95ebc2f47\windows-amd64

VM Arguments:
jvm_args: --add-opens=java.base/java.util=ALL-UNNAMED --add-opens=java.base/java.lang=ALL-UNNAMED --add-opens=java.base/java.lang.invoke=ALL-UNNAMED --add-opens=java.prefs/java.util.prefs=ALL-UNNAMED --add-opens=java.base/java.nio.charset=ALL-UNNAMED --add-opens=java.base/java.net=ALL-UNNAMED --add-opens=java.base/java.util.concurrent.atomic=ALL-UNNAMED -XX:MaxMetaspaceSize=384m -XX:+HeapDumpOnOutOfMemoryError -Xms256m -Xmx512m -Dfile.encoding=windows-1252 -Duser.country=IN -Duser.language=en -Duser.variant -javaagent:C:\Users\Mohan NS\.gradle\wrapper\dists\gradle-8.5-bin\5t9huq95ubn472n8rpzujfbqh\gradle-8.5\lib\agents\gradle-instrumentation-agent-8.5.jar 
java_command: org.gradle.launcher.daemon.bootstrap.GradleDaemon 8.5
java_class_path (initial): C:\Users\Mohan NS\.gradle\wrapper\dists\gradle-8.5-bin\5t9huq95ubn472n8rpzujfbqh\gradle-8.5\lib\gradle-launcher-8.5.jar
Launcher Type: SUN_STANDARD

[Global flags]
     intx CICompilerCount                          = 4                                         {product} {ergonomic}
   size_t CompressedClassSpaceSize                 = 322961408                                 {product} {ergonomic}
     uint ConcGCThreads                            = 2                                         {product} {ergonomic}
     uint G1ConcRefinementThreads                  = 8                                         {product} {ergonomic}
   size_t G1HeapRegionSize                         = 1048576                                   {product} {ergonomic}
    uintx GCDrainStackTargetSize                   = 64                                        {product} {ergonomic}
     bool HeapDumpOnOutOfMemoryError               = true                                   {manageable} {command line}
   size_t InitialHeapSize                          = 268435456                                 {product} {command line}
   size_t MarkStackSize                            = 4194304                                   {product} {ergonomic}
   size_t MaxHeapSize                              = 536870912                                 {product} {command line}
   size_t MaxMetaspaceSize                         = 402653184                                 {product} {command line}
   size_t MaxNewSize                               = 321912832                                 {product} {ergonomic}
   size_t MinHeapDeltaBytes                        = 1048576                                   {product} {ergonomic}
   size_t MinHeapSize                              = 268435456                                 {product} {command line}
    uintx NonNMethodCodeHeapSize                   = 5839372                                {pd product} {ergonomic}
    uintx NonProfiledCodeHeapSize                  = 122909434                              {pd product} {ergonomic}
    uintx ProfiledCodeHeapSize                     = 122909434                              {pd product} {ergonomic}
    uintx ReservedCodeCacheSize                    = 251658240                              {pd product} {ergonomic}
     bool SegmentedCodeCache                       = true                                      {product} {ergonomic}
   size_t SoftMaxHeapSize                          = 536870912                              {manageable} {ergonomic}
     bool UseCompressedClassPointers               = true                           {product lp64_product} {ergonomic}
     bool UseCompressedOops                        = true                           {product lp64_product} {ergonomic}
     bool UseG1GC                                  = true                                      {product} {ergonomic}
     bool UseLargePagesIndividualAllocation        = false                                  {pd product} {ergonomic}

Logging:
Log output configuration:
 #0: stdout all=warning uptime,level,tags
 #1: stderr all=off uptime,level,tags

Environment Variables:
JAVA_HOME=C:\Program Files\Java\jdk-17.0.2
PATH=C:\Program Files\Common Files\Oracle\Java\javapath;C:\app\Mohan\product\21c\dbhomeXE\bin;C:\WINDOWS\system32;C:\WINDOWS;C:\WINDOWS\System32\Wbem;C:\WINDOWS\System32\WindowsPowerShell\v1.0\;C:\WINDOWS\System32\OpenSSH\;C:\Program Files\PuTTY\;C:\msys64\mingw64\bin;C:\apache-maven-3.9.6\bin;C:\Program Files\nodejs\;C:\Gradle\gradle-8.5\bin;C:\Program Files\PowerShell\7\;C:\Program Files\Git\cmd;C:\Program Files\MySQL\MySQL Shell 8.0\bin\;C:\Users\Mohan NS\AppData\Local\Microsoft\WindowsApps;C:\Users\Mohan NS\AppData\Local\GitHubDesktop\bin;C:\Program Files\JetBrains\IntelliJ IDEA 2023.2.2\bin;;C:\Program Files\JetBrains\IntelliJ IDEA Community Edition 2023.1.2\bin;;C:\Users\Mohan NS\AppData\Local\Programs\Microsoft VS Code\bin;C:\Program Files\Git\bin\;C:\Program Files\Git\cmd\;C:\Program Files\JetBrains\PyCharm 2023.2.4\bin;;C:\Program Files\Neovim\bin;C:\Users\Mohan NS\AppData\Local\Microsoft\WinGet\Packages\BurntSushi.ripgrep.MSVC_Microsoft.Winget.Source_8wekyb3d8bbwe\ripgrep-14.0.3-x86_64-pc-windows-msvc;C:\Users\Mohan NS\AppData\Roaming\npm;C:\Users\Mohan NS\AppData\Local\Programs\oh-my-posh\bin;C:\Program Files\PostgreSQL\16\bin;
USERNAME=Mohan NS
OS=Windows_NT
PROCESSOR_IDENTIFIER=Intel64 Family 6 Model 140 Stepping 1, GenuineIntel



---------------  S Y S T E M  ---------------

OS:
 Windows 11 , 64 bit Build 22621 (10.0.22621.3085)
OS uptime: 0 days 6:31 hours

CPU: total 8 (initial active 8) (4 cores per cpu, 2 threads per core) family 6 model 140 stepping 1 microcode 0xa6, cx8, cmov, fxsr, ht, mmx, 3dnowpref, sse, sse2, sse3, ssse3, sse4.1, sse4.2, popcnt, lzcnt, tsc, tscinvbit, avx, avx2, aes, erms, clmul, bmi1, bmi2, adx, avx512f, avx512dq, avx512cd, avx512bw, avx512vl, sha, fma, vzeroupper, avx512_vpopcntdq, avx512_vpclmulqdq, avx512_vaes, avx512_vnni, clflush, clflushopt, clwb, avx512_vbmi2, avx512_vbmi

Memory: 4k page, system-wide physical 16029M (45M free)
TotalPageFile size 31402M (AvailPageFile size 1M)
current process WorkingSet (physical memory assigned to process): 380M, peak: 384M
current process commit charge ("private bytes"): 481M, peak: 484M

vm_info: Java HotSpot(TM) 64-Bit Server VM (17.0.2+8-LTS-86) for windows-amd64 JRE (17.0.2+8-LTS-86), built on Dec  7 2021 21:51:03 by "mach5one" with MS VC++ 16.8 / 16.9 (VS2019)

END.
