#
# There is insufficient memory for the Java Runtime Environment to continue.
# Native memory allocation (malloc) failed to allocate 659376 bytes for Chunk::new
# Possible reasons:
#   The system is out of physical RAM or swap space
#   The process is running with CompressedOops enabled, and the Java Heap may be blocking the growth of the native heap
# Possible solutions:
#   Reduce memory load on the system
#   Increase physical memory or swap space
#   Check if swap backing store is full
#   Decrease Java heap size (-Xmx/-Xms)
#   Decrease number of Java threads
#   Decrease Java thread stack sizes (-Xss)
#   Set larger code cache with -XX:ReservedCodeCacheSize=
#   JVM is running with Unscaled Compressed Oops mode in which the Java heap is
#     placed in the first 4GB address space. The Java Heap base address is the
#     maximum limit for the native heap growth. Please use -XX:HeapBaseMinAddress
#     to set the Java Heap base and to place the Java Heap above 4GB virtual address.
# This output file may be truncated or incomplete.
#
#  Out of Memory Error (arena.cpp:189), pid=4268, tid=23632
#
# JRE version: Java(TM) SE Runtime Environment (17.0.2+8) (build 17.0.2+8-LTS-86)
# Java VM: Java HotSpot(TM) 64-Bit Server VM (17.0.2+8-LTS-86, mixed mode, sharing, tiered, compressed oops, compressed class ptrs, g1 gc, windows-amd64)
# No core dump will be written. Minidumps are not enabled by default on client versions of Windows
#

---------------  S U M M A R Y ------------

Command Line: --add-opens=java.base/java.util=ALL-UNNAMED --add-opens=java.base/java.lang=ALL-UNNAMED --add-opens=java.base/java.lang.invoke=ALL-UNNAMED --add-opens=java.prefs/java.util.prefs=ALL-UNNAMED --add-opens=java.base/java.nio.charset=ALL-UNNAMED --add-opens=java.base/java.net=ALL-UNNAMED --add-opens=java.base/java.util.concurrent.atomic=ALL-UNNAMED -XX:MaxMetaspaceSize=384m -XX:+HeapDumpOnOutOfMemoryError -Xms256m -Xmx512m -Dfile.encoding=windows-1252 -Duser.country=IN -Duser.language=en -Duser.variant -javaagent:C:\Users\Mohan NS\.gradle\wrapper\dists\gradle-8.5-bin\5t9huq95ubn472n8rpzujfbqh\gradle-8.5\lib\agents\gradle-instrumentation-agent-8.5.jar org.gradle.launcher.daemon.bootstrap.GradleDaemon 8.5

Host: 11th Gen Intel(R) Core(TM) i7-1185G7 @ 3.00GHz, 8 cores, 15G,  Windows 11 , 64 bit Build 22621 (10.0.22621.3085)
Time: Mon Feb 26 14:24:26 2024 India Standard Time elapsed time: 21.117642 seconds (0d 0h 0m 21s)

---------------  T H R E A D  ---------------

Current thread (0x0000023dfa05a230):  JavaThread "C2 CompilerThread0" daemon [_thread_in_native, id=23632, stack(0x000000bd66400000,0x000000bd66500000)]


Current CompileTask:
C2:  21117 2663   !   4       java.net.URL::<init> (543 bytes)

Stack: [0x000000bd66400000,0x000000bd66500000]
Native frames: (J=compiled Java code, j=interpreted, Vv=VM code, C=native code)
V  [jvm.dll+0x670baa]
V  [jvm.dll+0x7cfcb4]
V  [jvm.dll+0x7d145e]
V  [jvm.dll+0x7d1ac3]
V  [jvm.dll+0x242bc5]
V  [jvm.dll+0xaa57b]
V  [jvm.dll+0xaab0c]
V  [jvm.dll+0x2a991f]
V  [jvm.dll+0x5792d9]
V  [jvm.dll+0x21de3d]
V  [jvm.dll+0x21e21f]
V  [jvm.dll+0x217ae5]
V  [jvm.dll+0x214fab]
V  [jvm.dll+0x1a1bbd]
V  [jvm.dll+0x224908]
V  [jvm.dll+0x222a6c]
V  [jvm.dll+0x7859bb]
V  [jvm.dll+0x77ff7a]
V  [jvm.dll+0x66fa35]
C  [ucrtbase.dll+0x29363]
C  [KERNEL32.DLL+0x1257d]
C  [ntdll.dll+0x5aa58]


---------------  P R O C E S S  ---------------

Threads class SMR info:
_java_thread_list=0x0000023dfc3294b0, length=27, elements={
0x0000023dee7a9b40, 0x0000023dfa039730, 0x0000023dfa03a0e0, 0x0000023dfa054730,
0x0000023dfa056000, 0x0000023dfa058cd0, 0x0000023dfa059590, 0x0000023dfa05a230,
0x0000023dfa05aff0, 0x0000023dfa05b8f0, 0x0000023dfa0215e0, 0x0000023dfad49bf0,
0x0000023dfc302440, 0x0000023dfc6e5950, 0x0000023dfcf42fc0, 0x0000023dfc82b7b0,
0x0000023dfcc743d0, 0x0000023dfce501d0, 0x0000023dfaebb040, 0x0000023dfaebb510,
0x0000023dfaeb9830, 0x0000023dfaebb9e0, 0x0000023dfaeb9d00, 0x0000023dfaeba1d0,
0x0000023dfaeba6a0, 0x0000023dfaeb8020, 0x0000023dfaeb84f0
}

Java Threads: ( => current thread )
  0x0000023dee7a9b40 JavaThread "main" [_thread_blocked, id=23984, stack(0x000000bd65700000,0x000000bd65800000)]
  0x0000023dfa039730 JavaThread "Reference Handler" daemon [_thread_blocked, id=19352, stack(0x000000bd65e00000,0x000000bd65f00000)]
  0x0000023dfa03a0e0 JavaThread "Finalizer" daemon [_thread_blocked, id=13392, stack(0x000000bd65f00000,0x000000bd66000000)]
  0x0000023dfa054730 JavaThread "Signal Dispatcher" daemon [_thread_blocked, id=11040, stack(0x000000bd66000000,0x000000bd66100000)]
  0x0000023dfa056000 JavaThread "Attach Listener" daemon [_thread_blocked, id=21704, stack(0x000000bd66100000,0x000000bd66200000)]
  0x0000023dfa058cd0 JavaThread "Service Thread" daemon [_thread_blocked, id=21740, stack(0x000000bd66200000,0x000000bd66300000)]
  0x0000023dfa059590 JavaThread "Monitor Deflation Thread" daemon [_thread_blocked, id=23752, stack(0x000000bd66300000,0x000000bd66400000)]
=>0x0000023dfa05a230 JavaThread "C2 CompilerThread0" daemon [_thread_in_native, id=23632, stack(0x000000bd66400000,0x000000bd66500000)]
  0x0000023dfa05aff0 JavaThread "C1 CompilerThread0" daemon [_thread_blocked, id=23748, stack(0x000000bd66500000,0x000000bd66600000)]
  0x0000023dfa05b8f0 JavaThread "Sweeper thread" daemon [_thread_blocked, id=5852, stack(0x000000bd66600000,0x000000bd66700000)]
  0x0000023dfa0215e0 JavaThread "Common-Cleaner" daemon [_thread_blocked, id=3620, stack(0x000000bd66700000,0x000000bd66800000)]
  0x0000023dfad49bf0 JavaThread "Notification Thread" daemon [_thread_blocked, id=23060, stack(0x000000bd66800000,0x000000bd66900000)]
  0x0000023dfc302440 JavaThread "Daemon health stats" [_thread_blocked, id=26380, stack(0x000000bd66f00000,0x000000bd67000000)]
  0x0000023dfc6e5950 JavaThread "Incoming local TCP Connector on port 63653" [_thread_in_native, id=11936, stack(0x000000bd67000000,0x000000bd67100000)]
  0x0000023dfcf42fc0 JavaThread "Daemon periodic checks" [_thread_blocked, id=23660, stack(0x000000bd67100000,0x000000bd67200000)]
  0x0000023dfc82b7b0 JavaThread "Daemon" [_thread_blocked, id=3680, stack(0x000000bd67200000,0x000000bd67300000)]
  0x0000023dfcc743d0 JavaThread "Handler for socket connection from /127.0.0.1:63653 to /127.0.0.1:63655" [_thread_in_native, id=21056, stack(0x000000bd67300000,0x000000bd67400000)]
  0x0000023dfce501d0 JavaThread "Cancel handler" [_thread_blocked, id=5452, stack(0x000000bd67400000,0x000000bd67500000)]
  0x0000023dfaebb040 JavaThread "Daemon worker" [_thread_in_native, id=18272, stack(0x000000bd67500000,0x000000bd67600000)]
  0x0000023dfaebb510 JavaThread "Asynchronous log dispatcher for DefaultDaemonConnection: socket connection from /127.0.0.1:63653 to /127.0.0.1:63655" [_thread_blocked, id=23776, stack(0x000000bd67600000,0x000000bd67700000)]
  0x0000023dfaeb9830 JavaThread "Stdin handler" [_thread_blocked, id=23504, stack(0x000000bd67700000,0x000000bd67800000)]
  0x0000023dfaebb9e0 JavaThread "Daemon client event forwarder" [_thread_blocked, id=24700, stack(0x000000bd67800000,0x000000bd67900000)]
  0x0000023dfaeb9d00 JavaThread "Cache worker for journal cache (C:\Users\Mohan NS\.gradle\caches\journal-1)" [_thread_blocked, id=26236, stack(0x000000bd67900000,0x000000bd67a00000)]
  0x0000023dfaeba1d0 JavaThread "File lock request listener" [_thread_in_native, id=26632, stack(0x000000bd67a00000,0x000000bd67b00000)]
  0x0000023dfaeba6a0 JavaThread "File lock release action executor" [_thread_blocked, id=27132, stack(0x000000bd67b00000,0x000000bd67c00000)]
  0x0000023dfaeb8020 JavaThread "Cache worker for file hash cache (C:\Users\Mohan NS\.gradle\caches\8.5\fileHashes)" [_thread_blocked, id=27588, stack(0x000000bd67c00000,0x000000bd67d00000)]
  0x0000023dfaeb84f0 JavaThread "Daemon Thread 2" [_thread_blocked, id=5308, stack(0x000000bd67d00000,0x000000bd67e00000)]

Other Threads:
  0x0000023dfa0356c0 VMThread "VM Thread" [stack: 0x000000bd65d00000,0x000000bd65e00000] [id=19416]
  0x0000023dee7ac570 WatcherThread [stack: 0x000000bd66900000,0x000000bd66a00000] [id=23804]
  0x0000023dee7d3e60 GCTaskThread "GC Thread#0" [stack: 0x000000bd65800000,0x000000bd65900000] [id=16696]
  0x0000023dfb7fec70 GCTaskThread "GC Thread#1" [stack: 0x000000bd66a00000,0x000000bd66b00000] [id=15380]
  0x0000023dfb707aa0 GCTaskThread "GC Thread#2" [stack: 0x000000bd66b00000,0x000000bd66c00000] [id=18688]
  0x0000023dfb707d50 GCTaskThread "GC Thread#3" [stack: 0x000000bd66c00000,0x000000bd66d00000] [id=23036]
  0x0000023dfb73df80 GCTaskThread "GC Thread#4" [stack: 0x000000bd66d00000,0x000000bd66e00000] [id=2636]
  0x0000023dfb73e230 GCTaskThread "GC Thread#5" [stack: 0x000000bd66e00000,0x000000bd66f00000] [id=4920]
  0x0000023dee7d8ca0 ConcurrentGCThread "G1 Main Marker" [stack: 0x000000bd65900000,0x000000bd65a00000] [id=19732]
  0x0000023dee7d95b0 ConcurrentGCThread "G1 Conc#0" [stack: 0x000000bd65a00000,0x000000bd65b00000] [id=24428]
  0x0000023df9ef44e0 ConcurrentGCThread "G1 Refine#0" [stack: 0x000000bd65b00000,0x000000bd65c00000] [id=16196]
  0x0000023df9ef6330 ConcurrentGCThread "G1 Service" [stack: 0x000000bd65c00000,0x000000bd65d00000] [id=18024]

Threads with active compile tasks:
C2 CompilerThread0    21173 2663   !   4       java.net.URL::<init> (543 bytes)
C1 CompilerThread0    21174 2739   !   3       org.gradle.internal.service.DefaultServiceRegistry$FactoryService::bind (283 bytes)

VM state: not at safepoint (normal execution)

VM Mutex/Monitor currently owned by a thread: None

Heap address: 0x00000000e0000000, size: 512 MB, Compressed Oops mode: 32-bit

CDS archive(s) mapped at: [0x0000000800000000-0x0000000800bc0000-0x0000000800bc0000), size 12320768, SharedBaseAddress: 0x0000000800000000, ArchiveRelocationMode: 0.
Compressed class space mapped at: 0x0000000800c00000-0x0000000814000000, reserved size: 322961408
Narrow klass base: 0x0000000800000000, Narrow klass shift: 0, Narrow klass range: 0x100000000

GC Precious Log:
 CPUs: 8 total, 8 available
 Memory: 16029M
 Large Page Support: Disabled
 NUMA Support: Disabled
 Compressed Oops: Enabled (32-bit)
 Heap Region Size: 1M
 Heap Min Capacity: 256M
 Heap Initial Capacity: 256M
 Heap Max Capacity: 512M
 Pre-touch: Disabled
 Parallel Workers: 8
 Concurrent Workers: 2
 Concurrent Refinement Workers: 8
 Periodic GC: Disabled

Heap:
 garbage-first heap   total 262144K, used 117784K [0x00000000e0000000, 0x0000000100000000)
  region size 1024K, 106 young (108544K), 1 survivors (1024K)
 Metaspace       used 19381K, committed 19712K, reserved 339968K
  class space    used 2831K, committed 3008K, reserved 315392K

Heap Regions: E=young(eden), S=young(survivor), O=old, HS=humongous(starts), HC=humongous(continues), CS=collection set, F=free, OA=open archive, CA=closed archive, TAMS=top-at-mark-start (previous, next)
|   0|0x00000000e0000000, 0x00000000e0100000, 0x00000000e0100000|100%|HS|  |TAMS 0x00000000e0000000, 0x00000000e0000000| Complete 
|   1|0x00000000e0100000, 0x00000000e0200000, 0x00000000e0200000|100%|HC|  |TAMS 0x00000000e0100000, 0x00000000e0100000| Complete 
|   2|0x00000000e0200000, 0x00000000e0300000, 0x00000000e0300000|100%|HC|  |TAMS 0x00000000e0200000, 0x00000000e0200000| Complete 
|   3|0x00000000e0300000, 0x00000000e0400000, 0x00000000e0400000|100%|HC|  |TAMS 0x00000000e0300000, 0x00000000e0300000| Complete 
|   4|0x00000000e0400000, 0x00000000e0500000, 0x00000000e0500000|100%| O|  |TAMS 0x00000000e0400000, 0x00000000e0400000| Untracked 
|   5|0x00000000e0500000, 0x00000000e0600000, 0x00000000e0600000|100%| O|  |TAMS 0x00000000e0500000, 0x00000000e0500000| Untracked 
|   6|0x00000000e0600000, 0x00000000e0700000, 0x00000000e0700000|100%| O|  |TAMS 0x00000000e0600000, 0x00000000e0600000| Untracked 
|   7|0x00000000e0700000, 0x00000000e0800000, 0x00000000e0800000|100%| O|  |TAMS 0x00000000e0700000, 0x00000000e0700000| Untracked 
|   8|0x00000000e0800000, 0x00000000e0900000, 0x00000000e0900000|100%| O|  |TAMS 0x00000000e0800000, 0x00000000e0800000| Untracked 
|   9|0x00000000e0900000, 0x00000000e0a00000, 0x00000000e0a00000|100%| O|  |TAMS 0x00000000e0900000, 0x00000000e0900000| Untracked 
|  10|0x00000000e0a00000, 0x00000000e0a58600, 0x00000000e0b00000| 34%| O|  |TAMS 0x00000000e0a00000, 0x00000000e0a00000| Untracked 
|  11|0x00000000e0b00000, 0x00000000e0c00000, 0x00000000e0c00000|100%|HS|  |TAMS 0x00000000e0b00000, 0x00000000e0b00000| Complete 
|  12|0x00000000e0c00000, 0x00000000e0c00000, 0x00000000e0d00000|  0%| F|  |TAMS 0x00000000e0c00000, 0x00000000e0c00000| Untracked 
|  13|0x00000000e0d00000, 0x00000000e0d00000, 0x00000000e0e00000|  0%| F|  |TAMS 0x00000000e0d00000, 0x00000000e0d00000| Untracked 
|  14|0x00000000e0e00000, 0x00000000e0e00000, 0x00000000e0f00000|  0%| F|  |TAMS 0x00000000e0e00000, 0x00000000e0e00000| Untracked 
|  15|0x00000000e0f00000, 0x00000000e0f00000, 0x00000000e1000000|  0%| F|  |TAMS 0x00000000e0f00000, 0x00000000e0f00000| Untracked 
|  16|0x00000000e1000000, 0x00000000e1000000, 0x00000000e1100000|  0%| F|  |TAMS 0x00000000e1000000, 0x00000000e1000000| Untracked 
|  17|0x00000000e1100000, 0x00000000e1100000, 0x00000000e1200000|  0%| F|  |TAMS 0x00000000e1100000, 0x00000000e1100000| Untracked 
|  18|0x00000000e1200000, 0x00000000e1200000, 0x00000000e1300000|  0%| F|  |TAMS 0x00000000e1200000, 0x00000000e1200000| Untracked 
|  19|0x00000000e1300000, 0x00000000e1300000, 0x00000000e1400000|  0%| F|  |TAMS 0x00000000e1300000, 0x00000000e1300000| Untracked 
|  20|0x00000000e1400000, 0x00000000e1400000, 0x00000000e1500000|  0%| F|  |TAMS 0x00000000e1400000, 0x00000000e1400000| Untracked 
|  21|0x00000000e1500000, 0x00000000e1500000, 0x00000000e1600000|  0%| F|  |TAMS 0x00000000e1500000, 0x00000000e1500000| Untracked 
|  22|0x00000000e1600000, 0x00000000e1600000, 0x00000000e1700000|  0%| F|  |TAMS 0x00000000e1600000, 0x00000000e1600000| Untracked 
|  23|0x00000000e1700000, 0x00000000e1700000, 0x00000000e1800000|  0%| F|  |TAMS 0x00000000e1700000, 0x00000000e1700000| Untracked 
|  24|0x00000000e1800000, 0x00000000e1800000, 0x00000000e1900000|  0%| F|  |TAMS 0x00000000e1800000, 0x00000000e1800000| Untracked 
|  25|0x00000000e1900000, 0x00000000e1900000, 0x00000000e1a00000|  0%| F|  |TAMS 0x00000000e1900000, 0x00000000e1900000| Untracked 
|  26|0x00000000e1a00000, 0x00000000e1a00000, 0x00000000e1b00000|  0%| F|  |TAMS 0x00000000e1a00000, 0x00000000e1a00000| Untracked 
|  27|0x00000000e1b00000, 0x00000000e1b00000, 0x00000000e1c00000|  0%| F|  |TAMS 0x00000000e1b00000, 0x00000000e1b00000| Untracked 
|  28|0x00000000e1c00000, 0x00000000e1c00000, 0x00000000e1d00000|  0%| F|  |TAMS 0x00000000e1c00000, 0x00000000e1c00000| Untracked 
|  29|0x00000000e1d00000, 0x00000000e1d00000, 0x00000000e1e00000|  0%| F|  |TAMS 0x00000000e1d00000, 0x00000000e1d00000| Untracked 
|  30|0x00000000e1e00000, 0x00000000e1e00000, 0x00000000e1f00000|  0%| F|  |TAMS 0x00000000e1e00000, 0x00000000e1e00000| Untracked 
|  31|0x00000000e1f00000, 0x00000000e1f00000, 0x00000000e2000000|  0%| F|  |TAMS 0x00000000e1f00000, 0x00000000e1f00000| Untracked 
|  32|0x00000000e2000000, 0x00000000e2000000, 0x00000000e2100000|  0%| F|  |TAMS 0x00000000e2000000, 0x00000000e2000000| Untracked 
|  33|0x00000000e2100000, 0x00000000e2100000, 0x00000000e2200000|  0%| F|  |TAMS 0x00000000e2100000, 0x00000000e2100000| Untracked 
|  34|0x00000000e2200000, 0x00000000e2200000, 0x00000000e2300000|  0%| F|  |TAMS 0x00000000e2200000, 0x00000000e2200000| Untracked 
|  35|0x00000000e2300000, 0x00000000e2300000, 0x00000000e2400000|  0%| F|  |TAMS 0x00000000e2300000, 0x00000000e2300000| Untracked 
|  36|0x00000000e2400000, 0x00000000e2400000, 0x00000000e2500000|  0%| F|  |TAMS 0x00000000e2400000, 0x00000000e2400000| Untracked 
|  37|0x00000000e2500000, 0x00000000e2500000, 0x00000000e2600000|  0%| F|  |TAMS 0x00000000e2500000, 0x00000000e2500000| Untracked 
|  38|0x00000000e2600000, 0x00000000e2600000, 0x00000000e2700000|  0%| F|  |TAMS 0x00000000e2600000, 0x00000000e2600000| Untracked 
|  39|0x00000000e2700000, 0x00000000e2700000, 0x00000000e2800000|  0%| F|  |TAMS 0x00000000e2700000, 0x00000000e2700000| Untracked 
|  40|0x00000000e2800000, 0x00000000e2800000, 0x00000000e2900000|  0%| F|  |TAMS 0x00000000e2800000, 0x00000000e2800000| Untracked 
|  41|0x00000000e2900000, 0x00000000e2900000, 0x00000000e2a00000|  0%| F|  |TAMS 0x00000000e2900000, 0x00000000e2900000| Untracked 
|  42|0x00000000e2a00000, 0x00000000e2a00000, 0x00000000e2b00000|  0%| F|  |TAMS 0x00000000e2a00000, 0x00000000e2a00000| Untracked 
|  43|0x00000000e2b00000, 0x00000000e2b00000, 0x00000000e2c00000|  0%| F|  |TAMS 0x00000000e2b00000, 0x00000000e2b00000| Untracked 
|  44|0x00000000e2c00000, 0x00000000e2c00000, 0x00000000e2d00000|  0%| F|  |TAMS 0x00000000e2c00000, 0x00000000e2c00000| Untracked 
|  45|0x00000000e2d00000, 0x00000000e2d00000, 0x00000000e2e00000|  0%| F|  |TAMS 0x00000000e2d00000, 0x00000000e2d00000| Untracked 
|  46|0x00000000e2e00000, 0x00000000e2e00000, 0x00000000e2f00000|  0%| F|  |TAMS 0x00000000e2e00000, 0x00000000e2e00000| Untracked 
|  47|0x00000000e2f00000, 0x00000000e2f00000, 0x00000000e3000000|  0%| F|  |TAMS 0x00000000e2f00000, 0x00000000e2f00000| Untracked 
|  48|0x00000000e3000000, 0x00000000e3000000, 0x00000000e3100000|  0%| F|  |TAMS 0x00000000e3000000, 0x00000000e3000000| Untracked 
|  49|0x00000000e3100000, 0x00000000e3100000, 0x00000000e3200000|  0%| F|  |TAMS 0x00000000e3100000, 0x00000000e3100000| Untracked 
|  50|0x00000000e3200000, 0x00000000e3200000, 0x00000000e3300000|  0%| F|  |TAMS 0x00000000e3200000, 0x00000000e3200000| Untracked 
|  51|0x00000000e3300000, 0x00000000e3300000, 0x00000000e3400000|  0%| F|  |TAMS 0x00000000e3300000, 0x00000000e3300000| Untracked 
|  52|0x00000000e3400000, 0x00000000e3400000, 0x00000000e3500000|  0%| F|  |TAMS 0x00000000e3400000, 0x00000000e3400000| Untracked 
|  53|0x00000000e3500000, 0x00000000e3500000, 0x00000000e3600000|  0%| F|  |TAMS 0x00000000e3500000, 0x00000000e3500000| Untracked 
|  54|0x00000000e3600000, 0x00000000e3600000, 0x00000000e3700000|  0%| F|  |TAMS 0x00000000e3600000, 0x00000000e3600000| Untracked 
|  55|0x00000000e3700000, 0x00000000e3700000, 0x00000000e3800000|  0%| F|  |TAMS 0x00000000e3700000, 0x00000000e3700000| Untracked 
|  56|0x00000000e3800000, 0x00000000e3800000, 0x00000000e3900000|  0%| F|  |TAMS 0x00000000e3800000, 0x00000000e3800000| Untracked 
|  57|0x00000000e3900000, 0x00000000e3900000, 0x00000000e3a00000|  0%| F|  |TAMS 0x00000000e3900000, 0x00000000e3900000| Untracked 
|  58|0x00000000e3a00000, 0x00000000e3a00000, 0x00000000e3b00000|  0%| F|  |TAMS 0x00000000e3a00000, 0x00000000e3a00000| Untracked 
|  59|0x00000000e3b00000, 0x00000000e3b00000, 0x00000000e3c00000|  0%| F|  |TAMS 0x00000000e3b00000, 0x00000000e3b00000| Untracked 
|  60|0x00000000e3c00000, 0x00000000e3c00000, 0x00000000e3d00000|  0%| F|  |TAMS 0x00000000e3c00000, 0x00000000e3c00000| Untracked 
|  61|0x00000000e3d00000, 0x00000000e3d00000, 0x00000000e3e00000|  0%| F|  |TAMS 0x00000000e3d00000, 0x00000000e3d00000| Untracked 
|  62|0x00000000e3e00000, 0x00000000e3e00000, 0x00000000e3f00000|  0%| F|  |TAMS 0x00000000e3e00000, 0x00000000e3e00000| Untracked 
|  63|0x00000000e3f00000, 0x00000000e3f00000, 0x00000000e4000000|  0%| F|  |TAMS 0x00000000e3f00000, 0x00000000e3f00000| Untracked 
|  64|0x00000000e4000000, 0x00000000e4000000, 0x00000000e4100000|  0%| F|  |TAMS 0x00000000e4000000, 0x00000000e4000000| Untracked 
|  65|0x00000000e4100000, 0x00000000e4100000, 0x00000000e4200000|  0%| F|  |TAMS 0x00000000e4100000, 0x00000000e4100000| Untracked 
|  66|0x00000000e4200000, 0x00000000e4200000, 0x00000000e4300000|  0%| F|  |TAMS 0x00000000e4200000, 0x00000000e4200000| Untracked 
|  67|0x00000000e4300000, 0x00000000e4300000, 0x00000000e4400000|  0%| F|  |TAMS 0x00000000e4300000, 0x00000000e4300000| Untracked 
|  68|0x00000000e4400000, 0x00000000e4400000, 0x00000000e4500000|  0%| F|  |TAMS 0x00000000e4400000, 0x00000000e4400000| Untracked 
|  69|0x00000000e4500000, 0x00000000e4500000, 0x00000000e4600000|  0%| F|  |TAMS 0x00000000e4500000, 0x00000000e4500000| Untracked 
|  70|0x00000000e4600000, 0x00000000e4600000, 0x00000000e4700000|  0%| F|  |TAMS 0x00000000e4600000, 0x00000000e4600000| Untracked 
|  71|0x00000000e4700000, 0x00000000e4700000, 0x00000000e4800000|  0%| F|  |TAMS 0x00000000e4700000, 0x00000000e4700000| Untracked 
|  72|0x00000000e4800000, 0x00000000e4800000, 0x00000000e4900000|  0%| F|  |TAMS 0x00000000e4800000, 0x00000000e4800000| Untracked 
|  73|0x00000000e4900000, 0x00000000e4900000, 0x00000000e4a00000|  0%| F|  |TAMS 0x00000000e4900000, 0x00000000e4900000| Untracked 
|  74|0x00000000e4a00000, 0x00000000e4a00000, 0x00000000e4b00000|  0%| F|  |TAMS 0x00000000e4a00000, 0x00000000e4a00000| Untracked 
|  75|0x00000000e4b00000, 0x00000000e4b00000, 0x00000000e4c00000|  0%| F|  |TAMS 0x00000000e4b00000, 0x00000000e4b00000| Untracked 
|  76|0x00000000e4c00000, 0x00000000e4c00000, 0x00000000e4d00000|  0%| F|  |TAMS 0x00000000e4c00000, 0x00000000e4c00000| Untracked 
|  77|0x00000000e4d00000, 0x00000000e4d00000, 0x00000000e4e00000|  0%| F|  |TAMS 0x00000000e4d00000, 0x00000000e4d00000| Untracked 
|  78|0x00000000e4e00000, 0x00000000e4e00000, 0x00000000e4f00000|  0%| F|  |TAMS 0x00000000e4e00000, 0x00000000e4e00000| Untracked 
|  79|0x00000000e4f00000, 0x00000000e4f00000, 0x00000000e5000000|  0%| F|  |TAMS 0x00000000e4f00000, 0x00000000e4f00000| Untracked 
|  80|0x00000000e5000000, 0x00000000e5000000, 0x00000000e5100000|  0%| F|  |TAMS 0x00000000e5000000, 0x00000000e5000000| Untracked 
|  81|0x00000000e5100000, 0x00000000e5100000, 0x00000000e5200000|  0%| F|  |TAMS 0x00000000e5100000, 0x00000000e5100000| Untracked 
|  82|0x00000000e5200000, 0x00000000e5200000, 0x00000000e5300000|  0%| F|  |TAMS 0x00000000e5200000, 0x00000000e5200000| Untracked 
|  83|0x00000000e5300000, 0x00000000e5300000, 0x00000000e5400000|  0%| F|  |TAMS 0x00000000e5300000, 0x00000000e5300000| Untracked 
|  84|0x00000000e5400000, 0x00000000e5400000, 0x00000000e5500000|  0%| F|  |TAMS 0x00000000e5400000, 0x00000000e5400000| Untracked 
|  85|0x00000000e5500000, 0x00000000e5500000, 0x00000000e5600000|  0%| F|  |TAMS 0x00000000e5500000, 0x00000000e5500000| Untracked 
|  86|0x00000000e5600000, 0x00000000e5600000, 0x00000000e5700000|  0%| F|  |TAMS 0x00000000e5600000, 0x00000000e5600000| Untracked 
|  87|0x00000000e5700000, 0x00000000e5700000, 0x00000000e5800000|  0%| F|  |TAMS 0x00000000e5700000, 0x00000000e5700000| Untracked 
|  88|0x00000000e5800000, 0x00000000e5800000, 0x00000000e5900000|  0%| F|  |TAMS 0x00000000e5800000, 0x00000000e5800000| Untracked 
|  89|0x00000000e5900000, 0x00000000e5900000, 0x00000000e5a00000|  0%| F|  |TAMS 0x00000000e5900000, 0x00000000e5900000| Untracked 
|  90|0x00000000e5a00000, 0x00000000e5a00000, 0x00000000e5b00000|  0%| F|  |TAMS 0x00000000e5a00000, 0x00000000e5a00000| Untracked 
|  91|0x00000000e5b00000, 0x00000000e5b00000, 0x00000000e5c00000|  0%| F|  |TAMS 0x00000000e5b00000, 0x00000000e5b00000| Untracked 
|  92|0x00000000e5c00000, 0x00000000e5c00000, 0x00000000e5d00000|  0%| F|  |TAMS 0x00000000e5c00000, 0x00000000e5c00000| Untracked 
|  93|0x00000000e5d00000, 0x00000000e5d00000, 0x00000000e5e00000|  0%| F|  |TAMS 0x00000000e5d00000, 0x00000000e5d00000| Untracked 
|  94|0x00000000e5e00000, 0x00000000e5e00000, 0x00000000e5f00000|  0%| F|  |TAMS 0x00000000e5e00000, 0x00000000e5e00000| Untracked 
|  95|0x00000000e5f00000, 0x00000000e5f00000, 0x00000000e6000000|  0%| F|  |TAMS 0x00000000e5f00000, 0x00000000e5f00000| Untracked 
|  96|0x00000000e6000000, 0x00000000e6000000, 0x00000000e6100000|  0%| F|  |TAMS 0x00000000e6000000, 0x00000000e6000000| Untracked 
|  97|0x00000000e6100000, 0x00000000e6100000, 0x00000000e6200000|  0%| F|  |TAMS 0x00000000e6100000, 0x00000000e6100000| Untracked 
|  98|0x00000000e6200000, 0x00000000e6200000, 0x00000000e6300000|  0%| F|  |TAMS 0x00000000e6200000, 0x00000000e6200000| Untracked 
|  99|0x00000000e6300000, 0x00000000e6300000, 0x00000000e6400000|  0%| F|  |TAMS 0x00000000e6300000, 0x00000000e6300000| Untracked 
| 100|0x00000000e6400000, 0x00000000e6400000, 0x00000000e6500000|  0%| F|  |TAMS 0x00000000e6400000, 0x00000000e6400000| Untracked 
| 101|0x00000000e6500000, 0x00000000e6500000, 0x00000000e6600000|  0%| F|  |TAMS 0x00000000e6500000, 0x00000000e6500000| Untracked 
| 102|0x00000000e6600000, 0x00000000e6600000, 0x00000000e6700000|  0%| F|  |TAMS 0x00000000e6600000, 0x00000000e6600000| Untracked 
| 103|0x00000000e6700000, 0x00000000e6700000, 0x00000000e6800000|  0%| F|  |TAMS 0x00000000e6700000, 0x00000000e6700000| Untracked 
| 104|0x00000000e6800000, 0x00000000e6800000, 0x00000000e6900000|  0%| F|  |TAMS 0x00000000e6800000, 0x00000000e6800000| Untracked 
| 105|0x00000000e6900000, 0x00000000e6900000, 0x00000000e6a00000|  0%| F|  |TAMS 0x00000000e6900000, 0x00000000e6900000| Untracked 
| 106|0x00000000e6a00000, 0x00000000e6a00000, 0x00000000e6b00000|  0%| F|  |TAMS 0x00000000e6a00000, 0x00000000e6a00000| Untracked 
| 107|0x00000000e6b00000, 0x00000000e6b00000, 0x00000000e6c00000|  0%| F|  |TAMS 0x00000000e6b00000, 0x00000000e6b00000| Untracked 
| 108|0x00000000e6c00000, 0x00000000e6c00000, 0x00000000e6d00000|  0%| F|  |TAMS 0x00000000e6c00000, 0x00000000e6c00000| Untracked 
| 109|0x00000000e6d00000, 0x00000000e6d00000, 0x00000000e6e00000|  0%| F|  |TAMS 0x00000000e6d00000, 0x00000000e6d00000| Untracked 
| 110|0x00000000e6e00000, 0x00000000e6e00000, 0x00000000e6f00000|  0%| F|  |TAMS 0x00000000e6e00000, 0x00000000e6e00000| Untracked 
| 111|0x00000000e6f00000, 0x00000000e6f00000, 0x00000000e7000000|  0%| F|  |TAMS 0x00000000e6f00000, 0x00000000e6f00000| Untracked 
| 112|0x00000000e7000000, 0x00000000e7000000, 0x00000000e7100000|  0%| F|  |TAMS 0x00000000e7000000, 0x00000000e7000000| Untracked 
| 113|0x00000000e7100000, 0x00000000e7100000, 0x00000000e7200000|  0%| F|  |TAMS 0x00000000e7100000, 0x00000000e7100000| Untracked 
| 114|0x00000000e7200000, 0x00000000e7200000, 0x00000000e7300000|  0%| F|  |TAMS 0x00000000e7200000, 0x00000000e7200000| Untracked 
| 115|0x00000000e7300000, 0x00000000e7300000, 0x00000000e7400000|  0%| F|  |TAMS 0x00000000e7300000, 0x00000000e7300000| Untracked 
| 116|0x00000000e7400000, 0x00000000e7400000, 0x00000000e7500000|  0%| F|  |TAMS 0x00000000e7400000, 0x00000000e7400000| Untracked 
| 117|0x00000000e7500000, 0x00000000e7500000, 0x00000000e7600000|  0%| F|  |TAMS 0x00000000e7500000, 0x00000000e7500000| Untracked 
| 118|0x00000000e7600000, 0x00000000e7600000, 0x00000000e7700000|  0%| F|  |TAMS 0x00000000e7600000, 0x00000000e7600000| Untracked 
| 119|0x00000000e7700000, 0x00000000e7700000, 0x00000000e7800000|  0%| F|  |TAMS 0x00000000e7700000, 0x00000000e7700000| Untracked 
| 120|0x00000000e7800000, 0x00000000e7800000, 0x00000000e7900000|  0%| F|  |TAMS 0x00000000e7800000, 0x00000000e7800000| Untracked 
| 121|0x00000000e7900000, 0x00000000e7900000, 0x00000000e7a00000|  0%| F|  |TAMS 0x00000000e7900000, 0x00000000e7900000| Untracked 
| 122|0x00000000e7a00000, 0x00000000e7a00000, 0x00000000e7b00000|  0%| F|  |TAMS 0x00000000e7a00000, 0x00000000e7a00000| Untracked 
| 123|0x00000000e7b00000, 0x00000000e7b00000, 0x00000000e7c00000|  0%| F|  |TAMS 0x00000000e7b00000, 0x00000000e7b00000| Untracked 
| 124|0x00000000e7c00000, 0x00000000e7c00000, 0x00000000e7d00000|  0%| F|  |TAMS 0x00000000e7c00000, 0x00000000e7c00000| Untracked 
| 125|0x00000000e7d00000, 0x00000000e7d00000, 0x00000000e7e00000|  0%| F|  |TAMS 0x00000000e7d00000, 0x00000000e7d00000| Untracked 
| 126|0x00000000e7e00000, 0x00000000e7e00000, 0x00000000e7f00000|  0%| F|  |TAMS 0x00000000e7e00000, 0x00000000e7e00000| Untracked 
| 127|0x00000000e7f00000, 0x00000000e7f00000, 0x00000000e8000000|  0%| F|  |TAMS 0x00000000e7f00000, 0x00000000e7f00000| Untracked 
| 128|0x00000000e8000000, 0x00000000e8000000, 0x00000000e8100000|  0%| F|  |TAMS 0x00000000e8000000, 0x00000000e8000000| Untracked 
| 129|0x00000000e8100000, 0x00000000e8100000, 0x00000000e8200000|  0%| F|  |TAMS 0x00000000e8100000, 0x00000000e8100000| Untracked 
| 130|0x00000000e8200000, 0x00000000e8200000, 0x00000000e8300000|  0%| F|  |TAMS 0x00000000e8200000, 0x00000000e8200000| Untracked 
| 131|0x00000000e8300000, 0x00000000e8300000, 0x00000000e8400000|  0%| F|  |TAMS 0x00000000e8300000, 0x00000000e8300000| Untracked 
| 132|0x00000000e8400000, 0x00000000e8400000, 0x00000000e8500000|  0%| F|  |TAMS 0x00000000e8400000, 0x00000000e8400000| Untracked 
| 133|0x00000000e8500000, 0x00000000e8500000, 0x00000000e8600000|  0%| F|  |TAMS 0x00000000e8500000, 0x00000000e8500000| Untracked 
| 134|0x00000000e8600000, 0x00000000e8600000, 0x00000000e8700000|  0%| F|  |TAMS 0x00000000e8600000, 0x00000000e8600000| Untracked 
| 135|0x00000000e8700000, 0x00000000e8700000, 0x00000000e8800000|  0%| F|  |TAMS 0x00000000e8700000, 0x00000000e8700000| Untracked 
| 136|0x00000000e8800000, 0x00000000e8800000, 0x00000000e8900000|  0%| F|  |TAMS 0x00000000e8800000, 0x00000000e8800000| Untracked 
| 137|0x00000000e8900000, 0x00000000e8900000, 0x00000000e8a00000|  0%| F|  |TAMS 0x00000000e8900000, 0x00000000e8900000| Untracked 
| 138|0x00000000e8a00000, 0x00000000e8a00000, 0x00000000e8b00000|  0%| F|  |TAMS 0x00000000e8a00000, 0x00000000e8a00000| Untracked 
| 139|0x00000000e8b00000, 0x00000000e8b00000, 0x00000000e8c00000|  0%| F|  |TAMS 0x00000000e8b00000, 0x00000000e8b00000| Untracked 
| 140|0x00000000e8c00000, 0x00000000e8c00000, 0x00000000e8d00000|  0%| F|  |TAMS 0x00000000e8c00000, 0x00000000e8c00000| Untracked 
| 141|0x00000000e8d00000, 0x00000000e8d00000, 0x00000000e8e00000|  0%| F|  |TAMS 0x00000000e8d00000, 0x00000000e8d00000| Untracked 
| 142|0x00000000e8e00000, 0x00000000e8e00000, 0x00000000e8f00000|  0%| F|  |TAMS 0x00000000e8e00000, 0x00000000e8e00000| Untracked 
| 143|0x00000000e8f00000, 0x00000000e8f00000, 0x00000000e9000000|  0%| F|  |TAMS 0x00000000e8f00000, 0x00000000e8f00000| Untracked 
| 144|0x00000000e9000000, 0x00000000e9000000, 0x00000000e9100000|  0%| F|  |TAMS 0x00000000e9000000, 0x00000000e9000000| Untracked 
| 145|0x00000000e9100000, 0x00000000e9100000, 0x00000000e9200000|  0%| F|  |TAMS 0x00000000e9100000, 0x00000000e9100000| Untracked 
| 146|0x00000000e9200000, 0x00000000e9200000, 0x00000000e9300000|  0%| F|  |TAMS 0x00000000e9200000, 0x00000000e9200000| Untracked 
| 147|0x00000000e9300000, 0x00000000e9300000, 0x00000000e9400000|  0%| F|  |TAMS 0x00000000e9300000, 0x00000000e9300000| Untracked 
| 148|0x00000000e9400000, 0x00000000e9400000, 0x00000000e9500000|  0%| F|  |TAMS 0x00000000e9400000, 0x00000000e9400000| Untracked 
| 149|0x00000000e9500000, 0x00000000e9500000, 0x00000000e9600000|  0%| F|  |TAMS 0x00000000e9500000, 0x00000000e9500000| Untracked 
| 150|0x00000000e9600000, 0x00000000e9683af0, 0x00000000e9700000| 51%| E|  |TAMS 0x00000000e9600000, 0x00000000e9600000| Complete 
| 151|0x00000000e9700000, 0x00000000e9800000, 0x00000000e9800000|100%| E|CS|TAMS 0x00000000e9700000, 0x00000000e9700000| Complete 
| 152|0x00000000e9800000, 0x00000000e9900000, 0x00000000e9900000|100%| E|CS|TAMS 0x00000000e9800000, 0x00000000e9800000| Complete 
| 153|0x00000000e9900000, 0x00000000e9a00000, 0x00000000e9a00000|100%| E|CS|TAMS 0x00000000e9900000, 0x00000000e9900000| Complete 
| 154|0x00000000e9a00000, 0x00000000e9b00000, 0x00000000e9b00000|100%| E|CS|TAMS 0x00000000e9a00000, 0x00000000e9a00000| Complete 
| 155|0x00000000e9b00000, 0x00000000e9c00000, 0x00000000e9c00000|100%| E|CS|TAMS 0x00000000e9b00000, 0x00000000e9b00000| Complete 
| 156|0x00000000e9c00000, 0x00000000e9d00000, 0x00000000e9d00000|100%| E|CS|TAMS 0x00000000e9c00000, 0x00000000e9c00000| Complete 
| 157|0x00000000e9d00000, 0x00000000e9e00000, 0x00000000e9e00000|100%| E|CS|TAMS 0x00000000e9d00000, 0x00000000e9d00000| Complete 
| 158|0x00000000e9e00000, 0x00000000e9f00000, 0x00000000e9f00000|100%| E|CS|TAMS 0x00000000e9e00000, 0x00000000e9e00000| Complete 
| 159|0x00000000e9f00000, 0x00000000ea000000, 0x00000000ea000000|100%| E|CS|TAMS 0x00000000e9f00000, 0x00000000e9f00000| Complete 
| 160|0x00000000ea000000, 0x00000000ea100000, 0x00000000ea100000|100%| E|CS|TAMS 0x00000000ea000000, 0x00000000ea000000| Complete 
| 161|0x00000000ea100000, 0x00000000ea200000, 0x00000000ea200000|100%| E|CS|TAMS 0x00000000ea100000, 0x00000000ea100000| Complete 
| 162|0x00000000ea200000, 0x00000000ea300000, 0x00000000ea300000|100%| E|CS|TAMS 0x00000000ea200000, 0x00000000ea200000| Complete 
| 163|0x00000000ea300000, 0x00000000ea400000, 0x00000000ea400000|100%| E|CS|TAMS 0x00000000ea300000, 0x00000000ea300000| Complete 
| 164|0x00000000ea400000, 0x00000000ea500000, 0x00000000ea500000|100%| E|CS|TAMS 0x00000000ea400000, 0x00000000ea400000| Complete 
| 165|0x00000000ea500000, 0x00000000ea600000, 0x00000000ea600000|100%| E|CS|TAMS 0x00000000ea500000, 0x00000000ea500000| Complete 
| 166|0x00000000ea600000, 0x00000000ea700000, 0x00000000ea700000|100%| E|CS|TAMS 0x00000000ea600000, 0x00000000ea600000| Complete 
| 167|0x00000000ea700000, 0x00000000ea800000, 0x00000000ea800000|100%| E|CS|TAMS 0x00000000ea700000, 0x00000000ea700000| Complete 
| 168|0x00000000ea800000, 0x00000000ea900000, 0x00000000ea900000|100%| E|CS|TAMS 0x00000000ea800000, 0x00000000ea800000| Complete 
| 169|0x00000000ea900000, 0x00000000eaa00000, 0x00000000eaa00000|100%| E|CS|TAMS 0x00000000ea900000, 0x00000000ea900000| Complete 
| 170|0x00000000eaa00000, 0x00000000eab00000, 0x00000000eab00000|100%| E|CS|TAMS 0x00000000eaa00000, 0x00000000eaa00000| Complete 
| 171|0x00000000eab00000, 0x00000000eac00000, 0x00000000eac00000|100%| E|CS|TAMS 0x00000000eab00000, 0x00000000eab00000| Complete 
| 172|0x00000000eac00000, 0x00000000ead00000, 0x00000000ead00000|100%| E|CS|TAMS 0x00000000eac00000, 0x00000000eac00000| Complete 
| 173|0x00000000ead00000, 0x00000000eae00000, 0x00000000eae00000|100%| E|CS|TAMS 0x00000000ead00000, 0x00000000ead00000| Complete 
| 174|0x00000000eae00000, 0x00000000eaf00000, 0x00000000eaf00000|100%| E|CS|TAMS 0x00000000eae00000, 0x00000000eae00000| Complete 
| 175|0x00000000eaf00000, 0x00000000eb000000, 0x00000000eb000000|100%| E|CS|TAMS 0x00000000eaf00000, 0x00000000eaf00000| Complete 
| 176|0x00000000eb000000, 0x00000000eb100000, 0x00000000eb100000|100%| E|CS|TAMS 0x00000000eb000000, 0x00000000eb000000| Complete 
| 177|0x00000000eb100000, 0x00000000eb200000, 0x00000000eb200000|100%| E|CS|TAMS 0x00000000eb100000, 0x00000000eb100000| Complete 
| 178|0x00000000eb200000, 0x00000000eb300000, 0x00000000eb300000|100%| E|CS|TAMS 0x00000000eb200000, 0x00000000eb200000| Complete 
| 179|0x00000000eb300000, 0x00000000eb400000, 0x00000000eb400000|100%| E|CS|TAMS 0x00000000eb300000, 0x00000000eb300000| Complete 
| 180|0x00000000eb400000, 0x00000000eb500000, 0x00000000eb500000|100%| E|CS|TAMS 0x00000000eb400000, 0x00000000eb400000| Complete 
| 181|0x00000000eb500000, 0x00000000eb600000, 0x00000000eb600000|100%| E|CS|TAMS 0x00000000eb500000, 0x00000000eb500000| Complete 
| 182|0x00000000eb600000, 0x00000000eb700000, 0x00000000eb700000|100%| E|CS|TAMS 0x00000000eb600000, 0x00000000eb600000| Complete 
| 183|0x00000000eb700000, 0x00000000eb800000, 0x00000000eb800000|100%| E|CS|TAMS 0x00000000eb700000, 0x00000000eb700000| Complete 
| 184|0x00000000eb800000, 0x00000000eb900000, 0x00000000eb900000|100%| E|CS|TAMS 0x00000000eb800000, 0x00000000eb800000| Complete 
| 185|0x00000000eb900000, 0x00000000eba00000, 0x00000000eba00000|100%| E|CS|TAMS 0x00000000eb900000, 0x00000000eb900000| Complete 
| 186|0x00000000eba00000, 0x00000000ebb00000, 0x00000000ebb00000|100%| E|CS|TAMS 0x00000000eba00000, 0x00000000eba00000| Complete 
| 187|0x00000000ebb00000, 0x00000000ebc00000, 0x00000000ebc00000|100%| E|CS|TAMS 0x00000000ebb00000, 0x00000000ebb00000| Complete 
| 188|0x00000000ebc00000, 0x00000000ebd00000, 0x00000000ebd00000|100%| E|CS|TAMS 0x00000000ebc00000, 0x00000000ebc00000| Complete 
| 189|0x00000000ebd00000, 0x00000000ebe00000, 0x00000000ebe00000|100%| E|CS|TAMS 0x00000000ebd00000, 0x00000000ebd00000| Complete 
| 190|0x00000000ebe00000, 0x00000000ebf00000, 0x00000000ebf00000|100%| E|CS|TAMS 0x00000000ebe00000, 0x00000000ebe00000| Complete 
| 191|0x00000000ebf00000, 0x00000000ec000000, 0x00000000ec000000|100%| E|CS|TAMS 0x00000000ebf00000, 0x00000000ebf00000| Complete 
| 192|0x00000000ec000000, 0x00000000ec100000, 0x00000000ec100000|100%| E|CS|TAMS 0x00000000ec000000, 0x00000000ec000000| Complete 
| 193|0x00000000ec100000, 0x00000000ec200000, 0x00000000ec200000|100%| E|CS|TAMS 0x00000000ec100000, 0x00000000ec100000| Complete 
| 194|0x00000000ec200000, 0x00000000ec300000, 0x00000000ec300000|100%| E|CS|TAMS 0x00000000ec200000, 0x00000000ec200000| Complete 
| 195|0x00000000ec300000, 0x00000000ec400000, 0x00000000ec400000|100%| E|CS|TAMS 0x00000000ec300000, 0x00000000ec300000| Complete 
| 196|0x00000000ec400000, 0x00000000ec500000, 0x00000000ec500000|100%| E|CS|TAMS 0x00000000ec400000, 0x00000000ec400000| Complete 
| 197|0x00000000ec500000, 0x00000000ec600000, 0x00000000ec600000|100%| E|CS|TAMS 0x00000000ec500000, 0x00000000ec500000| Complete 
| 198|0x00000000ec600000, 0x00000000ec700000, 0x00000000ec700000|100%| E|CS|TAMS 0x00000000ec600000, 0x00000000ec600000| Complete 
| 199|0x00000000ec700000, 0x00000000ec800000, 0x00000000ec800000|100%| E|CS|TAMS 0x00000000ec700000, 0x00000000ec700000| Complete 
| 200|0x00000000ec800000, 0x00000000ec900000, 0x00000000ec900000|100%| E|CS|TAMS 0x00000000ec800000, 0x00000000ec800000| Complete 
| 201|0x00000000ec900000, 0x00000000eca00000, 0x00000000eca00000|100%| E|CS|TAMS 0x00000000ec900000, 0x00000000ec900000| Complete 
| 202|0x00000000eca00000, 0x00000000ecb00000, 0x00000000ecb00000|100%| E|CS|TAMS 0x00000000eca00000, 0x00000000eca00000| Complete 
| 203|0x00000000ecb00000, 0x00000000ecc00000, 0x00000000ecc00000|100%| E|CS|TAMS 0x00000000ecb00000, 0x00000000ecb00000| Complete 
| 204|0x00000000ecc00000, 0x00000000ecd00000, 0x00000000ecd00000|100%| E|CS|TAMS 0x00000000ecc00000, 0x00000000ecc00000| Complete 
| 205|0x00000000ecd00000, 0x00000000ece00000, 0x00000000ece00000|100%| E|CS|TAMS 0x00000000ecd00000, 0x00000000ecd00000| Complete 
| 206|0x00000000ece00000, 0x00000000ecf00000, 0x00000000ecf00000|100%| E|CS|TAMS 0x00000000ece00000, 0x00000000ece00000| Complete 
| 207|0x00000000ecf00000, 0x00000000ed000000, 0x00000000ed000000|100%| E|CS|TAMS 0x00000000ecf00000, 0x00000000ecf00000| Complete 
| 208|0x00000000ed000000, 0x00000000ed100000, 0x00000000ed100000|100%| E|CS|TAMS 0x00000000ed000000, 0x00000000ed000000| Complete 
| 209|0x00000000ed100000, 0x00000000ed200000, 0x00000000ed200000|100%| E|CS|TAMS 0x00000000ed100000, 0x00000000ed100000| Complete 
| 210|0x00000000ed200000, 0x00000000ed300000, 0x00000000ed300000|100%| E|CS|TAMS 0x00000000ed200000, 0x00000000ed200000| Complete 
| 211|0x00000000ed300000, 0x00000000ed400000, 0x00000000ed400000|100%| E|CS|TAMS 0x00000000ed300000, 0x00000000ed300000| Complete 
| 212|0x00000000ed400000, 0x00000000ed500000, 0x00000000ed500000|100%| E|CS|TAMS 0x00000000ed400000, 0x00000000ed400000| Complete 
| 213|0x00000000ed500000, 0x00000000ed600000, 0x00000000ed600000|100%| E|CS|TAMS 0x00000000ed500000, 0x00000000ed500000| Complete 
| 214|0x00000000ed600000, 0x00000000ed700000, 0x00000000ed700000|100%| E|CS|TAMS 0x00000000ed600000, 0x00000000ed600000| Complete 
| 215|0x00000000ed700000, 0x00000000ed800000, 0x00000000ed800000|100%| E|CS|TAMS 0x00000000ed700000, 0x00000000ed700000| Complete 
| 216|0x00000000ed800000, 0x00000000ed900000, 0x00000000ed900000|100%| E|CS|TAMS 0x00000000ed800000, 0x00000000ed800000| Complete 
| 217|0x00000000ed900000, 0x00000000eda00000, 0x00000000eda00000|100%| E|CS|TAMS 0x00000000ed900000, 0x00000000ed900000| Complete 
| 218|0x00000000eda00000, 0x00000000edb00000, 0x00000000edb00000|100%| E|CS|TAMS 0x00000000eda00000, 0x00000000eda00000| Complete 
| 219|0x00000000edb00000, 0x00000000edc00000, 0x00000000edc00000|100%| E|CS|TAMS 0x00000000edb00000, 0x00000000edb00000| Complete 
| 220|0x00000000edc00000, 0x00000000edd00000, 0x00000000edd00000|100%| E|CS|TAMS 0x00000000edc00000, 0x00000000edc00000| Complete 
| 221|0x00000000edd00000, 0x00000000ede00000, 0x00000000ede00000|100%| E|CS|TAMS 0x00000000edd00000, 0x00000000edd00000| Complete 
| 222|0x00000000ede00000, 0x00000000edf00000, 0x00000000edf00000|100%| E|CS|TAMS 0x00000000ede00000, 0x00000000ede00000| Complete 
| 223|0x00000000edf00000, 0x00000000ee000000, 0x00000000ee000000|100%| E|CS|TAMS 0x00000000edf00000, 0x00000000edf00000| Complete 
| 224|0x00000000ee000000, 0x00000000ee100000, 0x00000000ee100000|100%| E|CS|TAMS 0x00000000ee000000, 0x00000000ee000000| Complete 
| 225|0x00000000ee100000, 0x00000000ee200000, 0x00000000ee200000|100%| E|CS|TAMS 0x00000000ee100000, 0x00000000ee100000| Complete 
| 226|0x00000000ee200000, 0x00000000ee2adaf0, 0x00000000ee300000| 67%| S|CS|TAMS 0x00000000ee200000, 0x00000000ee200000| Complete 
| 227|0x00000000ee300000, 0x00000000ee400000, 0x00000000ee400000|100%| E|CS|TAMS 0x00000000ee300000, 0x00000000ee300000| Complete 
| 228|0x00000000ee400000, 0x00000000ee500000, 0x00000000ee500000|100%| E|CS|TAMS 0x00000000ee400000, 0x00000000ee400000| Complete 
| 229|0x00000000ee500000, 0x00000000ee600000, 0x00000000ee600000|100%| E|CS|TAMS 0x00000000ee500000, 0x00000000ee500000| Complete 
| 230|0x00000000ee600000, 0x00000000ee700000, 0x00000000ee700000|100%| E|CS|TAMS 0x00000000ee600000, 0x00000000ee600000| Complete 
| 231|0x00000000ee700000, 0x00000000ee800000, 0x00000000ee800000|100%| E|CS|TAMS 0x00000000ee700000, 0x00000000ee700000| Complete 
| 232|0x00000000ee800000, 0x00000000ee900000, 0x00000000ee900000|100%| E|CS|TAMS 0x00000000ee800000, 0x00000000ee800000| Complete 
| 233|0x00000000ee900000, 0x00000000eea00000, 0x00000000eea00000|100%| E|CS|TAMS 0x00000000ee900000, 0x00000000ee900000| Complete 
| 234|0x00000000eea00000, 0x00000000eeb00000, 0x00000000eeb00000|100%| E|CS|TAMS 0x00000000eea00000, 0x00000000eea00000| Complete 
| 235|0x00000000eeb00000, 0x00000000eec00000, 0x00000000eec00000|100%| E|CS|TAMS 0x00000000eeb00000, 0x00000000eeb00000| Complete 
| 236|0x00000000eec00000, 0x00000000eed00000, 0x00000000eed00000|100%| E|CS|TAMS 0x00000000eec00000, 0x00000000eec00000| Complete 
| 237|0x00000000eed00000, 0x00000000eee00000, 0x00000000eee00000|100%| E|CS|TAMS 0x00000000eed00000, 0x00000000eed00000| Complete 
| 238|0x00000000eee00000, 0x00000000eef00000, 0x00000000eef00000|100%| E|CS|TAMS 0x00000000eee00000, 0x00000000eee00000| Complete 
| 239|0x00000000eef00000, 0x00000000ef000000, 0x00000000ef000000|100%| E|CS|TAMS 0x00000000eef00000, 0x00000000eef00000| Complete 
| 240|0x00000000ef000000, 0x00000000ef100000, 0x00000000ef100000|100%| E|CS|TAMS 0x00000000ef000000, 0x00000000ef000000| Complete 
| 241|0x00000000ef100000, 0x00000000ef200000, 0x00000000ef200000|100%| E|CS|TAMS 0x00000000ef100000, 0x00000000ef100000| Complete 
| 242|0x00000000ef200000, 0x00000000ef300000, 0x00000000ef300000|100%| E|CS|TAMS 0x00000000ef200000, 0x00000000ef200000| Complete 
| 243|0x00000000ef300000, 0x00000000ef400000, 0x00000000ef400000|100%| E|CS|TAMS 0x00000000ef300000, 0x00000000ef300000| Complete 
| 244|0x00000000ef400000, 0x00000000ef500000, 0x00000000ef500000|100%| E|CS|TAMS 0x00000000ef400000, 0x00000000ef400000| Complete 
| 245|0x00000000ef500000, 0x00000000ef600000, 0x00000000ef600000|100%| E|CS|TAMS 0x00000000ef500000, 0x00000000ef500000| Complete 
| 246|0x00000000ef600000, 0x00000000ef700000, 0x00000000ef700000|100%| E|CS|TAMS 0x00000000ef600000, 0x00000000ef600000| Complete 
| 247|0x00000000ef700000, 0x00000000ef800000, 0x00000000ef800000|100%| E|CS|TAMS 0x00000000ef700000, 0x00000000ef700000| Complete 
| 248|0x00000000ef800000, 0x00000000ef900000, 0x00000000ef900000|100%| E|CS|TAMS 0x00000000ef800000, 0x00000000ef800000| Complete 
| 249|0x00000000ef900000, 0x00000000ef9ffb50, 0x00000000efa00000| 99%| E|  |TAMS 0x00000000ef900000, 0x00000000ef900000| Complete 
| 250|0x00000000efa00000, 0x00000000efb00000, 0x00000000efb00000|100%| E|CS|TAMS 0x00000000efa00000, 0x00000000efa00000| Complete 
| 251|0x00000000efb00000, 0x00000000efc00000, 0x00000000efc00000|100%| E|CS|TAMS 0x00000000efb00000, 0x00000000efb00000| Complete 
| 252|0x00000000efc00000, 0x00000000efd00000, 0x00000000efd00000|100%| E|CS|TAMS 0x00000000efc00000, 0x00000000efc00000| Complete 
| 253|0x00000000efd00000, 0x00000000efe00000, 0x00000000efe00000|100%| E|CS|TAMS 0x00000000efd00000, 0x00000000efd00000| Complete 
| 254|0x00000000efe00000, 0x00000000eff00000, 0x00000000eff00000|100%| E|CS|TAMS 0x00000000efe00000, 0x00000000efe00000| Complete 
| 255|0x00000000eff00000, 0x00000000f0000000, 0x00000000f0000000|100%| E|CS|TAMS 0x00000000eff00000, 0x00000000eff00000| Complete 

Card table byte_map: [0x0000023df6420000,0x0000023df6520000] _byte_map_base: 0x0000023df5d20000

Marking Bits (Prev, Next): (CMBitMap*) 0x0000023dee7d4370, (CMBitMap*) 0x0000023dee7d43b0
 Prev Bits: [0x0000023df6620000, 0x0000023df6e20000)
 Next Bits: [0x0000023df6e20000, 0x0000023df7620000)

Polling page: 0x0000023dec670000

Metaspace:

Usage:
  Non-class:     16.20 MB used.
      Class:      2.77 MB used.
       Both:     18.98 MB used.

Virtual space:
  Non-class space:       24.00 MB reserved,      16.38 MB ( 68%) committed,  3 nodes.
      Class space:      308.00 MB reserved,       2.94 MB ( <1%) committed,  1 nodes.
             Both:      332.00 MB reserved,      19.31 MB (  6%) committed. 

Chunk freelists:
   Non-Class:  3.27 MB
       Class:  944.00 KB
        Both:  4.19 MB

MaxMetaspaceSize: 384.00 MB
CompressedClassSpaceSize: 308.00 MB
Initial GC threshold: 21.00 MB
Current GC threshold: 21.00 MB
CDS: on
MetaspaceReclaimPolicy: balanced
 - commit_granule_bytes: 65536.
 - commit_granule_words: 8192.
 - virtual_space_node_default_size: 1048576.
 - enlarge_chunks_in_place: 1.
 - new_chunks_are_fully_committed: 0.
 - uncommit_free_chunks: 1.
 - use_allocation_guard: 0.
 - handle_deallocations: 1.


Internal statistics:

num_allocs_failed_limit: 0.
num_arena_births: 230.
num_arena_deaths: 0.
num_vsnodes_births: 4.
num_vsnodes_deaths: 0.
num_space_committed: 309.
num_space_uncommitted: 0.
num_chunks_returned_to_freelist: 0.
num_chunks_taken_from_freelist: 892.
num_chunk_merges: 0.
num_chunk_splits: 586.
num_chunks_enlarged: 436.
num_purges: 0.
num_inconsistent_stats: 0.

CodeHeap 'non-profiled nmethods': size=120000Kb used=1487Kb max_used=1487Kb free=118512Kb
 bounds [0x0000023d87ad0000, 0x0000023d87d40000, 0x0000023d8f000000]
CodeHeap 'profiled nmethods': size=120000Kb used=5647Kb max_used=5647Kb free=114352Kb
 bounds [0x0000023d805a0000, 0x0000023d80b30000, 0x0000023d87ad0000]
CodeHeap 'non-nmethods': size=5760Kb used=1234Kb max_used=1279Kb free=4526Kb
 bounds [0x0000023d80000000, 0x0000023d80270000, 0x0000023d805a0000]
 total_blobs=3268 nmethods=2733 adapters=447
 compilation: enabled
              stopped_count=0, restarted_count=0
 full_count=0

Compilation events (20 events):
Event: 21.094 Thread 0x0000023dfa05aff0 2714       3       com.google.common.base.Splitter::omitEmptyStrings (21 bytes)
Event: 21.094 Thread 0x0000023dfa05aff0 nmethod 2714 0x0000023d80b0d890 code [0x0000023d80b0da40, 0x0000023d80b0dd38]
Event: 21.094 Thread 0x0000023dfa05aff0 2717 %     3       com.google.common.io.LineBuffer::add @ 47 (204 bytes)
Event: 21.095 Thread 0x0000023dfa05aff0 nmethod 2717% 0x0000023d80b0de10 code [0x0000023d80b0e040, 0x0000023d80b0e9d8]
Event: 21.095 Thread 0x0000023dfa05aff0 2718       3       com.google.common.io.LineBuffer::add (204 bytes)
Event: 21.095 Thread 0x0000023dfa05aff0 nmethod 2718 0x0000023d80b0ed90 code [0x0000023d80b0efc0, 0x0000023d80b0f7b8]
Event: 21.096 Thread 0x0000023dfa05aff0 2719       1       com.google.common.collect.ImmutableEntry::getValue (5 bytes)
Event: 21.096 Thread 0x0000023dfa05aff0 nmethod 2719 0x0000023d87c42a10 code [0x0000023d87c42ba0, 0x0000023d87c42c78]
Event: 21.096 Thread 0x0000023dfa05aff0 2720       1       com.google.common.collect.ImmutableMapEntry::isReusable (2 bytes)
Event: 21.096 Thread 0x0000023dfa05aff0 nmethod 2720 0x0000023d87c42d10 code [0x0000023d87c42ea0, 0x0000023d87c42f78]
Event: 21.096 Thread 0x0000023dfa05aff0 2721       3       com.google.common.collect.RegularImmutableMap::checkNoConflictInKeyBucket (85 bytes)
Event: 21.097 Thread 0x0000023dfa05aff0 nmethod 2721 0x0000023d80b0fb10 code [0x0000023d80b0fe00, 0x0000023d80b10cf8]
Event: 21.097 Thread 0x0000023dfa05aff0 2722       3       com.google.common.collect.RegularImmutableMap::makeImmutable (44 bytes)
Event: 21.098 Thread 0x0000023dfa05aff0 nmethod 2722 0x0000023d80b11210 code [0x0000023d80b11420, 0x0000023d80b11cb8]
Event: 21.098 Thread 0x0000023dfa05aff0 2723       1       com.google.common.collect.ImmutableMapEntry::getNextInKeyBucket (2 bytes)
Event: 21.098 Thread 0x0000023dfa05aff0 nmethod 2723 0x0000023d87c43010 code [0x0000023d87c431a0, 0x0000023d87c43278]
Event: 21.098 Thread 0x0000023dfa05aff0 2724       1       com.google.common.collect.ImmutableMapEntry$NonTerminalImmutableMapEntry::getNextInKeyBucket (5 bytes)
Event: 21.098 Thread 0x0000023dfa05aff0 nmethod 2724 0x0000023d87c43310 code [0x0000023d87c434a0, 0x0000023d87c43578]
Event: 21.098 Thread 0x0000023dfa05aff0 2725       3       com.google.common.collect.ImmutableMapEntry$NonTerminalImmutableMapEntry::<init> (12 bytes)
Event: 21.098 Thread 0x0000023dfa05aff0 nmethod 2725 0x0000023d80b11e90 code [0x0000023d80b12060, 0x0000023d80b12448]

GC Heap History (4 events):
Event: 3.237 GC heap before
{Heap before GC invocations=0 (full 0):
 garbage-first heap   total 262144K, used 26624K [0x00000000e0000000, 0x0000000100000000)
  region size 1024K, 23 young (23552K), 0 survivors (0K)
 Metaspace       used 3044K, committed 3200K, reserved 323584K
  class space    used 387K, committed 448K, reserved 315392K
}
Event: 3.253 GC heap after
{Heap after GC invocations=1 (full 0):
 garbage-first heap   total 262144K, used 10551K [0x00000000e0000000, 0x0000000100000000)
  region size 1024K, 3 young (3072K), 3 survivors (3072K)
 Metaspace       used 3044K, committed 3200K, reserved 323584K
  class space    used 387K, committed 448K, reserved 315392K
}
Event: 4.749 GC heap before
{Heap before GC invocations=1 (full 0):
 garbage-first heap   total 262144K, used 37175K [0x00000000e0000000, 0x0000000100000000)
  region size 1024K, 29 young (29696K), 3 survivors (3072K)
 Metaspace       used 4029K, committed 4160K, reserved 323584K
  class space    used 491K, committed 576K, reserved 315392K
}
Event: 4.752 GC heap after
{Heap after GC invocations=2 (full 0):
 garbage-first heap   total 262144K, used 11288K [0x00000000e0000000, 0x0000000100000000)
  region size 1024K, 1 young (1024K), 1 survivors (1024K)
 Metaspace       used 4029K, committed 4160K, reserved 323584K
  class space    used 491K, committed 576K, reserved 315392K
}

Deoptimization events (20 events):
Event: 14.010 Thread 0x0000023dfaebb040 Uncommon trap: trap_request=0xffffff45 fr.pc=0x0000023d87af0c14 relative=0x0000000000000b94
Event: 14.010 Thread 0x0000023dfaebb040 Uncommon trap: reason=unstable_if action=reinterpret pc=0x0000023d87af0c14 method=java.io.WinNTFileSystem.resolve(Ljava/lang/String;Ljava/lang/String;)Ljava/lang/String; @ 19 c2
Event: 14.011 Thread 0x0000023dfaebb040 DEOPT PACKING pc=0x0000023d87af0c14 sp=0x000000bd675fcfc0
Event: 14.011 Thread 0x0000023dfaebb040 DEOPT UNPACKING pc=0x0000023d80055c23 sp=0x000000bd675fcf68 mode 2
Event: 14.012 Thread 0x0000023dfaebb040 Uncommon trap: trap_request=0xffffff45 fr.pc=0x0000023d87b4819c relative=0x00000000000005fc
Event: 14.012 Thread 0x0000023dfaebb040 Uncommon trap: reason=unstable_if action=reinterpret pc=0x0000023d87b4819c method=java.io.File.getName()Ljava/lang/String; @ 16 c2
Event: 14.012 Thread 0x0000023dfaebb040 DEOPT PACKING pc=0x0000023d87b4819c sp=0x000000bd675fcf60
Event: 14.012 Thread 0x0000023dfaebb040 DEOPT UNPACKING pc=0x0000023d80055c23 sp=0x000000bd675fcf30 mode 2
Event: 19.829 Thread 0x0000023dfaebb040 Uncommon trap: trap_request=0xffffff45 fr.pc=0x0000023d87bdd028 relative=0x0000000000000268
Event: 19.829 Thread 0x0000023dfaebb040 Uncommon trap: reason=unstable_if action=reinterpret pc=0x0000023d87bdd028 method=java.util.HashMap.getNode(Ljava/lang/Object;)Ljava/util/HashMap$Node; @ 131 c2
Event: 19.829 Thread 0x0000023dfaebb040 DEOPT PACKING pc=0x0000023d87bdd028 sp=0x000000bd675faef0
Event: 19.829 Thread 0x0000023dfaebb040 DEOPT UNPACKING pc=0x0000023d80055c23 sp=0x000000bd675fae10 mode 2
Event: 19.829 Thread 0x0000023dfaebb040 Uncommon trap: trap_request=0xffffff45 fr.pc=0x0000023d87c13acc relative=0x000000000000076c
Event: 19.829 Thread 0x0000023dfaebb040 Uncommon trap: reason=unstable_if action=reinterpret pc=0x0000023d87c13acc method=java.util.HashMap.putVal(ILjava/lang/Object;Ljava/lang/Object;ZZ)Ljava/lang/Object; @ 206 c2
Event: 19.829 Thread 0x0000023dfaebb040 DEOPT PACKING pc=0x0000023d87c13acc sp=0x000000bd675fae70
Event: 19.829 Thread 0x0000023dfaebb040 DEOPT UNPACKING pc=0x0000023d80055c23 sp=0x000000bd675fae08 mode 2
Event: 20.433 Thread 0x0000023dfaebb040 Uncommon trap: trap_request=0xffffff45 fr.pc=0x0000023d87b05878 relative=0x00000000000000d8
Event: 20.433 Thread 0x0000023dfaebb040 Uncommon trap: reason=unstable_if action=reinterpret pc=0x0000023d87b05878 method=java.util.HashMap.hash(Ljava/lang/Object;)I @ 1 c2
Event: 20.433 Thread 0x0000023dfaebb040 DEOPT PACKING pc=0x0000023d87b05878 sp=0x000000bd675f9e20
Event: 20.433 Thread 0x0000023dfaebb040 DEOPT UNPACKING pc=0x0000023d80055c23 sp=0x000000bd675f9d60 mode 2

Classes unloaded (0 events):
No events

Classes redefined (0 events):
No events

Internal exceptions (20 events):
Event: 10.739 Thread 0x0000023dfaebb040 Exception <a 'java/lang/NoSuchMethodError'{0x00000000ec8ede48}: 'java.lang.Object java.lang.invoke.DirectMethodHandle$Holder.invokeSpecial(java.lang.Object, java.lang.Object, java.lang.Object, java.lang.Object, java.lang.Object, java.lang.Object, java.lang.Object, java.lang.Object, java.lang.Object, java.lang.Object)'> (0x00000000ec8ede48) 
thrown [t:\workspace\open\src\hotspot\share\interpreter\linkResolver.cpp, line 766]
Event: 10.739 Thread 0x0000023dfaebb040 Exception <a 'java/lang/NoSuchMethodError'{0x00000000ec8f2718}: 'java.lang.Object java.lang.invoke.Invokers$Holder.invoker(java.lang.Object, java.lang.Object, java.lang.Object, java.lang.Object, java.lang.Object, java.lang.Object, java.lang.Object, java.lang.Object, java.lang.Object, java.lang.Object)'> (0x00000000ec8f2718) 
thrown [t:\workspace\open\src\hotspot\share\interpreter\linkResolver.cpp, line 766]
Event: 10.740 Thread 0x0000023dfaebb040 Exception <a 'java/lang/NoSuchMethodError'{0x00000000ec8f82a0}: 'java.lang.Object java.lang.invoke.DirectMethodHandle$Holder.invokeSpecial(java.lang.Object, java.lang.Object, java.lang.Object, java.lang.Object, java.lang.Object, java.lang.Object, java.lang.Object, java.lang.Object, java.lang.Object, java.lang.Object, java.lang.Object)'> (0x00000000ec8f82a0) 
thrown [t:\workspace\open\src\hotspot\share\interpreter\linkResolver.cpp, line 766]
Event: 10.936 Thread 0x0000023dfaebb040 Exception <a 'java/lang/NoSuchMethodError'{0x00000000ec2e65d0}: 'void java.lang.invoke.DirectMethodHandle$Holder.invokeStaticInit(java.lang.Object)'> (0x00000000ec2e65d0) 
thrown [t:\workspace\open\src\hotspot\share\interpreter\linkResolver.cpp, line 766]
Event: 10.963 Thread 0x0000023dfaebb040 Exception <a 'java/lang/NoSuchMethodError'{0x00000000ec196c98}: 'java.lang.Object java.lang.invoke.DirectMethodHandle$Holder.newInvokeSpecial(java.lang.Object, java.lang.Object, java.lang.Object, int)'> (0x00000000ec196c98) 
thrown [t:\workspace\open\src\hotspot\share\interpreter\linkResolver.cpp, line 766]
Event: 10.964 Thread 0x0000023dfaebb040 Exception <a 'java/lang/NoSuchMethodError'{0x00000000ec19b5c8}: 'java.lang.Object java.lang.invoke.DirectMethodHandle$Holder.invokeSpecial(java.lang.Object, java.lang.Object, java.lang.Object, java.lang.Object, int)'> (0x00000000ec19b5c8) 
thrown [t:\workspace\open\src\hotspot\share\interpreter\linkResolver.cpp, line 766]
Event: 10.964 Thread 0x0000023dfaebb040 Exception <a 'java/lang/NoSuchMethodError'{0x00000000ec19f6e0}: 'java.lang.Object java.lang.invoke.Invokers$Holder.linkToTargetMethod(java.lang.Object, java.lang.Object, int, java.lang.Object)'> (0x00000000ec19f6e0) 
thrown [t:\workspace\open\src\hotspot\share\interpreter\linkResolver.cpp, line 766]
Event: 18.101 Thread 0x0000023dfaebb040 Exception <a 'java/lang/NoSuchMethodError'{0x00000000eae14c70}: 'int java.lang.invoke.DirectMethodHandle$Holder.invokeSpecialIFC(java.lang.Object, java.lang.Object, java.lang.Object, java.lang.Object)'> (0x00000000eae14c70) 
thrown [t:\workspace\open\src\hotspot\share\interpreter\linkResolver.cpp, line 766]
Event: 18.112 Thread 0x0000023dfaebb040 Exception <a 'java/lang/NoSuchMethodError'{0x00000000eae241e0}: 'java.lang.Object java.lang.invoke.DirectMethodHandle$Holder.invokeInterface(java.lang.Object, java.lang.Object, java.lang.Object)'> (0x00000000eae241e0) 
thrown [t:\workspace\open\src\hotspot\share\interpreter\linkResolver.cpp, line 766]
Event: 18.112 Thread 0x0000023dfaebb040 Exception <a 'java/lang/IncompatibleClassChangeError'{0x00000000eae280a0}: Found class java.lang.Object, but interface was expected> (0x00000000eae280a0) 
thrown [t:\workspace\open\src\hotspot\share\interpreter\linkResolver.cpp, line 833]
Event: 18.210 Thread 0x0000023dfaebb040 Exception <a 'java/lang/NoSuchMethodError'{0x00000000eac9df08}: 'int java.lang.invoke.DirectMethodHandle$Holder.invokeStatic(java.lang.Object, java.lang.Object, java.lang.Object, java.lang.Object)'> (0x00000000eac9df08) 
thrown [t:\workspace\open\src\hotspot\share\interpreter\linkResolver.cpp, line 766]
Event: 18.211 Thread 0x0000023dfaebb040 Exception <a 'java/lang/NoSuchMethodError'{0x00000000eaca1b30}: 'java.lang.Object java.lang.invoke.Invokers$Holder.invokeExact_MT(java.lang.Object, java.lang.Object, java.lang.Object, java.lang.Object, java.lang.Object, java.lang.Object)'> (0x00000000eaca1b30) 
thrown [t:\workspace\open\src\hotspot\share\interpreter\linkResolver.cpp, line 766]
Event: 19.731 Thread 0x0000023dfaebb040 Exception <a 'java/lang/NoSuchMethodError'{0x00000000ea27f818}: 'java.lang.Object java.lang.invoke.DirectMethodHandle$Holder.invokeVirtual(java.lang.Object, java.lang.Object, java.lang.Object, java.lang.Object)'> (0x00000000ea27f818) 
thrown [t:\workspace\open\src\hotspot\share\interpreter\linkResolver.cpp, line 766]
Event: 19.754 Thread 0x0000023dfaeb9360 Exception <a 'java/lang/NoSuchMethodError'{0x00000000ea2c9c20}: static Lorg/gradle/launcher/daemon/protocol/Command;.<clinit>()V> (0x00000000ea2c9c20) 
thrown [t:\workspace\open\src\hotspot\share\prims\jni.cpp, line 1107]
Event: 19.756 Thread 0x0000023dfaeb9360 Exception <a 'java/lang/NoSuchMethodError'{0x00000000ea2d2848}: static Lorg/gradle/launcher/daemon/protocol/InvalidateVirtualFileSystem;.<clinit>()V> (0x00000000ea2d2848) 
thrown [t:\workspace\open\src\hotspot\share\prims\jni.cpp, line 1107]
Event: 19.770 Thread 0x0000023dfaeb84f0 Exception <a 'java/lang/NoSuchMethodError'{0x00000000ea6a5e08}: 'int java.lang.invoke.DirectMethodHandle$Holder.invokeStaticInit(java.lang.Object, java.lang.Object, java.lang.Object)'> (0x00000000ea6a5e08) 
thrown [t:\workspace\open\src\hotspot\share\interpreter\linkResolver.cpp, line 766]
Event: 20.060 Thread 0x0000023dfaebb040 Exception <a 'java/lang/NoSuchMethodError'{0x00000000ea0485e8}: 'java.lang.Object java.lang.invoke.DirectMethodHandle$Holder.newInvokeSpecial(java.lang.Object, java.lang.Object, java.lang.Object, java.lang.Object, java.lang.Object, java.lang.Object, java.lang.Object)'> (0x00000000ea0485e8) 
thrown [t:\workspace\open\src\hotspot\share\interpreter\linkResolver.cpp, line 766]
Event: 20.060 Thread 0x0000023dfaebb040 Exception <a 'java/lang/NoSuchMethodError'{0x00000000ea04d2b8}: 'java.lang.Object java.lang.invoke.Invokers$Holder.linkToTargetMethod(java.lang.Object, java.lang.Object, java.lang.Object, java.lang.Object, java.lang.Object, java.lang.Object, java.lang.Object)'> (0x00000000ea04d2b8) 
thrown [t:\workspace\open\src\hotspot\share\interpreter\linkResolver.cpp, line 766]
Event: 20.210 Thread 0x0000023dfaebb040 Exception <a 'java/lang/NoSuchMethodError'{0x00000000e9fa4960}: 'java.lang.Object java.lang.invoke.DirectMethodHandle$Holder.invokeVirtual(java.lang.Object, java.lang.Object, java.lang.Object, java.lang.Object, java.lang.Object, java.lang.Object, java.lang.Object, java.lang.Object, java.lang.Object, java.lang.Object, java.lang.Object, java.lang.Object, java.lang.Object, java.lang.Object, java.lang.Object, java.lang.Object, java.lang.Object, java.lang.Object, java.lang.Object, java.lang.Object, java.lang.Ob
Event: 20.433 Thread 0x0000023dfaebb040 Implicit null exception at 0x0000023d87b057d8 to 0x0000023d87b0586e

VM Operations (20 events):
Event: 14.028 Executing VM operation: HandshakeAllThreads
Event: 14.029 Executing VM operation: HandshakeAllThreads done
Event: 14.217 Executing VM operation: HandshakeAllThreads
Event: 14.217 Executing VM operation: HandshakeAllThreads done
Event: 14.218 Executing VM operation: HandshakeAllThreads
Event: 14.218 Executing VM operation: HandshakeAllThreads done
Event: 15.226 Executing VM operation: Cleanup
Event: 15.230 Executing VM operation: Cleanup done
Event: 16.232 Executing VM operation: Cleanup
Event: 16.232 Executing VM operation: Cleanup done
Event: 17.247 Executing VM operation: Cleanup
Event: 17.247 Executing VM operation: Cleanup done
Event: 18.258 Executing VM operation: Cleanup
Event: 18.258 Executing VM operation: Cleanup done
Event: 19.265 Executing VM operation: Cleanup
Event: 19.296 Executing VM operation: Cleanup done
Event: 19.742 Executing VM operation: HandshakeAllThreads
Event: 19.743 Executing VM operation: HandshakeAllThreads done
Event: 20.752 Executing VM operation: Cleanup
Event: 20.753 Executing VM operation: Cleanup done

Events (20 events):
Event: 19.754 loading class java/io/ObjectStreamClass$3 done
Event: 19.754 loading class java/io/ObjectStreamClass$4
Event: 19.754 loading class java/io/ObjectStreamClass$4 done
Event: 19.754 loading class java/io/ObjectStreamClass$5
Event: 19.754 loading class java/io/ObjectStreamClass$5 done
Event: 19.756 loading class java/io/ObjectStreamClass$ClassDataSlot
Event: 19.756 loading class java/io/ObjectStreamClass$ClassDataSlot done
Event: 19.756 loading class java/io/ObjectInputStream$FieldValues
Event: 19.756 loading class java/io/ObjectInputStream$GetField
Event: 19.756 loading class java/io/ObjectInputStream$GetField done
Event: 19.756 loading class java/io/ObjectInputStream$FieldValues done
Event: 19.757 loading class jdk/internal/reflect/UnsafeQualifiedStaticLongFieldAccessorImpl
Event: 19.757 loading class jdk/internal/reflect/UnsafeQualifiedStaticLongFieldAccessorImpl done
Event: 19.758 loading class java/io/ObjectStreamClass$ExceptionInfo
Event: 19.758 loading class java/io/ObjectStreamClass$ExceptionInfo done
Event: 19.759 loading class java/util/function/UnaryOperator
Event: 19.759 loading class java/util/function/UnaryOperator done
Event: 19.759 loading class java/io/SerialCallbackContext
Event: 19.759 loading class java/io/SerialCallbackContext done
Event: 19.951 Thread 0x0000023dfaeb9360 Thread exited: 0x0000023dfaeb9360


Dynamic libraries:
0x00007ff749b20000 - 0x00007ff749b30000 	C:\Program Files\Java\jdk-17.0.2\bin\java.exe
0x00007ffada610000 - 0x00007ffada827000 	C:\WINDOWS\SYSTEM32\ntdll.dll
0x00007ffad9bb0000 - 0x00007ffad9c74000 	C:\WINDOWS\System32\KERNEL32.DLL
0x00007ffad7950000 - 0x00007ffad7cf6000 	C:\WINDOWS\System32\KERNELBASE.dll
0x00007ffad7e20000 - 0x00007ffad7f31000 	C:\WINDOWS\System32\ucrtbase.dll
0x00007ffac7830000 - 0x00007ffac7848000 	C:\Program Files\Java\jdk-17.0.2\bin\jli.dll
0x00007ffad95f0000 - 0x00007ffad96a3000 	C:\WINDOWS\System32\ADVAPI32.dll
0x00007ffad8940000 - 0x00007ffad89e7000 	C:\WINDOWS\System32\msvcrt.dll
0x00007ffad8a40000 - 0x00007ffad8ae8000 	C:\WINDOWS\System32\sechost.dll
0x00007ffad8270000 - 0x00007ffad8298000 	C:\WINDOWS\System32\bcrypt.dll
0x00007ffada4b0000 - 0x00007ffada5c7000 	C:\WINDOWS\System32\RPCRT4.dll
0x00007ffad8790000 - 0x00007ffad893e000 	C:\WINDOWS\System32\USER32.dll
0x00007ffad80b0000 - 0x00007ffad80d6000 	C:\WINDOWS\System32\win32u.dll
0x00007ffada320000 - 0x00007ffada349000 	C:\WINDOWS\System32\GDI32.dll
0x00007ffad8150000 - 0x00007ffad8268000 	C:\WINDOWS\System32\gdi32full.dll
0x00007ffad7d80000 - 0x00007ffad7e1a000 	C:\WINDOWS\System32\msvcp_win.dll
0x00007ffaab3e0000 - 0x00007ffaab673000 	C:\WINDOWS\WinSxS\amd64_microsoft.windows.common-controls_6595b64144ccf1df_6.0.22621.2506_none_270c5ae97388e100\COMCTL32.dll
0x00007ffacd9d0000 - 0x00007ffacd9da000 	C:\WINDOWS\SYSTEM32\VERSION.dll
0x00007ffac6ee0000 - 0x00007ffac6efa000 	C:\Program Files\Java\jdk-17.0.2\bin\VCRUNTIME140.dll
0x00007ffada120000 - 0x00007ffada151000 	C:\WINDOWS\System32\IMM32.DLL
0x0000023dec690000 - 0x0000023dec6a4000 	C:\WINDOWS\System32\umppc17806.dll
0x00007ffacc020000 - 0x00007ffacc02c000 	C:\Program Files\Java\jdk-17.0.2\bin\vcruntime140_1.dll
0x00007ffab9f40000 - 0x00007ffab9fcd000 	C:\Program Files\Java\jdk-17.0.2\bin\msvcp140.dll
0x00007ffa82a00000 - 0x00007ffa835c1000 	C:\Program Files\Java\jdk-17.0.2\bin\server\jvm.dll
0x00007ffad8cc0000 - 0x00007ffad8cc8000 	C:\WINDOWS\System32\PSAPI.DLL
0x00007ffab0d20000 - 0x00007ffab0d29000 	C:\WINDOWS\SYSTEM32\WSOCK32.dll
0x00007ffad8710000 - 0x00007ffad8781000 	C:\WINDOWS\System32\WS2_32.dll
0x00007ffacbf30000 - 0x00007ffacbf64000 	C:\WINDOWS\SYSTEM32\WINMM.dll
0x00007ffad6970000 - 0x00007ffad6988000 	C:\WINDOWS\SYSTEM32\kernel.appcore.dll
0x00007ffacbf70000 - 0x00007ffacbf7a000 	C:\Program Files\Java\jdk-17.0.2\bin\jimage.dll
0x00007ffad5440000 - 0x00007ffad5673000 	C:\WINDOWS\SYSTEM32\DBGHELP.DLL
0x00007ffad8360000 - 0x00007ffad86e9000 	C:\WINDOWS\System32\combase.dll
0x00007ffad8b80000 - 0x00007ffad8c57000 	C:\WINDOWS\System32\OLEAUT32.dll
0x00007ffac8150000 - 0x00007ffac8182000 	C:\WINDOWS\SYSTEM32\dbgcore.DLL
0x00007ffad7d00000 - 0x00007ffad7d7a000 	C:\WINDOWS\System32\bcryptPrimitives.dll
0x00007ffab7320000 - 0x00007ffab732e000 	C:\Program Files\Java\jdk-17.0.2\bin\instrument.dll
0x00007ffabd590000 - 0x00007ffabd5b5000 	C:\Program Files\Java\jdk-17.0.2\bin\java.dll
0x00007ffa93580000 - 0x00007ffa93656000 	C:\Program Files\Java\jdk-17.0.2\bin\jsvml.dll
0x00007ffad8d90000 - 0x00007ffad95eb000 	C:\WINDOWS\System32\SHELL32.dll
0x00007ffad5860000 - 0x00007ffad6156000 	C:\WINDOWS\SYSTEM32\windows.storage.dll
0x00007ffad5720000 - 0x00007ffad585e000 	C:\WINDOWS\SYSTEM32\wintypes.dll
0x00007ffad9db0000 - 0x00007ffad9ea3000 	C:\WINDOWS\System32\SHCORE.dll
0x00007ffad8c60000 - 0x00007ffad8cbe000 	C:\WINDOWS\System32\shlwapi.dll
0x00007ffad7880000 - 0x00007ffad78a6000 	C:\WINDOWS\SYSTEM32\profapi.dll
0x00007ffabaf70000 - 0x00007ffabaf88000 	C:\Program Files\Java\jdk-17.0.2\bin\zip.dll
0x00007ffabb160000 - 0x00007ffabb179000 	C:\Program Files\Java\jdk-17.0.2\bin\net.dll
0x00007fface440000 - 0x00007fface577000 	C:\WINDOWS\SYSTEM32\WINHTTP.dll
0x00007ffad6e10000 - 0x00007ffad6e79000 	C:\WINDOWS\system32\mswsock.dll
0x00007ffabb140000 - 0x00007ffabb156000 	C:\Program Files\Java\jdk-17.0.2\bin\nio.dll
0x00007ffac7160000 - 0x00007ffac7170000 	C:\Program Files\Java\jdk-17.0.2\bin\verify.dll
0x00007ffa9f830000 - 0x00007ffa9f857000 	C:\Users\Mohan NS\.gradle\native\c067742578af261105cb4f569cf0c3c89f3d7b1fecec35dd04571415982c5e48\windows-amd64\native-platform.dll
0x00007ffa3e690000 - 0x00007ffa3e7d4000 	C:\Users\Mohan NS\.gradle\native\38dada09dfb8b06ba9b0570ebf7e218e3eb74d4ef43ca46872605cf95ebc2f47\windows-amd64\native-platform-file-events.dll
0x00007ffab7310000 - 0x00007ffab7319000 	C:\Program Files\Java\jdk-17.0.2\bin\management.dll
0x00007ffab7280000 - 0x00007ffab728b000 	C:\Program Files\Java\jdk-17.0.2\bin\management_ext.dll
0x00007ffad7070000 - 0x00007ffad708b000 	C:\WINDOWS\SYSTEM32\CRYPTSP.dll
0x00007ffad68d0000 - 0x00007ffad6905000 	C:\WINDOWS\system32\rsaenh.dll
0x00007ffad6f00000 - 0x00007ffad6f2c000 	C:\WINDOWS\SYSTEM32\USERENV.dll
0x00007ffad7060000 - 0x00007ffad706c000 	C:\WINDOWS\SYSTEM32\CRYPTBASE.dll
0x00007ffad63b0000 - 0x00007ffad63dd000 	C:\WINDOWS\SYSTEM32\IPHLPAPI.DLL
0x00007ffad9f70000 - 0x00007ffad9f79000 	C:\WINDOWS\System32\NSI.dll
0x00007fface420000 - 0x00007fface439000 	C:\WINDOWS\SYSTEM32\dhcpcsvc6.DLL
0x00007ffacd9e0000 - 0x00007ffacd9ff000 	C:\WINDOWS\SYSTEM32\dhcpcsvc.DLL
0x00007ffad63e0000 - 0x00007ffad64d9000 	C:\WINDOWS\SYSTEM32\DNSAPI.dll
0x00007ffab4e00000 - 0x00007ffab4e0e000 	C:\Program Files\Java\jdk-17.0.2\bin\sunmscapi.dll
0x00007ffad7f40000 - 0x00007ffad80a6000 	C:\WINDOWS\System32\CRYPT32.dll
0x00007ffad7220000 - 0x00007ffad724e000 	C:\WINDOWS\SYSTEM32\ncrypt.dll
0x00007ffad71e0000 - 0x00007ffad7217000 	C:\WINDOWS\SYSTEM32\NTASN1.dll
0x00007ffa9ea40000 - 0x00007ffa9ea48000 	C:\WINDOWS\system32\wshunix.dll

dbghelp: loaded successfully - version: 4.0.5 - missing functions: none
symbol engine: initialized successfully - sym options: 0x614 - pdb path: .;C:\Program Files\Java\jdk-17.0.2\bin;C:\WINDOWS\SYSTEM32;C:\WINDOWS\WinSxS\amd64_microsoft.windows.common-controls_6595b64144ccf1df_6.0.22621.2506_none_270c5ae97388e100;C:\Program Files\Java\jdk-17.0.2\bin\server;C:\Users\Mohan NS\.gradle\native\c067742578af261105cb4f569cf0c3c89f3d7b1fecec35dd04571415982c5e48\windows-amd64;C:\Users\Mohan NS\.gradle\native\38dada09dfb8b06ba9b0570ebf7e218e3eb74d4ef43ca46872605cf95ebc2f47\windows-amd64

VM Arguments:
jvm_args: --add-opens=java.base/java.util=ALL-UNNAMED --add-opens=java.base/java.lang=ALL-UNNAMED --add-opens=java.base/java.lang.invoke=ALL-UNNAMED --add-opens=java.prefs/java.util.prefs=ALL-UNNAMED --add-opens=java.base/java.nio.charset=ALL-UNNAMED --add-opens=java.base/java.net=ALL-UNNAMED --add-opens=java.base/java.util.concurrent.atomic=ALL-UNNAMED -XX:MaxMetaspaceSize=384m -XX:+HeapDumpOnOutOfMemoryError -Xms256m -Xmx512m -Dfile.encoding=windows-1252 -Duser.country=IN -Duser.language=en -Duser.variant -javaagent:C:\Users\Mohan NS\.gradle\wrapper\dists\gradle-8.5-bin\5t9huq95ubn472n8rpzujfbqh\gradle-8.5\lib\agents\gradle-instrumentation-agent-8.5.jar 
java_command: org.gradle.launcher.daemon.bootstrap.GradleDaemon 8.5
java_class_path (initial): C:\Users\Mohan NS\.gradle\wrapper\dists\gradle-8.5-bin\5t9huq95ubn472n8rpzujfbqh\gradle-8.5\lib\gradle-launcher-8.5.jar
Launcher Type: SUN_STANDARD

[Global flags]
     intx CICompilerCount                          = 4                                         {product} {ergonomic}
   size_t CompressedClassSpaceSize                 = 322961408                                 {product} {ergonomic}
     uint ConcGCThreads                            = 2                                         {product} {ergonomic}
     uint G1ConcRefinementThreads                  = 8                                         {product} {ergonomic}
   size_t G1HeapRegionSize                         = 1048576                                   {product} {ergonomic}
    uintx GCDrainStackTargetSize                   = 64                                        {product} {ergonomic}
     bool HeapDumpOnOutOfMemoryError               = true                                   {manageable} {command line}
   size_t InitialHeapSize                          = 268435456                                 {product} {command line}
   size_t MarkStackSize                            = 4194304                                   {product} {ergonomic}
   size_t MaxHeapSize                              = 536870912                                 {product} {command line}
   size_t MaxMetaspaceSize                         = 402653184                                 {product} {command line}
   size_t MaxNewSize                               = 321912832                                 {product} {ergonomic}
   size_t MinHeapDeltaBytes                        = 1048576                                   {product} {ergonomic}
   size_t MinHeapSize                              = 268435456                                 {product} {command line}
    uintx NonNMethodCodeHeapSize                   = 5839372                                {pd product} {ergonomic}
    uintx NonProfiledCodeHeapSize                  = 122909434                              {pd product} {ergonomic}
    uintx ProfiledCodeHeapSize                     = 122909434                              {pd product} {ergonomic}
    uintx ReservedCodeCacheSize                    = 251658240                              {pd product} {ergonomic}
     bool SegmentedCodeCache                       = true                                      {product} {ergonomic}
   size_t SoftMaxHeapSize                          = 536870912                              {manageable} {ergonomic}
     bool UseCompressedClassPointers               = true                           {product lp64_product} {ergonomic}
     bool UseCompressedOops                        = true                           {product lp64_product} {ergonomic}
     bool UseG1GC                                  = true                                      {product} {ergonomic}
     bool UseLargePagesIndividualAllocation        = false                                  {pd product} {ergonomic}

Logging:
Log output configuration:
 #0: stdout all=warning uptime,level,tags
 #1: stderr all=off uptime,level,tags

Environment Variables:
JAVA_HOME=C:\Program Files\Java\jdk-17.0.2
PATH=C:\Program Files\Common Files\Oracle\Java\javapath;C:\app\Mohan\product\21c\dbhomeXE\bin;C:\WINDOWS\system32;C:\WINDOWS;C:\WINDOWS\System32\Wbem;C:\WINDOWS\System32\WindowsPowerShell\v1.0\;C:\WINDOWS\System32\OpenSSH\;C:\Program Files\PuTTY\;C:\msys64\mingw64\bin;C:\apache-maven-3.9.6\bin;C:\Program Files\nodejs\;C:\Gradle\gradle-8.5\bin;C:\Program Files\PowerShell\7\;C:\Program Files\Git\cmd;C:\Program Files\MySQL\MySQL Shell 8.0\bin\;C:\Users\Mohan NS\AppData\Local\Microsoft\WindowsApps;C:\Users\Mohan NS\AppData\Local\GitHubDesktop\bin;C:\Program Files\JetBrains\IntelliJ IDEA 2023.2.2\bin;;C:\Program Files\JetBrains\IntelliJ IDEA Community Edition 2023.1.2\bin;;C:\Users\Mohan NS\AppData\Local\Programs\Microsoft VS Code\bin;C:\Program Files\Git\bin\;C:\Program Files\Git\cmd\;C:\Program Files\JetBrains\PyCharm 2023.2.4\bin;;C:\Program Files\Neovim\bin;C:\Users\Mohan NS\AppData\Local\Microsoft\WinGet\Packages\BurntSushi.ripgrep.MSVC_Microsoft.Winget.Source_8wekyb3d8bbwe\ripgrep-14.0.3-x86_64-pc-windows-msvc;C:\Users\Mohan NS\AppData\Roaming\npm;C:\Users\Mohan NS\AppData\Local\Programs\oh-my-posh\bin;C:\Program Files\PostgreSQL\16\bin;
USERNAME=Mohan NS
OS=Windows_NT
PROCESSOR_IDENTIFIER=Intel64 Family 6 Model 140 Stepping 1, GenuineIntel



---------------  S Y S T E M  ---------------

OS:
 Windows 11 , 64 bit Build 22621 (10.0.22621.3085)
OS uptime: 0 days 6:31 hours

CPU: total 8 (initial active 8) (4 cores per cpu, 2 threads per core) family 6 model 140 stepping 1 microcode 0xa6, cx8, cmov, fxsr, ht, mmx, 3dnowpref, sse, sse2, sse3, ssse3, sse4.1, sse4.2, popcnt, lzcnt, tsc, tscinvbit, avx, avx2, aes, erms, clmul, bmi1, bmi2, adx, avx512f, avx512dq, avx512cd, avx512bw, avx512vl, sha, fma, vzeroupper, avx512_vpopcntdq, avx512_vpclmulqdq, avx512_vaes, avx512_vnni, clflush, clflushopt, clwb, avx512_vbmi2, avx512_vbmi

Memory: 4k page, system-wide physical 16029M (94M free)
TotalPageFile size 31402M (AvailPageFile size 17M)
current process WorkingSet (physical memory assigned to process): 215M, peak: 215M
current process commit charge ("private bytes"): 411M, peak: 411M

vm_info: Java HotSpot(TM) 64-Bit Server VM (17.0.2+8-LTS-86) for windows-amd64 JRE (17.0.2+8-LTS-86), built on Dec  7 2021 21:51:03 by "mach5one" with MS VC++ 16.8 / 16.9 (VS2019)

END.
